TensorFlow:  1.5
Model:       resnet50
Dataset:     imagenet (synthetic)
Mode:        training
SingleSess:  False
Batch size:  25 global
             25 per device
Devices:     ['/gpu:0']
Data format: NCHW
Layout optimizer: False
Optimizer:   sgd
Variables:   parameter_server
==========
Generating model
WARNING:tensorflow:From /salus/tf_benchmarks/scripts/tf_cnn_benchmarks/convnet_builder.py:372: calling reduce_mean (from tensorflow.python.ops.math_ops) with keep_dims is deprecated and will be removed in a future version.
Instructions for updating:
keep_dims is deprecated, use keepdims instead
WARNING:tensorflow:From /salus/tf_benchmarks/scripts/tf_cnn_benchmarks/benchmark_cnn.py:1124: __init__ (from tensorflow.python.training.supervisor) is deprecated and will be removed in a future version.
Instructions for updating:
Please switch to tf.train.MonitoredTrainingSession
Running warm up
Done warm up
Step	Img/sec	loss
1	images/sec: 191.2 +/- 0.0 (jitter = 0.0)	10.874
2	images/sec: 190.0 +/- 0.8 (jitter = 1.7)	10.320
3	images/sec: 189.0 +/- 1.0 (jitter = 2.7)	9.665
4	images/sec: 188.4 +/- 0.9 (jitter = 1.8)	9.367
5	images/sec: 187.8 +/- 0.9 (jitter = 2.4)	9.519
6	images/sec: 187.8 +/- 0.8 (jitter = 1.8)	9.068
7	images/sec: 187.6 +/- 0.7 (jitter = 0.9)	8.881
8	images/sec: 187.3 +/- 0.6 (jitter = 1.6)	9.161
9	images/sec: 187.1 +/- 0.6 (jitter = 1.9)	8.426
10	images/sec: 186.9 +/- 0.6 (jitter = 1.7)	8.678
11	images/sec: 186.6 +/- 0.6 (jitter = 1.8)	8.405
12	images/sec: 186.6 +/- 0.5 (jitter = 1.7)	8.688
13	images/sec: 186.6 +/- 0.5 (jitter = 1.6)	8.418
14	images/sec: 186.5 +/- 0.5 (jitter = 1.6)	8.561
15	images/sec: 186.2 +/- 0.5 (jitter = 1.6)	8.387
16	images/sec: 186.1 +/- 0.5 (jitter = 1.6)	8.589
17	images/sec: 186.1 +/- 0.5 (jitter = 1.6)	8.643
18	images/sec: 186.2 +/- 0.4 (jitter = 1.6)	8.502
19	images/sec: 186.2 +/- 0.4 (jitter = 1.7)	8.047
20	images/sec: 186.1 +/- 0.4 (jitter = 1.7)	8.389
21	images/sec: 185.8 +/- 0.5 (jitter = 1.9)	9.345
22	images/sec: 185.9 +/- 0.5 (jitter = 1.7)	8.345
23	images/sec: 185.9 +/- 0.5 (jitter = 1.7)	8.354
24	images/sec: 186.0 +/- 0.5 (jitter = 1.8)	8.157
25	images/sec: 186.0 +/- 0.4 (jitter = 1.8)	8.132
26	images/sec: 186.0 +/- 0.4 (jitter = 1.7)	8.256
27	images/sec: 185.9 +/- 0.4 (jitter = 1.8)	8.175
28	images/sec: 185.9 +/- 0.4 (jitter = 1.8)	8.047
29	images/sec: 185.9 +/- 0.4 (jitter = 1.7)	7.993
30	images/sec: 185.9 +/- 0.4 (jitter = 1.7)	8.044
31	images/sec: 185.8 +/- 0.4 (jitter = 1.6)	9.355
32	images/sec: 185.9 +/- 0.4 (jitter = 1.7)	8.100
33	images/sec: 185.9 +/- 0.3 (jitter = 1.7)	8.121
34	images/sec: 185.9 +/- 0.3 (jitter = 1.5)	8.176
35	images/sec: 185.9 +/- 0.3 (jitter = 1.6)	8.044
36	images/sec: 185.9 +/- 0.3 (jitter = 1.4)	8.058
37	images/sec: 185.9 +/- 0.3 (jitter = 1.3)	8.135
38	images/sec: 185.9 +/- 0.3 (jitter = 1.3)	7.840
39	images/sec: 185.9 +/- 0.3 (jitter = 1.2)	8.109
40	images/sec: 185.8 +/- 0.3 (jitter = 1.3)	8.045
41	images/sec: 185.8 +/- 0.3 (jitter = 1.2)	7.991
42	images/sec: 185.8 +/- 0.3 (jitter = 1.3)	7.983
43	images/sec: 185.8 +/- 0.3 (jitter = 1.2)	8.090
44	images/sec: 185.8 +/- 0.3 (jitter = 1.3)	7.947
45	images/sec: 185.8 +/- 0.3 (jitter = 1.2)	7.937
46	images/sec: 185.8 +/- 0.3 (jitter = 1.1)	7.987
47	images/sec: 185.7 +/- 0.3 (jitter = 1.2)	7.908
48	images/sec: 185.7 +/- 0.3 (jitter = 1.3)	8.131
49	images/sec: 185.6 +/- 0.3 (jitter = 1.4)	7.983
50	images/sec: 185.6 +/- 0.3 (jitter = 1.5)	8.029
51	images/sec: 185.6 +/- 0.3 (jitter = 1.6)	8.219
52	images/sec: 185.6 +/- 0.2 (jitter = 1.5)	7.907
53	images/sec: 185.7 +/- 0.2 (jitter = 1.6)	8.127
54	images/sec: 185.7 +/- 0.2 (jitter = 1.5)	7.840
55	images/sec: 185.7 +/- 0.2 (jitter = 1.6)	9.037
56	images/sec: 185.7 +/- 0.2 (jitter = 1.5)	7.901
57	images/sec: 185.7 +/- 0.2 (jitter = 1.6)	7.989
58	images/sec: 185.7 +/- 0.2 (jitter = 1.5)	8.041
59	images/sec: 185.6 +/- 0.2 (jitter = 1.6)	7.976
60	images/sec: 185.7 +/- 0.2 (jitter = 1.6)	8.020
61	images/sec: 185.6 +/- 0.2 (jitter = 1.6)	7.891
62	images/sec: 185.6 +/- 0.2 (jitter = 1.6)	7.865
63	images/sec: 185.6 +/- 0.2 (jitter = 1.6)	8.081
64	images/sec: 185.7 +/- 0.2 (jitter = 1.6)	7.996
65	images/sec: 185.7 +/- 0.2 (jitter = 1.6)	7.834
66	images/sec: 185.7 +/- 0.2 (jitter = 1.6)	7.846
67	images/sec: 185.7 +/- 0.2 (jitter = 1.5)	7.887
68	images/sec: 185.6 +/- 0.2 (jitter = 1.4)	8.005
69	images/sec: 185.7 +/- 0.2 (jitter = 1.5)	8.949
70	images/sec: 185.7 +/- 0.2 (jitter = 1.4)	7.905
71	images/sec: 185.7 +/- 0.2 (jitter = 1.4)	7.823
72	images/sec: 185.7 +/- 0.2 (jitter = 1.3)	7.961
73	images/sec: 185.7 +/- 0.2 (jitter = 1.3)	8.063
74	images/sec: 185.6 +/- 0.2 (jitter = 1.2)	7.952
75	images/sec: 185.6 +/- 0.2 (jitter = 1.2)	7.817
76	images/sec: 185.6 +/- 0.2 (jitter = 1.2)	7.969
77	images/sec: 185.6 +/- 0.2 (jitter = 1.3)	7.879
78	images/sec: 185.6 +/- 0.2 (jitter = 1.4)	7.880
79	images/sec: 185.6 +/- 0.2 (jitter = 1.3)	8.871
80	images/sec: 185.6 +/- 0.2 (jitter = 1.2)	7.852
81	images/sec: 185.6 +/- 0.2 (jitter = 1.2)	7.983
82	images/sec: 185.6 +/- 0.2 (jitter = 1.2)	7.896
83	images/sec: 185.6 +/- 0.2 (jitter = 1.3)	7.944
84	images/sec: 185.6 +/- 0.2 (jitter = 1.2)	7.991
85	images/sec: 185.6 +/- 0.2 (jitter = 1.3)	8.540
86	images/sec: 185.6 +/- 0.2 (jitter = 1.2)	7.892
87	images/sec: 185.6 +/- 0.2 (jitter = 1.2)	7.933
88	images/sec: 185.6 +/- 0.2 (jitter = 1.2)	7.913
89	images/sec: 185.5 +/- 0.2 (jitter = 1.3)	7.860
90	images/sec: 185.6 +/- 0.2 (jitter = 1.3)	7.940
91	images/sec: 185.6 +/- 0.2 (jitter = 1.4)	7.921
92	images/sec: 185.6 +/- 0.2 (jitter = 1.3)	8.064
93	images/sec: 185.6 +/- 0.2 (jitter = 1.3)	7.889
94	images/sec: 185.6 +/- 0.2 (jitter = 1.2)	8.058
95	images/sec: 185.5 +/- 0.2 (jitter = 1.3)	8.026
96	images/sec: 185.5 +/- 0.2 (jitter = 1.2)	7.972
97	images/sec: 185.5 +/- 0.2 (jitter = 1.3)	7.876
98	images/sec: 185.5 +/- 0.2 (jitter = 1.3)	7.862
99	images/sec: 185.6 +/- 0.2 (jitter = 1.4)	7.876
100	images/sec: 185.5 +/- 0.2 (jitter = 1.4)	8.022
101	images/sec: 185.5 +/- 0.2 (jitter = 1.4)	7.892
102	images/sec: 185.5 +/- 0.2 (jitter = 1.4)	7.786
103	images/sec: 185.5 +/- 0.2 (jitter = 1.4)	8.081
104	images/sec: 185.5 +/- 0.2 (jitter = 1.4)	7.959
105	images/sec: 185.5 +/- 0.1 (jitter = 1.5)	7.908
106	images/sec: 185.5 +/- 0.2 (jitter = 1.5)	7.814
107	images/sec: 185.5 +/- 0.2 (jitter = 1.5)	7.980
108	images/sec: 185.5 +/- 0.2 (jitter = 1.5)	7.974
109	images/sec: 185.5 +/- 0.2 (jitter = 1.5)	7.921
110	images/sec: 185.5 +/- 0.1 (jitter = 1.4)	7.868
111	images/sec: 185.5 +/- 0.1 (jitter = 1.4)	7.963
112	images/sec: 185.5 +/- 0.1 (jitter = 1.4)	7.799
113	images/sec: 185.5 +/- 0.1 (jitter = 1.4)	7.900
114	images/sec: 185.5 +/- 0.1 (jitter = 1.4)	7.858
115	images/sec: 185.5 +/- 0.1 (jitter = 1.4)	7.866
116	images/sec: 185.5 +/- 0.1 (jitter = 1.4)	7.848
117	images/sec: 185.5 +/- 0.1 (jitter = 1.4)	7.848
118	images/sec: 185.5 +/- 0.1 (jitter = 1.4)	7.907
119	images/sec: 185.5 +/- 0.1 (jitter = 1.3)	7.875
120	images/sec: 185.5 +/- 0.1 (jitter = 1.3)	7.907
121	images/sec: 185.5 +/- 0.1 (jitter = 1.3)	7.885
122	images/sec: 185.5 +/- 0.1 (jitter = 1.3)	7.957
123	images/sec: 185.5 +/- 0.1 (jitter = 1.3)	7.952
124	images/sec: 185.5 +/- 0.1 (jitter = 1.3)	7.966
125	images/sec: 185.5 +/- 0.1 (jitter = 1.3)	7.949
126	images/sec: 185.5 +/- 0.1 (jitter = 1.3)	7.947
127	images/sec: 185.5 +/- 0.1 (jitter = 1.3)	7.908
128	images/sec: 185.5 +/- 0.1 (jitter = 1.3)	7.863
129	images/sec: 185.5 +/- 0.1 (jitter = 1.3)	7.871
130	images/sec: 185.5 +/- 0.1 (jitter = 1.3)	7.908
131	images/sec: 185.5 +/- 0.1 (jitter = 1.3)	7.852
132	images/sec: 185.5 +/- 0.1 (jitter = 1.4)	7.914
133	images/sec: 185.5 +/- 0.1 (jitter = 1.3)	7.940
134	images/sec: 185.5 +/- 0.1 (jitter = 1.3)	7.913
135	images/sec: 185.5 +/- 0.1 (jitter = 1.3)	7.834
136	images/sec: 185.5 +/- 0.1 (jitter = 1.3)	7.869
137	images/sec: 185.5 +/- 0.1 (jitter = 1.3)	7.853
138	images/sec: 185.5 +/- 0.1 (jitter = 1.3)	7.932
139	images/sec: 185.5 +/- 0.1 (jitter = 1.3)	7.945
140	images/sec: 185.5 +/- 0.1 (jitter = 1.3)	7.799
141	images/sec: 185.6 +/- 0.1 (jitter = 1.4)	7.901
142	images/sec: 185.5 +/- 0.1 (jitter = 1.4)	7.814
143	images/sec: 185.6 +/- 0.1 (jitter = 1.4)	7.870
144	images/sec: 186.1 +/- 0.8 (jitter = 1.4)	7.997
145	images/sec: 186.6 +/- 1.1 (jitter = 1.4)	7.867
146	images/sec: 187.0 +/- 1.3 (jitter = 1.4)	7.986
147	images/sec: 187.5 +/- 1.5 (jitter = 1.4)	8.052
148	images/sec: 188.0 +/- 1.7 (jitter = 1.4)	8.008
149	images/sec: 188.4 +/- 1.8 (jitter = 1.4)	7.952
150	images/sec: 188.9 +/- 1.9 (jitter = 1.5)	7.901
151	images/sec: 189.3 +/- 2.0 (jitter = 1.5)	7.914
152	images/sec: 189.8 +/- 2.1 (jitter = 1.5)	7.928
153	images/sec: 190.2 +/- 2.2 (jitter = 1.5)	7.815
154	images/sec: 190.7 +/- 2.3 (jitter = 1.5)	7.967
155	images/sec: 191.1 +/- 2.4 (jitter = 1.5)	7.962
156	images/sec: 191.5 +/- 2.4 (jitter = 1.5)	7.898
157	images/sec: 192.0 +/- 2.5 (jitter = 1.5)	7.895
158	images/sec: 192.4 +/- 2.6 (jitter = 1.6)	7.896
159	images/sec: 192.8 +/- 2.6 (jitter = 1.6)	7.988
160	images/sec: 193.2 +/- 2.7 (jitter = 1.7)	7.891
161	images/sec: 193.6 +/- 2.7 (jitter = 1.7)	7.875
162	images/sec: 194.0 +/- 2.8 (jitter = 1.7)	7.812
163	images/sec: 194.4 +/- 2.8 (jitter = 1.7)	7.962
164	images/sec: 194.8 +/- 2.9 (jitter = 1.7)	7.951
165	images/sec: 195.2 +/- 2.9 (jitter = 1.7)	7.843
166	images/sec: 195.7 +/- 2.9 (jitter = 1.7)	7.738
167	images/sec: 196.0 +/- 3.0 (jitter = 1.7)	7.930
168	images/sec: 196.4 +/- 3.0 (jitter = 1.7)	7.926
169	images/sec: 196.8 +/- 3.0 (jitter = 1.7)	7.936
170	images/sec: 197.2 +/- 3.1 (jitter = 1.7)	8.046
171	images/sec: 197.6 +/- 3.1 (jitter = 1.8)	7.900
172	images/sec: 198.0 +/- 3.1 (jitter = 1.8)	7.885
173	images/sec: 198.4 +/- 3.2 (jitter = 1.8)	7.822
174	images/sec: 198.7 +/- 3.2 (jitter = 1.9)	7.940
175	images/sec: 199.1 +/- 3.2 (jitter = 1.9)	7.848
176	images/sec: 199.5 +/- 3.2 (jitter = 1.9)	8.022
177	images/sec: 199.8 +/- 3.3 (jitter = 1.9)	7.780
178	images/sec: 200.2 +/- 3.3 (jitter = 2.0)	7.915
179	images/sec: 200.6 +/- 3.3 (jitter = 2.0)	8.078
180	images/sec: 201.0 +/- 3.3 (jitter = 2.0)	7.870
181	images/sec: 201.3 +/- 3.3 (jitter = 2.0)	7.901
182	images/sec: 201.7 +/- 3.4 (jitter = 2.0)	7.899
183	images/sec: 202.0 +/- 3.4 (jitter = 2.0)	7.973
184	images/sec: 202.4 +/- 3.4 (jitter = 2.0)	7.874
185	images/sec: 202.7 +/- 3.4 (jitter = 2.1)	7.942
186	images/sec: 203.1 +/- 3.4 (jitter = 2.2)	7.914
187	images/sec: 203.4 +/- 3.4 (jitter = 2.3)	7.788
188	images/sec: 203.8 +/- 3.4 (jitter = 2.3)	7.834
189	images/sec: 204.1 +/- 3.5 (jitter = 2.3)	7.797
190	images/sec: 204.5 +/- 3.5 (jitter = 2.3)	7.850
191	images/sec: 204.8 +/- 3.5 (jitter = 2.3)	7.878
192	images/sec: 205.1 +/- 3.5 (jitter = 2.3)	7.956
193	images/sec: 205.4 +/- 3.5 (jitter = 2.3)	7.970
194	images/sec: 205.8 +/- 3.5 (jitter = 2.4)	7.941
195	images/sec: 206.1 +/- 3.5 (jitter = 2.5)	7.946
196	images/sec: 206.4 +/- 3.5 (jitter = 2.5)	7.978
197	images/sec: 206.7 +/- 3.5 (jitter = 2.5)	7.900
198	images/sec: 207.1 +/- 3.5 (jitter = 2.6)	7.917
199	images/sec: 207.4 +/- 3.5 (jitter = 2.6)	7.854
200	images/sec: 207.7 +/- 3.5 (jitter = 2.6)	7.923
201	images/sec: 208.0 +/- 3.5 (jitter = 2.7)	7.851
202	images/sec: 208.3 +/- 3.5 (jitter = 2.7)	7.785
203	images/sec: 208.6 +/- 3.5 (jitter = 2.7)	7.931
204	images/sec: 208.9 +/- 3.5 (jitter = 2.8)	7.791
205	images/sec: 209.2 +/- 3.6 (jitter = 2.8)	7.952
206	images/sec: 209.5 +/- 3.5 (jitter = 2.9)	7.818
207	images/sec: 209.8 +/- 3.6 (jitter = 2.9)	7.995
208	images/sec: 210.1 +/- 3.6 (jitter = 2.9)	7.857
209	images/sec: 210.4 +/- 3.6 (jitter = 3.0)	7.840
210	images/sec: 210.7 +/- 3.6 (jitter = 3.0)	7.854
211	images/sec: 211.0 +/- 3.6 (jitter = 3.1)	7.878
212	images/sec: 211.3 +/- 3.6 (jitter = 3.1)	7.986
213	images/sec: 211.6 +/- 3.6 (jitter = 3.1)	7.885
214	images/sec: 211.8 +/- 3.6 (jitter = 3.1)	7.985
215	images/sec: 212.1 +/- 3.6 (jitter = 3.1)	7.897
216	images/sec: 212.4 +/- 3.6 (jitter = 3.3)	7.917
217	images/sec: 212.7 +/- 3.6 (jitter = 3.4)	7.905
218	images/sec: 212.9 +/- 3.6 (jitter = 3.4)	7.861
219	images/sec: 213.2 +/- 3.6 (jitter = 3.4)	7.885
220	images/sec: 213.5 +/- 3.6 (jitter = 3.5)	7.835
221	images/sec: 213.7 +/- 3.6 (jitter = 3.5)	7.824
222	images/sec: 214.0 +/- 3.6 (jitter = 3.5)	7.934
223	images/sec: 214.3 +/- 3.6 (jitter = 3.6)	7.933
224	images/sec: 214.5 +/- 3.6 (jitter = 3.6)	7.798
225	images/sec: 214.8 +/- 3.5 (jitter = 3.6)	7.969
226	images/sec: 215.1 +/- 3.5 (jitter = 3.6)	7.968
227	images/sec: 215.3 +/- 3.5 (jitter = 3.7)	7.937
228	images/sec: 215.6 +/- 3.5 (jitter = 3.7)	7.884
229	images/sec: 215.8 +/- 3.5 (jitter = 3.8)	7.881
230	images/sec: 216.1 +/- 3.5 (jitter = 3.8)	7.895
231	images/sec: 216.3 +/- 3.5 (jitter = 3.9)	7.960
232	images/sec: 216.6 +/- 3.5 (jitter = 3.9)	7.831
233	images/sec: 216.8 +/- 3.5 (jitter = 4.0)	7.883
234	images/sec: 217.1 +/- 3.5 (jitter = 4.0)	7.857
235	images/sec: 217.3 +/- 3.5 (jitter = 4.1)	7.902
236	images/sec: 217.6 +/- 3.5 (jitter = 4.1)	7.849
237	images/sec: 217.8 +/- 3.5 (jitter = 4.1)	7.852
238	images/sec: 218.1 +/- 3.5 (jitter = 4.2)	7.776
239	images/sec: 218.3 +/- 3.5 (jitter = 4.2)	7.958
240	images/sec: 218.5 +/- 3.5 (jitter = 4.4)	8.676
241	images/sec: 218.8 +/- 3.5 (jitter = 4.5)	7.938
242	images/sec: 219.0 +/- 3.5 (jitter = 4.6)	7.895
243	images/sec: 219.2 +/- 3.5 (jitter = 4.6)	7.936
244	images/sec: 219.5 +/- 3.5 (jitter = 4.7)	7.878
245	images/sec: 219.7 +/- 3.5 (jitter = 4.7)	7.825
246	images/sec: 219.9 +/- 3.5 (jitter = 4.8)	8.546
247	images/sec: 220.2 +/- 3.5 (jitter = 4.9)	7.917
248	images/sec: 220.4 +/- 3.5 (jitter = 4.9)	7.905
249	images/sec: 220.6 +/- 3.5 (jitter = 4.9)	7.925
250	images/sec: 220.9 +/- 3.5 (jitter = 5.1)	7.872
251	images/sec: 221.1 +/- 3.5 (jitter = 5.3)	7.870
252	images/sec: 221.3 +/- 3.4 (jitter = 5.4)	7.908
253	images/sec: 221.5 +/- 3.4 (jitter = 5.5)	7.767
254	images/sec: 221.7 +/- 3.4 (jitter = 5.5)	7.868
255	images/sec: 221.9 +/- 3.4 (jitter = 5.6)	7.942
256	images/sec: 222.2 +/- 3.4 (jitter = 5.7)	7.899
257	images/sec: 222.4 +/- 3.4 (jitter = 5.8)	7.790
258	images/sec: 222.6 +/- 3.4 (jitter = 5.8)	7.948
259	images/sec: 222.8 +/- 3.4 (jitter = 5.9)	7.908
260	images/sec: 223.0 +/- 3.4 (jitter = 6.0)	7.816
261	images/sec: 223.3 +/- 3.4 (jitter = 6.1)	7.890
262	images/sec: 223.5 +/- 3.4 (jitter = 6.2)	7.904
263	images/sec: 223.7 +/- 3.4 (jitter = 6.4)	7.771
264	images/sec: 223.9 +/- 3.4 (jitter = 6.5)	7.860
265	images/sec: 224.1 +/- 3.4 (jitter = 6.7)	7.900
266	images/sec: 224.3 +/- 3.4 (jitter = 6.8)	7.942
267	images/sec: 224.6 +/- 3.4 (jitter = 6.9)	7.823
268	images/sec: 224.8 +/- 3.4 (jitter = 7.3)	7.931
269	images/sec: 225.0 +/- 3.4 (jitter = 7.7)	7.974
270	images/sec: 225.2 +/- 3.4 (jitter = 7.9)	7.885
271	images/sec: 225.4 +/- 3.4 (jitter = 8.0)	7.902
272	images/sec: 225.6 +/- 3.4 (jitter = 8.1)	7.895
273	images/sec: 225.8 +/- 3.4 (jitter = 8.3)	7.897
274	images/sec: 226.0 +/- 3.3 (jitter = 8.6)	7.847
275	images/sec: 226.2 +/- 3.3 (jitter = 8.9)	7.849
276	images/sec: 226.4 +/- 3.3 (jitter = 9.0)	7.795
277	images/sec: 226.6 +/- 3.3 (jitter = 9.1)	7.922
278	images/sec: 226.8 +/- 3.3 (jitter = 9.3)	7.955
279	images/sec: 227.0 +/- 3.3 (jitter = 9.5)	7.909
280	images/sec: 227.1 +/- 3.3 (jitter = 10.8)	7.945
281	images/sec: 227.3 +/- 3.3 (jitter = 12.1)	7.933
282	images/sec: 227.5 +/- 3.3 (jitter = 12.8)	7.877
283	images/sec: 227.7 +/- 3.3 (jitter = 13.5)	7.821
284	images/sec: 227.9 +/- 3.3 (jitter = 17.7)	7.927
285	images/sec: 228.1 +/- 3.3 (jitter = 22.0)	7.903
286	images/sec: 228.3 +/- 3.3 (jitter = 81.7)	7.930
287	images/sec: 228.4 +/- 3.3 (jitter = 30.9)	7.891
288	images/sec: 228.6 +/- 3.3 (jitter = 29.9)	7.895
289	images/sec: 228.8 +/- 3.3 (jitter = 29.0)	7.941
290	images/sec: 229.0 +/- 3.3 (jitter = 28.6)	8.237
291	images/sec: 229.2 +/- 3.3 (jitter = 28.3)	7.851
292	images/sec: 229.3 +/- 3.2 (jitter = 27.5)	7.929
293	images/sec: 229.5 +/- 3.2 (jitter = 26.8)	7.850
294	images/sec: 229.7 +/- 3.2 (jitter = 25.7)	7.966
295	images/sec: 229.9 +/- 3.2 (jitter = 24.6)	7.854
296	images/sec: 230.1 +/- 3.2 (jitter = 24.6)	7.772
297	images/sec: 230.2 +/- 3.2 (jitter = 24.5)	7.920
298	images/sec: 230.4 +/- 3.2 (jitter = 23.3)	7.950
299	images/sec: 230.6 +/- 3.2 (jitter = 22.0)	7.847
300	images/sec: 230.8 +/- 3.2 (jitter = 21.7)	7.844
301	images/sec: 230.9 +/- 3.2 (jitter = 21.5)	7.871
302	images/sec: 231.1 +/- 3.2 (jitter = 16.8)	7.825
303	images/sec: 231.3 +/- 3.2 (jitter = 13.4)	7.912
304	images/sec: 231.4 +/- 3.2 (jitter = 13.3)	7.788
305	images/sec: 231.6 +/- 3.2 (jitter = 13.2)	7.787
306	images/sec: 231.8 +/- 3.2 (jitter = 12.6)	7.924
307	images/sec: 231.9 +/- 3.2 (jitter = 11.7)	7.782
308	images/sec: 232.1 +/- 3.2 (jitter = 11.6)	7.867
309	images/sec: 232.2 +/- 3.1 (jitter = 11.5)	7.922
310	images/sec: 232.4 +/- 3.1 (jitter = 11.5)	8.171
311	images/sec: 232.6 +/- 3.1 (jitter = 11.1)	7.913
312	images/sec: 232.7 +/- 3.1 (jitter = 11.0)	7.866
313	images/sec: 232.9 +/- 3.1 (jitter = 10.9)	7.822
314	images/sec: 233.1 +/- 3.1 (jitter = 10.8)	7.805
315	images/sec: 233.2 +/- 3.1 (jitter = 10.5)	7.876
316	images/sec: 233.4 +/- 3.1 (jitter = 10.4)	7.884
317	images/sec: 233.5 +/- 3.1 (jitter = 10.3)	7.944
318	images/sec: 233.7 +/- 3.1 (jitter = 10.0)	7.958
319	images/sec: 233.8 +/- 3.1 (jitter = 9.8)	7.948
320	images/sec: 234.0 +/- 3.1 (jitter = 9.5)	7.863
321	images/sec: 234.1 +/- 3.1 (jitter = 9.3)	7.922
322	images/sec: 234.3 +/- 3.1 (jitter = 9.2)	7.920
323	images/sec: 234.4 +/- 3.1 (jitter = 9.2)	7.822
324	images/sec: 234.6 +/- 3.1 (jitter = 8.8)	7.901
325	images/sec: 234.7 +/- 3.1 (jitter = 8.5)	7.874
326	images/sec: 234.9 +/- 3.0 (jitter = 8.5)	7.918
327	images/sec: 235.0 +/- 3.0 (jitter = 8.5)	7.777
328	images/sec: 235.2 +/- 3.0 (jitter = 8.4)	7.882
329	images/sec: 235.3 +/- 3.0 (jitter = 8.4)	7.809
330	images/sec: 235.5 +/- 3.0 (jitter = 8.3)	7.783
331	images/sec: 235.6 +/- 3.0 (jitter = 8.1)	7.827
332	images/sec: 235.8 +/- 3.0 (jitter = 7.7)	7.890
333	images/sec: 235.9 +/- 3.0 (jitter = 7.3)	7.904
334	images/sec: 236.1 +/- 3.0 (jitter = 6.9)	7.919
335	images/sec: 236.2 +/- 3.0 (jitter = 6.6)	7.809
336	images/sec: 236.3 +/- 3.0 (jitter = 6.6)	7.899
337	images/sec: 236.5 +/- 3.0 (jitter = 6.5)	7.786
338	images/sec: 236.6 +/- 3.0 (jitter = 6.5)	7.946
339	images/sec: 236.8 +/- 3.0 (jitter = 6.4)	7.848
340	images/sec: 236.9 +/- 3.0 (jitter = 6.4)	7.905
341	images/sec: 237.0 +/- 3.0 (jitter = 6.4)	7.907
342	images/sec: 237.2 +/- 3.0 (jitter = 6.4)	7.846
343	images/sec: 237.3 +/- 3.0 (jitter = 6.4)	7.777
344	images/sec: 237.4 +/- 2.9 (jitter = 6.3)	7.816
345	images/sec: 237.6 +/- 2.9 (jitter = 6.3)	7.835
346	images/sec: 237.7 +/- 2.9 (jitter = 6.2)	7.873
347	images/sec: 237.8 +/- 2.9 (jitter = 6.1)	7.828
348	images/sec: 238.0 +/- 2.9 (jitter = 6.1)	7.893
349	images/sec: 238.1 +/- 2.9 (jitter = 6.0)	7.808
350	images/sec: 238.2 +/- 2.9 (jitter = 5.9)	7.934
351	images/sec: 238.4 +/- 2.9 (jitter = 5.9)	8.008
352	images/sec: 238.5 +/- 2.9 (jitter = 5.8)	8.015
353	images/sec: 238.6 +/- 2.9 (jitter = 5.8)	7.826
354	images/sec: 238.8 +/- 2.9 (jitter = 5.6)	7.915
355	images/sec: 238.9 +/- 2.9 (jitter = 5.4)	7.814
356	images/sec: 239.0 +/- 2.9 (jitter = 5.3)	7.844
357	images/sec: 239.2 +/- 2.9 (jitter = 5.2)	7.882
358	images/sec: 239.3 +/- 2.9 (jitter = 5.1)	7.844
359	images/sec: 239.4 +/- 2.9 (jitter = 5.0)	7.785
360	images/sec: 239.5 +/- 2.9 (jitter = 4.9)	7.849
361	images/sec: 239.7 +/- 2.9 (jitter = 4.8)	7.794
362	images/sec: 239.8 +/- 2.8 (jitter = 4.8)	7.905
363	images/sec: 239.9 +/- 2.8 (jitter = 4.7)	7.774
364	images/sec: 240.1 +/- 2.8 (jitter = 4.6)	7.846
365	images/sec: 240.2 +/- 2.8 (jitter = 4.5)	7.829
366	images/sec: 240.3 +/- 2.8 (jitter = 4.6)	7.860
367	images/sec: 240.4 +/- 2.8 (jitter = 4.5)	7.831
368	images/sec: 240.6 +/- 2.8 (jitter = 4.5)	7.912
369	images/sec: 240.7 +/- 2.8 (jitter = 4.5)	7.859
370	images/sec: 240.8 +/- 2.8 (jitter = 4.4)	7.764
371	images/sec: 240.9 +/- 2.8 (jitter = 4.2)	7.848
372	images/sec: 241.0 +/- 2.8 (jitter = 4.2)	7.770
373	images/sec: 241.2 +/- 2.8 (jitter = 4.2)	7.787
374	images/sec: 241.3 +/- 2.8 (jitter = 4.1)	7.842
375	images/sec: 241.4 +/- 2.8 (jitter = 4.0)	8.000
376	images/sec: 241.5 +/- 2.8 (jitter = 4.0)	7.776
377	images/sec: 241.6 +/- 2.8 (jitter = 4.0)	7.933
378	images/sec: 241.8 +/- 2.8 (jitter = 3.9)	7.859
379	images/sec: 241.9 +/- 2.8 (jitter = 3.9)	7.912
380	images/sec: 242.0 +/- 2.8 (jitter = 3.8)	7.951
381	images/sec: 242.1 +/- 2.7 (jitter = 3.8)	7.816
382	images/sec: 242.2 +/- 2.7 (jitter = 3.7)	7.938
383	images/sec: 242.3 +/- 2.7 (jitter = 3.7)	7.835
384	images/sec: 242.4 +/- 2.7 (jitter = 3.6)	7.895
385	images/sec: 242.6 +/- 2.7 (jitter = 3.5)	7.944
386	images/sec: 242.7 +/- 2.7 (jitter = 3.5)	7.876
387	images/sec: 242.8 +/- 2.7 (jitter = 3.5)	7.856
388	images/sec: 242.9 +/- 2.7 (jitter = 3.6)	7.851
389	images/sec: 243.0 +/- 2.7 (jitter = 3.7)	7.842
390	images/sec: 243.1 +/- 2.7 (jitter = 3.6)	7.890
391	images/sec: 243.2 +/- 2.7 (jitter = 3.5)	7.884
392	images/sec: 243.3 +/- 2.7 (jitter = 3.5)	7.835
393	images/sec: 243.4 +/- 2.7 (jitter = 3.4)	7.842
394	images/sec: 243.6 +/- 2.7 (jitter = 3.4)	7.922
395	images/sec: 243.7 +/- 2.7 (jitter = 3.4)	7.906
396	images/sec: 243.8 +/- 2.7 (jitter = 3.3)	7.899
397	images/sec: 243.9 +/- 2.7 (jitter = 3.3)	7.859
398	images/sec: 244.0 +/- 2.7 (jitter = 3.3)	7.919
399	images/sec: 244.1 +/- 2.7 (jitter = 3.3)	7.907
400	images/sec: 244.2 +/- 2.7 (jitter = 3.3)	7.891
401	images/sec: 244.3 +/- 2.7 (jitter = 3.3)	7.827
402	images/sec: 244.4 +/- 2.6 (jitter = 3.2)	7.738
403	images/sec: 244.5 +/- 2.6 (jitter = 3.3)	7.915
404	images/sec: 244.6 +/- 2.6 (jitter = 3.2)	7.859
405	images/sec: 244.7 +/- 2.6 (jitter = 3.2)	7.843
406	images/sec: 244.8 +/- 2.6 (jitter = 3.2)	7.922
407	images/sec: 245.0 +/- 2.6 (jitter = 3.3)	7.868
408	images/sec: 245.1 +/- 2.6 (jitter = 3.2)	7.825
409	images/sec: 245.2 +/- 2.6 (jitter = 3.2)	7.837
410	images/sec: 245.3 +/- 2.6 (jitter = 3.2)	7.910
411	images/sec: 245.4 +/- 2.6 (jitter = 3.2)	7.818
412	images/sec: 245.5 +/- 2.6 (jitter = 3.1)	7.877
413	images/sec: 245.6 +/- 2.6 (jitter = 3.1)	8.043
414	images/sec: 245.7 +/- 2.6 (jitter = 3.1)	7.890
415	images/sec: 245.8 +/- 2.6 (jitter = 3.2)	7.835
416	images/sec: 245.9 +/- 2.6 (jitter = 3.1)	7.929
417	images/sec: 246.0 +/- 2.6 (jitter = 3.1)	7.923
418	images/sec: 246.1 +/- 2.6 (jitter = 3.1)	7.856
419	images/sec: 246.2 +/- 2.6 (jitter = 3.0)	7.824
420	images/sec: 246.3 +/- 2.6 (jitter = 3.0)	7.932
421	images/sec: 246.4 +/- 2.6 (jitter = 3.0)	7.846
422	images/sec: 246.5 +/- 2.6 (jitter = 3.0)	7.820
423	images/sec: 246.6 +/- 2.5 (jitter = 3.0)	8.002
424	images/sec: 246.7 +/- 2.5 (jitter = 3.0)	7.841
425	images/sec: 246.8 +/- 2.5 (jitter = 2.9)	7.807
426	images/sec: 246.9 +/- 2.5 (jitter = 2.9)	7.823
427	images/sec: 247.0 +/- 2.5 (jitter = 2.9)	7.863
428	images/sec: 247.1 +/- 2.5 (jitter = 2.9)	7.835
429	images/sec: 247.2 +/- 2.5 (jitter = 2.8)	7.881
430	images/sec: 247.2 +/- 2.5 (jitter = 2.8)	7.868
431	images/sec: 247.3 +/- 2.5 (jitter = 2.8)	7.796
432	images/sec: 247.4 +/- 2.5 (jitter = 2.8)	7.852
433	images/sec: 247.5 +/- 2.5 (jitter = 2.8)	7.833
434	images/sec: 247.6 +/- 2.5 (jitter = 2.8)	7.854
435	images/sec: 247.7 +/- 2.5 (jitter = 2.8)	7.778
436	images/sec: 247.8 +/- 2.5 (jitter = 2.8)	7.877
437	images/sec: 247.9 +/- 2.5 (jitter = 2.8)	7.817
438	images/sec: 248.0 +/- 2.5 (jitter = 2.8)	7.900
439	images/sec: 248.1 +/- 2.5 (jitter = 2.8)	7.837
440	images/sec: 248.2 +/- 2.5 (jitter = 2.8)	7.910
441	images/sec: 248.3 +/- 2.5 (jitter = 2.7)	7.794
442	images/sec: 248.3 +/- 2.5 (jitter = 2.8)	7.927
443	images/sec: 248.4 +/- 2.5 (jitter = 2.8)	7.897
444	images/sec: 248.5 +/- 2.5 (jitter = 2.7)	7.876
445	images/sec: 248.6 +/- 2.5 (jitter = 2.7)	8.477
446	images/sec: 248.7 +/- 2.4 (jitter = 2.7)	7.840
447	images/sec: 248.8 +/- 2.4 (jitter = 2.7)	7.812
448	images/sec: 248.9 +/- 2.4 (jitter = 2.7)	7.844
449	images/sec: 249.0 +/- 2.4 (jitter = 2.7)	7.902
450	images/sec: 249.1 +/- 2.4 (jitter = 2.6)	7.753
451	images/sec: 249.1 +/- 2.4 (jitter = 2.6)	7.757
452	images/sec: 249.2 +/- 2.4 (jitter = 2.6)	7.884
453	images/sec: 249.3 +/- 2.4 (jitter = 2.6)	7.915
454	images/sec: 249.4 +/- 2.4 (jitter = 2.6)	8.395
455	images/sec: 249.5 +/- 2.4 (jitter = 2.6)	7.778
456	images/sec: 249.6 +/- 2.4 (jitter = 2.5)	7.946
457	images/sec: 249.7 +/- 2.4 (jitter = 2.4)	7.728
458	images/sec: 249.7 +/- 2.4 (jitter = 2.4)	7.888
459	images/sec: 249.8 +/- 2.4 (jitter = 2.5)	7.888
460	images/sec: 249.9 +/- 2.4 (jitter = 2.4)	7.826
461	images/sec: 250.0 +/- 2.4 (jitter = 2.4)	7.768
462	images/sec: 250.1 +/- 2.4 (jitter = 2.4)	7.907
463	images/sec: 250.2 +/- 2.4 (jitter = 2.4)	7.848
464	images/sec: 250.3 +/- 2.4 (jitter = 2.4)	7.838
465	images/sec: 250.3 +/- 2.4 (jitter = 2.4)	7.787
466	images/sec: 250.4 +/- 2.4 (jitter = 2.4)	7.870
467	images/sec: 250.5 +/- 2.4 (jitter = 2.4)	7.805
468	images/sec: 250.6 +/- 2.4 (jitter = 2.4)	7.869
469	images/sec: 250.7 +/- 2.4 (jitter = 2.4)	7.806
470	images/sec: 250.8 +/- 2.4 (jitter = 2.4)	7.922
471	images/sec: 250.9 +/- 2.3 (jitter = 2.4)	7.850
472	images/sec: 250.9 +/- 2.3 (jitter = 2.4)	7.811
473	images/sec: 251.0 +/- 2.3 (jitter = 2.4)	7.826
474	images/sec: 251.1 +/- 2.3 (jitter = 2.4)	7.822
475	images/sec: 251.2 +/- 2.3 (jitter = 2.3)	7.960
476	images/sec: 251.3 +/- 2.3 (jitter = 2.3)	7.981
477	images/sec: 251.3 +/- 2.3 (jitter = 2.3)	7.844
478	images/sec: 251.4 +/- 2.3 (jitter = 2.3)	7.839
479	images/sec: 251.5 +/- 2.3 (jitter = 2.3)	7.914
480	images/sec: 251.6 +/- 2.3 (jitter = 2.3)	7.914
481	images/sec: 251.7 +/- 2.3 (jitter = 2.3)	7.875
482	images/sec: 251.7 +/- 2.3 (jitter = 2.3)	7.785
483	images/sec: 251.8 +/- 2.3 (jitter = 2.3)	7.927
484	images/sec: 251.9 +/- 2.3 (jitter = 2.3)	7.833
485	images/sec: 252.0 +/- 2.3 (jitter = 2.2)	7.852
486	images/sec: 252.0 +/- 2.3 (jitter = 2.3)	7.904
487	images/sec: 252.1 +/- 2.3 (jitter = 2.3)	7.827
488	images/sec: 252.2 +/- 2.3 (jitter = 2.3)	7.822
489	images/sec: 252.3 +/- 2.3 (jitter = 2.2)	7.840
490	images/sec: 252.4 +/- 2.3 (jitter = 2.2)	7.853
491	images/sec: 252.4 +/- 2.3 (jitter = 2.2)	7.880
492	images/sec: 252.5 +/- 2.3 (jitter = 2.2)	7.819
493	images/sec: 252.6 +/- 2.3 (jitter = 2.2)	7.881
494	images/sec: 252.7 +/- 2.3 (jitter = 2.2)	7.787
495	images/sec: 252.7 +/- 2.3 (jitter = 2.2)	7.802
496	images/sec: 252.8 +/- 2.3 (jitter = 2.1)	7.893
497	images/sec: 252.9 +/- 2.3 (jitter = 2.1)	7.820
498	images/sec: 253.0 +/- 2.2 (jitter = 2.1)	7.832
499	images/sec: 253.0 +/- 2.2 (jitter = 2.1)	7.921
500	images/sec: 253.1 +/- 2.2 (jitter = 2.1)	7.918
501	images/sec: 253.2 +/- 2.2 (jitter = 2.1)	7.929
502	images/sec: 253.3 +/- 2.2 (jitter = 2.1)	7.875
----------------------------------------------------------------
total images/sec: 250.56
----------------------------------------------------------------
