TensorFlow:  1.5
Model:       resnet50
Dataset:     imagenet (synthetic)
Mode:        training
SingleSess:  False
Batch size:  25 global
             25 per device
Devices:     ['/gpu:0']
Data format: NCHW
Layout optimizer: False
Optimizer:   sgd
Variables:   parameter_server
==========
Generating model
WARNING:tensorflow:From /salus/tf_benchmarks/scripts/tf_cnn_benchmarks/convnet_builder.py:372: calling reduce_mean (from tensorflow.python.ops.math_ops) with keep_dims is deprecated and will be removed in a future version.
Instructions for updating:
keep_dims is deprecated, use keepdims instead
WARNING:tensorflow:From /salus/tf_benchmarks/scripts/tf_cnn_benchmarks/benchmark_cnn.py:1125: __init__ (from tensorflow.python.training.supervisor) is deprecated and will be removed in a future version.
Instructions for updating:
Please switch to tf.train.MonitoredTrainingSession
Running warm up
Done warm up
Step	Img/sec	loss
1	images/sec: 187.5 +/- 0.0 (jitter = 0.0)	9.834
2	images/sec: 186.2 +/- 0.9 (jitter = 1.9)	7.698
3	images/sec: 185.5 +/- 0.8 (jitter = 1.1)	9.416
4	images/sec: 185.5 +/- 0.6 (jitter = 0.9)	9.226
5	images/sec: 185.3 +/- 0.5 (jitter = 0.8)	8.912
6	images/sec: 185.5 +/- 0.5 (jitter = 1.1)	9.156
7	images/sec: 185.6 +/- 0.4 (jitter = 1.3)	8.335
8	images/sec: 185.5 +/- 0.4 (jitter = 1.2)	9.045
9	images/sec: 185.5 +/- 0.4 (jitter = 1.4)	8.745
10	images/sec: 185.6 +/- 0.3 (jitter = 1.4)	8.586
11	images/sec: 185.5 +/- 0.3 (jitter = 1.4)	8.338
12	images/sec: 185.4 +/- 0.3 (jitter = 1.2)	8.526
13	images/sec: 185.4 +/- 0.3 (jitter = 1.4)	8.474
14	images/sec: 185.5 +/- 0.3 (jitter = 1.4)	8.273
15	images/sec: 185.5 +/- 0.3 (jitter = 1.4)	8.331
16	images/sec: 185.4 +/- 0.3 (jitter = 1.4)	8.529
17	images/sec: 185.2 +/- 0.3 (jitter = 1.4)	8.357
18	images/sec: 185.2 +/- 0.3 (jitter = 1.6)	8.317
19	images/sec: 185.2 +/- 0.3 (jitter = 1.4)	8.387
20	images/sec: 185.1 +/- 0.3 (jitter = 1.6)	8.067
21	images/sec: 185.1 +/- 0.3 (jitter = 1.4)	8.681
22	images/sec: 185.1 +/- 0.3 (jitter = 1.4)	8.148
23	images/sec: 185.1 +/- 0.2 (jitter = 1.4)	8.261
24	images/sec: 184.9 +/- 0.3 (jitter = 1.4)	8.077
25	images/sec: 184.9 +/- 0.3 (jitter = 1.5)	8.146
26	images/sec: 184.8 +/- 0.3 (jitter = 1.5)	8.055
27	images/sec: 184.5 +/- 0.4 (jitter = 1.7)	8.109
28	images/sec: 184.6 +/- 0.4 (jitter = 1.6)	8.130
29	images/sec: 184.6 +/- 0.4 (jitter = 1.5)	8.092
30	images/sec: 184.7 +/- 0.3 (jitter = 1.3)	8.082
31	images/sec: 184.7 +/- 0.3 (jitter = 1.4)	8.446
32	images/sec: 184.7 +/- 0.3 (jitter = 1.3)	7.897
33	images/sec: 184.7 +/- 0.3 (jitter = 1.5)	8.035
34	images/sec: 184.7 +/- 0.3 (jitter = 1.5)	8.039
35	images/sec: 184.6 +/- 0.3 (jitter = 1.6)	8.008
36	images/sec: 184.7 +/- 0.3 (jitter = 1.5)	8.067
37	images/sec: 184.7 +/- 0.3 (jitter = 1.4)	8.028
38	images/sec: 184.6 +/- 0.3 (jitter = 1.5)	7.900
39	images/sec: 184.7 +/- 0.3 (jitter = 1.4)	7.974
40	images/sec: 184.7 +/- 0.3 (jitter = 1.3)	7.976
41	images/sec: 184.7 +/- 0.3 (jitter = 1.4)	8.027
42	images/sec: 184.7 +/- 0.3 (jitter = 1.3)	7.944
43	images/sec: 184.7 +/- 0.3 (jitter = 1.3)	8.052
44	images/sec: 184.7 +/- 0.3 (jitter = 1.2)	7.981
45	images/sec: 184.8 +/- 0.3 (jitter = 1.3)	7.944
46	images/sec: 184.8 +/- 0.3 (jitter = 1.2)	7.751
47	images/sec: 184.8 +/- 0.2 (jitter = 1.3)	7.975
48	images/sec: 184.8 +/- 0.2 (jitter = 1.2)	8.090
49	images/sec: 184.8 +/- 0.2 (jitter = 1.2)	7.940
50	images/sec: 184.8 +/- 0.2 (jitter = 1.2)	8.037
51	images/sec: 184.9 +/- 0.2 (jitter = 1.3)	7.985
52	images/sec: 184.9 +/- 0.2 (jitter = 1.4)	7.825
53	images/sec: 184.9 +/- 0.2 (jitter = 1.4)	7.970
54	images/sec: 184.9 +/- 0.2 (jitter = 1.5)	7.975
55	images/sec: 184.9 +/- 0.2 (jitter = 1.5)	8.256
56	images/sec: 185.0 +/- 0.2 (jitter = 1.5)	7.913
57	images/sec: 185.0 +/- 0.2 (jitter = 1.5)	7.870
58	images/sec: 185.0 +/- 0.2 (jitter = 1.5)	8.002
59	images/sec: 185.0 +/- 0.2 (jitter = 1.4)	7.909
60	images/sec: 185.0 +/- 0.2 (jitter = 1.5)	7.974
61	images/sec: 185.0 +/- 0.2 (jitter = 1.4)	7.956
62	images/sec: 185.0 +/- 0.2 (jitter = 1.4)	7.802
63	images/sec: 185.1 +/- 0.2 (jitter = 1.4)	8.062
64	images/sec: 185.0 +/- 0.2 (jitter = 1.4)	7.954
65	images/sec: 185.1 +/- 0.2 (jitter = 1.4)	7.872
66	images/sec: 185.1 +/- 0.2 (jitter = 1.4)	7.840
67	images/sec: 185.1 +/- 0.2 (jitter = 1.4)	7.839
68	images/sec: 185.1 +/- 0.2 (jitter = 1.4)	8.013
69	images/sec: 185.0 +/- 0.2 (jitter = 1.4)	8.246
70	images/sec: 185.0 +/- 0.2 (jitter = 1.4)	7.856
71	images/sec: 185.1 +/- 0.2 (jitter = 1.4)	7.813
72	images/sec: 185.1 +/- 0.2 (jitter = 1.4)	7.941
73	images/sec: 185.1 +/- 0.2 (jitter = 1.4)	7.943
74	images/sec: 185.1 +/- 0.2 (jitter = 1.4)	7.952
75	images/sec: 185.1 +/- 0.2 (jitter = 1.4)	7.803
76	images/sec: 185.1 +/- 0.2 (jitter = 1.4)	7.905
77	images/sec: 185.1 +/- 0.2 (jitter = 1.4)	7.948
78	images/sec: 185.1 +/- 0.2 (jitter = 1.4)	7.816
79	images/sec: 185.1 +/- 0.2 (jitter = 1.4)	8.217
80	images/sec: 185.2 +/- 0.2 (jitter = 1.4)	7.884
81	images/sec: 185.2 +/- 0.2 (jitter = 1.4)	7.927
82	images/sec: 185.1 +/- 0.2 (jitter = 1.4)	7.944
83	images/sec: 185.1 +/- 0.2 (jitter = 1.4)	7.901
84	images/sec: 185.1 +/- 0.2 (jitter = 1.4)	8.336
85	images/sec: 185.1 +/- 0.2 (jitter = 1.4)	7.899
86	images/sec: 185.1 +/- 0.2 (jitter = 1.4)	7.900
87	images/sec: 185.1 +/- 0.2 (jitter = 1.4)	7.879
88	images/sec: 185.1 +/- 0.2 (jitter = 1.3)	7.862
89	images/sec: 185.1 +/- 0.2 (jitter = 1.3)	7.892
90	images/sec: 185.1 +/- 0.2 (jitter = 1.3)	7.942
91	images/sec: 185.2 +/- 0.2 (jitter = 1.3)	7.911
92	images/sec: 185.2 +/- 0.2 (jitter = 1.3)	7.911
93	images/sec: 185.2 +/- 0.1 (jitter = 1.3)	7.924
94	images/sec: 185.2 +/- 0.1 (jitter = 1.3)	7.854
95	images/sec: 185.2 +/- 0.1 (jitter = 1.3)	7.996
96	images/sec: 185.2 +/- 0.1 (jitter = 1.3)	7.979
97	images/sec: 185.2 +/- 0.1 (jitter = 1.3)	7.872
98	images/sec: 185.2 +/- 0.1 (jitter = 1.3)	7.923
99	images/sec: 185.2 +/- 0.1 (jitter = 1.3)	7.834
100	images/sec: 185.2 +/- 0.1 (jitter = 1.3)	7.961
101	images/sec: 185.1 +/- 0.2 (jitter = 1.3)	7.842
102	images/sec: 185.1 +/- 0.2 (jitter = 1.3)	7.766
103	images/sec: 185.1 +/- 0.2 (jitter = 1.3)	8.071
104	images/sec: 185.1 +/- 0.2 (jitter = 1.3)	7.930
105	images/sec: 185.1 +/- 0.2 (jitter = 1.3)	7.886
106	images/sec: 185.1 +/- 0.2 (jitter = 1.3)	7.937
107	images/sec: 185.1 +/- 0.2 (jitter = 1.3)	7.962
108	images/sec: 185.1 +/- 0.2 (jitter = 1.2)	7.980
109	images/sec: 185.1 +/- 0.2 (jitter = 1.3)	7.954
110	images/sec: 185.1 +/- 0.2 (jitter = 1.2)	7.890
111	images/sec: 185.1 +/- 0.2 (jitter = 1.3)	7.826
112	images/sec: 185.1 +/- 0.2 (jitter = 1.3)	7.848
113	images/sec: 185.1 +/- 0.2 (jitter = 1.3)	7.995
114	images/sec: 185.0 +/- 0.2 (jitter = 1.3)	7.883
115	images/sec: 185.1 +/- 0.2 (jitter = 1.4)	7.863
116	images/sec: 185.0 +/- 0.2 (jitter = 1.4)	7.826
117	images/sec: 185.0 +/- 0.2 (jitter = 1.4)	7.834
118	images/sec: 185.0 +/- 0.2 (jitter = 1.4)	7.982
119	images/sec: 185.0 +/- 0.2 (jitter = 1.4)	7.865
120	images/sec: 184.9 +/- 0.2 (jitter = 1.4)	7.911
121	images/sec: 184.9 +/- 0.2 (jitter = 1.4)	7.923
122	images/sec: 184.9 +/- 0.2 (jitter = 1.4)	7.816
123	images/sec: 184.9 +/- 0.2 (jitter = 1.4)	7.913
124	images/sec: 184.9 +/- 0.2 (jitter = 1.4)	8.005
125	images/sec: 184.9 +/- 0.2 (jitter = 1.4)	7.982
126	images/sec: 184.9 +/- 0.2 (jitter = 1.4)	7.953
127	images/sec: 184.9 +/- 0.2 (jitter = 1.3)	7.898
128	images/sec: 184.9 +/- 0.2 (jitter = 1.4)	7.805
129	images/sec: 184.9 +/- 0.2 (jitter = 1.3)	7.849
130	images/sec: 184.9 +/- 0.2 (jitter = 1.3)	7.924
131	images/sec: 184.9 +/- 0.2 (jitter = 1.3)	7.846
132	images/sec: 184.9 +/- 0.2 (jitter = 1.4)	7.779
133	images/sec: 184.9 +/- 0.2 (jitter = 1.3)	7.902
134	images/sec: 184.9 +/- 0.2 (jitter = 1.3)	7.825
135	images/sec: 184.9 +/- 0.2 (jitter = 1.2)	7.748
136	images/sec: 184.9 +/- 0.2 (jitter = 1.2)	7.874
137	images/sec: 184.9 +/- 0.2 (jitter = 1.2)	7.841
138	images/sec: 184.9 +/- 0.2 (jitter = 1.2)	7.910
139	images/sec: 184.9 +/- 0.1 (jitter = 1.1)	7.924
140	images/sec: 185.0 +/- 0.2 (jitter = 1.2)	7.861
141	images/sec: 184.9 +/- 0.2 (jitter = 1.2)	7.870
142	images/sec: 184.9 +/- 0.1 (jitter = 1.2)	7.794
143	images/sec: 184.9 +/- 0.1 (jitter = 1.1)	7.958
144	images/sec: 184.9 +/- 0.1 (jitter = 1.2)	8.007
145	images/sec: 184.9 +/- 0.1 (jitter = 1.2)	7.871
146	images/sec: 185.0 +/- 0.1 (jitter = 1.2)	7.934
147	images/sec: 185.0 +/- 0.1 (jitter = 1.2)	7.919
148	images/sec: 185.0 +/- 0.1 (jitter = 1.2)	7.972
149	images/sec: 185.0 +/- 0.1 (jitter = 1.2)	7.918
150	images/sec: 185.0 +/- 0.1 (jitter = 1.2)	7.878
151	images/sec: 185.0 +/- 0.1 (jitter = 1.3)	7.905
152	images/sec: 185.0 +/- 0.1 (jitter = 1.3)	7.830
153	images/sec: 185.0 +/- 0.1 (jitter = 1.3)	7.842
154	images/sec: 185.0 +/- 0.1 (jitter = 1.3)	7.962
155	images/sec: 185.0 +/- 0.1 (jitter = 1.3)	7.922
156	images/sec: 185.0 +/- 0.1 (jitter = 1.2)	7.867
157	images/sec: 185.0 +/- 0.1 (jitter = 1.2)	7.994
158	images/sec: 185.0 +/- 0.1 (jitter = 1.2)	7.969
159	images/sec: 185.0 +/- 0.1 (jitter = 1.1)	7.977
160	images/sec: 185.0 +/- 0.1 (jitter = 1.1)	7.867
161	images/sec: 185.0 +/- 0.1 (jitter = 1.1)	7.800
162	images/sec: 185.0 +/- 0.1 (jitter = 1.1)	7.870
163	images/sec: 185.0 +/- 0.1 (jitter = 1.2)	7.910
164	images/sec: 185.0 +/- 0.1 (jitter = 1.2)	7.935
165	images/sec: 185.0 +/- 0.1 (jitter = 1.2)	7.856
166	images/sec: 185.0 +/- 0.1 (jitter = 1.2)	7.880
167	images/sec: 185.0 +/- 0.1 (jitter = 1.2)	7.937
168	images/sec: 185.0 +/- 0.1 (jitter = 1.2)	7.897
169	images/sec: 185.0 +/- 0.1 (jitter = 1.1)	7.913
170	images/sec: 185.0 +/- 0.1 (jitter = 1.1)	8.013
171	images/sec: 185.0 +/- 0.1 (jitter = 1.1)	7.911
172	images/sec: 185.0 +/- 0.1 (jitter = 1.1)	7.864
173	images/sec: 185.0 +/- 0.1 (jitter = 1.1)	7.829
174	images/sec: 185.0 +/- 0.1 (jitter = 1.1)	7.971
175	images/sec: 185.0 +/- 0.1 (jitter = 1.1)	7.802
176	images/sec: 185.0 +/- 0.1 (jitter = 1.2)	7.865
177	images/sec: 185.0 +/- 0.1 (jitter = 1.2)	7.686
178	images/sec: 185.1 +/- 0.1 (jitter = 1.2)	7.924
179	images/sec: 185.1 +/- 0.1 (jitter = 1.3)	8.009
180	images/sec: 185.1 +/- 0.1 (jitter = 1.3)	7.823
181	images/sec: 185.1 +/- 0.1 (jitter = 1.3)	7.816
182	images/sec: 185.1 +/- 0.1 (jitter = 1.2)	7.931
183	images/sec: 185.1 +/- 0.1 (jitter = 1.3)	8.006
184	images/sec: 185.1 +/- 0.1 (jitter = 1.2)	7.904
185	images/sec: 185.1 +/- 0.1 (jitter = 1.3)	7.916
186	images/sec: 185.1 +/- 0.1 (jitter = 1.2)	7.928
187	images/sec: 185.1 +/- 0.1 (jitter = 1.2)	7.798
188	images/sec: 185.1 +/- 0.1 (jitter = 1.3)	7.830
189	images/sec: 185.1 +/- 0.1 (jitter = 1.3)	7.797
190	images/sec: 185.1 +/- 0.1 (jitter = 1.2)	7.861
191	images/sec: 185.1 +/- 0.1 (jitter = 1.2)	7.846
192	images/sec: 185.1 +/- 0.1 (jitter = 1.2)	7.960
193	images/sec: 185.1 +/- 0.1 (jitter = 1.3)	7.900
194	images/sec: 185.1 +/- 0.1 (jitter = 1.3)	7.865
195	images/sec: 185.1 +/- 0.1 (jitter = 1.3)	7.887
196	images/sec: 185.1 +/- 0.1 (jitter = 1.3)	7.975
197	images/sec: 185.1 +/- 0.1 (jitter = 1.3)	7.914
198	images/sec: 185.1 +/- 0.1 (jitter = 1.3)	7.934
199	images/sec: 185.1 +/- 0.1 (jitter = 1.3)	7.872
200	images/sec: 185.1 +/- 0.1 (jitter = 1.3)	7.910
201	images/sec: 185.1 +/- 0.1 (jitter = 1.2)	7.838
202	images/sec: 185.1 +/- 0.1 (jitter = 1.3)	7.860
203	images/sec: 185.1 +/- 0.1 (jitter = 1.2)	7.917
204	images/sec: 185.1 +/- 0.1 (jitter = 1.2)	7.815
205	images/sec: 185.1 +/- 0.1 (jitter = 1.2)	7.949
206	images/sec: 185.1 +/- 0.1 (jitter = 1.2)	7.790
207	images/sec: 185.1 +/- 0.1 (jitter = 1.3)	7.930
208	images/sec: 185.1 +/- 0.1 (jitter = 1.3)	7.789
209	images/sec: 185.1 +/- 0.1 (jitter = 1.3)	7.857
210	images/sec: 185.1 +/- 0.1 (jitter = 1.3)	7.940
211	images/sec: 185.1 +/- 0.1 (jitter = 1.2)	7.835
212	images/sec: 185.1 +/- 0.1 (jitter = 1.3)	7.962
213	images/sec: 185.1 +/- 0.1 (jitter = 1.3)	7.932
214	images/sec: 185.1 +/- 0.1 (jitter = 1.2)	7.971
215	images/sec: 185.1 +/- 0.1 (jitter = 1.3)	7.880
216	images/sec: 185.1 +/- 0.1 (jitter = 1.3)	7.853
217	images/sec: 185.2 +/- 0.1 (jitter = 1.3)	7.900
218	images/sec: 185.2 +/- 0.1 (jitter = 1.3)	7.847
219	images/sec: 185.2 +/- 0.1 (jitter = 1.3)	7.910
220	images/sec: 185.1 +/- 0.1 (jitter = 1.3)	7.826
221	images/sec: 185.2 +/- 0.1 (jitter = 1.3)	7.869
222	images/sec: 185.2 +/- 0.1 (jitter = 1.3)	7.871
223	images/sec: 185.2 +/- 0.1 (jitter = 1.2)	7.914
224	images/sec: 185.2 +/- 0.1 (jitter = 1.2)	7.867
225	images/sec: 185.2 +/- 0.1 (jitter = 1.2)	7.882
226	images/sec: 185.2 +/- 0.1 (jitter = 1.3)	7.943
227	images/sec: 185.2 +/- 0.1 (jitter = 1.2)	7.907
228	images/sec: 185.2 +/- 0.1 (jitter = 1.2)	7.878
229	images/sec: 185.3 +/- 0.1 (jitter = 1.2)	7.919
230	images/sec: 185.6 +/- 0.5 (jitter = 1.3)	7.890
231	images/sec: 185.9 +/- 0.7 (jitter = 1.3)	7.920
232	images/sec: 186.2 +/- 0.9 (jitter = 1.3)	7.800
233	images/sec: 186.5 +/- 1.0 (jitter = 1.3)	7.890
234	images/sec: 186.8 +/- 1.1 (jitter = 1.3)	7.866
235	images/sec: 187.0 +/- 1.1 (jitter = 1.3)	7.912
236	images/sec: 187.3 +/- 1.2 (jitter = 1.3)	7.908
237	images/sec: 187.6 +/- 1.3 (jitter = 1.3)	7.846
238	images/sec: 187.9 +/- 1.4 (jitter = 1.3)	7.803
239	images/sec: 188.2 +/- 1.4 (jitter = 1.3)	7.927
240	images/sec: 188.5 +/- 1.5 (jitter = 1.3)	8.148
241	images/sec: 188.8 +/- 1.6 (jitter = 1.3)	7.878
242	images/sec: 189.1 +/- 1.6 (jitter = 1.3)	7.798
243	images/sec: 189.4 +/- 1.7 (jitter = 1.3)	7.985
244	images/sec: 189.7 +/- 1.7 (jitter = 1.3)	7.849
245	images/sec: 189.9 +/- 1.8 (jitter = 1.3)	7.815
246	images/sec: 190.2 +/- 1.8 (jitter = 1.3)	8.026
247	images/sec: 190.5 +/- 1.9 (jitter = 1.3)	8.131
248	images/sec: 190.8 +/- 1.9 (jitter = 1.3)	7.878
249	images/sec: 191.1 +/- 1.9 (jitter = 1.3)	7.935
250	images/sec: 191.4 +/- 2.0 (jitter = 1.3)	8.010
251	images/sec: 191.6 +/- 2.0 (jitter = 1.4)	7.874
252	images/sec: 191.9 +/- 2.1 (jitter = 1.4)	7.864
----------------------------------------------------------------
total images/sec: 190.33
----------------------------------------------------------------
