TensorFlow:  1.5
Model:       inception3
Dataset:     imagenet (synthetic)
Mode:        training
SingleSess:  False
Batch size:  25 global
             25 per device
Devices:     ['/gpu:0']
Data format: NCHW
Layout optimizer: False
Optimizer:   sgd
Variables:   parameter_server
==========
Generating model
WARNING:tensorflow:From /salus/tf_benchmarks/scripts/tf_cnn_benchmarks/benchmark_cnn.py:1125: __init__ (from tensorflow.python.training.supervisor) is deprecated and will be removed in a future version.
Instructions for updating:
Please switch to tf.train.MonitoredTrainingSession
Running warm up
Done warm up
Step	Img/sec	loss
1	images/sec: 105.3 +/- 0.0 (jitter = 0.0)	7.457
2	images/sec: 105.2 +/- 0.1 (jitter = 0.2)	7.391
3	images/sec: 104.8 +/- 0.3 (jitter = 0.4)	7.445
4	images/sec: 104.8 +/- 0.2 (jitter = 0.3)	7.437
5	images/sec: 105.0 +/- 0.3 (jitter = 0.4)	7.428
6	images/sec: 105.1 +/- 0.2 (jitter = 0.5)	7.377
7	images/sec: 105.3 +/- 0.3 (jitter = 0.5)	7.395
8	images/sec: 105.3 +/- 0.2 (jitter = 0.5)	7.346
9	images/sec: 105.5 +/- 0.3 (jitter = 0.5)	7.419
10	images/sec: 105.5 +/- 0.3 (jitter = 0.5)	7.456
11	images/sec: 105.5 +/- 0.3 (jitter = 0.5)	7.490
12	images/sec: 105.5 +/- 0.2 (jitter = 0.5)	7.202
13	images/sec: 105.6 +/- 0.2 (jitter = 0.5)	7.421
14	images/sec: 105.6 +/- 0.2 (jitter = 0.5)	7.363
15	images/sec: 105.4 +/- 0.3 (jitter = 0.5)	7.408
16	images/sec: 105.3 +/- 0.3 (jitter = 0.8)	7.429
17	images/sec: 105.1 +/- 0.3 (jitter = 1.2)	7.488
18	images/sec: 105.0 +/- 0.3 (jitter = 1.4)	7.397
19	images/sec: 104.8 +/- 0.3 (jitter = 1.6)	7.338
20	images/sec: 104.9 +/- 0.3 (jitter = 1.6)	7.423
21	images/sec: 105.0 +/- 0.3 (jitter = 1.6)	7.448
22	images/sec: 104.9 +/- 0.3 (jitter = 1.4)	7.465
23	images/sec: 104.9 +/- 0.3 (jitter = 1.4)	7.467
24	images/sec: 105.0 +/- 0.3 (jitter = 1.5)	7.451
25	images/sec: 105.0 +/- 0.3 (jitter = 1.4)	7.293
26	images/sec: 104.9 +/- 0.3 (jitter = 1.4)	7.380
27	images/sec: 104.9 +/- 0.3 (jitter = 1.3)	7.276
28	images/sec: 105.0 +/- 0.2 (jitter = 1.4)	7.296
29	images/sec: 104.9 +/- 0.2 (jitter = 1.5)	7.350
30	images/sec: 105.0 +/- 0.2 (jitter = 1.5)	7.369
31	images/sec: 105.1 +/- 0.3 (jitter = 1.6)	7.472
32	images/sec: 105.1 +/- 0.2 (jitter = 1.6)	7.417
33	images/sec: 105.1 +/- 0.2 (jitter = 1.6)	7.480
34	images/sec: 105.1 +/- 0.2 (jitter = 1.5)	7.276
35	images/sec: 105.1 +/- 0.2 (jitter = 1.6)	7.612
36	images/sec: 105.1 +/- 0.2 (jitter = 1.5)	7.390
37	images/sec: 105.1 +/- 0.2 (jitter = 1.5)	7.431
38	images/sec: 105.1 +/- 0.2 (jitter = 1.5)	7.392
39	images/sec: 105.1 +/- 0.2 (jitter = 1.5)	7.383
40	images/sec: 105.1 +/- 0.2 (jitter = 1.5)	7.362
41	images/sec: 105.0 +/- 0.2 (jitter = 1.6)	7.394
42	images/sec: 105.0 +/- 0.2 (jitter = 1.5)	7.461
43	images/sec: 105.0 +/- 0.2 (jitter = 1.6)	7.405
44	images/sec: 105.0 +/- 0.2 (jitter = 1.5)	7.390
45	images/sec: 105.0 +/- 0.2 (jitter = 1.5)	7.394
46	images/sec: 105.1 +/- 0.2 (jitter = 1.5)	7.340
47	images/sec: 105.1 +/- 0.2 (jitter = 1.5)	7.334
48	images/sec: 105.1 +/- 0.2 (jitter = 1.5)	7.380
49	images/sec: 105.1 +/- 0.2 (jitter = 1.5)	7.468
50	images/sec: 105.2 +/- 0.2 (jitter = 1.5)	7.424
51	images/sec: 105.2 +/- 0.2 (jitter = 1.5)	7.405
52	images/sec: 105.2 +/- 0.2 (jitter = 1.5)	7.419
53	images/sec: 105.2 +/- 0.2 (jitter = 1.4)	7.365
54	images/sec: 105.2 +/- 0.2 (jitter = 1.4)	7.359
55	images/sec: 105.2 +/- 0.2 (jitter = 1.5)	7.451
56	images/sec: 105.2 +/- 0.2 (jitter = 1.5)	7.367
57	images/sec: 105.2 +/- 0.2 (jitter = 1.5)	7.382
58	images/sec: 105.2 +/- 0.2 (jitter = 1.5)	7.380
59	images/sec: 105.2 +/- 0.2 (jitter = 1.5)	7.442
60	images/sec: 105.1 +/- 0.2 (jitter = 1.5)	7.556
61	images/sec: 105.1 +/- 0.2 (jitter = 1.5)	7.409
62	images/sec: 105.1 +/- 0.2 (jitter = 1.5)	7.334
63	images/sec: 105.0 +/- 0.2 (jitter = 1.5)	7.488
64	images/sec: 105.0 +/- 0.2 (jitter = 1.5)	7.342
65	images/sec: 105.0 +/- 0.2 (jitter = 1.4)	7.319
66	images/sec: 105.0 +/- 0.2 (jitter = 1.5)	7.284
67	images/sec: 105.0 +/- 0.2 (jitter = 1.5)	7.373
68	images/sec: 105.0 +/- 0.2 (jitter = 1.5)	7.330
69	images/sec: 105.0 +/- 0.2 (jitter = 1.5)	7.353
70	images/sec: 105.0 +/- 0.2 (jitter = 1.5)	7.415
71	images/sec: 105.0 +/- 0.2 (jitter = 1.5)	7.423
72	images/sec: 105.0 +/- 0.2 (jitter = 1.5)	7.318
73	images/sec: 105.0 +/- 0.2 (jitter = 1.5)	7.430
74	images/sec: 105.0 +/- 0.2 (jitter = 1.5)	7.315
75	images/sec: 104.9 +/- 0.2 (jitter = 1.5)	7.381
76	images/sec: 104.9 +/- 0.2 (jitter = 1.5)	7.440
77	images/sec: 104.9 +/- 0.2 (jitter = 1.5)	7.519
78	images/sec: 104.8 +/- 0.2 (jitter = 1.5)	7.286
79	images/sec: 104.8 +/- 0.2 (jitter = 1.5)	7.328
80	images/sec: 104.8 +/- 0.2 (jitter = 1.5)	7.316
81	images/sec: 104.8 +/- 0.2 (jitter = 1.5)	7.401
82	images/sec: 104.8 +/- 0.2 (jitter = 1.4)	7.456
83	images/sec: 104.8 +/- 0.2 (jitter = 1.4)	7.459
84	images/sec: 104.8 +/- 0.2 (jitter = 1.4)	7.279
85	images/sec: 104.8 +/- 0.2 (jitter = 1.4)	7.331
86	images/sec: 104.8 +/- 0.2 (jitter = 1.4)	7.322
87	images/sec: 104.8 +/- 0.2 (jitter = 1.4)	7.266
88	images/sec: 104.8 +/- 0.2 (jitter = 1.4)	7.347
89	images/sec: 104.8 +/- 0.2 (jitter = 1.4)	7.389
90	images/sec: 104.8 +/- 0.2 (jitter = 1.4)	7.452
91	images/sec: 104.8 +/- 0.2 (jitter = 1.5)	7.238
92	images/sec: 104.9 +/- 0.2 (jitter = 1.4)	7.281
93	images/sec: 104.9 +/- 0.2 (jitter = 1.4)	7.447
94	images/sec: 104.9 +/- 0.1 (jitter = 1.4)	7.460
95	images/sec: 104.9 +/- 0.1 (jitter = 1.4)	7.235
96	images/sec: 104.9 +/- 0.1 (jitter = 1.4)	7.446
97	images/sec: 104.9 +/- 0.1 (jitter = 1.4)	7.340
98	images/sec: 104.9 +/- 0.1 (jitter = 1.4)	7.408
99	images/sec: 104.9 +/- 0.1 (jitter = 1.4)	7.373
100	images/sec: 104.9 +/- 0.1 (jitter = 1.4)	7.428
101	images/sec: 104.9 +/- 0.1 (jitter = 1.4)	7.426
102	images/sec: 104.8 +/- 0.1 (jitter = 1.4)	7.263
103	images/sec: 104.9 +/- 0.1 (jitter = 1.4)	7.431
104	images/sec: 104.9 +/- 0.1 (jitter = 1.4)	7.466
105	images/sec: 104.9 +/- 0.1 (jitter = 1.4)	7.479
106	images/sec: 104.8 +/- 0.1 (jitter = 1.4)	7.461
107	images/sec: 104.9 +/- 0.1 (jitter = 1.5)	7.437
108	images/sec: 104.8 +/- 0.1 (jitter = 1.4)	7.396
109	images/sec: 104.8 +/- 0.1 (jitter = 1.4)	7.450
110	images/sec: 104.8 +/- 0.1 (jitter = 1.4)	7.442
111	images/sec: 104.8 +/- 0.1 (jitter = 1.4)	7.395
112	images/sec: 104.8 +/- 0.1 (jitter = 1.4)	7.283
113	images/sec: 104.8 +/- 0.1 (jitter = 1.4)	7.445
114	images/sec: 104.8 +/- 0.1 (jitter = 1.4)	7.443
115	images/sec: 104.8 +/- 0.1 (jitter = 1.4)	7.327
116	images/sec: 104.8 +/- 0.1 (jitter = 1.4)	7.453
117	images/sec: 104.8 +/- 0.1 (jitter = 1.4)	7.287
118	images/sec: 104.8 +/- 0.1 (jitter = 1.4)	7.301
119	images/sec: 104.8 +/- 0.1 (jitter = 1.4)	7.297
120	images/sec: 104.9 +/- 0.1 (jitter = 1.4)	7.349
121	images/sec: 104.8 +/- 0.1 (jitter = 1.4)	7.385
122	images/sec: 104.8 +/- 0.1 (jitter = 1.4)	7.430
123	images/sec: 104.8 +/- 0.1 (jitter = 1.4)	7.308
124	images/sec: 104.8 +/- 0.1 (jitter = 1.4)	7.550
125	images/sec: 104.8 +/- 0.1 (jitter = 1.4)	7.495
126	images/sec: 104.8 +/- 0.1 (jitter = 1.4)	7.334
127	images/sec: 104.9 +/- 0.1 (jitter = 1.4)	7.365
128	images/sec: 104.9 +/- 0.1 (jitter = 1.4)	7.424
129	images/sec: 104.9 +/- 0.1 (jitter = 1.4)	7.330
130	images/sec: 104.9 +/- 0.1 (jitter = 1.4)	7.394
131	images/sec: 104.9 +/- 0.1 (jitter = 1.4)	7.370
132	images/sec: 104.9 +/- 0.1 (jitter = 1.4)	7.290
133	images/sec: 104.9 +/- 0.1 (jitter = 1.4)	7.438
134	images/sec: 104.9 +/- 0.1 (jitter = 1.4)	7.499
135	images/sec: 104.9 +/- 0.1 (jitter = 1.4)	7.317
136	images/sec: 104.9 +/- 0.1 (jitter = 1.4)	7.397
137	images/sec: 104.9 +/- 0.1 (jitter = 1.4)	7.339
138	images/sec: 104.9 +/- 0.1 (jitter = 1.4)	7.408
139	images/sec: 104.9 +/- 0.1 (jitter = 1.4)	7.358
140	images/sec: 104.9 +/- 0.1 (jitter = 1.4)	7.287
141	images/sec: 104.9 +/- 0.1 (jitter = 1.3)	7.385
142	images/sec: 104.9 +/- 0.1 (jitter = 1.4)	7.352
143	images/sec: 104.9 +/- 0.1 (jitter = 1.4)	7.405
144	images/sec: 104.9 +/- 0.1 (jitter = 1.4)	7.412
145	images/sec: 104.8 +/- 0.1 (jitter = 1.4)	7.404
146	images/sec: 104.9 +/- 0.1 (jitter = 1.4)	7.407
147	images/sec: 104.9 +/- 0.1 (jitter = 1.4)	7.474
148	images/sec: 104.9 +/- 0.1 (jitter = 1.4)	7.393
149	images/sec: 104.9 +/- 0.1 (jitter = 1.4)	7.480
150	images/sec: 104.9 +/- 0.1 (jitter = 1.4)	7.366
151	images/sec: 104.9 +/- 0.1 (jitter = 1.4)	7.403
152	images/sec: 104.9 +/- 0.1 (jitter = 1.5)	7.396
153	images/sec: 104.9 +/- 0.1 (jitter = 1.5)	7.400
154	images/sec: 104.9 +/- 0.1 (jitter = 1.5)	7.430
155	images/sec: 104.9 +/- 0.1 (jitter = 1.5)	7.462
156	images/sec: 104.9 +/- 0.1 (jitter = 1.5)	7.465
157	images/sec: 104.9 +/- 0.1 (jitter = 1.5)	7.462
158	images/sec: 104.9 +/- 0.1 (jitter = 1.5)	7.344
159	images/sec: 104.9 +/- 0.1 (jitter = 1.5)	7.364
160	images/sec: 104.9 +/- 0.1 (jitter = 1.5)	7.377
161	images/sec: 104.9 +/- 0.1 (jitter = 1.5)	7.398
162	images/sec: 104.9 +/- 0.1 (jitter = 1.5)	7.368
163	images/sec: 104.9 +/- 0.1 (jitter = 1.5)	7.392
164	images/sec: 104.9 +/- 0.1 (jitter = 1.5)	7.376
165	images/sec: 104.9 +/- 0.1 (jitter = 1.5)	7.414
166	images/sec: 104.9 +/- 0.1 (jitter = 1.4)	7.496
167	images/sec: 104.9 +/- 0.1 (jitter = 1.5)	7.507
168	images/sec: 104.9 +/- 0.1 (jitter = 1.4)	7.404
169	images/sec: 104.9 +/- 0.1 (jitter = 1.4)	7.383
170	images/sec: 105.0 +/- 0.1 (jitter = 1.4)	7.452
171	images/sec: 104.9 +/- 0.1 (jitter = 1.5)	7.344
172	images/sec: 104.9 +/- 0.1 (jitter = 1.5)	7.524
173	images/sec: 104.9 +/- 0.1 (jitter = 1.5)	7.316
174	images/sec: 104.9 +/- 0.1 (jitter = 1.5)	7.442
175	images/sec: 104.9 +/- 0.1 (jitter = 1.5)	7.368
176	images/sec: 104.9 +/- 0.1 (jitter = 1.5)	7.392
177	images/sec: 104.9 +/- 0.1 (jitter = 1.5)	7.335
178	images/sec: 104.9 +/- 0.1 (jitter = 1.5)	7.435
179	images/sec: 104.9 +/- 0.1 (jitter = 1.5)	7.296
180	images/sec: 104.9 +/- 0.1 (jitter = 1.5)	7.428
181	images/sec: 104.9 +/- 0.1 (jitter = 1.4)	7.299
182	images/sec: 104.9 +/- 0.1 (jitter = 1.5)	7.369
183	images/sec: 104.9 +/- 0.1 (jitter = 1.4)	7.360
184	images/sec: 104.9 +/- 0.1 (jitter = 1.5)	7.358
185	images/sec: 104.9 +/- 0.1 (jitter = 1.5)	7.399
186	images/sec: 104.9 +/- 0.1 (jitter = 1.5)	7.406
187	images/sec: 104.9 +/- 0.1 (jitter = 1.5)	7.227
188	images/sec: 104.9 +/- 0.1 (jitter = 1.5)	7.320
189	images/sec: 104.9 +/- 0.1 (jitter = 1.5)	7.385
190	images/sec: 104.9 +/- 0.1 (jitter = 1.5)	7.393
191	images/sec: 104.9 +/- 0.1 (jitter = 1.5)	7.374
192	images/sec: 104.9 +/- 0.1 (jitter = 1.5)	7.342
193	images/sec: 104.9 +/- 0.1 (jitter = 1.5)	7.333
194	images/sec: 104.9 +/- 0.1 (jitter = 1.5)	7.450
195	images/sec: 104.9 +/- 0.1 (jitter = 1.5)	7.382
196	images/sec: 104.9 +/- 0.1 (jitter = 1.5)	7.300
197	images/sec: 105.0 +/- 0.1 (jitter = 1.5)	7.249
198	images/sec: 105.0 +/- 0.1 (jitter = 1.5)	7.485
199	images/sec: 105.0 +/- 0.1 (jitter = 1.5)	7.430
200	images/sec: 105.0 +/- 0.1 (jitter = 1.5)	7.436
201	images/sec: 105.1 +/- 0.1 (jitter = 1.4)	7.443
202	images/sec: 105.3 +/- 0.4 (jitter = 1.5)	7.354
203	images/sec: 105.5 +/- 0.6 (jitter = 1.5)	7.500
204	images/sec: 105.7 +/- 0.7 (jitter = 1.5)	7.367
205	images/sec: 106.0 +/- 0.8 (jitter = 1.5)	7.437
206	images/sec: 106.2 +/- 0.9 (jitter = 1.5)	7.265
207	images/sec: 106.4 +/- 1.0 (jitter = 1.5)	7.364
208	images/sec: 106.6 +/- 1.0 (jitter = 1.5)	7.362
209	images/sec: 106.8 +/- 1.1 (jitter = 1.5)	7.379
210	images/sec: 107.1 +/- 1.1 (jitter = 1.5)	7.462
211	images/sec: 107.3 +/- 1.2 (jitter = 1.5)	7.405
212	images/sec: 107.5 +/- 1.2 (jitter = 1.5)	7.428
213	images/sec: 107.7 +/- 1.3 (jitter = 1.5)	7.380
214	images/sec: 107.9 +/- 1.3 (jitter = 1.5)	7.418
215	images/sec: 108.1 +/- 1.4 (jitter = 1.5)	7.365
216	images/sec: 108.3 +/- 1.4 (jitter = 1.5)	7.281
217	images/sec: 108.5 +/- 1.4 (jitter = 1.5)	7.364
218	images/sec: 108.8 +/- 1.5 (jitter = 1.5)	7.387
219	images/sec: 109.0 +/- 1.5 (jitter = 1.5)	7.425
220	images/sec: 109.2 +/- 1.5 (jitter = 1.5)	7.386
221	images/sec: 109.4 +/- 1.6 (jitter = 1.5)	7.356
222	images/sec: 109.6 +/- 1.6 (jitter = 1.5)	7.329
223	images/sec: 109.8 +/- 1.6 (jitter = 1.6)	7.439
224	images/sec: 110.0 +/- 1.7 (jitter = 1.6)	7.337
225	images/sec: 110.2 +/- 1.7 (jitter = 1.6)	7.401
226	images/sec: 110.4 +/- 1.7 (jitter = 1.6)	7.471
227	images/sec: 110.6 +/- 1.7 (jitter = 1.6)	7.386
228	images/sec: 110.8 +/- 1.7 (jitter = 1.6)	7.364
229	images/sec: 111.0 +/- 1.8 (jitter = 1.6)	7.294
230	images/sec: 111.2 +/- 1.8 (jitter = 1.6)	7.374
231	images/sec: 111.4 +/- 1.8 (jitter = 1.6)	7.364
232	images/sec: 111.6 +/- 1.8 (jitter = 1.6)	7.437
233	images/sec: 111.8 +/- 1.8 (jitter = 1.6)	7.413
234	images/sec: 111.9 +/- 1.9 (jitter = 1.6)	7.303
235	images/sec: 112.1 +/- 1.9 (jitter = 1.6)	7.413
236	images/sec: 112.3 +/- 1.9 (jitter = 1.6)	7.367
237	images/sec: 112.5 +/- 1.9 (jitter = 1.6)	7.398
238	images/sec: 112.7 +/- 1.9 (jitter = 1.6)	7.346
239	images/sec: 112.9 +/- 1.9 (jitter = 1.6)	7.372
240	images/sec: 113.1 +/- 1.9 (jitter = 1.6)	7.372
241	images/sec: 113.3 +/- 2.0 (jitter = 1.6)	7.441
242	images/sec: 113.4 +/- 2.0 (jitter = 1.6)	7.396
243	images/sec: 113.6 +/- 2.0 (jitter = 1.7)	7.458
244	images/sec: 113.8 +/- 2.0 (jitter = 1.7)	7.392
245	images/sec: 114.0 +/- 2.0 (jitter = 1.7)	7.322
246	images/sec: 114.2 +/- 2.0 (jitter = 1.7)	7.388
247	images/sec: 114.4 +/- 2.0 (jitter = 1.7)	7.437
248	images/sec: 114.5 +/- 2.0 (jitter = 1.7)	7.318
249	images/sec: 114.7 +/- 2.0 (jitter = 1.7)	7.501
250	images/sec: 114.9 +/- 2.1 (jitter = 1.8)	7.453
----------------------------------------------------------------
total images/sec: 114.44
----------------------------------------------------------------
