TensorFlow:  1.5
Model:       inception4
Dataset:     imagenet (synthetic)
Mode:        training
SingleSess:  False
Batch size:  25 global
             25 per device
Devices:     ['/gpu:0']
Data format: NCHW
Layout optimizer: False
Optimizer:   sgd
Variables:   parameter_server
==========
Generating model
WARNING:tensorflow:From /salus/tf_benchmarks/scripts/tf_cnn_benchmarks/convnet_builder.py:372: calling reduce_mean (from tensorflow.python.ops.math_ops) with keep_dims is deprecated and will be removed in a future version.
Instructions for updating:
keep_dims is deprecated, use keepdims instead
WARNING:tensorflow:From /salus/tf_benchmarks/scripts/tf_cnn_benchmarks/benchmark_cnn.py:1124: __init__ (from tensorflow.python.training.supervisor) is deprecated and will be removed in a future version.
Instructions for updating:
Please switch to tf.train.MonitoredTrainingSession
Running warm up
Done warm up
Step	Img/sec	loss
1	images/sec: 50.1 +/- 0.0 (jitter = 0.0)	7.924
2	images/sec: 50.4 +/- 0.3 (jitter = 0.5)	7.829
3	images/sec: 50.4 +/- 0.2 (jitter = 0.5)	7.802
4	images/sec: 50.4 +/- 0.1 (jitter = 0.3)	7.870
5	images/sec: 50.4 +/- 0.1 (jitter = 0.1)	7.738
6	images/sec: 50.5 +/- 0.1 (jitter = 0.2)	7.775
7	images/sec: 50.5 +/- 0.1 (jitter = 0.3)	7.791
8	images/sec: 50.5 +/- 0.1 (jitter = 0.2)	7.633
9	images/sec: 50.5 +/- 0.1 (jitter = 0.2)	7.640
10	images/sec: 50.5 +/- 0.1 (jitter = 0.2)	7.824
11	images/sec: 50.6 +/- 0.1 (jitter = 0.3)	7.602
12	images/sec: 50.6 +/- 0.1 (jitter = 0.3)	7.917
13	images/sec: 50.7 +/- 0.1 (jitter = 0.3)	7.861
14	images/sec: 50.7 +/- 0.1 (jitter = 0.4)	7.830
15	images/sec: 50.7 +/- 0.1 (jitter = 0.3)	7.794
16	images/sec: 50.8 +/- 0.1 (jitter = 0.4)	7.855
17	images/sec: 50.8 +/- 0.1 (jitter = 0.4)	7.763
18	images/sec: 50.8 +/- 0.1 (jitter = 0.4)	7.826
19	images/sec: 50.8 +/- 0.1 (jitter = 0.4)	7.791
20	images/sec: 50.8 +/- 0.1 (jitter = 0.4)	7.889
21	images/sec: 50.8 +/- 0.1 (jitter = 0.5)	7.773
22	images/sec: 50.8 +/- 0.1 (jitter = 0.4)	7.835
23	images/sec: 50.8 +/- 0.1 (jitter = 0.4)	7.892
24	images/sec: 50.8 +/- 0.1 (jitter = 0.4)	7.850
25	images/sec: 50.8 +/- 0.1 (jitter = 0.4)	7.886
26	images/sec: 50.8 +/- 0.1 (jitter = 0.4)	7.798
27	images/sec: 50.8 +/- 0.1 (jitter = 0.4)	7.812
28	images/sec: 50.8 +/- 0.1 (jitter = 0.4)	7.803
29	images/sec: 50.8 +/- 0.1 (jitter = 0.3)	7.712
30	images/sec: 50.8 +/- 0.1 (jitter = 0.3)	7.650
31	images/sec: 50.9 +/- 0.1 (jitter = 0.3)	7.708
32	images/sec: 50.9 +/- 0.1 (jitter = 0.3)	7.631
33	images/sec: 50.8 +/- 0.1 (jitter = 0.3)	7.795
34	images/sec: 50.8 +/- 0.1 (jitter = 0.3)	7.759
35	images/sec: 50.8 +/- 0.1 (jitter = 0.3)	7.725
36	images/sec: 50.8 +/- 0.1 (jitter = 0.4)	7.793
37	images/sec: 50.8 +/- 0.1 (jitter = 0.3)	7.801
38	images/sec: 50.8 +/- 0.1 (jitter = 0.4)	7.793
39	images/sec: 50.8 +/- 0.1 (jitter = 0.4)	7.890
40	images/sec: 50.8 +/- 0.1 (jitter = 0.4)	7.880
41	images/sec: 50.8 +/- 0.1 (jitter = 0.4)	7.710
42	images/sec: 50.8 +/- 0.1 (jitter = 0.4)	7.778
43	images/sec: 50.8 +/- 0.1 (jitter = 0.3)	7.691
44	images/sec: 50.8 +/- 0.1 (jitter = 0.4)	7.825
45	images/sec: 50.8 +/- 0.1 (jitter = 0.3)	7.954
46	images/sec: 50.8 +/- 0.1 (jitter = 0.3)	7.900
47	images/sec: 50.8 +/- 0.1 (jitter = 0.3)	7.697
48	images/sec: 50.8 +/- 0.1 (jitter = 0.3)	7.945
49	images/sec: 50.8 +/- 0.1 (jitter = 0.3)	7.833
50	images/sec: 50.8 +/- 0.1 (jitter = 0.4)	7.763
51	images/sec: 50.8 +/- 0.1 (jitter = 0.4)	7.886
52	images/sec: 50.8 +/- 0.1 (jitter = 0.4)	7.686
53	images/sec: 50.8 +/- 0.1 (jitter = 0.4)	7.846
54	images/sec: 50.8 +/- 0.1 (jitter = 0.4)	7.705
55	images/sec: 50.8 +/- 0.1 (jitter = 0.4)	7.826
56	images/sec: 50.8 +/- 0.1 (jitter = 0.4)	7.805
57	images/sec: 50.8 +/- 0.1 (jitter = 0.4)	7.742
58	images/sec: 50.8 +/- 0.1 (jitter = 0.4)	7.832
59	images/sec: 50.8 +/- 0.1 (jitter = 0.4)	7.691
60	images/sec: 50.8 +/- 0.1 (jitter = 0.4)	7.923
61	images/sec: 50.8 +/- 0.1 (jitter = 0.4)	7.968
62	images/sec: 50.8 +/- 0.1 (jitter = 0.4)	7.776
63	images/sec: 50.8 +/- 0.1 (jitter = 0.4)	7.746
64	images/sec: 50.8 +/- 0.1 (jitter = 0.4)	7.918
65	images/sec: 50.8 +/- 0.1 (jitter = 0.4)	7.583
66	images/sec: 50.8 +/- 0.1 (jitter = 0.4)	7.799
67	images/sec: 50.8 +/- 0.1 (jitter = 0.4)	7.814
68	images/sec: 50.8 +/- 0.1 (jitter = 0.4)	7.667
69	images/sec: 50.8 +/- 0.1 (jitter = 0.4)	7.813
70	images/sec: 50.8 +/- 0.1 (jitter = 0.4)	7.776
71	images/sec: 50.8 +/- 0.1 (jitter = 0.4)	7.816
72	images/sec: 50.8 +/- 0.1 (jitter = 0.4)	7.858
73	images/sec: 50.8 +/- 0.1 (jitter = 0.4)	7.791
74	images/sec: 50.8 +/- 0.1 (jitter = 0.4)	7.801
75	images/sec: 50.8 +/- 0.1 (jitter = 0.4)	7.767
76	images/sec: 50.8 +/- 0.1 (jitter = 0.4)	7.906
77	images/sec: 50.8 +/- 0.1 (jitter = 0.4)	7.855
78	images/sec: 50.8 +/- 0.0 (jitter = 0.4)	7.751
79	images/sec: 50.8 +/- 0.0 (jitter = 0.4)	7.859
80	images/sec: 50.8 +/- 0.0 (jitter = 0.4)	7.759
81	images/sec: 50.8 +/- 0.0 (jitter = 0.4)	7.766
82	images/sec: 50.8 +/- 0.0 (jitter = 0.4)	7.852
83	images/sec: 50.8 +/- 0.0 (jitter = 0.4)	7.797
84	images/sec: 50.8 +/- 0.0 (jitter = 0.4)	7.671
85	images/sec: 50.8 +/- 0.0 (jitter = 0.4)	7.639
86	images/sec: 50.8 +/- 0.0 (jitter = 0.4)	7.795
87	images/sec: 50.8 +/- 0.0 (jitter = 0.4)	7.908
88	images/sec: 50.8 +/- 0.0 (jitter = 0.4)	7.756
89	images/sec: 50.8 +/- 0.0 (jitter = 0.4)	7.892
90	images/sec: 50.7 +/- 0.0 (jitter = 0.4)	7.740
91	images/sec: 50.7 +/- 0.0 (jitter = 0.4)	7.726
92	images/sec: 50.7 +/- 0.0 (jitter = 0.4)	7.710
93	images/sec: 50.7 +/- 0.0 (jitter = 0.4)	7.968
94	images/sec: 50.7 +/- 0.0 (jitter = 0.4)	8.010
95	images/sec: 50.7 +/- 0.0 (jitter = 0.4)	7.693
96	images/sec: 50.7 +/- 0.0 (jitter = 0.4)	7.892
97	images/sec: 50.8 +/- 0.0 (jitter = 0.4)	7.771
98	images/sec: 50.8 +/- 0.0 (jitter = 0.4)	7.776
99	images/sec: 50.8 +/- 0.0 (jitter = 0.4)	7.731
100	images/sec: 50.8 +/- 0.0 (jitter = 0.4)	7.845
101	images/sec: 50.8 +/- 0.0 (jitter = 0.4)	7.811
102	images/sec: 50.8 +/- 0.0 (jitter = 0.4)	7.640
103	images/sec: 50.8 +/- 0.0 (jitter = 0.4)	7.942
104	images/sec: 50.8 +/- 0.0 (jitter = 0.4)	7.794
105	images/sec: 50.8 +/- 0.0 (jitter = 0.4)	7.749
106	images/sec: 50.8 +/- 0.0 (jitter = 0.4)	7.763
107	images/sec: 50.8 +/- 0.0 (jitter = 0.4)	7.626
108	images/sec: 50.8 +/- 0.0 (jitter = 0.4)	7.754
109	images/sec: 50.8 +/- 0.0 (jitter = 0.4)	7.707
110	images/sec: 50.8 +/- 0.0 (jitter = 0.4)	7.804
111	images/sec: 50.8 +/- 0.0 (jitter = 0.4)	7.757
112	images/sec: 50.8 +/- 0.0 (jitter = 0.4)	7.688
113	images/sec: 50.8 +/- 0.0 (jitter = 0.4)	7.706
114	images/sec: 50.8 +/- 0.0 (jitter = 0.4)	7.790
115	images/sec: 50.8 +/- 0.0 (jitter = 0.4)	7.698
116	images/sec: 50.8 +/- 0.0 (jitter = 0.4)	7.676
117	images/sec: 50.8 +/- 0.0 (jitter = 0.4)	7.617
118	images/sec: 50.8 +/- 0.0 (jitter = 0.4)	7.814
119	images/sec: 50.8 +/- 0.0 (jitter = 0.4)	7.766
120	images/sec: 50.8 +/- 0.0 (jitter = 0.4)	7.810
121	images/sec: 50.8 +/- 0.0 (jitter = 0.4)	7.668
122	images/sec: 50.8 +/- 0.0 (jitter = 0.4)	7.772
123	images/sec: 50.8 +/- 0.0 (jitter = 0.4)	7.705
124	images/sec: 50.8 +/- 0.0 (jitter = 0.4)	7.816
125	images/sec: 50.8 +/- 0.0 (jitter = 0.4)	7.788
126	images/sec: 50.8 +/- 0.0 (jitter = 0.4)	7.736
127	images/sec: 50.8 +/- 0.0 (jitter = 0.4)	7.782
128	images/sec: 50.8 +/- 0.0 (jitter = 0.4)	7.625
129	images/sec: 50.8 +/- 0.0 (jitter = 0.4)	7.868
130	images/sec: 50.8 +/- 0.0 (jitter = 0.4)	7.850
131	images/sec: 50.8 +/- 0.0 (jitter = 0.4)	7.795
132	images/sec: 50.8 +/- 0.0 (jitter = 0.4)	7.760
133	images/sec: 50.8 +/- 0.0 (jitter = 0.4)	7.901
134	images/sec: 50.8 +/- 0.0 (jitter = 0.4)	7.789
135	images/sec: 50.8 +/- 0.0 (jitter = 0.4)	7.745
136	images/sec: 50.8 +/- 0.0 (jitter = 0.4)	7.747
137	images/sec: 50.8 +/- 0.0 (jitter = 0.4)	7.761
138	images/sec: 50.8 +/- 0.0 (jitter = 0.4)	7.776
139	images/sec: 50.8 +/- 0.0 (jitter = 0.4)	7.671
140	images/sec: 50.8 +/- 0.0 (jitter = 0.4)	7.733
141	images/sec: 50.8 +/- 0.0 (jitter = 0.4)	7.737
142	images/sec: 50.8 +/- 0.0 (jitter = 0.4)	7.807
143	images/sec: 50.8 +/- 0.0 (jitter = 0.4)	7.762
144	images/sec: 50.8 +/- 0.0 (jitter = 0.4)	7.704
145	images/sec: 50.8 +/- 0.0 (jitter = 0.4)	7.789
146	images/sec: 50.8 +/- 0.0 (jitter = 0.4)	7.809
147	images/sec: 50.8 +/- 0.0 (jitter = 0.4)	7.853
148	images/sec: 50.8 +/- 0.0 (jitter = 0.4)	7.787
149	images/sec: 50.8 +/- 0.0 (jitter = 0.4)	7.787
150	images/sec: 50.8 +/- 0.0 (jitter = 0.4)	7.894
151	images/sec: 50.8 +/- 0.0 (jitter = 0.4)	7.764
152	images/sec: 50.8 +/- 0.1 (jitter = 0.4)	7.793
153	images/sec: 51.0 +/- 0.3 (jitter = 0.4)	7.813
154	images/sec: 51.1 +/- 0.4 (jitter = 0.4)	7.777
155	images/sec: 51.3 +/- 0.5 (jitter = 0.4)	7.758
156	images/sec: 51.5 +/- 0.6 (jitter = 0.4)	7.701
157	images/sec: 51.6 +/- 0.6 (jitter = 0.4)	7.832
158	images/sec: 51.8 +/- 0.7 (jitter = 0.4)	7.807
159	images/sec: 51.9 +/- 0.7 (jitter = 0.4)	7.847
160	images/sec: 52.1 +/- 0.8 (jitter = 0.4)	7.779
161	images/sec: 52.2 +/- 0.8 (jitter = 0.4)	7.898
162	images/sec: 52.3 +/- 0.8 (jitter = 0.4)	7.675
163	images/sec: 52.5 +/- 0.9 (jitter = 0.4)	7.766
164	images/sec: 52.6 +/- 0.9 (jitter = 0.4)	7.709
165	images/sec: 52.8 +/- 0.9 (jitter = 0.4)	7.641
166	images/sec: 52.9 +/- 1.0 (jitter = 0.4)	7.823
167	images/sec: 53.1 +/- 1.0 (jitter = 0.4)	7.806
168	images/sec: 53.2 +/- 1.0 (jitter = 0.4)	7.782
169	images/sec: 53.3 +/- 1.0 (jitter = 0.4)	7.788
170	images/sec: 53.5 +/- 1.1 (jitter = 0.4)	7.818
171	images/sec: 53.6 +/- 1.1 (jitter = 0.4)	7.755
172	images/sec: 53.8 +/- 1.1 (jitter = 0.5)	7.820
173	images/sec: 53.9 +/- 1.1 (jitter = 0.5)	7.678
174	images/sec: 54.0 +/- 1.1 (jitter = 0.5)	7.786
175	images/sec: 54.2 +/- 1.1 (jitter = 0.5)	7.786
176	images/sec: 54.3 +/- 1.2 (jitter = 0.5)	7.683
177	images/sec: 54.4 +/- 1.2 (jitter = 0.5)	7.637
178	images/sec: 54.6 +/- 1.2 (jitter = 0.5)	7.864
179	images/sec: 54.7 +/- 1.2 (jitter = 0.5)	7.748
180	images/sec: 54.8 +/- 1.2 (jitter = 0.5)	7.914
181	images/sec: 54.9 +/- 1.2 (jitter = 0.6)	7.845
182	images/sec: 55.1 +/- 1.2 (jitter = 0.6)	7.801
183	images/sec: 55.2 +/- 1.2 (jitter = 0.6)	7.716
184	images/sec: 55.3 +/- 1.2 (jitter = 0.6)	7.822
185	images/sec: 55.4 +/- 1.3 (jitter = 0.6)	7.810
186	images/sec: 55.6 +/- 1.3 (jitter = 0.6)	7.772
187	images/sec: 55.7 +/- 1.3 (jitter = 0.6)	7.642
188	images/sec: 55.8 +/- 1.3 (jitter = 0.6)	7.813
189	images/sec: 55.9 +/- 1.3 (jitter = 0.6)	7.723
190	images/sec: 56.1 +/- 1.3 (jitter = 0.6)	7.758
191	images/sec: 56.2 +/- 1.3 (jitter = 0.6)	7.798
192	images/sec: 56.3 +/- 1.3 (jitter = 0.6)	7.835
193	images/sec: 56.4 +/- 1.3 (jitter = 0.6)	7.791
194	images/sec: 56.5 +/- 1.3 (jitter = 0.6)	7.715
195	images/sec: 56.7 +/- 1.3 (jitter = 0.6)	7.773
196	images/sec: 56.8 +/- 1.3 (jitter = 0.6)	7.660
197	images/sec: 56.9 +/- 1.3 (jitter = 0.6)	7.714
198	images/sec: 57.0 +/- 1.3 (jitter = 0.6)	7.765
199	images/sec: 57.1 +/- 1.3 (jitter = 0.7)	7.768
200	images/sec: 57.2 +/- 1.3 (jitter = 0.7)	7.797
201	images/sec: 57.4 +/- 1.3 (jitter = 0.7)	7.739
202	images/sec: 57.5 +/- 1.4 (jitter = 0.7)	7.773
203	images/sec: 57.6 +/- 1.4 (jitter = 0.6)	7.760
204	images/sec: 57.7 +/- 1.4 (jitter = 0.6)	7.829
205	images/sec: 57.8 +/- 1.4 (jitter = 0.6)	7.952
206	images/sec: 57.9 +/- 1.4 (jitter = 0.7)	7.663
207	images/sec: 58.0 +/- 1.4 (jitter = 0.7)	7.860
208	images/sec: 58.1 +/- 1.4 (jitter = 0.7)	7.760
209	images/sec: 58.2 +/- 1.4 (jitter = 0.7)	7.866
210	images/sec: 58.4 +/- 1.4 (jitter = 0.7)	7.811
211	images/sec: 58.5 +/- 1.4 (jitter = 0.7)	7.743
212	images/sec: 58.6 +/- 1.4 (jitter = 0.7)	7.830
213	images/sec: 58.7 +/- 1.4 (jitter = 0.7)	7.699
214	images/sec: 58.8 +/- 1.4 (jitter = 0.7)	7.769
215	images/sec: 58.9 +/- 1.4 (jitter = 0.7)	7.800
216	images/sec: 59.0 +/- 1.4 (jitter = 0.8)	7.726
217	images/sec: 59.1 +/- 1.4 (jitter = 0.8)	7.720
218	images/sec: 59.2 +/- 1.4 (jitter = 0.8)	7.749
219	images/sec: 59.3 +/- 1.4 (jitter = 0.8)	7.696
220	images/sec: 59.4 +/- 1.4 (jitter = 0.8)	7.854
221	images/sec: 59.5 +/- 1.4 (jitter = 0.8)	7.812
222	images/sec: 59.6 +/- 1.4 (jitter = 0.8)	7.832
223	images/sec: 59.7 +/- 1.4 (jitter = 0.8)	7.678
224	images/sec: 59.8 +/- 1.4 (jitter = 0.8)	7.763
225	images/sec: 59.9 +/- 1.4 (jitter = 0.8)	7.889
226	images/sec: 60.0 +/- 1.4 (jitter = 0.9)	7.810
227	images/sec: 60.1 +/- 1.4 (jitter = 0.9)	7.835
228	images/sec: 60.2 +/- 1.4 (jitter = 0.9)	7.816
229	images/sec: 60.3 +/- 1.4 (jitter = 0.9)	7.853
230	images/sec: 60.4 +/- 1.4 (jitter = 0.9)	7.866
231	images/sec: 60.5 +/- 1.4 (jitter = 0.9)	7.622
232	images/sec: 60.6 +/- 1.4 (jitter = 0.9)	7.826
233	images/sec: 60.7 +/- 1.4 (jitter = 0.9)	7.760
234	images/sec: 60.8 +/- 1.4 (jitter = 0.9)	7.615
235	images/sec: 60.9 +/- 1.4 (jitter = 0.9)	7.898
236	images/sec: 61.0 +/- 1.4 (jitter = 0.9)	7.863
237	images/sec: 61.1 +/- 1.4 (jitter = 0.9)	7.768
238	images/sec: 61.2 +/- 1.4 (jitter = 0.9)	7.754
239	images/sec: 61.3 +/- 1.4 (jitter = 0.9)	7.765
240	images/sec: 61.3 +/- 1.4 (jitter = 1.0)	7.795
241	images/sec: 61.4 +/- 1.4 (jitter = 1.0)	7.625
242	images/sec: 61.5 +/- 1.4 (jitter = 1.0)	7.807
243	images/sec: 61.6 +/- 1.4 (jitter = 1.0)	7.748
244	images/sec: 61.7 +/- 1.4 (jitter = 1.0)	7.761
245	images/sec: 61.8 +/- 1.4 (jitter = 1.0)	7.749
246	images/sec: 61.9 +/- 1.4 (jitter = 1.0)	7.769
247	images/sec: 62.0 +/- 1.4 (jitter = 1.1)	7.684
248	images/sec: 62.1 +/- 1.4 (jitter = 1.1)	7.753
249	images/sec: 62.1 +/- 1.4 (jitter = 1.1)	7.834
250	images/sec: 62.2 +/- 1.4 (jitter = 1.1)	7.819
251	images/sec: 62.3 +/- 1.4 (jitter = 1.1)	7.816
252	images/sec: 62.4 +/- 1.4 (jitter = 1.1)	7.749
253	images/sec: 62.5 +/- 1.4 (jitter = 1.2)	7.739
254	images/sec: 62.6 +/- 1.4 (jitter = 1.2)	7.704
255	images/sec: 62.7 +/- 1.4 (jitter = 1.2)	7.700
256	images/sec: 62.7 +/- 1.4 (jitter = 1.2)	7.724
257	images/sec: 62.8 +/- 1.4 (jitter = 1.2)	7.774
258	images/sec: 62.9 +/- 1.4 (jitter = 1.2)	7.808
259	images/sec: 63.0 +/- 1.4 (jitter = 1.2)	7.800
260	images/sec: 63.1 +/- 1.4 (jitter = 1.3)	7.865
261	images/sec: 63.2 +/- 1.4 (jitter = 1.3)	7.711
262	images/sec: 63.2 +/- 1.4 (jitter = 1.3)	7.641
263	images/sec: 63.3 +/- 1.4 (jitter = 1.4)	7.691
264	images/sec: 63.4 +/- 1.4 (jitter = 1.4)	7.845
265	images/sec: 63.5 +/- 1.4 (jitter = 1.4)	7.637
266	images/sec: 63.6 +/- 1.4 (jitter = 1.5)	7.664
267	images/sec: 63.6 +/- 1.4 (jitter = 1.5)	7.780
268	images/sec: 63.7 +/- 1.3 (jitter = 1.5)	7.698
269	images/sec: 63.8 +/- 1.3 (jitter = 1.5)	7.790
270	images/sec: 63.9 +/- 1.3 (jitter = 1.6)	7.829
271	images/sec: 64.0 +/- 1.3 (jitter = 1.6)	7.776
272	images/sec: 64.0 +/- 1.3 (jitter = 1.6)	7.847
273	images/sec: 64.1 +/- 1.3 (jitter = 1.6)	7.744
274	images/sec: 64.2 +/- 1.3 (jitter = 1.7)	7.754
275	images/sec: 64.3 +/- 1.3 (jitter = 1.7)	7.580
276	images/sec: 64.3 +/- 1.3 (jitter = 1.7)	7.826
277	images/sec: 64.4 +/- 1.3 (jitter = 1.8)	7.737
278	images/sec: 64.5 +/- 1.3 (jitter = 1.8)	7.745
279	images/sec: 64.6 +/- 1.3 (jitter = 1.8)	7.803
280	images/sec: 64.6 +/- 1.3 (jitter = 1.8)	7.748
281	images/sec: 64.7 +/- 1.3 (jitter = 1.9)	7.812
282	images/sec: 64.8 +/- 1.3 (jitter = 1.9)	7.719
283	images/sec: 64.9 +/- 1.3 (jitter = 1.9)	7.861
284	images/sec: 64.9 +/- 1.3 (jitter = 2.0)	7.784
285	images/sec: 65.0 +/- 1.3 (jitter = 2.0)	7.707
286	images/sec: 65.1 +/- 1.3 (jitter = 2.0)	7.807
287	images/sec: 65.2 +/- 1.3 (jitter = 2.0)	7.709
288	images/sec: 65.2 +/- 1.3 (jitter = 2.1)	7.709
289	images/sec: 65.3 +/- 1.3 (jitter = 2.1)	7.800
290	images/sec: 65.4 +/- 1.3 (jitter = 2.2)	7.772
291	images/sec: 65.4 +/- 1.3 (jitter = 2.3)	7.751
292	images/sec: 65.5 +/- 1.3 (jitter = 2.3)	7.681
293	images/sec: 65.6 +/- 1.3 (jitter = 2.4)	7.804
294	images/sec: 65.7 +/- 1.3 (jitter = 2.6)	7.825
295	images/sec: 65.7 +/- 1.3 (jitter = 2.8)	7.762
296	images/sec: 65.8 +/- 1.3 (jitter = 3.0)	7.772
297	images/sec: 65.9 +/- 1.3 (jitter = 3.2)	7.824
298	images/sec: 65.9 +/- 1.3 (jitter = 3.2)	7.900
299	images/sec: 66.0 +/- 1.3 (jitter = 3.2)	7.610
300	images/sec: 66.1 +/- 1.3 (jitter = 3.4)	7.834
301	images/sec: 66.1 +/- 1.3 (jitter = 3.5)	7.666
302	images/sec: 66.2 +/- 1.3 (jitter = 17.0)	7.712
303	images/sec: 66.3 +/- 1.3 (jitter = 30.5)	7.817
304	images/sec: 66.3 +/- 1.3 (jitter = 22.6)	7.738
305	images/sec: 66.4 +/- 1.3 (jitter = 5.9)	7.903
306	images/sec: 66.5 +/- 1.3 (jitter = 5.4)	7.803
307	images/sec: 66.5 +/- 1.3 (jitter = 4.9)	7.644
308	images/sec: 66.6 +/- 1.3 (jitter = 4.4)	7.822
309	images/sec: 66.7 +/- 1.3 (jitter = 3.9)	7.749
310	images/sec: 66.7 +/- 1.3 (jitter = 3.5)	7.755
311	images/sec: 66.8 +/- 1.3 (jitter = 3.1)	7.805
312	images/sec: 66.9 +/- 1.3 (jitter = 3.0)	7.653
313	images/sec: 66.9 +/- 1.3 (jitter = 3.0)	7.746
314	images/sec: 67.0 +/- 1.3 (jitter = 2.9)	7.766
315	images/sec: 67.0 +/- 1.3 (jitter = 2.7)	7.877
316	images/sec: 67.1 +/- 1.3 (jitter = 2.6)	7.791
317	images/sec: 67.2 +/- 1.3 (jitter = 2.4)	7.729
318	images/sec: 67.2 +/- 1.2 (jitter = 2.3)	7.780
319	images/sec: 67.3 +/- 1.2 (jitter = 2.2)	7.729
320	images/sec: 67.4 +/- 1.2 (jitter = 2.1)	7.863
321	images/sec: 67.4 +/- 1.2 (jitter = 2.1)	7.704
322	images/sec: 67.5 +/- 1.2 (jitter = 2.0)	7.819
323	images/sec: 67.5 +/- 1.2 (jitter = 2.0)	7.820
324	images/sec: 67.6 +/- 1.2 (jitter = 2.0)	7.806
325	images/sec: 67.7 +/- 1.2 (jitter = 2.0)	7.789
326	images/sec: 67.7 +/- 1.2 (jitter = 1.9)	7.739
327	images/sec: 67.8 +/- 1.2 (jitter = 1.8)	7.797
328	images/sec: 67.8 +/- 1.2 (jitter = 1.8)	7.736
329	images/sec: 67.9 +/- 1.2 (jitter = 1.7)	7.729
330	images/sec: 68.0 +/- 1.2 (jitter = 1.7)	7.732
331	images/sec: 68.0 +/- 1.2 (jitter = 1.6)	7.725
332	images/sec: 68.1 +/- 1.2 (jitter = 1.6)	7.754
333	images/sec: 68.1 +/- 1.2 (jitter = 1.6)	7.859
334	images/sec: 68.2 +/- 1.2 (jitter = 1.6)	7.680
335	images/sec: 68.3 +/- 1.2 (jitter = 1.6)	7.785
336	images/sec: 68.3 +/- 1.2 (jitter = 1.6)	7.883
337	images/sec: 68.4 +/- 1.2 (jitter = 1.6)	7.757
338	images/sec: 68.4 +/- 1.2 (jitter = 1.6)	7.811
339	images/sec: 68.5 +/- 1.2 (jitter = 1.5)	7.659
340	images/sec: 68.5 +/- 1.2 (jitter = 1.6)	7.755
341	images/sec: 68.6 +/- 1.2 (jitter = 1.5)	7.799
342	images/sec: 68.7 +/- 1.2 (jitter = 1.5)	7.733
343	images/sec: 68.7 +/- 1.2 (jitter = 1.5)	7.715
344	images/sec: 68.8 +/- 1.2 (jitter = 1.4)	7.761
345	images/sec: 68.8 +/- 1.2 (jitter = 1.4)	7.804
346	images/sec: 68.9 +/- 1.2 (jitter = 1.4)	7.705
347	images/sec: 68.9 +/- 1.2 (jitter = 1.4)	7.634
348	images/sec: 69.0 +/- 1.2 (jitter = 1.4)	7.789
349	images/sec: 69.0 +/- 1.2 (jitter = 1.4)	7.696
350	images/sec: 69.1 +/- 1.2 (jitter = 1.3)	7.754
351	images/sec: 69.2 +/- 1.2 (jitter = 1.3)	7.800
352	images/sec: 69.2 +/- 1.2 (jitter = 1.3)	7.741
353	images/sec: 69.3 +/- 1.2 (jitter = 1.3)	7.676
354	images/sec: 69.3 +/- 1.2 (jitter = 1.3)	7.671
355	images/sec: 69.4 +/- 1.2 (jitter = 1.3)	7.763
356	images/sec: 69.4 +/- 1.2 (jitter = 1.3)	7.711
357	images/sec: 69.5 +/- 1.2 (jitter = 1.3)	7.743
358	images/sec: 69.5 +/- 1.2 (jitter = 1.3)	7.741
359	images/sec: 69.6 +/- 1.2 (jitter = 1.3)	7.712
360	images/sec: 69.6 +/- 1.2 (jitter = 1.3)	7.830
361	images/sec: 69.7 +/- 1.2 (jitter = 1.3)	7.816
362	images/sec: 69.7 +/- 1.2 (jitter = 1.3)	7.740
363	images/sec: 69.8 +/- 1.2 (jitter = 1.3)	7.761
364	images/sec: 69.8 +/- 1.2 (jitter = 1.3)	7.710
365	images/sec: 69.9 +/- 1.1 (jitter = 1.3)	7.730
366	images/sec: 69.9 +/- 1.1 (jitter = 1.3)	7.731
367	images/sec: 70.0 +/- 1.1 (jitter = 1.3)	7.738
368	images/sec: 70.0 +/- 1.1 (jitter = 1.3)	7.758
369	images/sec: 70.1 +/- 1.1 (jitter = 1.3)	7.679
370	images/sec: 70.1 +/- 1.1 (jitter = 1.3)	7.804
371	images/sec: 70.2 +/- 1.1 (jitter = 1.2)	7.676
372	images/sec: 70.2 +/- 1.1 (jitter = 1.2)	7.679
373	images/sec: 70.3 +/- 1.1 (jitter = 1.2)	7.790
374	images/sec: 70.3 +/- 1.1 (jitter = 1.2)	7.778
375	images/sec: 70.4 +/- 1.1 (jitter = 1.2)	7.749
376	images/sec: 70.4 +/- 1.1 (jitter = 1.2)	7.921
377	images/sec: 70.5 +/- 1.1 (jitter = 1.2)	7.736
378	images/sec: 70.5 +/- 1.1 (jitter = 1.2)	7.873
379	images/sec: 70.6 +/- 1.1 (jitter = 1.2)	7.810
380	images/sec: 70.6 +/- 1.1 (jitter = 1.1)	7.725
381	images/sec: 70.7 +/- 1.1 (jitter = 1.1)	7.684
382	images/sec: 70.7 +/- 1.1 (jitter = 1.1)	7.782
383	images/sec: 70.8 +/- 1.1 (jitter = 1.1)	7.868
384	images/sec: 70.8 +/- 1.1 (jitter = 1.1)	7.746
385	images/sec: 70.9 +/- 1.1 (jitter = 1.1)	7.726
386	images/sec: 70.9 +/- 1.1 (jitter = 1.1)	7.941
387	images/sec: 71.0 +/- 1.1 (jitter = 1.1)	7.753
388	images/sec: 71.0 +/- 1.1 (jitter = 1.1)	7.800
389	images/sec: 71.1 +/- 1.1 (jitter = 1.1)	7.801
390	images/sec: 71.1 +/- 1.1 (jitter = 1.1)	7.778
391	images/sec: 71.1 +/- 1.1 (jitter = 1.1)	7.726
392	images/sec: 71.2 +/- 1.1 (jitter = 1.1)	7.733
393	images/sec: 71.2 +/- 1.1 (jitter = 1.1)	7.696
394	images/sec: 71.3 +/- 1.1 (jitter = 1.1)	7.711
395	images/sec: 71.3 +/- 1.1 (jitter = 1.1)	7.755
396	images/sec: 71.4 +/- 1.1 (jitter = 1.1)	7.867
397	images/sec: 71.4 +/- 1.1 (jitter = 1.1)	7.726
398	images/sec: 71.5 +/- 1.1 (jitter = 1.1)	7.773
399	images/sec: 71.5 +/- 1.1 (jitter = 1.1)	7.779
400	images/sec: 71.6 +/- 1.1 (jitter = 1.1)	7.749
401	images/sec: 71.6 +/- 1.1 (jitter = 1.1)	7.653
402	images/sec: 71.6 +/- 1.1 (jitter = 1.1)	7.718
403	images/sec: 71.7 +/- 1.1 (jitter = 1.1)	7.710
404	images/sec: 71.7 +/- 1.1 (jitter = 1.1)	7.760
405	images/sec: 71.8 +/- 1.1 (jitter = 1.1)	7.745
406	images/sec: 71.8 +/- 1.1 (jitter = 1.1)	7.745
407	images/sec: 71.9 +/- 1.1 (jitter = 1.1)	7.613
408	images/sec: 71.9 +/- 1.1 (jitter = 1.1)	7.835
409	images/sec: 72.0 +/- 1.1 (jitter = 1.1)	7.758
410	images/sec: 72.0 +/- 1.1 (jitter = 1.1)	7.643
411	images/sec: 72.0 +/- 1.1 (jitter = 1.1)	7.803
412	images/sec: 72.1 +/- 1.1 (jitter = 1.0)	7.881
413	images/sec: 72.1 +/- 1.1 (jitter = 1.0)	7.756
414	images/sec: 72.2 +/- 1.1 (jitter = 1.0)	7.831
415	images/sec: 72.2 +/- 1.1 (jitter = 1.0)	7.716
416	images/sec: 72.2 +/- 1.1 (jitter = 1.0)	7.699
417	images/sec: 72.3 +/- 1.0 (jitter = 1.0)	7.674
418	images/sec: 72.3 +/- 1.0 (jitter = 1.0)	7.744
419	images/sec: 72.4 +/- 1.0 (jitter = 1.0)	7.690
420	images/sec: 72.4 +/- 1.0 (jitter = 1.0)	7.856
421	images/sec: 72.5 +/- 1.0 (jitter = 1.0)	7.597
422	images/sec: 72.5 +/- 1.0 (jitter = 1.0)	7.772
423	images/sec: 72.5 +/- 1.0 (jitter = 1.0)	7.836
424	images/sec: 72.6 +/- 1.0 (jitter = 1.0)	7.699
425	images/sec: 72.6 +/- 1.0 (jitter = 1.0)	7.793
426	images/sec: 72.7 +/- 1.0 (jitter = 1.0)	7.865
427	images/sec: 72.7 +/- 1.0 (jitter = 1.0)	7.783
428	images/sec: 72.7 +/- 1.0 (jitter = 1.0)	7.769
429	images/sec: 72.8 +/- 1.0 (jitter = 1.0)	7.707
430	images/sec: 72.8 +/- 1.0 (jitter = 1.0)	7.823
431	images/sec: 72.9 +/- 1.0 (jitter = 1.0)	7.736
432	images/sec: 72.9 +/- 1.0 (jitter = 1.0)	7.803
433	images/sec: 72.9 +/- 1.0 (jitter = 0.9)	7.801
434	images/sec: 73.0 +/- 1.0 (jitter = 0.9)	7.752
435	images/sec: 73.0 +/- 1.0 (jitter = 0.9)	7.640
436	images/sec: 73.1 +/- 1.0 (jitter = 0.9)	7.749
437	images/sec: 73.1 +/- 1.0 (jitter = 0.9)	7.838
438	images/sec: 73.1 +/- 1.0 (jitter = 0.9)	7.773
439	images/sec: 73.2 +/- 1.0 (jitter = 0.9)	7.868
440	images/sec: 73.2 +/- 1.0 (jitter = 0.9)	7.940
441	images/sec: 73.3 +/- 1.0 (jitter = 0.9)	7.793
442	images/sec: 73.3 +/- 1.0 (jitter = 0.9)	7.706
443	images/sec: 73.3 +/- 1.0 (jitter = 0.9)	7.800
444	images/sec: 73.4 +/- 1.0 (jitter = 0.9)	7.763
445	images/sec: 73.4 +/- 1.0 (jitter = 0.9)	7.773
446	images/sec: 73.5 +/- 1.0 (jitter = 0.9)	7.762
447	images/sec: 73.5 +/- 1.0 (jitter = 0.9)	7.729
448	images/sec: 73.5 +/- 1.0 (jitter = 0.9)	7.683
449	images/sec: 73.6 +/- 1.0 (jitter = 0.9)	7.605
450	images/sec: 73.6 +/- 1.0 (jitter = 0.9)	7.779
451	images/sec: 73.6 +/- 1.0 (jitter = 0.9)	7.833
452	images/sec: 73.7 +/- 1.0 (jitter = 0.9)	7.788
453	images/sec: 73.7 +/- 1.0 (jitter = 0.9)	7.790
454	images/sec: 73.8 +/- 1.0 (jitter = 0.9)	7.753
455	images/sec: 73.8 +/- 1.0 (jitter = 0.9)	7.662
456	images/sec: 73.8 +/- 1.0 (jitter = 0.9)	7.789
457	images/sec: 73.9 +/- 1.0 (jitter = 0.9)	7.723
458	images/sec: 73.9 +/- 1.0 (jitter = 0.9)	7.806
459	images/sec: 73.9 +/- 1.0 (jitter = 0.9)	7.728
460	images/sec: 74.0 +/- 1.0 (jitter = 0.9)	7.818
461	images/sec: 74.0 +/- 1.0 (jitter = 0.9)	7.721
462	images/sec: 74.0 +/- 1.0 (jitter = 0.9)	7.816
463	images/sec: 74.1 +/- 1.0 (jitter = 0.9)	7.886
464	images/sec: 74.1 +/- 1.0 (jitter = 0.9)	7.737
465	images/sec: 74.2 +/- 1.0 (jitter = 0.9)	7.677
466	images/sec: 74.2 +/- 1.0 (jitter = 0.9)	7.829
467	images/sec: 74.2 +/- 1.0 (jitter = 0.9)	7.824
468	images/sec: 74.3 +/- 1.0 (jitter = 0.9)	7.686
469	images/sec: 74.3 +/- 1.0 (jitter = 0.9)	7.785
470	images/sec: 74.3 +/- 1.0 (jitter = 0.9)	7.717
471	images/sec: 74.4 +/- 1.0 (jitter = 0.9)	7.662
472	images/sec: 74.4 +/- 1.0 (jitter = 0.9)	7.688
473	images/sec: 74.4 +/- 1.0 (jitter = 0.9)	7.749
474	images/sec: 74.5 +/- 1.0 (jitter = 0.9)	7.679
475	images/sec: 74.5 +/- 1.0 (jitter = 0.9)	7.839
476	images/sec: 74.5 +/- 1.0 (jitter = 0.9)	7.816
477	images/sec: 74.6 +/- 1.0 (jitter = 0.9)	7.746
478	images/sec: 74.6 +/- 0.9 (jitter = 0.9)	7.714
479	images/sec: 74.6 +/- 0.9 (jitter = 0.9)	7.757
480	images/sec: 74.7 +/- 0.9 (jitter = 0.9)	7.725
481	images/sec: 74.7 +/- 0.9 (jitter = 0.9)	7.775
482	images/sec: 74.7 +/- 0.9 (jitter = 0.9)	7.724
483	images/sec: 74.8 +/- 0.9 (jitter = 0.9)	7.734
484	images/sec: 74.8 +/- 0.9 (jitter = 0.9)	7.714
485	images/sec: 74.9 +/- 0.9 (jitter = 0.9)	7.708
486	images/sec: 74.9 +/- 0.9 (jitter = 0.9)	7.724
487	images/sec: 74.9 +/- 0.9 (jitter = 0.9)	7.873
488	images/sec: 75.0 +/- 0.9 (jitter = 0.9)	7.782
489	images/sec: 75.0 +/- 0.9 (jitter = 0.9)	7.775
490	images/sec: 75.0 +/- 0.9 (jitter = 0.9)	7.826
491	images/sec: 75.1 +/- 0.9 (jitter = 0.9)	7.771
492	images/sec: 75.1 +/- 0.9 (jitter = 0.9)	7.839
493	images/sec: 75.1 +/- 0.9 (jitter = 0.8)	7.732
494	images/sec: 75.2 +/- 0.9 (jitter = 0.9)	7.907
495	images/sec: 75.2 +/- 0.9 (jitter = 0.8)	7.718
496	images/sec: 75.2 +/- 0.9 (jitter = 0.8)	7.819
497	images/sec: 75.2 +/- 0.9 (jitter = 0.8)	7.664
498	images/sec: 75.3 +/- 0.9 (jitter = 0.8)	7.776
499	images/sec: 75.3 +/- 0.9 (jitter = 0.8)	7.803
500	images/sec: 75.3 +/- 0.9 (jitter = 0.8)	7.755
----------------------------------------------------------------
total images/sec: 75.06
----------------------------------------------------------------
