TensorFlow:  1.5
Model:       resnet50
Dataset:     imagenet (synthetic)
Mode:        training
SingleSess:  False
Batch size:  25 global
             25 per device
Devices:     ['/gpu:0']
Data format: NCHW
Layout optimizer: False
Optimizer:   sgd
Variables:   parameter_server
==========
Generating model
WARNING:tensorflow:From /salus/tf_benchmarks/scripts/tf_cnn_benchmarks/convnet_builder.py:372: calling reduce_mean (from tensorflow.python.ops.math_ops) with keep_dims is deprecated and will be removed in a future version.
Instructions for updating:
keep_dims is deprecated, use keepdims instead
WARNING:tensorflow:From /salus/tf_benchmarks/scripts/tf_cnn_benchmarks/benchmark_cnn.py:1124: __init__ (from tensorflow.python.training.supervisor) is deprecated and will be removed in a future version.
Instructions for updating:
Please switch to tf.train.MonitoredTrainingSession
Running warm up
2019-08-22 12:27:52.386935: E tensorflow/stream_executor/cuda/cuda_driver.cc:936] failed to allocate 2.00G (2147483648 bytes) from device: CUDA_ERROR_OUT_OF_MEMORY
2019-08-22 12:27:52.387871: E tensorflow/stream_executor/cuda/cuda_driver.cc:936] failed to allocate 1.80G (1932735232 bytes) from device: CUDA_ERROR_OUT_OF_MEMORY
2019-08-22 12:27:52.388780: E tensorflow/stream_executor/cuda/cuda_driver.cc:936] failed to allocate 1.62G (1739461632 bytes) from device: CUDA_ERROR_OUT_OF_MEMORY
2019-08-22 12:27:52.389712: E tensorflow/stream_executor/cuda/cuda_driver.cc:936] failed to allocate 1.46G (1565515520 bytes) from device: CUDA_ERROR_OUT_OF_MEMORY
2019-08-22 12:27:52.653511: E tensorflow/stream_executor/cuda/cuda_driver.cc:936] failed to allocate 4.00G (4294967296 bytes) from device: CUDA_ERROR_OUT_OF_MEMORY
2019-08-22 12:27:52.654633: E tensorflow/stream_executor/cuda/cuda_driver.cc:936] failed to allocate 4.00G (4294967296 bytes) from device: CUDA_ERROR_OUT_OF_MEMORY
2019-08-22 12:27:52.671462: E tensorflow/stream_executor/cuda/cuda_driver.cc:936] failed to allocate 4.00G (4294967296 bytes) from device: CUDA_ERROR_OUT_OF_MEMORY
2019-08-22 12:27:52.672507: E tensorflow/stream_executor/cuda/cuda_driver.cc:936] failed to allocate 4.00G (4294967296 bytes) from device: CUDA_ERROR_OUT_OF_MEMORY
2019-08-22 12:27:52.690462: E tensorflow/stream_executor/cuda/cuda_driver.cc:936] failed to allocate 4.00G (4294967296 bytes) from device: CUDA_ERROR_OUT_OF_MEMORY
2019-08-22 12:27:52.691368: E tensorflow/stream_executor/cuda/cuda_driver.cc:936] failed to allocate 4.00G (4294967296 bytes) from device: CUDA_ERROR_OUT_OF_MEMORY
2019-08-22 12:27:52.711823: E tensorflow/stream_executor/cuda/cuda_driver.cc:936] failed to allocate 4.00G (4294967296 bytes) from device: CUDA_ERROR_OUT_OF_MEMORY
2019-08-22 12:27:52.712766: E tensorflow/stream_executor/cuda/cuda_driver.cc:936] failed to allocate 4.00G (4294967296 bytes) from device: CUDA_ERROR_OUT_OF_MEMORY
2019-08-22 12:27:52.738171: E tensorflow/stream_executor/cuda/cuda_driver.cc:936] failed to allocate 4.00G (4294967296 bytes) from device: CUDA_ERROR_OUT_OF_MEMORY
2019-08-22 12:27:52.739033: E tensorflow/stream_executor/cuda/cuda_driver.cc:936] failed to allocate 4.00G (4294967296 bytes) from device: CUDA_ERROR_OUT_OF_MEMORY
2019-08-22 12:27:52.785949: E tensorflow/stream_executor/cuda/cuda_driver.cc:936] failed to allocate 4.00G (4294967296 bytes) from device: CUDA_ERROR_OUT_OF_MEMORY
2019-08-22 12:27:52.786958: E tensorflow/stream_executor/cuda/cuda_driver.cc:936] failed to allocate 4.00G (4294967296 bytes) from device: CUDA_ERROR_OUT_OF_MEMORY
2019-08-22 12:27:52.806755: E tensorflow/stream_executor/cuda/cuda_driver.cc:936] failed to allocate 4.00G (4294967296 bytes) from device: CUDA_ERROR_OUT_OF_MEMORY
2019-08-22 12:27:52.807655: E tensorflow/stream_executor/cuda/cuda_driver.cc:936] failed to allocate 4.00G (4294967296 bytes) from device: CUDA_ERROR_OUT_OF_MEMORY
Done warm up
Step	Img/sec	loss
1	images/sec: 139.0 +/- 0.0 (jitter = 0.0)	9.579
2	images/sec: 139.6 +/- 0.4 (jitter = 0.9)	9.490
3	images/sec: 139.5 +/- 0.3 (jitter = 0.7)	9.090
4	images/sec: 139.5 +/- 0.2 (jitter = 0.4)	8.919
5	images/sec: 139.5 +/- 0.2 (jitter = 0.0)	9.127
6	images/sec: 139.5 +/- 0.1 (jitter = 0.1)	8.761
7	images/sec: 139.5 +/- 0.1 (jitter = 0.2)	8.687
8	images/sec: 139.4 +/- 0.1 (jitter = 0.2)	8.976
9	images/sec: 139.4 +/- 0.1 (jitter = 0.2)	8.472
10	images/sec: 139.5 +/- 0.1 (jitter = 0.2)	8.473
11	images/sec: 139.7 +/- 0.2 (jitter = 0.3)	8.314
12	images/sec: 139.7 +/- 0.2 (jitter = 0.5)	8.562
13	images/sec: 139.7 +/- 0.2 (jitter = 0.7)	8.343
14	images/sec: 139.7 +/- 0.2 (jitter = 0.6)	8.351
15	images/sec: 139.7 +/- 0.2 (jitter = 0.8)	8.373
16	images/sec: 139.8 +/- 0.2 (jitter = 0.8)	8.617
17	images/sec: 139.7 +/- 0.2 (jitter = 0.8)	8.518
18	images/sec: 139.8 +/- 0.2 (jitter = 0.8)	7.914
19	images/sec: 139.9 +/- 0.2 (jitter = 0.9)	8.529
20	images/sec: 139.8 +/- 0.2 (jitter = 0.8)	8.373
21	images/sec: 139.8 +/- 0.2 (jitter = 0.8)	8.758
22	images/sec: 139.9 +/- 0.2 (jitter = 0.8)	8.057
23	images/sec: 139.9 +/- 0.2 (jitter = 0.8)	8.244
24	images/sec: 139.8 +/- 0.2 (jitter = 0.8)	8.131
25	images/sec: 139.8 +/- 0.1 (jitter = 0.8)	8.044
26	images/sec: 139.8 +/- 0.1 (jitter = 0.7)	8.158
27	images/sec: 139.9 +/- 0.1 (jitter = 0.8)	8.104
28	images/sec: 139.8 +/- 0.1 (jitter = 0.8)	8.020
29	images/sec: 139.8 +/- 0.1 (jitter = 0.8)	7.942
30	images/sec: 139.9 +/- 0.2 (jitter = 0.8)	8.071
31	images/sec: 139.9 +/- 0.2 (jitter = 0.8)	8.714
32	images/sec: 139.9 +/- 0.2 (jitter = 0.7)	7.935
33	images/sec: 139.9 +/- 0.2 (jitter = 0.7)	8.027
34	images/sec: 139.9 +/- 0.2 (jitter = 0.7)	8.020
35	images/sec: 139.8 +/- 0.2 (jitter = 0.7)	8.028
36	images/sec: 139.7 +/- 0.2 (jitter = 0.7)	7.983
37	images/sec: 139.9 +/- 0.3 (jitter = 0.7)	8.095
38	images/sec: 140.0 +/- 0.3 (jitter = 0.8)	7.898
39	images/sec: 140.0 +/- 0.3 (jitter = 0.7)	7.973
40	images/sec: 140.0 +/- 0.3 (jitter = 0.8)	7.997
41	images/sec: 140.0 +/- 0.3 (jitter = 0.9)	7.973
42	images/sec: 140.0 +/- 0.3 (jitter = 0.8)	7.939
43	images/sec: 140.0 +/- 0.3 (jitter = 0.9)	8.017
44	images/sec: 140.0 +/- 0.2 (jitter = 0.9)	7.950
45	images/sec: 140.0 +/- 0.2 (jitter = 0.9)	7.975
46	images/sec: 140.0 +/- 0.2 (jitter = 0.8)	7.900
47	images/sec: 140.1 +/- 0.2 (jitter = 0.8)	7.858
48	images/sec: 140.1 +/- 0.2 (jitter = 0.8)	8.229
49	images/sec: 140.1 +/- 0.2 (jitter = 0.8)	7.970
50	images/sec: 140.2 +/- 0.2 (jitter = 0.8)	8.001
51	images/sec: 140.3 +/- 0.3 (jitter = 0.8)	8.006
52	images/sec: 140.4 +/- 0.3 (jitter = 0.8)	7.901
53	images/sec: 140.5 +/- 0.3 (jitter = 0.9)	8.009
54	images/sec: 140.6 +/- 0.3 (jitter = 1.0)	7.895
55	images/sec: 140.6 +/- 0.3 (jitter = 1.0)	8.428
56	images/sec: 140.6 +/- 0.3 (jitter = 1.1)	8.112
57	images/sec: 140.6 +/- 0.3 (jitter = 1.2)	7.886
58	images/sec: 140.6 +/- 0.3 (jitter = 1.1)	8.044
59	images/sec: 140.6 +/- 0.3 (jitter = 1.2)	7.945
60	images/sec: 140.6 +/- 0.3 (jitter = 1.1)	7.995
61	images/sec: 140.6 +/- 0.3 (jitter = 1.2)	7.836
62	images/sec: 140.6 +/- 0.3 (jitter = 1.1)	7.876
63	images/sec: 140.6 +/- 0.3 (jitter = 1.1)	8.068
64	images/sec: 140.6 +/- 0.3 (jitter = 1.1)	8.004
65	images/sec: 140.6 +/- 0.3 (jitter = 1.1)	7.825
66	images/sec: 140.7 +/- 0.3 (jitter = 1.1)	7.878
67	images/sec: 140.7 +/- 0.3 (jitter = 1.2)	7.864
68	images/sec: 140.7 +/- 0.3 (jitter = 1.1)	7.984
69	images/sec: 140.7 +/- 0.3 (jitter = 1.2)	8.485
70	images/sec: 140.7 +/- 0.3 (jitter = 1.1)	7.893
71	images/sec: 140.7 +/- 0.3 (jitter = 1.2)	7.859
72	images/sec: 140.7 +/- 0.2 (jitter = 1.1)	7.922
73	images/sec: 140.7 +/- 0.2 (jitter = 1.2)	7.961
74	images/sec: 140.7 +/- 0.2 (jitter = 1.2)	7.921
75	images/sec: 140.7 +/- 0.2 (jitter = 1.2)	7.836
76	images/sec: 140.7 +/- 0.2 (jitter = 1.2)	7.944
77	images/sec: 140.7 +/- 0.2 (jitter = 1.2)	7.886
78	images/sec: 140.7 +/- 0.2 (jitter = 1.1)	7.862
79	images/sec: 140.6 +/- 0.2 (jitter = 1.1)	8.423
80	images/sec: 140.6 +/- 0.2 (jitter = 1.1)	7.845
81	images/sec: 140.6 +/- 0.2 (jitter = 1.1)	7.989
82	images/sec: 140.6 +/- 0.2 (jitter = 1.2)	7.916
83	images/sec: 140.6 +/- 0.2 (jitter = 1.1)	7.947
84	images/sec: 140.6 +/- 0.2 (jitter = 1.1)	7.846
85	images/sec: 140.6 +/- 0.2 (jitter = 1.1)	7.821
86	images/sec: 140.5 +/- 0.2 (jitter = 1.2)	7.883
87	images/sec: 140.6 +/- 0.2 (jitter = 1.2)	7.898
88	images/sec: 140.6 +/- 0.2 (jitter = 1.2)	7.935
89	images/sec: 140.6 +/- 0.2 (jitter = 1.2)	7.872
90	images/sec: 140.6 +/- 0.2 (jitter = 1.1)	7.937
91	images/sec: 140.6 +/- 0.2 (jitter = 1.1)	7.831
92	images/sec: 140.6 +/- 0.2 (jitter = 1.1)	7.945
93	images/sec: 140.6 +/- 0.2 (jitter = 1.1)	7.908
94	images/sec: 140.6 +/- 0.2 (jitter = 1.1)	7.910
95	images/sec: 140.6 +/- 0.2 (jitter = 1.1)	7.993
96	images/sec: 140.6 +/- 0.2 (jitter = 1.1)	7.970
97	images/sec: 140.6 +/- 0.2 (jitter = 1.1)	7.903
98	images/sec: 140.6 +/- 0.2 (jitter = 1.1)	7.879
99	images/sec: 140.6 +/- 0.2 (jitter = 1.1)	7.861
100	images/sec: 140.6 +/- 0.2 (jitter = 1.1)	8.005
101	images/sec: 140.6 +/- 0.2 (jitter = 1.2)	7.880
102	images/sec: 140.7 +/- 0.2 (jitter = 1.2)	7.807
103	images/sec: 140.7 +/- 0.2 (jitter = 1.2)	8.046
104	images/sec: 140.6 +/- 0.2 (jitter = 1.2)	7.975
105	images/sec: 140.6 +/- 0.2 (jitter = 1.2)	7.894
106	images/sec: 140.6 +/- 0.2 (jitter = 1.2)	7.835
107	images/sec: 140.6 +/- 0.2 (jitter = 1.1)	8.014
108	images/sec: 140.6 +/- 0.2 (jitter = 1.1)	7.941
109	images/sec: 140.6 +/- 0.2 (jitter = 1.1)	7.918
110	images/sec: 140.6 +/- 0.2 (jitter = 1.1)	7.865
111	images/sec: 140.6 +/- 0.2 (jitter = 1.1)	7.957
112	images/sec: 140.6 +/- 0.2 (jitter = 1.1)	7.807
113	images/sec: 140.6 +/- 0.2 (jitter = 1.1)	7.924
114	images/sec: 140.6 +/- 0.2 (jitter = 1.1)	7.860
115	images/sec: 140.6 +/- 0.2 (jitter = 1.1)	7.856
116	images/sec: 140.6 +/- 0.2 (jitter = 1.1)	7.845
117	images/sec: 140.6 +/- 0.2 (jitter = 1.0)	7.836
118	images/sec: 140.6 +/- 0.2 (jitter = 1.0)	7.972
119	images/sec: 140.6 +/- 0.2 (jitter = 1.0)	7.862
120	images/sec: 140.5 +/- 0.2 (jitter = 1.1)	7.903
121	images/sec: 140.5 +/- 0.2 (jitter = 1.0)	7.903
122	images/sec: 140.5 +/- 0.2 (jitter = 1.0)	7.881
123	images/sec: 140.5 +/- 0.2 (jitter = 1.0)	7.961
124	images/sec: 140.5 +/- 0.2 (jitter = 1.0)	7.979
125	images/sec: 140.5 +/- 0.2 (jitter = 1.0)	7.949
126	images/sec: 140.5 +/- 0.2 (jitter = 1.0)	7.935
127	images/sec: 140.5 +/- 0.2 (jitter = 1.0)	7.874
128	images/sec: 140.5 +/- 0.2 (jitter = 1.0)	7.860
129	images/sec: 140.5 +/- 0.2 (jitter = 1.0)	7.876
130	images/sec: 140.5 +/- 0.2 (jitter = 1.0)	7.913
131	images/sec: 140.5 +/- 0.2 (jitter = 1.0)	7.913
132	images/sec: 140.5 +/- 0.2 (jitter = 1.0)	7.859
133	images/sec: 140.5 +/- 0.2 (jitter = 1.0)	7.907
134	images/sec: 140.5 +/- 0.2 (jitter = 1.0)	7.878
135	images/sec: 140.6 +/- 0.2 (jitter = 1.0)	7.747
136	images/sec: 140.5 +/- 0.2 (jitter = 1.0)	7.893
137	images/sec: 140.5 +/- 0.2 (jitter = 1.0)	7.849
138	images/sec: 140.5 +/- 0.2 (jitter = 1.0)	7.937
139	images/sec: 140.5 +/- 0.2 (jitter = 1.0)	7.914
140	images/sec: 140.5 +/- 0.2 (jitter = 1.0)	7.809
141	images/sec: 140.5 +/- 0.2 (jitter = 1.0)	7.911
142	images/sec: 140.5 +/- 0.2 (jitter = 1.0)	7.867
143	images/sec: 140.5 +/- 0.2 (jitter = 1.0)	7.884
144	images/sec: 140.5 +/- 0.2 (jitter = 1.0)	7.998
145	images/sec: 140.5 +/- 0.2 (jitter = 1.0)	7.866
146	images/sec: 140.5 +/- 0.1 (jitter = 1.0)	7.928
147	images/sec: 140.5 +/- 0.1 (jitter = 1.0)	7.955
148	images/sec: 140.5 +/- 0.1 (jitter = 1.0)	7.989
149	images/sec: 140.5 +/- 0.1 (jitter = 1.0)	7.940
150	images/sec: 140.5 +/- 0.1 (jitter = 1.0)	7.903
151	images/sec: 140.5 +/- 0.1 (jitter = 1.0)	7.911
152	images/sec: 140.5 +/- 0.1 (jitter = 1.0)	7.921
153	images/sec: 140.4 +/- 0.1 (jitter = 1.0)	7.829
154	images/sec: 140.4 +/- 0.1 (jitter = 1.0)	7.976
155	images/sec: 140.4 +/- 0.1 (jitter = 1.0)	7.918
156	images/sec: 140.4 +/- 0.1 (jitter = 1.0)	7.883
157	images/sec: 140.4 +/- 0.1 (jitter = 1.0)	7.901
158	images/sec: 140.4 +/- 0.1 (jitter = 0.9)	7.874
159	images/sec: 140.4 +/- 0.1 (jitter = 1.0)	7.977
160	images/sec: 140.4 +/- 0.1 (jitter = 0.9)	7.881
161	images/sec: 140.4 +/- 0.1 (jitter = 1.0)	7.810
162	images/sec: 140.4 +/- 0.1 (jitter = 0.9)	7.835
163	images/sec: 140.4 +/- 0.1 (jitter = 1.0)	7.940
164	images/sec: 140.4 +/- 0.1 (jitter = 1.0)	7.941
165	images/sec: 140.4 +/- 0.1 (jitter = 1.0)	7.818
166	images/sec: 140.4 +/- 0.1 (jitter = 1.0)	7.716
167	images/sec: 140.4 +/- 0.1 (jitter = 1.0)	7.940
168	images/sec: 140.4 +/- 0.1 (jitter = 0.9)	7.921
169	images/sec: 140.4 +/- 0.1 (jitter = 1.0)	7.947
170	images/sec: 140.4 +/- 0.1 (jitter = 0.9)	8.003
171	images/sec: 140.4 +/- 0.1 (jitter = 0.9)	7.896
172	images/sec: 140.4 +/- 0.1 (jitter = 0.9)	7.894
173	images/sec: 140.4 +/- 0.1 (jitter = 0.9)	7.832
174	images/sec: 140.4 +/- 0.1 (jitter = 0.9)	7.952
175	images/sec: 140.4 +/- 0.1 (jitter = 0.9)	7.794
176	images/sec: 140.4 +/- 0.1 (jitter = 0.9)	8.005
177	images/sec: 140.4 +/- 0.1 (jitter = 1.0)	7.777
178	images/sec: 140.4 +/- 0.1 (jitter = 0.9)	7.896
179	images/sec: 140.4 +/- 0.1 (jitter = 1.0)	7.971
180	images/sec: 140.4 +/- 0.1 (jitter = 1.0)	7.866
181	images/sec: 140.4 +/- 0.1 (jitter = 1.0)	7.884
182	images/sec: 140.4 +/- 0.1 (jitter = 0.9)	7.899
183	images/sec: 140.4 +/- 0.1 (jitter = 1.0)	7.967
184	images/sec: 140.4 +/- 0.1 (jitter = 0.9)	7.872
185	images/sec: 140.4 +/- 0.1 (jitter = 0.9)	7.947
186	images/sec: 140.4 +/- 0.1 (jitter = 0.9)	7.917
187	images/sec: 140.4 +/- 0.1 (jitter = 0.9)	7.770
188	images/sec: 140.4 +/- 0.1 (jitter = 0.9)	7.842
189	images/sec: 140.4 +/- 0.1 (jitter = 0.9)	7.823
190	images/sec: 140.4 +/- 0.1 (jitter = 0.9)	7.856
191	images/sec: 140.4 +/- 0.1 (jitter = 0.9)	7.884
192	images/sec: 140.4 +/- 0.1 (jitter = 0.9)	7.955
193	images/sec: 140.4 +/- 0.1 (jitter = 0.9)	7.864
194	images/sec: 140.4 +/- 0.1 (jitter = 0.9)	7.953
195	images/sec: 140.4 +/- 0.1 (jitter = 0.9)	7.817
196	images/sec: 140.4 +/- 0.1 (jitter = 0.9)	7.976
197	images/sec: 140.4 +/- 0.1 (jitter = 0.9)	7.908
198	images/sec: 140.4 +/- 0.1 (jitter = 0.9)	7.918
199	images/sec: 140.4 +/- 0.1 (jitter = 0.9)	7.844
200	images/sec: 140.4 +/- 0.1 (jitter = 0.9)	7.923
201	images/sec: 140.4 +/- 0.1 (jitter = 0.9)	7.859
202	images/sec: 140.4 +/- 0.1 (jitter = 0.9)	7.790
203	images/sec: 140.4 +/- 0.1 (jitter = 0.9)	7.885
204	images/sec: 140.4 +/- 0.1 (jitter = 0.9)	7.768
205	images/sec: 140.5 +/- 0.1 (jitter = 0.9)	7.963
206	images/sec: 140.5 +/- 0.1 (jitter = 0.9)	7.807
207	images/sec: 140.5 +/- 0.1 (jitter = 0.9)	8.003
208	images/sec: 140.5 +/- 0.1 (jitter = 0.9)	7.857
209	images/sec: 140.5 +/- 0.1 (jitter = 0.9)	7.823
210	images/sec: 140.5 +/- 0.1 (jitter = 0.9)	7.863
211	images/sec: 140.5 +/- 0.1 (jitter = 0.9)	7.877
212	images/sec: 140.5 +/- 0.1 (jitter = 0.9)	7.980
213	images/sec: 140.5 +/- 0.1 (jitter = 0.9)	7.898
214	images/sec: 140.5 +/- 0.1 (jitter = 0.9)	7.953
215	images/sec: 140.5 +/- 0.1 (jitter = 0.9)	7.892
216	images/sec: 140.5 +/- 0.1 (jitter = 0.9)	7.928
217	images/sec: 140.5 +/- 0.1 (jitter = 0.9)	7.928
218	images/sec: 140.5 +/- 0.1 (jitter = 0.9)	7.871
219	images/sec: 140.5 +/- 0.1 (jitter = 0.9)	7.915
220	images/sec: 140.5 +/- 0.1 (jitter = 0.9)	7.840
221	images/sec: 140.5 +/- 0.1 (jitter = 0.9)	7.812
222	images/sec: 140.5 +/- 0.1 (jitter = 0.9)	7.931
223	images/sec: 140.5 +/- 0.1 (jitter = 0.9)	7.929
224	images/sec: 140.5 +/- 0.1 (jitter = 0.9)	7.790
225	images/sec: 140.5 +/- 0.1 (jitter = 0.9)	7.869
226	images/sec: 140.5 +/- 0.1 (jitter = 0.9)	7.986
227	images/sec: 140.5 +/- 0.1 (jitter = 0.9)	7.927
228	images/sec: 140.5 +/- 0.1 (jitter = 0.9)	7.885
229	images/sec: 140.5 +/- 0.1 (jitter = 0.9)	7.866
230	images/sec: 140.5 +/- 0.1 (jitter = 0.9)	7.903
231	images/sec: 140.5 +/- 0.1 (jitter = 0.9)	7.875
232	images/sec: 140.5 +/- 0.1 (jitter = 0.9)	7.795
233	images/sec: 140.5 +/- 0.1 (jitter = 0.9)	7.896
234	images/sec: 140.5 +/- 0.1 (jitter = 0.9)	7.848
235	images/sec: 140.5 +/- 0.1 (jitter = 0.9)	7.896
236	images/sec: 140.5 +/- 0.1 (jitter = 0.9)	7.856
237	images/sec: 140.5 +/- 0.1 (jitter = 0.9)	7.862
238	images/sec: 140.5 +/- 0.1 (jitter = 0.9)	7.794
239	images/sec: 140.5 +/- 0.1 (jitter = 0.9)	7.906
240	images/sec: 140.5 +/- 0.1 (jitter = 0.9)	8.345
241	images/sec: 140.5 +/- 0.1 (jitter = 0.9)	7.875
242	images/sec: 140.5 +/- 0.1 (jitter = 0.9)	7.830
243	images/sec: 140.5 +/- 0.1 (jitter = 0.9)	8.022
244	images/sec: 140.5 +/- 0.1 (jitter = 0.9)	7.878
245	images/sec: 140.5 +/- 0.1 (jitter = 0.9)	7.839
246	images/sec: 140.5 +/- 0.1 (jitter = 0.9)	8.229
247	images/sec: 140.6 +/- 0.2 (jitter = 0.9)	7.915
248	images/sec: 140.8 +/- 0.3 (jitter = 0.9)	7.895
249	images/sec: 140.9 +/- 0.3 (jitter = 0.9)	7.920
250	images/sec: 141.0 +/- 0.3 (jitter = 0.9)	7.876
251	images/sec: 141.1 +/- 0.4 (jitter = 0.9)	7.846
252	images/sec: 141.3 +/- 0.4 (jitter = 0.9)	7.917
253	images/sec: 141.4 +/- 0.5 (jitter = 0.9)	7.779
254	images/sec: 141.5 +/- 0.5 (jitter = 0.9)	7.829
255	images/sec: 141.7 +/- 0.5 (jitter = 0.9)	7.947
256	images/sec: 141.8 +/- 0.6 (jitter = 0.9)	7.916
257	images/sec: 142.1 +/- 0.8 (jitter = 0.9)	7.806
258	images/sec: 142.4 +/- 1.0 (jitter = 0.9)	7.906
259	images/sec: 142.7 +/- 1.2 (jitter = 0.9)	7.820
260	images/sec: 143.0 +/- 1.3 (jitter = 1.0)	7.823
261	images/sec: 143.3 +/- 1.4 (jitter = 1.0)	7.910
262	images/sec: 143.5 +/- 1.5 (jitter = 1.0)	7.883
263	images/sec: 143.8 +/- 1.6 (jitter = 1.0)	7.793
264	images/sec: 144.1 +/- 1.7 (jitter = 1.0)	7.841
265	images/sec: 144.4 +/- 1.8 (jitter = 1.0)	7.840
266	images/sec: 144.7 +/- 1.9 (jitter = 1.0)	7.949
267	images/sec: 144.9 +/- 2.0 (jitter = 1.0)	7.759
268	images/sec: 145.2 +/- 2.0 (jitter = 1.0)	7.944
269	images/sec: 145.5 +/- 2.1 (jitter = 1.0)	8.040
270	images/sec: 145.8 +/- 2.2 (jitter = 1.0)	7.903
271	images/sec: 146.0 +/- 2.2 (jitter = 1.0)	7.927
272	images/sec: 146.3 +/- 2.3 (jitter = 1.0)	7.907
273	images/sec: 146.6 +/- 2.3 (jitter = 1.0)	7.889
274	images/sec: 146.9 +/- 2.4 (jitter = 1.0)	7.839
275	images/sec: 147.1 +/- 2.4 (jitter = 1.0)	7.863
276	images/sec: 147.4 +/- 2.5 (jitter = 1.1)	7.800
277	images/sec: 147.7 +/- 2.5 (jitter = 1.1)	7.936
278	images/sec: 147.9 +/- 2.6 (jitter = 1.1)	7.948
279	images/sec: 148.2 +/- 2.6 (jitter = 1.1)	7.946
280	images/sec: 148.5 +/- 2.6 (jitter = 1.1)	7.927
281	images/sec: 148.7 +/- 2.7 (jitter = 1.1)	7.941
282	images/sec: 149.0 +/- 2.7 (jitter = 1.1)	7.880
283	images/sec: 149.3 +/- 2.8 (jitter = 1.1)	7.801
284	images/sec: 149.5 +/- 2.8 (jitter = 1.1)	7.930
285	images/sec: 149.8 +/- 2.8 (jitter = 1.2)	7.898
286	images/sec: 150.1 +/- 2.9 (jitter = 1.2)	7.955
287	images/sec: 150.3 +/- 2.9 (jitter = 1.2)	7.894
288	images/sec: 150.6 +/- 2.9 (jitter = 1.2)	7.883
289	images/sec: 150.8 +/- 2.9 (jitter = 1.2)	7.950
290	images/sec: 151.1 +/- 3.0 (jitter = 1.2)	7.913
291	images/sec: 151.3 +/- 3.0 (jitter = 1.2)	7.861
292	images/sec: 151.6 +/- 3.0 (jitter = 1.2)	7.934
293	images/sec: 151.9 +/- 3.1 (jitter = 1.2)	7.854
294	images/sec: 152.1 +/- 3.1 (jitter = 1.2)	7.965
295	images/sec: 152.4 +/- 3.1 (jitter = 1.2)	7.873
296	images/sec: 152.6 +/- 3.1 (jitter = 1.3)	7.789
297	images/sec: 152.9 +/- 3.1 (jitter = 1.3)	7.903
298	images/sec: 153.1 +/- 3.2 (jitter = 1.3)	7.952
299	images/sec: 153.4 +/- 3.2 (jitter = 1.3)	7.860
300	images/sec: 153.6 +/- 3.2 (jitter = 1.3)	7.847
301	images/sec: 153.9 +/- 3.2 (jitter = 1.3)	7.850
302	images/sec: 154.1 +/- 3.3 (jitter = 1.3)	7.836
303	images/sec: 154.4 +/- 3.3 (jitter = 1.3)	7.916
304	images/sec: 154.6 +/- 3.3 (jitter = 1.4)	7.783
305	images/sec: 154.9 +/- 3.3 (jitter = 1.4)	7.782
306	images/sec: 155.1 +/- 3.3 (jitter = 1.4)	7.866
307	images/sec: 155.3 +/- 3.3 (jitter = 1.4)	7.783
308	images/sec: 155.6 +/- 3.4 (jitter = 1.4)	7.872
309	images/sec: 155.8 +/- 3.4 (jitter = 1.4)	7.889
310	images/sec: 156.1 +/- 3.4 (jitter = 1.4)	7.900
311	images/sec: 156.3 +/- 3.4 (jitter = 1.4)	7.855
312	images/sec: 156.5 +/- 3.4 (jitter = 1.4)	7.879
313	images/sec: 156.8 +/- 3.4 (jitter = 1.4)	7.834
314	images/sec: 157.0 +/- 3.4 (jitter = 1.5)	7.800
315	images/sec: 157.3 +/- 3.5 (jitter = 1.5)	7.888
316	images/sec: 157.5 +/- 3.5 (jitter = 1.5)	7.882
317	images/sec: 157.7 +/- 3.5 (jitter = 1.5)	7.922
318	images/sec: 158.0 +/- 3.5 (jitter = 1.6)	8.021
319	images/sec: 158.2 +/- 3.5 (jitter = 1.6)	7.976
320	images/sec: 158.4 +/- 3.5 (jitter = 1.6)	7.882
321	images/sec: 158.7 +/- 3.5 (jitter = 1.6)	7.935
322	images/sec: 158.9 +/- 3.5 (jitter = 1.6)	7.940
323	images/sec: 159.1 +/- 3.5 (jitter = 1.6)	7.835
324	images/sec: 159.3 +/- 3.6 (jitter = 1.6)	7.903
325	images/sec: 159.6 +/- 3.6 (jitter = 1.6)	7.879
326	images/sec: 159.8 +/- 3.6 (jitter = 1.6)	7.878
327	images/sec: 160.0 +/- 3.6 (jitter = 1.7)	7.772
328	images/sec: 160.3 +/- 3.6 (jitter = 1.7)	7.876
329	images/sec: 160.5 +/- 3.6 (jitter = 1.7)	7.798
330	images/sec: 160.7 +/- 3.6 (jitter = 1.7)	7.791
331	images/sec: 160.9 +/- 3.6 (jitter = 1.7)	7.820
332	images/sec: 161.2 +/- 3.6 (jitter = 1.7)	7.967
333	images/sec: 161.4 +/- 3.6 (jitter = 1.7)	7.909
334	images/sec: 161.6 +/- 3.6 (jitter = 1.7)	7.935
335	images/sec: 161.8 +/- 3.6 (jitter = 1.8)	7.812
336	images/sec: 162.1 +/- 3.6 (jitter = 1.8)	7.872
337	images/sec: 162.3 +/- 3.7 (jitter = 1.8)	7.772
338	images/sec: 162.5 +/- 3.7 (jitter = 1.8)	7.947
339	images/sec: 162.7 +/- 3.7 (jitter = 1.8)	7.858
340	images/sec: 162.9 +/- 3.7 (jitter = 1.8)	7.921
341	images/sec: 163.2 +/- 3.7 (jitter = 1.8)	7.905
342	images/sec: 163.4 +/- 3.7 (jitter = 1.8)	7.832
343	images/sec: 163.6 +/- 3.7 (jitter = 1.8)	7.755
344	images/sec: 163.8 +/- 3.7 (jitter = 1.8)	7.832
345	images/sec: 164.0 +/- 3.7 (jitter = 1.8)	7.853
346	images/sec: 164.2 +/- 3.7 (jitter = 1.9)	7.878
347	images/sec: 164.4 +/- 3.7 (jitter = 1.9)	7.821
348	images/sec: 164.7 +/- 3.7 (jitter = 1.9)	7.907
349	images/sec: 164.9 +/- 3.7 (jitter = 1.9)	7.825
350	images/sec: 165.1 +/- 3.7 (jitter = 1.9)	7.987
351	images/sec: 165.3 +/- 3.7 (jitter = 1.9)	7.991
352	images/sec: 165.5 +/- 3.7 (jitter = 2.0)	7.998
353	images/sec: 165.7 +/- 3.7 (jitter = 2.0)	7.820
354	images/sec: 165.9 +/- 3.7 (jitter = 2.0)	7.915
355	images/sec: 166.1 +/- 3.7 (jitter = 2.0)	7.773
356	images/sec: 166.4 +/- 3.7 (jitter = 2.0)	7.860
357	images/sec: 166.6 +/- 3.7 (jitter = 2.0)	7.883
358	images/sec: 166.8 +/- 3.8 (jitter = 2.0)	7.863
359	images/sec: 167.0 +/- 3.8 (jitter = 2.1)	7.782
360	images/sec: 167.2 +/- 3.8 (jitter = 2.1)	7.863
361	images/sec: 167.4 +/- 3.8 (jitter = 2.1)	7.816
362	images/sec: 167.6 +/- 3.8 (jitter = 2.1)	7.881
363	images/sec: 167.8 +/- 3.8 (jitter = 2.1)	7.788
364	images/sec: 168.0 +/- 3.8 (jitter = 2.2)	7.856
365	images/sec: 168.2 +/- 3.8 (jitter = 2.2)	7.828
366	images/sec: 168.4 +/- 3.8 (jitter = 2.2)	7.862
367	images/sec: 168.6 +/- 3.8 (jitter = 2.2)	7.838
368	images/sec: 168.8 +/- 3.8 (jitter = 2.2)	7.908
369	images/sec: 169.0 +/- 3.8 (jitter = 2.3)	7.856
370	images/sec: 169.2 +/- 3.8 (jitter = 2.3)	7.745
371	images/sec: 169.4 +/- 3.8 (jitter = 2.3)	7.810
372	images/sec: 169.6 +/- 3.8 (jitter = 2.4)	7.769
373	images/sec: 169.8 +/- 3.8 (jitter = 2.5)	7.794
374	images/sec: 170.0 +/- 3.8 (jitter = 2.5)	7.846
375	images/sec: 170.2 +/- 3.8 (jitter = 2.5)	7.794
376	images/sec: 170.4 +/- 3.8 (jitter = 2.6)	7.787
377	images/sec: 170.6 +/- 3.8 (jitter = 2.6)	7.950
378	images/sec: 170.8 +/- 3.8 (jitter = 2.6)	7.837
379	images/sec: 171.0 +/- 3.8 (jitter = 2.6)	7.999
380	images/sec: 171.2 +/- 3.8 (jitter = 2.7)	7.960
381	images/sec: 171.4 +/- 3.8 (jitter = 2.7)	7.856
382	images/sec: 171.5 +/- 3.8 (jitter = 2.7)	7.941
383	images/sec: 171.7 +/- 3.8 (jitter = 2.7)	7.842
384	images/sec: 171.9 +/- 3.8 (jitter = 2.7)	7.909
385	images/sec: 172.1 +/- 3.8 (jitter = 2.7)	7.874
386	images/sec: 172.3 +/- 3.8 (jitter = 2.8)	7.879
387	images/sec: 172.5 +/- 3.8 (jitter = 2.8)	7.868
388	images/sec: 172.7 +/- 3.8 (jitter = 2.8)	7.848
389	images/sec: 172.9 +/- 3.8 (jitter = 2.8)	7.850
390	images/sec: 173.1 +/- 3.8 (jitter = 2.8)	7.897
391	images/sec: 173.2 +/- 3.8 (jitter = 2.8)	7.873
392	images/sec: 173.4 +/- 3.8 (jitter = 2.9)	7.851
393	images/sec: 173.6 +/- 3.8 (jitter = 2.9)	7.862
394	images/sec: 173.8 +/- 3.8 (jitter = 3.0)	7.922
395	images/sec: 174.0 +/- 3.8 (jitter = 3.0)	7.908
396	images/sec: 174.2 +/- 3.8 (jitter = 3.0)	7.912
397	images/sec: 174.3 +/- 3.8 (jitter = 3.1)	7.859
398	images/sec: 174.5 +/- 3.8 (jitter = 3.1)	7.921
399	images/sec: 174.7 +/- 3.8 (jitter = 3.1)	7.925
400	images/sec: 174.9 +/- 3.8 (jitter = 3.1)	7.881
401	images/sec: 175.1 +/- 3.8 (jitter = 3.2)	7.828
402	images/sec: 175.2 +/- 3.8 (jitter = 3.2)	7.748
403	images/sec: 175.4 +/- 3.8 (jitter = 3.2)	7.919
404	images/sec: 175.6 +/- 3.8 (jitter = 3.3)	7.869
405	images/sec: 175.8 +/- 3.8 (jitter = 3.3)	7.866
406	images/sec: 176.0 +/- 3.8 (jitter = 3.3)	7.907
407	images/sec: 176.1 +/- 3.8 (jitter = 3.3)	7.871
408	images/sec: 176.3 +/- 3.8 (jitter = 3.4)	7.819
409	images/sec: 176.5 +/- 3.8 (jitter = 3.4)	7.827
410	images/sec: 176.7 +/- 3.8 (jitter = 3.4)	7.927
411	images/sec: 176.8 +/- 3.8 (jitter = 3.4)	7.812
412	images/sec: 177.0 +/- 3.8 (jitter = 3.5)	7.842
413	images/sec: 177.2 +/- 3.8 (jitter = 3.5)	7.996
414	images/sec: 177.4 +/- 3.7 (jitter = 3.6)	7.889
415	images/sec: 177.5 +/- 3.7 (jitter = 3.6)	7.841
416	images/sec: 177.7 +/- 3.7 (jitter = 3.6)	7.936
417	images/sec: 177.9 +/- 3.7 (jitter = 3.6)	7.847
418	images/sec: 178.1 +/- 3.7 (jitter = 3.7)	7.856
419	images/sec: 178.2 +/- 3.7 (jitter = 3.8)	7.840
420	images/sec: 178.4 +/- 3.7 (jitter = 3.8)	8.006
421	images/sec: 178.6 +/- 3.7 (jitter = 3.9)	7.918
422	images/sec: 178.7 +/- 3.7 (jitter = 3.9)	7.826
423	images/sec: 178.9 +/- 3.7 (jitter = 3.9)	7.959
424	images/sec: 179.1 +/- 3.7 (jitter = 4.0)	7.842
425	images/sec: 179.2 +/- 3.7 (jitter = 4.0)	7.812
426	images/sec: 179.4 +/- 3.7 (jitter = 4.0)	7.839
427	images/sec: 179.6 +/- 3.7 (jitter = 4.0)	7.871
428	images/sec: 179.7 +/- 3.7 (jitter = 4.1)	7.838
429	images/sec: 179.9 +/- 3.7 (jitter = 4.2)	7.865
430	images/sec: 180.1 +/- 3.7 (jitter = 4.3)	7.887
431	images/sec: 180.2 +/- 3.7 (jitter = 4.3)	7.869
432	images/sec: 180.4 +/- 3.7 (jitter = 4.4)	7.856
433	images/sec: 180.6 +/- 3.7 (jitter = 4.4)	7.838
434	images/sec: 180.7 +/- 3.7 (jitter = 4.5)	7.850
435	images/sec: 180.9 +/- 3.7 (jitter = 4.5)	7.794
436	images/sec: 181.1 +/- 3.7 (jitter = 4.6)	7.849
437	images/sec: 181.2 +/- 3.7 (jitter = 4.7)	7.817
438	images/sec: 181.4 +/- 3.7 (jitter = 4.8)	7.902
439	images/sec: 181.5 +/- 3.7 (jitter = 4.8)	7.839
440	images/sec: 181.7 +/- 3.7 (jitter = 5.0)	7.903
441	images/sec: 181.9 +/- 3.7 (jitter = 5.2)	7.803
442	images/sec: 182.0 +/- 3.7 (jitter = 5.5)	7.931
443	images/sec: 182.2 +/- 3.7 (jitter = 5.8)	7.915
444	images/sec: 182.4 +/- 3.7 (jitter = 6.0)	7.870
445	images/sec: 182.5 +/- 3.7 (jitter = 6.1)	8.210
446	images/sec: 182.7 +/- 3.7 (jitter = 6.1)	7.838
447	images/sec: 182.8 +/- 3.7 (jitter = 6.1)	7.819
448	images/sec: 183.0 +/- 3.7 (jitter = 6.2)	7.857
449	images/sec: 183.1 +/- 3.7 (jitter = 6.3)	7.896
450	images/sec: 183.3 +/- 3.7 (jitter = 6.3)	7.749
451	images/sec: 183.5 +/- 3.7 (jitter = 6.4)	7.759
452	images/sec: 183.6 +/- 3.7 (jitter = 6.4)	7.897
453	images/sec: 183.8 +/- 3.7 (jitter = 6.5)	7.913
454	images/sec: 183.9 +/- 3.7 (jitter = 6.7)	8.138
455	images/sec: 184.1 +/- 3.6 (jitter = 6.9)	7.783
456	images/sec: 184.2 +/- 3.6 (jitter = 7.0)	7.937
457	images/sec: 184.4 +/- 3.6 (jitter = 7.1)	7.727
458	images/sec: 184.5 +/- 3.6 (jitter = 7.1)	7.880
459	images/sec: 184.7 +/- 3.6 (jitter = 7.2)	7.879
460	images/sec: 184.9 +/- 3.6 (jitter = 7.2)	7.832
461	images/sec: 185.0 +/- 3.6 (jitter = 7.2)	7.781
462	images/sec: 185.2 +/- 3.6 (jitter = 7.5)	7.929
463	images/sec: 185.3 +/- 3.6 (jitter = 7.8)	7.840
464	images/sec: 185.5 +/- 3.6 (jitter = 8.1)	7.833
465	images/sec: 185.6 +/- 3.6 (jitter = 8.3)	7.795
466	images/sec: 185.8 +/- 3.6 (jitter = 8.5)	7.857
467	images/sec: 185.9 +/- 3.6 (jitter = 8.8)	7.806
468	images/sec: 186.1 +/- 3.6 (jitter = 9.2)	7.851
469	images/sec: 186.2 +/- 3.6 (jitter = 9.6)	7.814
470	images/sec: 186.4 +/- 3.6 (jitter = 9.7)	7.943
471	images/sec: 186.5 +/- 3.6 (jitter = 9.8)	7.835
472	images/sec: 186.6 +/- 3.6 (jitter = 9.9)	7.819
473	images/sec: 186.8 +/- 3.6 (jitter = 10.0)	7.839
474	images/sec: 186.9 +/- 3.6 (jitter = 10.7)	7.825
475	images/sec: 187.1 +/- 3.6 (jitter = 11.3)	7.956
476	images/sec: 187.2 +/- 3.6 (jitter = 11.4)	7.847
477	images/sec: 187.4 +/- 3.6 (jitter = 11.6)	7.847
478	images/sec: 187.5 +/- 3.6 (jitter = 11.7)	7.848
479	images/sec: 187.7 +/- 3.6 (jitter = 11.7)	7.893
480	images/sec: 187.8 +/- 3.6 (jitter = 12.2)	7.902
481	images/sec: 188.0 +/- 3.6 (jitter = 12.6)	7.883
482	images/sec: 188.1 +/- 3.6 (jitter = 13.1)	7.799
483	images/sec: 188.2 +/- 3.6 (jitter = 13.5)	7.938
484	images/sec: 188.4 +/- 3.6 (jitter = 14.1)	7.844
485	images/sec: 188.5 +/- 3.6 (jitter = 14.7)	7.862
486	images/sec: 188.7 +/- 3.5 (jitter = 15.2)	7.909
487	images/sec: 188.8 +/- 3.5 (jitter = 15.8)	7.828
488	images/sec: 188.9 +/- 3.5 (jitter = 16.2)	7.786
489	images/sec: 189.1 +/- 3.5 (jitter = 16.6)	7.840
490	images/sec: 189.2 +/- 3.5 (jitter = 20.3)	7.855
491	images/sec: 189.4 +/- 3.5 (jitter = 24.1)	7.889
492	images/sec: 189.5 +/- 3.5 (jitter = 36.0)	7.839
493	images/sec: 189.7 +/- 3.5 (jitter = 52.8)	7.895
494	images/sec: 189.8 +/- 3.5 (jitter = 53.8)	7.776
495	images/sec: 189.9 +/- 3.5 (jitter = 54.8)	7.804
496	images/sec: 190.1 +/- 3.5 (jitter = 62.3)	7.887
497	images/sec: 190.2 +/- 3.5 (jitter = 69.7)	7.807
498	images/sec: 190.3 +/- 3.5 (jitter = 69.9)	7.847
499	images/sec: 190.5 +/- 3.5 (jitter = 70.0)	7.910
500	images/sec: 190.6 +/- 3.5 (jitter = 70.3)	7.971
501	images/sec: 190.8 +/- 3.5 (jitter = 70.6)	7.921
----------------------------------------------------------------
total images/sec: 189.61
----------------------------------------------------------------
