TensorFlow:  1.5
Model:       alexnet
Dataset:     imagenet (synthetic)
Mode:        training
SingleSess:  False
Batch size:  25 global
             25 per device
Devices:     ['/gpu:0']
Data format: NCHW
Layout optimizer: False
Optimizer:   sgd
Variables:   parameter_server
==========
Generating model
WARNING:tensorflow:From /salus/tf_benchmarks/scripts/tf_cnn_benchmarks/benchmark_cnn.py:1125: __init__ (from tensorflow.python.training.supervisor) is deprecated and will be removed in a future version.
Instructions for updating:
Please switch to tf.train.MonitoredTrainingSession
Running warm up
Done warm up
Step	Img/sec	loss
1	images/sec: 1687.6 +/- 0.0 (jitter = 0.0)	7.201
2	images/sec: 1663.9 +/- 16.5 (jitter = 34.6)	7.195
3	images/sec: 1655.3 +/- 13.1 (jitter = 3.5)	7.192
4	images/sec: 1653.5 +/- 9.9 (jitter = 7.0)	7.198
5	images/sec: 1661.8 +/- 11.0 (jitter = 13.9)	7.216
6	images/sec: 1654.2 +/- 11.4 (jitter = 24.5)	7.207
7	images/sec: 1664.5 +/- 13.9 (jitter = 45.5)	7.194
8	images/sec: 1651.0 +/- 17.2 (jitter = 52.2)	7.195
9	images/sec: 1645.9 +/- 16.0 (jitter = 52.0)	7.200
10	images/sec: 1659.9 +/- 20.3 (jitter = 60.7)	7.213
11	images/sec: 1690.8 +/- 40.4 (jitter = 62.4)	7.185
12	images/sec: 1718.6 +/- 48.8 (jitter = 83.3)	7.210
13	images/sec: 1742.9 +/- 52.5 (jitter = 104.4)	7.200
14	images/sec: 1763.7 +/- 53.7 (jitter = 119.1)	7.202
15	images/sec: 1778.6 +/- 52.3 (jitter = 133.7)	7.193
16	images/sec: 1764.1 +/- 50.9 (jitter = 142.4)	7.198
17	images/sec: 1754.9 +/- 48.9 (jitter = 121.3)	7.200
18	images/sec: 1749.5 +/- 46.6 (jitter = 94.9)	7.190
19	images/sec: 1743.7 +/- 44.6 (jitter = 85.5)	7.205
20	images/sec: 1746.7 +/- 42.4 (jitter = 94.9)	7.206
21	images/sec: 1756.5 +/- 41.6 (jitter = 121.3)	7.197
22	images/sec: 1750.8 +/- 40.1 (jitter = 94.9)	7.189
23	images/sec: 1747.4 +/- 38.6 (jitter = 87.1)	7.203
24	images/sec: 1750.0 +/- 37.0 (jitter = 104.2)	7.206
25	images/sec: 1745.5 +/- 35.9 (jitter = 87.1)	7.194
26	images/sec: 1741.6 +/- 34.8 (jitter = 83.3)	7.203
27	images/sec: 1741.5 +/- 33.5 (jitter = 87.1)	7.218
28	images/sec: 1734.7 +/- 33.0 (jitter = 91.8)	7.188
29	images/sec: 1730.3 +/- 32.2 (jitter = 85.5)	7.204
30	images/sec: 1726.9 +/- 31.3 (jitter = 66.9)	7.200
31	images/sec: 1723.1 +/- 30.6 (jitter = 62.8)	7.206
32	images/sec: 1724.1 +/- 29.6 (jitter = 67.2)	7.201
33	images/sec: 1720.0 +/- 29.0 (jitter = 71.0)	7.205
34	images/sec: 1715.1 +/- 28.6 (jitter = 73.2)	7.197
35	images/sec: 1714.0 +/- 27.8 (jitter = 71.0)	7.202
36	images/sec: 1713.7 +/- 27.0 (jitter = 70.6)	7.190
37	images/sec: 1710.0 +/- 26.5 (jitter = 75.4)	7.204
38	images/sec: 1716.8 +/- 26.9 (jitter = 80.5)	7.196
39	images/sec: 1718.6 +/- 26.3 (jitter = 98.1)	7.213
40	images/sec: 1723.8 +/- 26.2 (jitter = 99.2)	7.190
41	images/sec: 1730.5 +/- 26.6 (jitter = 104.1)	7.203
42	images/sec: 1729.9 +/- 26.0 (jitter = 99.2)	7.207
43	images/sec: 1716.9 +/- 27.3 (jitter = 104.1)	7.186
44	images/sec: 1714.0 +/- 26.9 (jitter = 103.4)	7.202
45	images/sec: 1716.1 +/- 26.4 (jitter = 112.3)	7.203
46	images/sec: 1722.4 +/- 26.7 (jitter = 115.8)	7.198
47	images/sec: 1728.4 +/- 27.0 (jitter = 116.2)	7.206
48	images/sec: 1732.0 +/- 26.7 (jitter = 124.6)	7.208
49	images/sec: 1731.5 +/- 26.2 (jitter = 129.6)	7.200
50	images/sec: 1731.8 +/- 25.6 (jitter = 131.6)	7.203
51	images/sec: 1733.2 +/- 25.2 (jitter = 137.6)	7.205
52	images/sec: 1732.1 +/- 24.7 (jitter = 131.6)	7.204
53	images/sec: 1732.1 +/- 24.3 (jitter = 133.7)	7.205
54	images/sec: 1730.4 +/- 23.9 (jitter = 120.6)	7.204
55	images/sec: 1727.5 +/- 23.6 (jitter = 121.3)	7.194
56	images/sec: 1725.8 +/- 23.3 (jitter = 111.6)	7.206
57	images/sec: 1725.0 +/- 22.9 (jitter = 107.1)	7.198
58	images/sec: 1725.7 +/- 22.5 (jitter = 111.6)	7.195
59	images/sec: 1727.4 +/- 22.2 (jitter = 118.9)	7.197
60	images/sec: 1728.8 +/- 21.8 (jitter = 120.6)	7.204
61	images/sec: 1731.6 +/- 21.7 (jitter = 133.7)	7.208
62	images/sec: 1730.8 +/- 21.3 (jitter = 120.6)	7.190
63	images/sec: 1729.4 +/- 21.1 (jitter = 118.9)	7.205
64	images/sec: 1729.3 +/- 20.7 (jitter = 113.2)	7.192
65	images/sec: 1729.6 +/- 20.4 (jitter = 118.6)	7.199
66	images/sec: 1730.6 +/- 20.1 (jitter = 123.0)	7.198
67	images/sec: 1731.4 +/- 19.8 (jitter = 127.4)	7.190
68	images/sec: 1732.5 +/- 19.6 (jitter = 129.9)	7.196
69	images/sec: 1731.7 +/- 19.3 (jitter = 127.4)	7.206
70	images/sec: 1732.1 +/- 19.0 (jitter = 127.4)	7.203
71	images/sec: 1733.0 +/- 18.8 (jitter = 130.0)	7.205
72	images/sec: 1736.6 +/- 18.9 (jitter = 131.9)	7.195
73	images/sec: 1739.2 +/- 18.9 (jitter = 133.8)	7.199
74	images/sec: 1737.1 +/- 18.7 (jitter = 134.0)	7.204
75	images/sec: 1737.3 +/- 18.5 (jitter = 133.8)	7.205
76	images/sec: 1735.9 +/- 18.3 (jitter = 131.9)	7.202
77	images/sec: 1734.6 +/- 18.1 (jitter = 130.0)	7.202
78	images/sec: 1733.0 +/- 18.0 (jitter = 129.4)	7.201
79	images/sec: 1731.7 +/- 17.8 (jitter = 126.2)	7.199
80	images/sec: 1729.7 +/- 17.7 (jitter = 123.0)	7.204
81	images/sec: 1729.9 +/- 17.5 (jitter = 126.2)	7.211
82	images/sec: 1729.4 +/- 17.3 (jitter = 121.9)	7.204
83	images/sec: 1729.7 +/- 17.1 (jitter = 125.2)	7.193
84	images/sec: 1730.0 +/- 16.9 (jitter = 125.6)	7.208
85	images/sec: 1729.9 +/- 16.7 (jitter = 121.1)	7.199
86	images/sec: 1730.8 +/- 16.5 (jitter = 124.4)	7.198
87	images/sec: 1730.1 +/- 16.3 (jitter = 121.1)	7.218
88	images/sec: 1730.1 +/- 16.1 (jitter = 120.9)	7.194
89	images/sec: 1729.8 +/- 16.0 (jitter = 120.8)	7.201
90	images/sec: 1731.3 +/- 15.9 (jitter = 120.9)	7.195
91	images/sec: 1732.1 +/- 15.7 (jitter = 121.0)	7.199
92	images/sec: 1731.6 +/- 15.5 (jitter = 120.9)	7.200
93	images/sec: 1730.2 +/- 15.4 (jitter = 121.1)	7.205
94	images/sec: 1728.1 +/- 15.4 (jitter = 125.6)	7.201
95	images/sec: 1727.5 +/- 15.3 (jitter = 126.0)	7.201
96	images/sec: 1726.1 +/- 15.2 (jitter = 125.6)	7.196
97	images/sec: 1724.3 +/- 15.1 (jitter = 125.2)	7.197
98	images/sec: 1722.8 +/- 15.0 (jitter = 121.9)	7.197
99	images/sec: 1723.6 +/- 14.9 (jitter = 126.2)	7.198
100	images/sec: 1722.6 +/- 14.8 (jitter = 121.9)	7.191
101	images/sec: 1722.1 +/- 14.6 (jitter = 117.7)	7.196
102	images/sec: 1721.0 +/- 14.5 (jitter = 112.1)	7.183
103	images/sec: 1720.6 +/- 14.4 (jitter = 107.2)	7.195
104	images/sec: 1718.7 +/- 14.4 (jitter = 106.7)	7.187
105	images/sec: 1717.7 +/- 14.3 (jitter = 106.4)	7.199
106	images/sec: 1716.6 +/- 14.2 (jitter = 105.9)	7.189
107	images/sec: 1716.8 +/- 14.1 (jitter = 106.4)	7.196
108	images/sec: 1717.0 +/- 13.9 (jitter = 106.7)	7.190
109	images/sec: 1719.1 +/- 14.0 (jitter = 108.1)	7.205
110	images/sec: 1717.0 +/- 14.0 (jitter = 107.3)	7.193
111	images/sec: 1716.9 +/- 13.9 (jitter = 108.1)	7.193
112	images/sec: 1717.7 +/- 13.8 (jitter = 112.9)	7.196
113	images/sec: 1719.6 +/- 13.8 (jitter = 118.6)	7.180
114	images/sec: 1720.3 +/- 13.7 (jitter = 122.6)	7.202
115	images/sec: 1719.8 +/- 13.6 (jitter = 118.6)	7.199
116	images/sec: 1719.5 +/- 13.5 (jitter = 112.9)	7.194
117	images/sec: 1719.9 +/- 13.4 (jitter = 117.7)	7.204
118	images/sec: 1721.3 +/- 13.3 (jitter = 121.9)	7.206
119	images/sec: 1721.0 +/- 13.2 (jitter = 117.7)	7.198
120	images/sec: 1720.6 +/- 13.1 (jitter = 112.1)	7.202
121	images/sec: 1721.4 +/- 13.1 (jitter = 117.7)	7.199
122	images/sec: 1721.9 +/- 12.9 (jitter = 121.0)	7.196
123	images/sec: 1721.6 +/- 12.8 (jitter = 116.8)	7.190
124	images/sec: 1721.4 +/- 12.7 (jitter = 115.7)	7.203
125	images/sec: 1721.3 +/- 12.6 (jitter = 114.7)	7.196
126	images/sec: 1721.6 +/- 12.5 (jitter = 113.9)	7.198
127	images/sec: 1722.1 +/- 12.5 (jitter = 120.7)	7.216
128	images/sec: 1724.0 +/- 12.5 (jitter = 122.6)	7.201
129	images/sec: 1722.5 +/- 12.5 (jitter = 124.3)	7.204
130	images/sec: 1722.1 +/- 12.4 (jitter = 118.8)	7.203
131	images/sec: 1716.9 +/- 12.9 (jitter = 116.8)	7.199
132	images/sec: 1716.6 +/- 12.8 (jitter = 115.7)	7.195
133	images/sec: 1716.1 +/- 12.7 (jitter = 114.1)	7.196
134	images/sec: 1716.1 +/- 12.6 (jitter = 113.6)	7.204
135	images/sec: 1716.0 +/- 12.6 (jitter = 113.2)	7.179
136	images/sec: 1716.7 +/- 12.5 (jitter = 113.9)	7.198
137	images/sec: 1716.3 +/- 12.4 (jitter = 113.2)	7.188
138	images/sec: 1716.9 +/- 12.3 (jitter = 113.9)	7.199
139	images/sec: 1716.1 +/- 12.3 (jitter = 114.7)	7.198
140	images/sec: 1715.6 +/- 12.2 (jitter = 113.6)	7.187
141	images/sec: 1715.6 +/- 12.1 (jitter = 113.2)	7.199
142	images/sec: 1715.8 +/- 12.0 (jitter = 109.7)	7.194
143	images/sec: 1715.8 +/- 11.9 (jitter = 107.2)	7.193
144	images/sec: 1715.2 +/- 11.9 (jitter = 105.6)	7.196
145	images/sec: 1716.3 +/- 11.8 (jitter = 107.2)	7.190
146	images/sec: 1716.3 +/- 11.8 (jitter = 104.3)	7.197
147	images/sec: 1716.1 +/- 11.7 (jitter = 101.4)	7.209
148	images/sec: 1717.9 +/- 11.8 (jitter = 104.3)	7.203
149	images/sec: 1714.3 +/- 12.0 (jitter = 107.2)	7.207
150	images/sec: 1712.9 +/- 12.0 (jitter = 109.7)	7.204
151	images/sec: 1711.4 +/- 12.0 (jitter = 113.2)	7.209
152	images/sec: 1706.4 +/- 12.5 (jitter = 113.6)	7.202
153	images/sec: 1705.5 +/- 12.4 (jitter = 114.1)	7.200
154	images/sec: 1704.5 +/- 12.4 (jitter = 113.2)	7.214
155	images/sec: 1703.9 +/- 12.3 (jitter = 112.2)	7.194
156	images/sec: 1700.5 +/- 12.5 (jitter = 111.1)	7.203
157	images/sec: 1697.0 +/- 12.7 (jitter = 109.4)	7.205
158	images/sec: 1695.9 +/- 12.7 (jitter = 109.4)	7.201
159	images/sec: 1694.7 +/- 12.7 (jitter = 109.5)	7.212
160	images/sec: 1693.2 +/- 12.7 (jitter = 110.6)	7.193
161	images/sec: 1692.1 +/- 12.6 (jitter = 111.8)	7.182
162	images/sec: 1686.9 +/- 13.1 (jitter = 113.0)	7.203
163	images/sec: 1685.2 +/- 13.1 (jitter = 114.2)	7.190
164	images/sec: 1682.4 +/- 13.2 (jitter = 114.8)	7.208
165	images/sec: 1681.5 +/- 13.2 (jitter = 115.4)	7.200
166	images/sec: 1682.4 +/- 13.1 (jitter = 118.5)	7.198
167	images/sec: 1683.4 +/- 13.1 (jitter = 119.1)	7.195
168	images/sec: 1684.2 +/- 13.0 (jitter = 120.1)	7.194
169	images/sec: 1685.1 +/- 13.0 (jitter = 121.0)	7.210
170	images/sec: 1686.8 +/- 13.0 (jitter = 123.4)	7.213
171	images/sec: 1684.9 +/- 13.1 (jitter = 125.6)	7.190
172	images/sec: 1678.2 +/- 13.6 (jitter = 126.5)	7.195
173	images/sec: 1675.9 +/- 13.7 (jitter = 127.4)	7.191
174	images/sec: 1669.0 +/- 14.2 (jitter = 126.2)	7.201
175	images/sec: 1668.8 +/- 14.1 (jitter = 124.8)	7.198
176	images/sec: 1665.1 +/- 14.3 (jitter = 124.9)	7.191
177	images/sec: 1661.6 +/- 14.5 (jitter = 126.1)	7.202
178	images/sec: 1658.0 +/- 14.7 (jitter = 126.4)	7.206
179	images/sec: 1653.6 +/- 14.9 (jitter = 126.8)	7.202
180	images/sec: 1648.7 +/- 15.2 (jitter = 127.2)	7.188
181	images/sec: 1645.3 +/- 15.4 (jitter = 127.4)	7.196
182	images/sec: 1642.1 +/- 15.5 (jitter = 129.7)	7.198
183	images/sec: 1638.9 +/- 15.6 (jitter = 132.5)	7.210
184	images/sec: 1635.1 +/- 15.8 (jitter = 132.5)	7.205
185	images/sec: 1630.6 +/- 16.0 (jitter = 132.7)	7.202
186	images/sec: 1627.7 +/- 16.1 (jitter = 134.7)	7.192
187	images/sec: 1625.2 +/- 16.1 (jitter = 136.2)	7.194
188	images/sec: 1622.0 +/- 16.2 (jitter = 137.2)	7.200
189	images/sec: 1620.1 +/- 16.3 (jitter = 138.1)	7.207
190	images/sec: 1616.3 +/- 16.4 (jitter = 138.5)	7.195
191	images/sec: 1609.7 +/- 16.8 (jitter = 138.9)	7.198
192	images/sec: 1607.2 +/- 16.8 (jitter = 140.4)	7.209
193	images/sec: 1604.4 +/- 16.9 (jitter = 142.4)	7.189
194	images/sec: 1600.5 +/- 17.1 (jitter = 149.0)	7.196
195	images/sec: 1597.7 +/- 17.1 (jitter = 154.4)	7.197
196	images/sec: 1592.6 +/- 17.4 (jitter = 156.0)	7.198
197	images/sec: 1587.9 +/- 17.6 (jitter = 157.6)	7.207
198	images/sec: 1584.6 +/- 17.7 (jitter = 153.2)	7.198
199	images/sec: 1581.6 +/- 17.7 (jitter = 151.6)	7.203
200	images/sec: 1576.6 +/- 18.0 (jitter = 150.8)	7.213
201	images/sec: 1572.7 +/- 18.1 (jitter = 151.7)	7.199
202	images/sec: 1570.7 +/- 18.1 (jitter = 152.5)	7.196
203	images/sec: 1569.3 +/- 18.1 (jitter = 152.7)	7.187
204	images/sec: 1568.4 +/- 18.0 (jitter = 154.9)	7.202
205	images/sec: 1566.7 +/- 18.0 (jitter = 156.0)	7.208
206	images/sec: 1565.3 +/- 18.0 (jitter = 159.0)	7.199
207	images/sec: 1557.9 +/- 18.3 (jitter = 162.9)	7.195
208	images/sec: 1554.4 +/- 18.4 (jitter = 168.0)	7.187
209	images/sec: 1549.1 +/- 18.6 (jitter = 169.1)	7.198
210	images/sec: 1543.2 +/- 18.9 (jitter = 169.2)	7.203
211	images/sec: 1538.6 +/- 19.0 (jitter = 169.6)	7.206
212	images/sec: 1534.8 +/- 19.1 (jitter = 169.0)	7.196
213	images/sec: 1530.0 +/- 19.3 (jitter = 170.1)	7.195
214	images/sec: 1526.1 +/- 19.4 (jitter = 173.8)	7.204
215	images/sec: 1521.1 +/- 19.6 (jitter = 176.3)	7.201
216	images/sec: 1516.0 +/- 19.8 (jitter = 176.9)	7.179
217	images/sec: 1512.0 +/- 19.9 (jitter = 177.8)	7.204
218	images/sec: 1507.7 +/- 20.0 (jitter = 183.4)	7.200
219	images/sec: 1503.3 +/- 20.2 (jitter = 184.4)	7.204
220	images/sec: 1498.7 +/- 20.3 (jitter = 187.5)	7.198
221	images/sec: 1493.8 +/- 20.4 (jitter = 190.6)	7.201
222	images/sec: 1489.5 +/- 20.6 (jitter = 192.8)	7.194
223	images/sec: 1485.5 +/- 20.7 (jitter = 194.3)	7.193
224	images/sec: 1481.8 +/- 20.8 (jitter = 198.0)	7.201
225	images/sec: 1477.8 +/- 20.9 (jitter = 201.7)	7.198
226	images/sec: 1474.5 +/- 20.9 (jitter = 205.4)	7.202
227	images/sec: 1470.5 +/- 21.0 (jitter = 213.7)	7.203
228	images/sec: 1466.7 +/- 21.1 (jitter = 217.0)	7.194
229	images/sec: 1463.3 +/- 21.2 (jitter = 220.4)	7.201
230	images/sec: 1459.5 +/- 21.3 (jitter = 221.2)	7.187
231	images/sec: 1456.2 +/- 21.3 (jitter = 222.0)	7.208
232	images/sec: 1452.4 +/- 21.4 (jitter = 225.6)	7.205
233	images/sec: 1448.5 +/- 21.5 (jitter = 229.1)	7.198
234	images/sec: 1445.0 +/- 21.5 (jitter = 230.4)	7.209
235	images/sec: 1441.3 +/- 21.6 (jitter = 231.6)	7.197
236	images/sec: 1438.0 +/- 21.7 (jitter = 233.6)	7.205
237	images/sec: 1434.7 +/- 21.7 (jitter = 236.0)	7.189
238	images/sec: 1432.0 +/- 21.8 (jitter = 238.2)	7.188
239	images/sec: 1429.5 +/- 21.8 (jitter = 240.4)	7.206
240	images/sec: 1427.0 +/- 21.8 (jitter = 242.4)	7.193
241	images/sec: 1424.4 +/- 21.8 (jitter = 244.5)	7.193
242	images/sec: 1421.8 +/- 21.8 (jitter = 246.3)	7.195
243	images/sec: 1419.4 +/- 21.8 (jitter = 248.2)	7.202
244	images/sec: 1417.1 +/- 21.8 (jitter = 250.6)	7.195
245	images/sec: 1414.7 +/- 21.8 (jitter = 253.0)	7.191
246	images/sec: 1412.3 +/- 21.9 (jitter = 260.2)	7.195
247	images/sec: 1409.9 +/- 21.9 (jitter = 267.4)	7.205
248	images/sec: 1407.5 +/- 21.9 (jitter = 269.0)	7.196
249	images/sec: 1405.1 +/- 21.9 (jitter = 274.2)	7.203
250	images/sec: 1402.7 +/- 21.9 (jitter = 276.8)	7.195
251	images/sec: 1400.4 +/- 21.9 (jitter = 279.4)	7.199
252	images/sec: 1398.2 +/- 21.9 (jitter = 283.2)	7.185
253	images/sec: 1395.9 +/- 21.9 (jitter = 287.0)	7.182
254	images/sec: 1393.8 +/- 21.9 (jitter = 287.0)	7.202
255	images/sec: 1391.5 +/- 21.9 (jitter = 288.0)	7.207
256	images/sec: 1389.3 +/- 21.9 (jitter = 288.6)	7.196
----------------------------------------------------------------
total images/sec: 1333.03
----------------------------------------------------------------
