TensorFlow:  1.5
Model:       resnet50
Dataset:     imagenet (synthetic)
Mode:        training
SingleSess:  False
Batch size:  25 global
             25 per device
Devices:     ['/gpu:0']
Data format: NCHW
Layout optimizer: False
Optimizer:   sgd
Variables:   parameter_server
==========
Generating model
WARNING:tensorflow:From /salus/tf_benchmarks/scripts/tf_cnn_benchmarks/convnet_builder.py:372: calling reduce_mean (from tensorflow.python.ops.math_ops) with keep_dims is deprecated and will be removed in a future version.
Instructions for updating:
keep_dims is deprecated, use keepdims instead
WARNING:tensorflow:From /salus/tf_benchmarks/scripts/tf_cnn_benchmarks/benchmark_cnn.py:1125: __init__ (from tensorflow.python.training.supervisor) is deprecated and will be removed in a future version.
Instructions for updating:
Please switch to tf.train.MonitoredTrainingSession
Running warm up
Done warm up
Step	Img/sec	loss
1	images/sec: 183.8 +/- 0.0 (jitter = 0.0)	10.119
2	images/sec: 183.7 +/- 0.0 (jitter = 0.1)	9.727
3	images/sec: 183.7 +/- 0.0 (jitter = 0.1)	9.552
4	images/sec: 184.1 +/- 0.3 (jitter = 0.1)	9.073
5	images/sec: 184.3 +/- 0.3 (jitter = 0.2)	9.139
6	images/sec: 184.4 +/- 0.3 (jitter = 1.0)	8.880
7	images/sec: 184.7 +/- 0.3 (jitter = 1.3)	8.783
8	images/sec: 184.4 +/- 0.4 (jitter = 1.1)	8.642
9	images/sec: 184.5 +/- 0.3 (jitter = 1.4)	8.794
10	images/sec: 184.4 +/- 0.3 (jitter = 1.1)	8.295
11	images/sec: 184.4 +/- 0.3 (jitter = 1.2)	8.812
12	images/sec: 184.4 +/- 0.3 (jitter = 1.0)	8.681
13	images/sec: 184.5 +/- 0.2 (jitter = 0.7)	8.557
14	images/sec: 184.5 +/- 0.2 (jitter = 0.7)	8.264
15	images/sec: 184.4 +/- 0.2 (jitter = 0.8)	8.341
16	images/sec: 184.6 +/- 0.3 (jitter = 0.9)	9.908
17	images/sec: 184.5 +/- 0.3 (jitter = 0.9)	8.166
18	images/sec: 184.5 +/- 0.3 (jitter = 1.0)	8.313
19	images/sec: 184.7 +/- 0.3 (jitter = 0.9)	8.334
20	images/sec: 185.0 +/- 0.4 (jitter = 1.1)	8.217
21	images/sec: 185.0 +/- 0.4 (jitter = 1.4)	8.905
22	images/sec: 185.0 +/- 0.4 (jitter = 1.5)	8.127
23	images/sec: 185.1 +/- 0.4 (jitter = 1.4)	8.064
24	images/sec: 185.2 +/- 0.4 (jitter = 1.4)	8.100
25	images/sec: 184.9 +/- 0.4 (jitter = 1.5)	8.146
26	images/sec: 184.8 +/- 0.4 (jitter = 1.5)	7.893
27	images/sec: 184.8 +/- 0.4 (jitter = 1.5)	8.365
28	images/sec: 184.8 +/- 0.4 (jitter = 1.3)	8.017
29	images/sec: 184.8 +/- 0.4 (jitter = 1.4)	8.034
30	images/sec: 184.8 +/- 0.4 (jitter = 1.2)	8.020
31	images/sec: 184.7 +/- 0.4 (jitter = 1.3)	8.729
32	images/sec: 184.8 +/- 0.4 (jitter = 1.4)	7.941
33	images/sec: 184.7 +/- 0.4 (jitter = 1.4)	8.192
34	images/sec: 184.7 +/- 0.3 (jitter = 1.4)	7.951
35	images/sec: 184.7 +/- 0.3 (jitter = 1.3)	8.076
36	images/sec: 184.7 +/- 0.3 (jitter = 1.3)	7.992
37	images/sec: 184.7 +/- 0.3 (jitter = 1.2)	8.151
38	images/sec: 184.7 +/- 0.3 (jitter = 1.3)	7.921
39	images/sec: 184.7 +/- 0.3 (jitter = 1.3)	7.821
40	images/sec: 184.7 +/- 0.3 (jitter = 1.3)	8.132
41	images/sec: 184.7 +/- 0.3 (jitter = 1.4)	7.965
42	images/sec: 184.7 +/- 0.3 (jitter = 1.4)	7.909
43	images/sec: 184.6 +/- 0.3 (jitter = 1.4)	8.001
44	images/sec: 184.6 +/- 0.3 (jitter = 1.4)	7.948
45	images/sec: 184.6 +/- 0.3 (jitter = 1.4)	7.945
46	images/sec: 184.6 +/- 0.3 (jitter = 1.6)	7.878
47	images/sec: 184.6 +/- 0.3 (jitter = 1.4)	8.417
48	images/sec: 184.5 +/- 0.3 (jitter = 1.4)	8.421
49	images/sec: 184.6 +/- 0.3 (jitter = 1.4)	7.940
50	images/sec: 184.5 +/- 0.3 (jitter = 1.4)	8.006
51	images/sec: 184.6 +/- 0.3 (jitter = 1.4)	7.986
52	images/sec: 184.5 +/- 0.3 (jitter = 1.5)	7.921
53	images/sec: 184.5 +/- 0.3 (jitter = 1.6)	7.903
54	images/sec: 184.5 +/- 0.3 (jitter = 1.5)	8.022
55	images/sec: 184.4 +/- 0.3 (jitter = 1.6)	8.546
56	images/sec: 184.4 +/- 0.2 (jitter = 1.4)	7.993
57	images/sec: 184.4 +/- 0.2 (jitter = 1.2)	7.935
58	images/sec: 184.5 +/- 0.2 (jitter = 1.4)	7.998
59	images/sec: 184.5 +/- 0.2 (jitter = 1.3)	7.975
60	images/sec: 184.5 +/- 0.2 (jitter = 1.2)	8.017
61	images/sec: 184.5 +/- 0.2 (jitter = 1.2)	7.899
62	images/sec: 184.5 +/- 0.2 (jitter = 1.2)	7.803
63	images/sec: 184.5 +/- 0.2 (jitter = 1.2)	8.104
64	images/sec: 184.5 +/- 0.2 (jitter = 1.2)	7.903
65	images/sec: 184.4 +/- 0.2 (jitter = 1.2)	7.925
66	images/sec: 184.4 +/- 0.2 (jitter = 1.3)	7.866
67	images/sec: 184.3 +/- 0.2 (jitter = 1.5)	7.846
68	images/sec: 184.4 +/- 0.2 (jitter = 1.5)	7.916
69	images/sec: 184.3 +/- 0.2 (jitter = 1.5)	8.647
70	images/sec: 184.4 +/- 0.2 (jitter = 1.5)	7.871
71	images/sec: 184.4 +/- 0.2 (jitter = 1.5)	7.841
72	images/sec: 184.4 +/- 0.2 (jitter = 1.5)	7.861
73	images/sec: 184.4 +/- 0.2 (jitter = 1.5)	8.035
74	images/sec: 184.4 +/- 0.2 (jitter = 1.6)	7.936
75	images/sec: 184.4 +/- 0.2 (jitter = 1.6)	7.848
76	images/sec: 184.4 +/- 0.2 (jitter = 1.8)	7.916
77	images/sec: 184.4 +/- 0.2 (jitter = 1.6)	7.913
78	images/sec: 184.4 +/- 0.2 (jitter = 1.6)	7.898
79	images/sec: 184.4 +/- 0.2 (jitter = 1.5)	8.482
80	images/sec: 184.4 +/- 0.2 (jitter = 1.5)	7.906
81	images/sec: 184.4 +/- 0.2 (jitter = 1.4)	7.861
82	images/sec: 184.4 +/- 0.2 (jitter = 1.3)	7.911
83	images/sec: 184.4 +/- 0.2 (jitter = 1.4)	7.901
84	images/sec: 184.4 +/- 0.2 (jitter = 1.3)	7.798
85	images/sec: 184.5 +/- 0.2 (jitter = 1.4)	7.872
86	images/sec: 184.5 +/- 0.2 (jitter = 1.3)	7.929
87	images/sec: 184.5 +/- 0.2 (jitter = 1.2)	7.921
88	images/sec: 184.5 +/- 0.2 (jitter = 1.2)	7.926
89	images/sec: 184.5 +/- 0.2 (jitter = 1.2)	7.873
90	images/sec: 184.5 +/- 0.2 (jitter = 1.3)	7.973
91	images/sec: 184.4 +/- 0.2 (jitter = 1.4)	7.917
92	images/sec: 184.5 +/- 0.2 (jitter = 1.3)	7.877
93	images/sec: 184.4 +/- 0.2 (jitter = 1.2)	7.926
94	images/sec: 184.4 +/- 0.2 (jitter = 1.2)	7.926
95	images/sec: 184.5 +/- 0.2 (jitter = 1.2)	7.919
96	images/sec: 184.5 +/- 0.2 (jitter = 1.2)	7.986
97	images/sec: 184.5 +/- 0.2 (jitter = 1.2)	7.933
98	images/sec: 184.5 +/- 0.2 (jitter = 1.2)	7.886
99	images/sec: 184.5 +/- 0.2 (jitter = 1.2)	7.920
100	images/sec: 184.5 +/- 0.2 (jitter = 1.2)	7.962
101	images/sec: 184.4 +/- 0.2 (jitter = 1.2)	7.894
102	images/sec: 184.4 +/- 0.2 (jitter = 1.2)	7.811
103	images/sec: 184.4 +/- 0.2 (jitter = 1.2)	8.347
104	images/sec: 184.4 +/- 0.2 (jitter = 1.2)	7.983
105	images/sec: 184.4 +/- 0.2 (jitter = 1.2)	7.880
106	images/sec: 184.4 +/- 0.2 (jitter = 1.2)	7.904
107	images/sec: 184.4 +/- 0.2 (jitter = 1.2)	7.979
108	images/sec: 184.4 +/- 0.2 (jitter = 1.2)	7.957
109	images/sec: 184.4 +/- 0.2 (jitter = 1.2)	7.912
110	images/sec: 184.4 +/- 0.2 (jitter = 1.3)	7.917
111	images/sec: 184.4 +/- 0.2 (jitter = 1.4)	7.803
112	images/sec: 184.4 +/- 0.2 (jitter = 1.4)	7.829
113	images/sec: 184.4 +/- 0.2 (jitter = 1.4)	7.837
114	images/sec: 184.4 +/- 0.2 (jitter = 1.3)	7.949
115	images/sec: 184.4 +/- 0.2 (jitter = 1.4)	7.845
116	images/sec: 184.4 +/- 0.2 (jitter = 1.4)	7.824
117	images/sec: 184.5 +/- 0.2 (jitter = 1.4)	7.795
118	images/sec: 184.5 +/- 0.2 (jitter = 1.4)	7.947
119	images/sec: 184.5 +/- 0.2 (jitter = 1.4)	7.835
120	images/sec: 184.5 +/- 0.2 (jitter = 1.4)	7.892
121	images/sec: 184.5 +/- 0.2 (jitter = 1.4)	7.947
122	images/sec: 184.5 +/- 0.2 (jitter = 1.4)	7.887
123	images/sec: 184.5 +/- 0.2 (jitter = 1.4)	7.913
124	images/sec: 184.5 +/- 0.2 (jitter = 1.4)	7.986
125	images/sec: 184.5 +/- 0.2 (jitter = 1.4)	7.913
126	images/sec: 184.5 +/- 0.2 (jitter = 1.4)	7.993
127	images/sec: 184.5 +/- 0.2 (jitter = 1.4)	7.962
128	images/sec: 184.5 +/- 0.2 (jitter = 1.4)	7.849
129	images/sec: 184.5 +/- 0.2 (jitter = 1.4)	7.852
130	images/sec: 184.5 +/- 0.2 (jitter = 1.4)	7.909
131	images/sec: 184.5 +/- 0.2 (jitter = 1.4)	7.922
132	images/sec: 184.5 +/- 0.2 (jitter = 1.4)	7.824
133	images/sec: 184.5 +/- 0.2 (jitter = 1.4)	7.928
134	images/sec: 184.5 +/- 0.2 (jitter = 1.4)	7.872
135	images/sec: 184.5 +/- 0.2 (jitter = 1.4)	7.750
136	images/sec: 184.5 +/- 0.2 (jitter = 1.4)	7.874
137	images/sec: 184.5 +/- 0.2 (jitter = 1.4)	7.858
138	images/sec: 184.5 +/- 0.2 (jitter = 1.4)	7.862
139	images/sec: 184.5 +/- 0.2 (jitter = 1.4)	7.922
140	images/sec: 184.5 +/- 0.2 (jitter = 1.4)	7.828
141	images/sec: 184.5 +/- 0.2 (jitter = 1.4)	7.909
142	images/sec: 184.5 +/- 0.2 (jitter = 1.4)	7.851
143	images/sec: 184.5 +/- 0.2 (jitter = 1.4)	7.880
144	images/sec: 184.5 +/- 0.2 (jitter = 1.4)	8.155
145	images/sec: 184.5 +/- 0.2 (jitter = 1.4)	7.872
146	images/sec: 184.5 +/- 0.2 (jitter = 1.4)	7.923
147	images/sec: 184.5 +/- 0.2 (jitter = 1.4)	7.960
148	images/sec: 184.5 +/- 0.2 (jitter = 1.4)	8.010
149	images/sec: 184.5 +/- 0.2 (jitter = 1.4)	7.938
150	images/sec: 184.5 +/- 0.2 (jitter = 1.3)	7.888
151	images/sec: 184.5 +/- 0.2 (jitter = 1.4)	7.921
152	images/sec: 184.5 +/- 0.2 (jitter = 1.4)	7.870
153	images/sec: 184.5 +/- 0.2 (jitter = 1.4)	7.744
154	images/sec: 184.5 +/- 0.2 (jitter = 1.3)	8.022
155	images/sec: 184.5 +/- 0.2 (jitter = 1.2)	7.969
156	images/sec: 184.5 +/- 0.2 (jitter = 1.2)	7.879
157	images/sec: 184.5 +/- 0.1 (jitter = 1.2)	7.917
158	images/sec: 184.5 +/- 0.1 (jitter = 1.2)	7.852
159	images/sec: 184.5 +/- 0.1 (jitter = 1.2)	7.992
160	images/sec: 184.4 +/- 0.2 (jitter = 1.3)	7.843
161	images/sec: 184.4 +/- 0.2 (jitter = 1.4)	7.834
162	images/sec: 184.4 +/- 0.2 (jitter = 1.4)	7.816
163	images/sec: 184.4 +/- 0.2 (jitter = 1.3)	7.959
164	images/sec: 184.4 +/- 0.2 (jitter = 1.4)	8.012
165	images/sec: 184.4 +/- 0.2 (jitter = 1.4)	7.853
166	images/sec: 184.4 +/- 0.2 (jitter = 1.4)	7.887
167	images/sec: 184.4 +/- 0.2 (jitter = 1.4)	7.909
168	images/sec: 184.4 +/- 0.2 (jitter = 1.4)	7.868
169	images/sec: 184.4 +/- 0.2 (jitter = 1.4)	7.953
170	images/sec: 184.4 +/- 0.1 (jitter = 1.4)	8.028
171	images/sec: 184.4 +/- 0.1 (jitter = 1.4)	7.901
172	images/sec: 184.4 +/- 0.1 (jitter = 1.4)	7.894
173	images/sec: 184.4 +/- 0.2 (jitter = 1.4)	7.752
174	images/sec: 184.4 +/- 0.2 (jitter = 1.4)	7.961
175	images/sec: 184.4 +/- 0.1 (jitter = 1.4)	7.808
176	images/sec: 184.4 +/- 0.1 (jitter = 1.4)	8.011
177	images/sec: 184.4 +/- 0.1 (jitter = 1.4)	7.786
178	images/sec: 184.4 +/- 0.1 (jitter = 1.4)	7.882
179	images/sec: 184.4 +/- 0.1 (jitter = 1.4)	7.951
180	images/sec: 184.4 +/- 0.1 (jitter = 1.4)	7.869
181	images/sec: 184.4 +/- 0.1 (jitter = 1.4)	7.859
182	images/sec: 184.4 +/- 0.1 (jitter = 1.4)	7.852
183	images/sec: 184.4 +/- 0.1 (jitter = 1.4)	7.968
184	images/sec: 184.4 +/- 0.1 (jitter = 1.4)	7.883
185	images/sec: 184.4 +/- 0.1 (jitter = 1.4)	7.933
186	images/sec: 184.4 +/- 0.1 (jitter = 1.4)	7.885
187	images/sec: 184.4 +/- 0.1 (jitter = 1.4)	7.802
188	images/sec: 184.4 +/- 0.1 (jitter = 1.4)	7.867
189	images/sec: 184.4 +/- 0.1 (jitter = 1.4)	7.722
190	images/sec: 184.4 +/- 0.1 (jitter = 1.4)	7.887
191	images/sec: 184.4 +/- 0.1 (jitter = 1.4)	7.865
192	images/sec: 184.4 +/- 0.1 (jitter = 1.4)	7.959
193	images/sec: 184.4 +/- 0.1 (jitter = 1.3)	7.763
194	images/sec: 184.4 +/- 0.1 (jitter = 1.3)	7.984
195	images/sec: 184.4 +/- 0.1 (jitter = 1.3)	7.881
196	images/sec: 184.4 +/- 0.1 (jitter = 1.3)	7.972
197	images/sec: 184.4 +/- 0.1 (jitter = 1.4)	7.935
198	images/sec: 184.4 +/- 0.1 (jitter = 1.3)	7.871
199	images/sec: 184.4 +/- 0.1 (jitter = 1.3)	7.907
200	images/sec: 184.4 +/- 0.1 (jitter = 1.3)	7.987
201	images/sec: 184.4 +/- 0.1 (jitter = 1.3)	7.865
202	images/sec: 184.4 +/- 0.1 (jitter = 1.3)	7.793
203	images/sec: 184.4 +/- 0.1 (jitter = 1.3)	7.834
204	images/sec: 184.4 +/- 0.1 (jitter = 1.3)	7.821
205	images/sec: 184.4 +/- 0.1 (jitter = 1.3)	7.968
206	images/sec: 184.4 +/- 0.1 (jitter = 1.3)	7.798
207	images/sec: 184.4 +/- 0.1 (jitter = 1.3)	7.856
208	images/sec: 184.4 +/- 0.1 (jitter = 1.3)	7.818
209	images/sec: 184.4 +/- 0.1 (jitter = 1.2)	7.912
210	images/sec: 184.4 +/- 0.1 (jitter = 1.3)	7.941
211	images/sec: 184.4 +/- 0.1 (jitter = 1.3)	7.854
212	images/sec: 184.4 +/- 0.1 (jitter = 1.3)	7.927
213	images/sec: 184.4 +/- 0.1 (jitter = 1.3)	7.937
214	images/sec: 184.4 +/- 0.1 (jitter = 1.3)	7.978
215	images/sec: 184.4 +/- 0.1 (jitter = 1.2)	7.928
216	images/sec: 184.4 +/- 0.1 (jitter = 1.2)	7.900
217	images/sec: 184.4 +/- 0.1 (jitter = 1.2)	7.871
218	images/sec: 184.4 +/- 0.1 (jitter = 1.2)	7.892
219	images/sec: 184.4 +/- 0.1 (jitter = 1.2)	7.883
220	images/sec: 184.4 +/- 0.1 (jitter = 1.2)	7.824
221	images/sec: 184.4 +/- 0.1 (jitter = 1.2)	7.737
222	images/sec: 184.5 +/- 0.1 (jitter = 1.2)	7.888
223	images/sec: 184.4 +/- 0.1 (jitter = 1.2)	7.945
224	images/sec: 184.4 +/- 0.1 (jitter = 1.2)	7.873
225	images/sec: 184.4 +/- 0.1 (jitter = 1.2)	7.790
226	images/sec: 184.4 +/- 0.1 (jitter = 1.2)	7.962
227	images/sec: 184.4 +/- 0.1 (jitter = 1.2)	7.873
228	images/sec: 184.4 +/- 0.1 (jitter = 1.2)	7.884
229	images/sec: 184.4 +/- 0.1 (jitter = 1.2)	7.887
230	images/sec: 184.5 +/- 0.1 (jitter = 1.2)	7.933
231	images/sec: 184.5 +/- 0.1 (jitter = 1.2)	7.873
232	images/sec: 184.5 +/- 0.1 (jitter = 1.2)	7.843
233	images/sec: 184.5 +/- 0.1 (jitter = 1.2)	7.852
234	images/sec: 184.7 +/- 0.3 (jitter = 1.2)	7.865
235	images/sec: 185.0 +/- 0.6 (jitter = 1.2)	7.811
236	images/sec: 185.3 +/- 0.8 (jitter = 1.3)	7.885
237	images/sec: 185.6 +/- 0.9 (jitter = 1.3)	7.840
238	images/sec: 185.9 +/- 1.0 (jitter = 1.3)	7.806
239	images/sec: 186.1 +/- 1.1 (jitter = 1.3)	7.880
240	images/sec: 186.4 +/- 1.1 (jitter = 1.3)	8.392
241	images/sec: 186.7 +/- 1.2 (jitter = 1.3)	8.070
242	images/sec: 187.0 +/- 1.3 (jitter = 1.3)	7.801
243	images/sec: 187.3 +/- 1.4 (jitter = 1.3)	7.968
244	images/sec: 187.6 +/- 1.4 (jitter = 1.3)	7.873
245	images/sec: 187.8 +/- 1.5 (jitter = 1.3)	7.807
246	images/sec: 188.1 +/- 1.6 (jitter = 1.3)	8.303
247	images/sec: 188.4 +/- 1.6 (jitter = 1.3)	7.918
248	images/sec: 188.7 +/- 1.7 (jitter = 1.4)	7.838
249	images/sec: 189.0 +/- 1.7 (jitter = 1.4)	7.918
250	images/sec: 189.3 +/- 1.8 (jitter = 1.4)	8.025
251	images/sec: 189.6 +/- 1.8 (jitter = 1.4)	7.826
252	images/sec: 189.8 +/- 1.9 (jitter = 1.4)	7.886
----------------------------------------------------------------
total images/sec: 188.22
----------------------------------------------------------------
