TensorFlow:  1.5
Model:       resnet50
Dataset:     imagenet (synthetic)
Mode:        training
SingleSess:  False
Batch size:  25 global
             25 per device
Devices:     ['/gpu:0']
Data format: NCHW
Layout optimizer: False
Optimizer:   sgd
Variables:   parameter_server
==========
Generating model
WARNING:tensorflow:From /salus/tf_benchmarks/scripts/tf_cnn_benchmarks/convnet_builder.py:372: calling reduce_mean (from tensorflow.python.ops.math_ops) with keep_dims is deprecated and will be removed in a future version.
Instructions for updating:
keep_dims is deprecated, use keepdims instead
WARNING:tensorflow:From /salus/tf_benchmarks/scripts/tf_cnn_benchmarks/benchmark_cnn.py:1124: __init__ (from tensorflow.python.training.supervisor) is deprecated and will be removed in a future version.
Instructions for updating:
Please switch to tf.train.MonitoredTrainingSession
Running warm up
Done warm up
Step	Img/sec	loss
1	images/sec: 179.6 +/- 0.0 (jitter = 0.0)	11.073
2	images/sec: 178.7 +/- 0.6 (jitter = 1.3)	9.435
3	images/sec: 179.2 +/- 0.6 (jitter = 1.0)	9.926
4	images/sec: 179.5 +/- 0.5 (jitter = 0.5)	9.296
5	images/sec: 178.8 +/- 0.7 (jitter = 1.0)	9.197
6	images/sec: 179.3 +/- 0.8 (jitter = 1.7)	8.714
7	images/sec: 179.8 +/- 0.8 (jitter = 2.4)	9.022
8	images/sec: 180.0 +/- 0.8 (jitter = 2.5)	8.457
9	images/sec: 180.2 +/- 0.7 (jitter = 2.4)	8.746
10	images/sec: 180.0 +/- 0.6 (jitter = 2.4)	8.734
11	images/sec: 179.8 +/- 0.6 (jitter = 2.5)	8.257
12	images/sec: 179.9 +/- 0.6 (jitter = 2.4)	8.815
13	images/sec: 179.6 +/- 0.6 (jitter = 2.5)	8.242
14	images/sec: 179.7 +/- 0.5 (jitter = 2.4)	8.604
15	images/sec: 180.0 +/- 0.6 (jitter = 2.5)	8.359
16	images/sec: 180.0 +/- 0.5 (jitter = 2.4)	8.510
17	images/sec: 179.8 +/- 0.5 (jitter = 2.6)	8.428
18	images/sec: 179.9 +/- 0.5 (jitter = 2.4)	8.466
19	images/sec: 180.0 +/- 0.5 (jitter = 2.4)	8.194
20	images/sec: 180.0 +/- 0.5 (jitter = 2.4)	8.449
21	images/sec: 180.1 +/- 0.4 (jitter = 2.3)	9.553
22	images/sec: 180.2 +/- 0.4 (jitter = 2.3)	8.126
23	images/sec: 180.2 +/- 0.4 (jitter = 2.3)	8.332
24	images/sec: 180.0 +/- 0.4 (jitter = 2.4)	8.170
25	images/sec: 180.2 +/- 0.4 (jitter = 2.4)	8.230
26	images/sec: 180.2 +/- 0.4 (jitter = 2.4)	8.097
27	images/sec: 180.2 +/- 0.4 (jitter = 2.3)	8.135
28	images/sec: 180.2 +/- 0.4 (jitter = 2.2)	8.154
29	images/sec: 180.2 +/- 0.4 (jitter = 2.1)	8.027
30	images/sec: 180.1 +/- 0.4 (jitter = 2.2)	7.969
31	images/sec: 180.1 +/- 0.4 (jitter = 2.1)	9.348
32	images/sec: 180.2 +/- 0.4 (jitter = 1.8)	8.050
33	images/sec: 180.2 +/- 0.3 (jitter = 1.6)	8.091
34	images/sec: 180.2 +/- 0.3 (jitter = 1.6)	8.119
35	images/sec: 180.2 +/- 0.3 (jitter = 1.6)	8.088
36	images/sec: 180.3 +/- 0.3 (jitter = 1.5)	8.051
37	images/sec: 180.3 +/- 0.3 (jitter = 1.5)	8.086
38	images/sec: 180.0 +/- 0.4 (jitter = 1.5)	7.986
39	images/sec: 180.0 +/- 0.4 (jitter = 1.6)	7.950
40	images/sec: 180.1 +/- 0.4 (jitter = 1.5)	8.137
41	images/sec: 180.1 +/- 0.4 (jitter = 1.5)	8.031
42	images/sec: 180.1 +/- 0.4 (jitter = 1.5)	8.002
43	images/sec: 180.1 +/- 0.4 (jitter = 1.5)	8.084
44	images/sec: 180.1 +/- 0.4 (jitter = 1.4)	7.957
45	images/sec: 180.1 +/- 0.4 (jitter = 1.5)	8.125
46	images/sec: 180.2 +/- 0.4 (jitter = 1.5)	7.945
47	images/sec: 180.2 +/- 0.4 (jitter = 1.5)	7.886
48	images/sec: 180.3 +/- 0.4 (jitter = 1.4)	7.992
49	images/sec: 180.3 +/- 0.3 (jitter = 1.4)	8.018
50	images/sec: 180.3 +/- 0.3 (jitter = 1.4)	8.019
51	images/sec: 180.3 +/- 0.3 (jitter = 1.4)	8.021
52	images/sec: 180.3 +/- 0.3 (jitter = 1.4)	7.956
53	images/sec: 180.4 +/- 0.3 (jitter = 1.4)	7.975
54	images/sec: 180.3 +/- 0.3 (jitter = 1.6)	7.931
55	images/sec: 180.3 +/- 0.3 (jitter = 1.7)	9.004
56	images/sec: 180.3 +/- 0.3 (jitter = 1.7)	7.942
57	images/sec: 180.3 +/- 0.3 (jitter = 1.7)	7.936
58	images/sec: 180.3 +/- 0.3 (jitter = 1.6)	7.861
59	images/sec: 180.2 +/- 0.3 (jitter = 1.7)	8.122
60	images/sec: 180.3 +/- 0.3 (jitter = 1.7)	7.962
61	images/sec: 180.3 +/- 0.3 (jitter = 1.7)	8.032
62	images/sec: 180.3 +/- 0.3 (jitter = 1.7)	7.844
63	images/sec: 180.3 +/- 0.3 (jitter = 1.7)	8.066
64	images/sec: 180.3 +/- 0.3 (jitter = 1.6)	8.045
65	images/sec: 180.4 +/- 0.3 (jitter = 1.7)	7.833
66	images/sec: 180.4 +/- 0.3 (jitter = 1.6)	7.802
67	images/sec: 180.4 +/- 0.3 (jitter = 1.7)	7.885
68	images/sec: 180.4 +/- 0.3 (jitter = 1.7)	8.104
69	images/sec: 180.4 +/- 0.3 (jitter = 1.7)	8.930
70	images/sec: 180.5 +/- 0.3 (jitter = 1.7)	7.892
71	images/sec: 180.5 +/- 0.3 (jitter = 1.7)	7.917
72	images/sec: 180.5 +/- 0.3 (jitter = 1.6)	7.861
73	images/sec: 180.4 +/- 0.3 (jitter = 1.7)	8.000
74	images/sec: 180.4 +/- 0.3 (jitter = 1.7)	7.977
75	images/sec: 180.4 +/- 0.3 (jitter = 1.7)	7.787
76	images/sec: 180.3 +/- 0.3 (jitter = 1.8)	8.051
77	images/sec: 180.3 +/- 0.3 (jitter = 1.8)	7.956
78	images/sec: 180.2 +/- 0.3 (jitter = 1.8)	7.874
79	images/sec: 180.2 +/- 0.3 (jitter = 1.9)	8.898
80	images/sec: 180.2 +/- 0.3 (jitter = 1.8)	7.881
81	images/sec: 180.1 +/- 0.3 (jitter = 1.9)	7.931
82	images/sec: 180.1 +/- 0.3 (jitter = 1.8)	7.887
83	images/sec: 180.1 +/- 0.3 (jitter = 1.8)	7.959
84	images/sec: 180.2 +/- 0.3 (jitter = 1.8)	7.834
85	images/sec: 180.1 +/- 0.3 (jitter = 1.9)	7.751
86	images/sec: 180.1 +/- 0.3 (jitter = 1.8)	8.007
87	images/sec: 180.1 +/- 0.3 (jitter = 1.8)	7.860
88	images/sec: 180.2 +/- 0.3 (jitter = 1.8)	7.831
89	images/sec: 180.2 +/- 0.3 (jitter = 1.9)	7.917
90	images/sec: 180.2 +/- 0.3 (jitter = 1.8)	7.966
91	images/sec: 180.1 +/- 0.3 (jitter = 1.9)	7.880
92	images/sec: 180.1 +/- 0.3 (jitter = 1.9)	7.994
93	images/sec: 180.1 +/- 0.3 (jitter = 1.9)	7.938
94	images/sec: 180.1 +/- 0.3 (jitter = 1.9)	7.906
95	images/sec: 180.2 +/- 0.3 (jitter = 1.9)	7.969
96	images/sec: 180.2 +/- 0.2 (jitter = 1.9)	7.957
97	images/sec: 180.2 +/- 0.2 (jitter = 1.9)	7.942
98	images/sec: 180.2 +/- 0.2 (jitter = 1.9)	7.907
99	images/sec: 180.2 +/- 0.2 (jitter = 1.9)	7.915
100	images/sec: 180.2 +/- 0.2 (jitter = 1.9)	7.977
101	images/sec: 180.2 +/- 0.2 (jitter = 1.9)	7.908
102	images/sec: 180.2 +/- 0.2 (jitter = 1.9)	7.809
103	images/sec: 180.2 +/- 0.2 (jitter = 1.9)	8.109
104	images/sec: 180.2 +/- 0.2 (jitter = 1.9)	7.964
105	images/sec: 180.2 +/- 0.2 (jitter = 1.9)	7.898
106	images/sec: 180.2 +/- 0.2 (jitter = 1.9)	7.932
107	images/sec: 180.2 +/- 0.2 (jitter = 1.9)	7.946
108	images/sec: 180.2 +/- 0.2 (jitter = 1.9)	8.048
109	images/sec: 180.2 +/- 0.2 (jitter = 1.9)	7.865
110	images/sec: 180.2 +/- 0.2 (jitter = 1.9)	7.923
111	images/sec: 180.2 +/- 0.2 (jitter = 1.9)	7.833
112	images/sec: 180.2 +/- 0.2 (jitter = 1.9)	7.908
113	images/sec: 180.2 +/- 0.2 (jitter = 1.9)	8.021
114	images/sec: 180.2 +/- 0.2 (jitter = 1.9)	7.932
115	images/sec: 180.2 +/- 0.2 (jitter = 1.8)	7.881
116	images/sec: 180.2 +/- 0.2 (jitter = 1.9)	7.780
117	images/sec: 180.2 +/- 0.2 (jitter = 1.8)	7.760
118	images/sec: 180.2 +/- 0.2 (jitter = 1.8)	7.974
119	images/sec: 180.2 +/- 0.2 (jitter = 1.9)	7.826
120	images/sec: 180.2 +/- 0.2 (jitter = 1.9)	7.891
121	images/sec: 180.2 +/- 0.2 (jitter = 1.9)	7.926
122	images/sec: 180.2 +/- 0.2 (jitter = 1.9)	7.860
123	images/sec: 180.2 +/- 0.2 (jitter = 1.9)	7.915
124	images/sec: 180.2 +/- 0.2 (jitter = 1.9)	7.986
125	images/sec: 180.2 +/- 0.2 (jitter = 1.9)	7.956
126	images/sec: 180.2 +/- 0.2 (jitter = 1.9)	7.880
127	images/sec: 180.2 +/- 0.2 (jitter = 1.9)	7.931
128	images/sec: 180.2 +/- 0.2 (jitter = 1.9)	7.830
129	images/sec: 180.2 +/- 0.2 (jitter = 1.9)	7.876
130	images/sec: 180.2 +/- 0.2 (jitter = 1.8)	7.881
131	images/sec: 180.2 +/- 0.2 (jitter = 1.9)	7.951
132	images/sec: 180.3 +/- 0.2 (jitter = 1.8)	7.802
133	images/sec: 180.2 +/- 0.2 (jitter = 1.9)	7.958
134	images/sec: 180.2 +/- 0.2 (jitter = 1.9)	7.919
135	images/sec: 180.2 +/- 0.2 (jitter = 1.9)	7.726
136	images/sec: 180.2 +/- 0.2 (jitter = 1.9)	7.886
137	images/sec: 180.2 +/- 0.2 (jitter = 1.9)	7.821
138	images/sec: 180.2 +/- 0.2 (jitter = 1.9)	7.930
139	images/sec: 180.2 +/- 0.2 (jitter = 1.9)	7.905
140	images/sec: 180.2 +/- 0.2 (jitter = 1.9)	7.862
141	images/sec: 180.2 +/- 0.2 (jitter = 1.9)	7.857
142	images/sec: 180.2 +/- 0.2 (jitter = 1.9)	7.873
143	images/sec: 180.2 +/- 0.2 (jitter = 1.9)	7.722
144	images/sec: 180.2 +/- 0.2 (jitter = 1.9)	8.058
145	images/sec: 180.2 +/- 0.2 (jitter = 1.9)	7.860
146	images/sec: 180.2 +/- 0.2 (jitter = 1.9)	7.932
147	images/sec: 180.2 +/- 0.2 (jitter = 1.9)	7.915
148	images/sec: 180.2 +/- 0.2 (jitter = 1.9)	8.071
149	images/sec: 180.2 +/- 0.2 (jitter = 1.9)	7.968
150	images/sec: 180.2 +/- 0.2 (jitter = 1.9)	7.821
151	images/sec: 180.2 +/- 0.2 (jitter = 1.9)	7.938
152	images/sec: 180.2 +/- 0.2 (jitter = 1.9)	7.957
153	images/sec: 180.2 +/- 0.2 (jitter = 1.9)	7.880
154	images/sec: 180.2 +/- 0.2 (jitter = 1.9)	7.979
155	images/sec: 180.2 +/- 0.2 (jitter = 1.9)	8.068
156	images/sec: 180.2 +/- 0.2 (jitter = 1.9)	7.844
157	images/sec: 180.2 +/- 0.2 (jitter = 1.9)	7.953
158	images/sec: 180.2 +/- 0.2 (jitter = 1.9)	7.888
159	images/sec: 180.2 +/- 0.2 (jitter = 1.9)	7.979
160	images/sec: 180.2 +/- 0.2 (jitter = 1.9)	7.876
161	images/sec: 180.3 +/- 0.2 (jitter = 1.9)	7.798
162	images/sec: 180.2 +/- 0.2 (jitter = 1.9)	7.926
163	images/sec: 180.2 +/- 0.2 (jitter = 1.9)	7.908
164	images/sec: 180.2 +/- 0.2 (jitter = 1.9)	7.954
165	images/sec: 180.2 +/- 0.2 (jitter = 1.9)	7.829
166	images/sec: 180.2 +/- 0.2 (jitter = 1.9)	7.880
167	images/sec: 180.2 +/- 0.2 (jitter = 1.9)	7.955
168	images/sec: 180.2 +/- 0.2 (jitter = 1.9)	7.908
169	images/sec: 180.2 +/- 0.2 (jitter = 1.9)	7.971
170	images/sec: 180.2 +/- 0.2 (jitter = 1.9)	8.055
171	images/sec: 180.2 +/- 0.2 (jitter = 1.9)	7.861
172	images/sec: 180.2 +/- 0.2 (jitter = 1.9)	7.835
173	images/sec: 180.2 +/- 0.2 (jitter = 1.9)	7.821
174	images/sec: 180.2 +/- 0.2 (jitter = 1.9)	7.897
175	images/sec: 180.2 +/- 0.2 (jitter = 1.9)	7.817
176	images/sec: 180.2 +/- 0.2 (jitter = 1.9)	8.142
177	images/sec: 180.2 +/- 0.2 (jitter = 1.9)	7.731
178	images/sec: 180.2 +/- 0.2 (jitter = 1.9)	7.906
179	images/sec: 180.2 +/- 0.2 (jitter = 1.9)	8.006
180	images/sec: 180.2 +/- 0.2 (jitter = 1.9)	7.846
181	images/sec: 180.2 +/- 0.2 (jitter = 1.9)	7.924
182	images/sec: 180.2 +/- 0.2 (jitter = 1.9)	7.907
183	images/sec: 180.2 +/- 0.2 (jitter = 1.9)	8.006
184	images/sec: 180.2 +/- 0.2 (jitter = 1.9)	7.893
185	images/sec: 180.2 +/- 0.2 (jitter = 1.9)	7.938
186	images/sec: 180.2 +/- 0.2 (jitter = 1.9)	7.898
187	images/sec: 180.2 +/- 0.2 (jitter = 1.9)	7.785
188	images/sec: 180.2 +/- 0.2 (jitter = 1.9)	7.849
189	images/sec: 180.2 +/- 0.2 (jitter = 1.9)	7.806
190	images/sec: 180.2 +/- 0.2 (jitter = 1.9)	7.855
191	images/sec: 180.2 +/- 0.2 (jitter = 1.9)	7.845
192	images/sec: 180.2 +/- 0.2 (jitter = 1.9)	7.920
193	images/sec: 180.3 +/- 0.2 (jitter = 1.9)	7.911
194	images/sec: 180.3 +/- 0.2 (jitter = 1.9)	7.824
195	images/sec: 180.2 +/- 0.2 (jitter = 1.9)	7.883
196	images/sec: 180.2 +/- 0.2 (jitter = 1.9)	7.968
197	images/sec: 180.3 +/- 0.2 (jitter = 1.9)	7.907
198	images/sec: 180.2 +/- 0.2 (jitter = 1.9)	7.937
199	images/sec: 180.2 +/- 0.2 (jitter = 1.9)	7.876
200	images/sec: 180.3 +/- 0.2 (jitter = 1.9)	7.996
201	images/sec: 180.3 +/- 0.2 (jitter = 1.9)	7.894
202	images/sec: 180.2 +/- 0.2 (jitter = 1.9)	7.802
203	images/sec: 180.2 +/- 0.2 (jitter = 1.9)	7.876
204	images/sec: 180.2 +/- 0.2 (jitter = 1.9)	7.812
205	images/sec: 180.2 +/- 0.2 (jitter = 1.9)	7.923
206	images/sec: 180.2 +/- 0.2 (jitter = 1.9)	7.784
207	images/sec: 180.2 +/- 0.2 (jitter = 1.9)	7.836
208	images/sec: 180.2 +/- 0.2 (jitter = 1.9)	7.820
209	images/sec: 180.2 +/- 0.2 (jitter = 1.9)	7.918
210	images/sec: 180.2 +/- 0.2 (jitter = 1.9)	7.938
211	images/sec: 180.2 +/- 0.2 (jitter = 1.9)	7.896
212	images/sec: 180.2 +/- 0.2 (jitter = 1.9)	7.966
213	images/sec: 180.2 +/- 0.1 (jitter = 1.9)	8.004
214	images/sec: 180.2 +/- 0.1 (jitter = 1.9)	7.994
215	images/sec: 180.2 +/- 0.1 (jitter = 1.9)	7.902
216	images/sec: 180.2 +/- 0.1 (jitter = 1.8)	7.865
217	images/sec: 180.2 +/- 0.1 (jitter = 1.9)	7.901
218	images/sec: 180.2 +/- 0.1 (jitter = 1.8)	7.880
219	images/sec: 180.2 +/- 0.1 (jitter = 1.9)	7.874
220	images/sec: 180.2 +/- 0.1 (jitter = 1.9)	7.830
221	images/sec: 180.5 +/- 0.5 (jitter = 1.9)	7.811
222	images/sec: 180.8 +/- 0.7 (jitter = 1.9)	7.950
223	images/sec: 181.1 +/- 0.9 (jitter = 1.9)	7.948
224	images/sec: 181.4 +/- 1.0 (jitter = 1.9)	7.808
225	images/sec: 181.7 +/- 1.1 (jitter = 1.9)	7.854
226	images/sec: 182.0 +/- 1.2 (jitter = 1.9)	8.017
227	images/sec: 182.3 +/- 1.3 (jitter = 1.9)	7.872
228	images/sec: 182.6 +/- 1.3 (jitter = 1.9)	7.861
229	images/sec: 182.9 +/- 1.4 (jitter = 1.9)	7.931
230	images/sec: 183.2 +/- 1.5 (jitter = 1.9)	7.908
231	images/sec: 183.5 +/- 1.5 (jitter = 1.9)	7.839
232	images/sec: 183.8 +/- 1.6 (jitter = 1.9)	7.856
233	images/sec: 184.1 +/- 1.7 (jitter = 2.0)	7.950
234	images/sec: 184.3 +/- 1.7 (jitter = 2.0)	7.872
235	images/sec: 184.6 +/- 1.8 (jitter = 2.0)	7.907
236	images/sec: 184.9 +/- 1.8 (jitter = 1.9)	7.853
237	images/sec: 185.2 +/- 1.9 (jitter = 1.9)	7.886
238	images/sec: 185.5 +/- 1.9 (jitter = 2.0)	7.785
239	images/sec: 185.8 +/- 1.9 (jitter = 2.0)	7.915
240	images/sec: 186.0 +/- 2.0 (jitter = 2.0)	8.662
241	images/sec: 186.3 +/- 2.0 (jitter = 2.0)	7.915
242	images/sec: 186.6 +/- 2.0 (jitter = 2.1)	7.860
243	images/sec: 186.9 +/- 2.1 (jitter = 2.1)	7.900
244	images/sec: 187.2 +/- 2.1 (jitter = 2.1)	7.945
245	images/sec: 187.4 +/- 2.1 (jitter = 2.1)	7.801
246	images/sec: 187.7 +/- 2.2 (jitter = 2.1)	8.595
247	images/sec: 188.0 +/- 2.2 (jitter = 2.1)	7.906
248	images/sec: 188.2 +/- 2.2 (jitter = 2.1)	7.841
249	images/sec: 188.5 +/- 2.2 (jitter = 2.1)	7.930
250	images/sec: 188.8 +/- 2.3 (jitter = 2.1)	7.999
251	images/sec: 189.0 +/- 2.3 (jitter = 2.1)	7.863
252	images/sec: 189.3 +/- 2.3 (jitter = 2.2)	7.824
253	images/sec: 189.6 +/- 2.3 (jitter = 2.2)	7.818
254	images/sec: 189.8 +/- 2.4 (jitter = 2.2)	7.835
255	images/sec: 190.1 +/- 2.4 (jitter = 2.2)	7.926
256	images/sec: 190.3 +/- 2.4 (jitter = 2.2)	7.840
257	images/sec: 190.6 +/- 2.4 (jitter = 2.2)	7.858
258	images/sec: 190.8 +/- 2.4 (jitter = 2.2)	7.912
259	images/sec: 191.1 +/- 2.5 (jitter = 2.2)	7.829
260	images/sec: 191.3 +/- 2.5 (jitter = 2.3)	7.818
261	images/sec: 191.6 +/- 2.5 (jitter = 2.3)	7.830
262	images/sec: 191.9 +/- 2.5 (jitter = 2.4)	7.883
263	images/sec: 192.1 +/- 2.5 (jitter = 2.4)	7.817
264	images/sec: 192.3 +/- 2.5 (jitter = 2.5)	7.834
265	images/sec: 192.6 +/- 2.6 (jitter = 2.5)	7.841
266	images/sec: 192.8 +/- 2.6 (jitter = 2.5)	7.893
267	images/sec: 193.1 +/- 2.6 (jitter = 2.5)	7.838
268	images/sec: 193.3 +/- 2.6 (jitter = 2.5)	7.948
269	images/sec: 193.6 +/- 2.6 (jitter = 2.5)	7.901
270	images/sec: 193.8 +/- 2.6 (jitter = 2.5)	7.916
271	images/sec: 194.1 +/- 2.6 (jitter = 2.5)	7.891
272	images/sec: 194.3 +/- 2.6 (jitter = 2.5)	7.913
273	images/sec: 194.5 +/- 2.6 (jitter = 2.5)	7.938
274	images/sec: 194.8 +/- 2.7 (jitter = 2.5)	7.850
275	images/sec: 195.0 +/- 2.7 (jitter = 2.5)	7.897
276	images/sec: 195.2 +/- 2.7 (jitter = 2.5)	7.844
277	images/sec: 195.5 +/- 2.7 (jitter = 2.6)	8.047
278	images/sec: 195.7 +/- 2.7 (jitter = 2.6)	7.928
279	images/sec: 195.9 +/- 2.7 (jitter = 2.6)	7.924
280	images/sec: 196.1 +/- 2.7 (jitter = 2.7)	8.001
281	images/sec: 196.4 +/- 2.7 (jitter = 2.7)	7.868
282	images/sec: 196.6 +/- 2.7 (jitter = 2.8)	7.879
283	images/sec: 196.8 +/- 2.7 (jitter = 2.9)	7.811
284	images/sec: 197.1 +/- 2.7 (jitter = 2.8)	7.943
285	images/sec: 197.3 +/- 2.8 (jitter = 2.8)	7.974
286	images/sec: 197.5 +/- 2.8 (jitter = 2.9)	7.954
287	images/sec: 197.7 +/- 2.8 (jitter = 2.9)	7.938
288	images/sec: 197.9 +/- 2.8 (jitter = 2.9)	7.856
289	images/sec: 198.2 +/- 2.8 (jitter = 2.9)	7.969
290	images/sec: 198.4 +/- 2.8 (jitter = 2.9)	7.894
291	images/sec: 198.6 +/- 2.8 (jitter = 2.9)	7.843
292	images/sec: 198.8 +/- 2.8 (jitter = 3.0)	7.830
293	images/sec: 199.0 +/- 2.8 (jitter = 3.0)	7.834
294	images/sec: 199.2 +/- 2.8 (jitter = 3.0)	7.878
295	images/sec: 199.4 +/- 2.8 (jitter = 3.1)	7.857
296	images/sec: 199.7 +/- 2.8 (jitter = 3.1)	7.838
297	images/sec: 199.9 +/- 2.8 (jitter = 3.1)	7.914
298	images/sec: 200.1 +/- 2.8 (jitter = 3.1)	7.931
299	images/sec: 200.3 +/- 2.8 (jitter = 3.1)	7.845
300	images/sec: 200.5 +/- 2.8 (jitter = 3.1)	7.883
301	images/sec: 200.7 +/- 2.8 (jitter = 3.2)	7.884
302	images/sec: 200.9 +/- 2.8 (jitter = 3.2)	7.845
303	images/sec: 201.1 +/- 2.8 (jitter = 3.2)	7.906
304	images/sec: 201.3 +/- 2.8 (jitter = 3.2)	7.797
305	images/sec: 201.5 +/- 2.8 (jitter = 3.3)	7.849
306	images/sec: 201.7 +/- 2.8 (jitter = 3.3)	7.857
307	images/sec: 201.9 +/- 2.8 (jitter = 3.3)	7.872
308	images/sec: 202.1 +/- 2.8 (jitter = 3.4)	7.919
309	images/sec: 202.3 +/- 2.8 (jitter = 3.4)	7.877
310	images/sec: 202.5 +/- 2.9 (jitter = 3.4)	7.934
311	images/sec: 202.7 +/- 2.9 (jitter = 3.4)	7.837
312	images/sec: 202.9 +/- 2.9 (jitter = 3.5)	7.898
313	images/sec: 203.1 +/- 2.9 (jitter = 3.6)	7.856
314	images/sec: 203.3 +/- 2.9 (jitter = 3.6)	7.811
315	images/sec: 203.5 +/- 2.9 (jitter = 3.6)	7.860
316	images/sec: 203.7 +/- 2.9 (jitter = 3.7)	7.820
317	images/sec: 203.9 +/- 2.9 (jitter = 3.7)	7.954
318	images/sec: 204.1 +/- 2.9 (jitter = 3.7)	7.911
319	images/sec: 204.3 +/- 2.9 (jitter = 3.8)	7.984
320	images/sec: 204.5 +/- 2.9 (jitter = 3.9)	7.871
321	images/sec: 204.6 +/- 2.9 (jitter = 3.9)	7.915
322	images/sec: 204.8 +/- 2.9 (jitter = 3.9)	7.935
323	images/sec: 205.0 +/- 2.9 (jitter = 3.9)	7.867
324	images/sec: 205.2 +/- 2.9 (jitter = 3.9)	7.904
325	images/sec: 205.4 +/- 2.9 (jitter = 3.9)	7.901
326	images/sec: 205.6 +/- 2.9 (jitter = 3.9)	7.843
327	images/sec: 205.8 +/- 2.9 (jitter = 4.0)	7.860
328	images/sec: 205.9 +/- 2.9 (jitter = 4.0)	7.862
329	images/sec: 206.1 +/- 2.9 (jitter = 4.1)	7.830
330	images/sec: 206.3 +/- 2.9 (jitter = 4.1)	7.847
331	images/sec: 206.5 +/- 2.9 (jitter = 4.1)	7.767
332	images/sec: 206.7 +/- 2.9 (jitter = 4.2)	7.880
333	images/sec: 206.9 +/- 2.9 (jitter = 4.2)	7.875
334	images/sec: 207.0 +/- 2.9 (jitter = 4.3)	7.825
335	images/sec: 207.2 +/- 2.9 (jitter = 4.3)	7.886
336	images/sec: 207.4 +/- 2.9 (jitter = 4.3)	7.896
337	images/sec: 207.6 +/- 2.9 (jitter = 4.4)	7.924
338	images/sec: 207.7 +/- 2.9 (jitter = 4.5)	7.953
339	images/sec: 207.9 +/- 2.9 (jitter = 4.6)	7.808
340	images/sec: 208.1 +/- 2.9 (jitter = 4.6)	7.916
341	images/sec: 208.3 +/- 2.9 (jitter = 4.7)	7.898
342	images/sec: 208.5 +/- 2.9 (jitter = 4.7)	7.832
343	images/sec: 208.6 +/- 2.9 (jitter = 4.7)	7.862
344	images/sec: 208.8 +/- 2.9 (jitter = 4.7)	7.826
345	images/sec: 209.0 +/- 2.9 (jitter = 4.8)	7.866
346	images/sec: 209.2 +/- 2.9 (jitter = 4.8)	7.884
347	images/sec: 209.3 +/- 2.9 (jitter = 4.8)	7.838
348	images/sec: 209.5 +/- 2.9 (jitter = 4.9)	7.887
349	images/sec: 209.7 +/- 2.9 (jitter = 4.9)	7.795
350	images/sec: 209.8 +/- 2.9 (jitter = 5.1)	7.887
351	images/sec: 210.0 +/- 2.9 (jitter = 5.2)	7.976
352	images/sec: 210.2 +/- 2.9 (jitter = 5.3)	8.020
353	images/sec: 210.3 +/- 2.9 (jitter = 5.4)	7.764
354	images/sec: 210.5 +/- 2.9 (jitter = 5.5)	7.885
355	images/sec: 210.7 +/- 2.9 (jitter = 5.5)	7.861
356	images/sec: 210.8 +/- 2.9 (jitter = 5.7)	7.889
357	images/sec: 211.0 +/- 2.9 (jitter = 5.8)	7.863
358	images/sec: 211.1 +/- 2.8 (jitter = 5.8)	7.861
359	images/sec: 211.3 +/- 2.8 (jitter = 5.8)	7.818
360	images/sec: 211.5 +/- 2.8 (jitter = 5.9)	7.874
361	images/sec: 211.6 +/- 2.8 (jitter = 5.9)	7.695
362	images/sec: 211.8 +/- 2.8 (jitter = 6.0)	7.864
363	images/sec: 211.9 +/- 2.8 (jitter = 6.0)	7.794
364	images/sec: 212.1 +/- 2.8 (jitter = 6.1)	7.865
365	images/sec: 212.3 +/- 2.8 (jitter = 6.2)	7.831
366	images/sec: 212.4 +/- 2.8 (jitter = 6.3)	7.875
367	images/sec: 212.6 +/- 2.8 (jitter = 6.3)	7.848
368	images/sec: 212.7 +/- 2.8 (jitter = 6.3)	7.867
369	images/sec: 212.9 +/- 2.8 (jitter = 6.4)	7.857
370	images/sec: 213.0 +/- 2.8 (jitter = 6.4)	7.747
371	images/sec: 213.2 +/- 2.8 (jitter = 6.4)	7.740
372	images/sec: 213.3 +/- 2.8 (jitter = 6.6)	7.869
373	images/sec: 213.5 +/- 2.8 (jitter = 6.7)	7.871
374	images/sec: 213.6 +/- 2.8 (jitter = 6.7)	7.890
375	images/sec: 213.8 +/- 2.8 (jitter = 6.7)	7.846
376	images/sec: 214.0 +/- 2.8 (jitter = 6.8)	7.765
377	images/sec: 214.1 +/- 2.8 (jitter = 6.9)	8.001
378	images/sec: 214.2 +/- 2.8 (jitter = 6.9)	7.823
379	images/sec: 214.4 +/- 2.8 (jitter = 6.9)	7.908
380	images/sec: 214.5 +/- 2.8 (jitter = 6.9)	7.928
381	images/sec: 214.7 +/- 2.8 (jitter = 6.9)	7.872
382	images/sec: 214.8 +/- 2.8 (jitter = 7.0)	7.977
383	images/sec: 215.0 +/- 2.8 (jitter = 7.0)	7.862
384	images/sec: 215.1 +/- 2.8 (jitter = 7.2)	7.893
385	images/sec: 215.3 +/- 2.8 (jitter = 7.3)	7.870
386	images/sec: 215.4 +/- 2.8 (jitter = 7.5)	7.908
387	images/sec: 215.6 +/- 2.8 (jitter = 7.6)	7.851
388	images/sec: 215.7 +/- 2.8 (jitter = 7.7)	7.875
389	images/sec: 215.9 +/- 2.8 (jitter = 7.7)	7.888
390	images/sec: 216.0 +/- 2.8 (jitter = 7.8)	7.930
391	images/sec: 216.1 +/- 2.8 (jitter = 7.9)	7.856
392	images/sec: 216.3 +/- 2.8 (jitter = 8.0)	7.818
393	images/sec: 216.4 +/- 2.8 (jitter = 8.1)	7.860
394	images/sec: 216.6 +/- 2.8 (jitter = 8.1)	7.935
395	images/sec: 216.7 +/- 2.8 (jitter = 8.2)	7.964
396	images/sec: 216.8 +/- 2.8 (jitter = 8.2)	7.876
397	images/sec: 217.0 +/- 2.8 (jitter = 8.3)	7.772
398	images/sec: 217.1 +/- 2.8 (jitter = 8.3)	7.909
399	images/sec: 217.3 +/- 2.8 (jitter = 8.3)	7.915
400	images/sec: 217.4 +/- 2.8 (jitter = 8.3)	7.880
401	images/sec: 217.5 +/- 2.8 (jitter = 8.4)	7.849
402	images/sec: 217.7 +/- 2.7 (jitter = 8.5)	7.781
403	images/sec: 217.8 +/- 2.7 (jitter = 8.6)	7.984
404	images/sec: 217.9 +/- 2.7 (jitter = 8.8)	7.869
405	images/sec: 218.1 +/- 2.7 (jitter = 8.9)	7.894
406	images/sec: 218.2 +/- 2.7 (jitter = 9.0)	7.926
407	images/sec: 218.3 +/- 2.7 (jitter = 9.0)	7.870
408	images/sec: 218.5 +/- 2.7 (jitter = 9.1)	7.852
409	images/sec: 218.6 +/- 2.7 (jitter = 9.3)	7.843
410	images/sec: 218.7 +/- 2.7 (jitter = 9.3)	7.857
411	images/sec: 218.9 +/- 2.7 (jitter = 9.4)	8.027
412	images/sec: 219.0 +/- 2.7 (jitter = 9.5)	7.899
413	images/sec: 219.1 +/- 2.7 (jitter = 9.6)	7.961
414	images/sec: 219.3 +/- 2.7 (jitter = 9.6)	7.942
415	images/sec: 219.4 +/- 2.7 (jitter = 9.7)	7.808
416	images/sec: 219.5 +/- 2.7 (jitter = 9.9)	7.928
417	images/sec: 219.6 +/- 2.7 (jitter = 10.1)	7.811
418	images/sec: 219.8 +/- 2.7 (jitter = 10.2)	7.881
419	images/sec: 219.9 +/- 2.7 (jitter = 10.3)	7.813
420	images/sec: 220.0 +/- 2.7 (jitter = 10.7)	7.898
421	images/sec: 220.2 +/- 2.7 (jitter = 11.0)	7.824
422	images/sec: 220.3 +/- 2.7 (jitter = 11.1)	7.793
423	images/sec: 220.4 +/- 2.7 (jitter = 11.3)	7.930
424	images/sec: 220.5 +/- 2.7 (jitter = 11.4)	7.847
425	images/sec: 220.7 +/- 2.7 (jitter = 11.6)	7.770
426	images/sec: 220.8 +/- 2.7 (jitter = 11.7)	7.774
427	images/sec: 220.9 +/- 2.7 (jitter = 11.8)	7.903
428	images/sec: 221.0 +/- 2.7 (jitter = 12.0)	7.813
429	images/sec: 221.2 +/- 2.7 (jitter = 12.2)	7.778
430	images/sec: 221.3 +/- 2.7 (jitter = 12.4)	7.868
431	images/sec: 221.4 +/- 2.7 (jitter = 12.5)	7.875
432	images/sec: 221.5 +/- 2.7 (jitter = 12.8)	7.810
433	images/sec: 221.7 +/- 2.7 (jitter = 13.1)	7.830
434	images/sec: 221.8 +/- 2.7 (jitter = 13.9)	7.839
435	images/sec: 221.9 +/- 2.7 (jitter = 14.7)	7.807
436	images/sec: 222.0 +/- 2.7 (jitter = 16.6)	7.826
437	images/sec: 222.1 +/- 2.6 (jitter = 18.5)	7.867
438	images/sec: 222.3 +/- 2.6 (jitter = 20.7)	7.892
439	images/sec: 222.4 +/- 2.6 (jitter = 22.8)	7.846
440	images/sec: 222.5 +/- 2.6 (jitter = 82.9)	7.910
441	images/sec: 222.6 +/- 2.6 (jitter = 25.5)	7.868
442	images/sec: 222.8 +/- 2.6 (jitter = 25.3)	7.919
443	images/sec: 222.9 +/- 2.6 (jitter = 25.0)	7.820
444	images/sec: 223.0 +/- 2.6 (jitter = 21.4)	7.922
445	images/sec: 223.1 +/- 2.6 (jitter = 17.7)	8.474
446	images/sec: 223.2 +/- 2.6 (jitter = 17.5)	7.900
447	images/sec: 223.3 +/- 2.6 (jitter = 17.3)	7.831
448	images/sec: 223.5 +/- 2.6 (jitter = 15.4)	7.872
449	images/sec: 223.6 +/- 2.6 (jitter = 13.4)	7.960
450	images/sec: 223.7 +/- 2.6 (jitter = 12.9)	7.797
451	images/sec: 223.8 +/- 2.6 (jitter = 12.4)	7.859
452	images/sec: 223.9 +/- 2.6 (jitter = 12.3)	7.858
453	images/sec: 224.0 +/- 2.6 (jitter = 12.1)	7.889
454	images/sec: 224.1 +/- 2.6 (jitter = 10.9)	8.451
455	images/sec: 224.3 +/- 2.6 (jitter = 9.2)	7.821
456	images/sec: 224.4 +/- 2.6 (jitter = 9.0)	7.953
457	images/sec: 224.5 +/- 2.6 (jitter = 8.8)	7.798
458	images/sec: 224.6 +/- 2.6 (jitter = 8.6)	7.916
459	images/sec: 224.7 +/- 2.6 (jitter = 8.5)	7.938
460	images/sec: 224.8 +/- 2.6 (jitter = 8.4)	7.850
461	images/sec: 224.9 +/- 2.6 (jitter = 8.2)	7.650
462	images/sec: 225.0 +/- 2.6 (jitter = 8.2)	7.929
463	images/sec: 225.2 +/- 2.6 (jitter = 8.2)	7.794
464	images/sec: 225.3 +/- 2.6 (jitter = 8.1)	7.821
465	images/sec: 225.4 +/- 2.6 (jitter = 7.9)	7.826
466	images/sec: 225.5 +/- 2.6 (jitter = 8.1)	7.889
467	images/sec: 225.6 +/- 2.6 (jitter = 7.9)	7.819
468	images/sec: 225.7 +/- 2.6 (jitter = 7.9)	7.888
469	images/sec: 225.8 +/- 2.6 (jitter = 7.5)	7.848
470	images/sec: 225.9 +/- 2.6 (jitter = 7.4)	7.929
471	images/sec: 226.0 +/- 2.5 (jitter = 7.4)	7.830
472	images/sec: 226.1 +/- 2.5 (jitter = 7.0)	7.789
473	images/sec: 226.2 +/- 2.5 (jitter = 6.7)	7.760
474	images/sec: 226.3 +/- 2.5 (jitter = 6.7)	7.808
475	images/sec: 226.4 +/- 2.5 (jitter = 6.7)	7.957
476	images/sec: 226.6 +/- 2.5 (jitter = 6.6)	7.827
477	images/sec: 226.7 +/- 2.5 (jitter = 6.5)	7.748
478	images/sec: 226.8 +/- 2.5 (jitter = 6.5)	7.887
479	images/sec: 226.9 +/- 2.5 (jitter = 6.4)	7.860
480	images/sec: 227.0 +/- 2.5 (jitter = 6.3)	7.924
481	images/sec: 227.1 +/- 2.5 (jitter = 6.2)	7.883
482	images/sec: 227.2 +/- 2.5 (jitter = 6.1)	7.809
483	images/sec: 227.3 +/- 2.5 (jitter = 6.1)	7.939
484	images/sec: 227.4 +/- 2.5 (jitter = 5.8)	7.842
485	images/sec: 227.5 +/- 2.5 (jitter = 5.5)	7.852
486	images/sec: 227.6 +/- 2.5 (jitter = 5.5)	7.872
487	images/sec: 227.7 +/- 2.5 (jitter = 5.4)	7.826
488	images/sec: 227.8 +/- 2.5 (jitter = 5.4)	7.753
489	images/sec: 227.9 +/- 2.5 (jitter = 5.4)	7.694
490	images/sec: 228.0 +/- 2.5 (jitter = 5.3)	7.922
491	images/sec: 228.1 +/- 2.5 (jitter = 5.3)	7.936
492	images/sec: 228.2 +/- 2.5 (jitter = 5.3)	7.900
493	images/sec: 228.3 +/- 2.5 (jitter = 5.3)	7.957
494	images/sec: 228.4 +/- 2.5 (jitter = 5.2)	7.805
495	images/sec: 228.5 +/- 2.5 (jitter = 5.2)	7.888
496	images/sec: 228.6 +/- 2.5 (jitter = 5.2)	7.907
497	images/sec: 228.7 +/- 2.5 (jitter = 5.2)	7.814
498	images/sec: 228.8 +/- 2.5 (jitter = 5.1)	7.816
499	images/sec: 228.9 +/- 2.5 (jitter = 5.0)	7.933
500	images/sec: 229.0 +/- 2.5 (jitter = 5.0)	7.887
501	images/sec: 229.1 +/- 2.5 (jitter = 4.9)	7.982
----------------------------------------------------------------
total images/sec: 226.67
----------------------------------------------------------------
