TensorFlow:  1.5
Model:       alexnet
Dataset:     imagenet (synthetic)
Mode:        training
SingleSess:  False
Batch size:  25 global
             25 per device
Devices:     ['/gpu:0']
Data format: NCHW
Layout optimizer: False
Optimizer:   sgd
Variables:   parameter_server
==========
Generating model
WARNING:tensorflow:From /salus/tf_benchmarks/scripts/tf_cnn_benchmarks/benchmark_cnn.py:1125: __init__ (from tensorflow.python.training.supervisor) is deprecated and will be removed in a future version.
Instructions for updating:
Please switch to tf.train.MonitoredTrainingSession
Running warm up
Done warm up
Step	Img/sec	loss
1	images/sec: 1717.4 +/- 0.0 (jitter = 0.0)	7.201
2	images/sec: 1639.8 +/- 52.5 (jitter = 110.0)	7.195
3	images/sec: 1634.4 +/- 35.4 (jitter = 81.0)	7.192
4	images/sec: 1658.6 +/- 34.1 (jitter = 83.1)	7.198
5	images/sec: 1641.5 +/- 31.2 (jitter = 81.0)	7.216
6	images/sec: 1639.7 +/- 26.1 (jitter = 80.9)	7.207
7	images/sec: 1633.4 +/- 23.2 (jitter = 70.0)	7.194
8	images/sec: 1630.0 +/- 20.6 (jitter = 42.4)	7.195
9	images/sec: 1638.5 +/- 20.0 (jitter = 70.0)	7.200
10	images/sec: 1642.2 +/- 18.3 (jitter = 74.2)	7.213
11	images/sec: 1637.8 +/- 17.2 (jitter = 70.0)	7.185
12	images/sec: 1642.5 +/- 16.4 (jitter = 74.2)	7.210
13	images/sec: 1641.3 +/- 15.2 (jitter = 74.0)	7.200
14	images/sec: 1637.8 +/- 14.5 (jitter = 59.3)	7.202
15	images/sec: 1659.4 +/- 28.9 (jitter = 74.0)	7.193
16	images/sec: 1680.8 +/- 37.1 (jitter = 74.2)	7.198
17	images/sec: 1699.6 +/- 41.0 (jitter = 80.8)	7.200
18	images/sec: 1715.9 +/- 42.8 (jitter = 88.3)	7.190
19	images/sec: 1731.5 +/- 44.0 (jitter = 118.3)	7.205
20	images/sec: 1737.4 +/- 42.2 (jitter = 134.5)	7.206
21	images/sec: 1736.5 +/- 40.2 (jitter = 147.4)	7.197
22	images/sec: 1727.9 +/- 39.3 (jitter = 134.5)	7.189
23	images/sec: 1733.4 +/- 37.9 (jitter = 150.7)	7.203
24	images/sec: 1729.8 +/- 36.5 (jitter = 134.5)	7.206
25	images/sec: 1738.4 +/- 36.2 (jitter = 150.7)	7.194
26	images/sec: 1734.9 +/- 35.0 (jitter = 134.5)	7.203
27	images/sec: 1735.8 +/- 33.7 (jitter = 147.4)	7.218
28	images/sec: 1735.2 +/- 32.5 (jitter = 149.9)	7.188
29	images/sec: 1731.7 +/- 31.6 (jitter = 132.5)	7.204
30	images/sec: 1729.6 +/- 30.7 (jitter = 112.9)	7.200
31	images/sec: 1727.0 +/- 29.8 (jitter = 103.4)	7.206
32	images/sec: 1723.9 +/- 29.1 (jitter = 95.5)	7.201
33	images/sec: 1721.1 +/- 28.4 (jitter = 94.7)	7.205
34	images/sec: 1715.3 +/- 28.1 (jitter = 90.9)	7.197
35	images/sec: 1712.9 +/- 27.4 (jitter = 88.0)	7.202
36	images/sec: 1710.9 +/- 26.8 (jitter = 86.4)	7.190
37	images/sec: 1710.7 +/- 26.0 (jitter = 86.9)	7.204
38	images/sec: 1711.1 +/- 25.4 (jitter = 83.6)	7.197
39	images/sec: 1708.2 +/- 24.9 (jitter = 86.9)	7.212
40	images/sec: 1706.5 +/- 24.3 (jitter = 85.3)	7.190
41	images/sec: 1703.0 +/- 24.0 (jitter = 85.8)	7.203
42	images/sec: 1700.9 +/- 23.5 (jitter = 84.7)	7.208
43	images/sec: 1701.9 +/- 23.0 (jitter = 85.8)	7.186
44	images/sec: 1698.7 +/- 22.7 (jitter = 85.8)	7.202
45	images/sec: 1698.3 +/- 22.2 (jitter = 85.8)	7.203
46	images/sec: 1697.9 +/- 21.7 (jitter = 85.3)	7.197
47	images/sec: 1698.9 +/- 21.3 (jitter = 86.9)	7.206
48	images/sec: 1699.4 +/- 20.8 (jitter = 84.6)	7.208
49	images/sec: 1702.1 +/- 20.6 (jitter = 83.7)	7.200
50	images/sec: 1701.2 +/- 20.2 (jitter = 86.6)	7.203
51	images/sec: 1701.2 +/- 19.8 (jitter = 79.0)	7.205
52	images/sec: 1701.0 +/- 19.4 (jitter = 77.6)	7.204
53	images/sec: 1703.0 +/- 19.2 (jitter = 78.5)	7.205
54	images/sec: 1703.6 +/- 18.8 (jitter = 83.1)	7.204
55	images/sec: 1704.7 +/- 18.5 (jitter = 84.2)	7.194
56	images/sec: 1704.5 +/- 18.2 (jitter = 82.9)	7.207
57	images/sec: 1705.1 +/- 17.9 (jitter = 81.5)	7.198
58	images/sec: 1704.8 +/- 17.6 (jitter = 81.0)	7.195
59	images/sec: 1703.9 +/- 17.3 (jitter = 81.2)	7.197
60	images/sec: 1704.3 +/- 17.0 (jitter = 79.8)	7.204
61	images/sec: 1705.1 +/- 16.7 (jitter = 78.3)	7.208
62	images/sec: 1705.3 +/- 16.5 (jitter = 78.5)	7.190
63	images/sec: 1705.9 +/- 16.2 (jitter = 81.5)	7.205
64	images/sec: 1700.2 +/- 16.7 (jitter = 82.1)	7.192
65	images/sec: 1701.6 +/- 16.5 (jitter = 82.7)	7.199
66	images/sec: 1700.2 +/- 16.3 (jitter = 85.3)	7.198
67	images/sec: 1702.2 +/- 16.2 (jitter = 85.5)	7.190
68	images/sec: 1702.5 +/- 15.9 (jitter = 82.9)	7.197
69	images/sec: 1705.9 +/- 16.1 (jitter = 83.8)	7.206
70	images/sec: 1707.0 +/- 15.9 (jitter = 88.1)	7.203
71	images/sec: 1706.1 +/- 15.7 (jitter = 83.8)	7.205
72	images/sec: 1706.5 +/- 15.5 (jitter = 85.7)	7.195
73	images/sec: 1707.0 +/- 15.3 (jitter = 87.7)	7.199
74	images/sec: 1706.4 +/- 15.1 (jitter = 83.3)	7.203
75	images/sec: 1706.2 +/- 14.9 (jitter = 82.1)	7.205
76	images/sec: 1705.7 +/- 14.7 (jitter = 80.6)	7.202
77	images/sec: 1705.0 +/- 14.6 (jitter = 79.3)	7.202
78	images/sec: 1705.5 +/- 14.4 (jitter = 78.4)	7.201
79	images/sec: 1705.2 +/- 14.2 (jitter = 78.6)	7.199
80	images/sec: 1706.1 +/- 14.1 (jitter = 78.4)	7.205
81	images/sec: 1705.3 +/- 13.9 (jitter = 78.6)	7.211
82	images/sec: 1706.0 +/- 13.8 (jitter = 78.4)	7.204
83	images/sec: 1705.7 +/- 13.6 (jitter = 78.6)	7.193
84	images/sec: 1708.6 +/- 13.8 (jitter = 78.4)	7.208
85	images/sec: 1703.1 +/- 14.3 (jitter = 79.3)	7.199
86	images/sec: 1703.7 +/- 14.2 (jitter = 80.6)	7.198
87	images/sec: 1704.4 +/- 14.0 (jitter = 82.1)	7.217
88	images/sec: 1704.1 +/- 13.9 (jitter = 80.6)	7.194
89	images/sec: 1707.4 +/- 14.2 (jitter = 82.1)	7.201
90	images/sec: 1710.7 +/- 14.6 (jitter = 82.4)	7.195
91	images/sec: 1713.8 +/- 14.9 (jitter = 84.7)	7.199
92	images/sec: 1715.5 +/- 14.8 (jitter = 87.4)	7.200
93	images/sec: 1718.6 +/- 15.1 (jitter = 90.9)	7.205
94	images/sec: 1721.6 +/- 15.3 (jitter = 91.5)	7.201
95	images/sec: 1724.5 +/- 15.5 (jitter = 91.6)	7.201
96	images/sec: 1724.4 +/- 15.3 (jitter = 91.4)	7.196
97	images/sec: 1724.0 +/- 15.2 (jitter = 91.3)	7.197
98	images/sec: 1724.2 +/- 15.0 (jitter = 89.6)	7.198
99	images/sec: 1724.3 +/- 14.9 (jitter = 87.1)	7.197
100	images/sec: 1724.6 +/- 14.7 (jitter = 89.5)	7.191
101	images/sec: 1724.3 +/- 14.6 (jitter = 85.8)	7.196
102	images/sec: 1725.0 +/- 14.5 (jitter = 89.5)	7.183
103	images/sec: 1725.4 +/- 14.3 (jitter = 92.0)	7.195
104	images/sec: 1726.0 +/- 14.2 (jitter = 94.6)	7.187
105	images/sec: 1724.8 +/- 14.1 (jitter = 93.3)	7.199
106	images/sec: 1723.1 +/- 14.1 (jitter = 95.2)	7.189
107	images/sec: 1725.0 +/- 14.1 (jitter = 98.6)	7.197
108	images/sec: 1727.4 +/- 14.2 (jitter = 100.1)	7.190
109	images/sec: 1729.7 +/- 14.3 (jitter = 101.7)	7.205
110	images/sec: 1732.1 +/- 14.4 (jitter = 103.7)	7.193
111	images/sec: 1734.6 +/- 14.6 (jitter = 107.3)	7.192
112	images/sec: 1735.0 +/- 14.5 (jitter = 103.5)	7.196
113	images/sec: 1734.5 +/- 14.4 (jitter = 100.1)	7.180
114	images/sec: 1734.4 +/- 14.2 (jitter = 99.4)	7.202
115	images/sec: 1734.8 +/- 14.1 (jitter = 100.1)	7.199
116	images/sec: 1734.5 +/- 14.0 (jitter = 99.4)	7.194
117	images/sec: 1734.5 +/- 13.9 (jitter = 98.7)	7.204
118	images/sec: 1734.4 +/- 13.8 (jitter = 98.8)	7.206
119	images/sec: 1732.3 +/- 13.8 (jitter = 98.7)	7.198
120	images/sec: 1732.2 +/- 13.7 (jitter = 97.3)	7.201
121	images/sec: 1732.4 +/- 13.6 (jitter = 97.4)	7.199
122	images/sec: 1731.9 +/- 13.5 (jitter = 95.6)	7.196
123	images/sec: 1731.6 +/- 13.4 (jitter = 94.7)	7.190
124	images/sec: 1731.7 +/- 13.3 (jitter = 94.2)	7.203
125	images/sec: 1732.0 +/- 13.1 (jitter = 94.0)	7.196
126	images/sec: 1730.4 +/- 13.1 (jitter = 94.2)	7.197
127	images/sec: 1730.2 +/- 13.0 (jitter = 93.7)	7.217
128	images/sec: 1729.7 +/- 12.9 (jitter = 92.5)	7.201
129	images/sec: 1729.7 +/- 12.8 (jitter = 92.4)	7.204
130	images/sec: 1729.6 +/- 12.7 (jitter = 89.2)	7.203
131	images/sec: 1729.3 +/- 12.7 (jitter = 87.1)	7.198
132	images/sec: 1729.7 +/- 12.6 (jitter = 89.2)	7.195
133	images/sec: 1731.2 +/- 12.6 (jitter = 92.4)	7.196
134	images/sec: 1730.6 +/- 12.5 (jitter = 91.3)	7.204
135	images/sec: 1730.4 +/- 12.4 (jitter = 90.2)	7.179
136	images/sec: 1728.2 +/- 12.5 (jitter = 89.4)	7.198
137	images/sec: 1727.8 +/- 12.4 (jitter = 88.6)	7.188
138	images/sec: 1727.6 +/- 12.3 (jitter = 88.3)	7.199
139	images/sec: 1727.5 +/- 12.2 (jitter = 87.4)	7.198
140	images/sec: 1728.0 +/- 12.1 (jitter = 88.3)	7.187
141	images/sec: 1729.3 +/- 12.1 (jitter = 88.6)	7.199
142	images/sec: 1729.8 +/- 12.0 (jitter = 89.4)	7.194
143	images/sec: 1729.3 +/- 12.0 (jitter = 89.1)	7.193
144	images/sec: 1728.9 +/- 11.9 (jitter = 88.3)	7.196
145	images/sec: 1728.4 +/- 11.8 (jitter = 87.4)	7.190
146	images/sec: 1728.3 +/- 11.7 (jitter = 85.6)	7.197
147	images/sec: 1727.9 +/- 11.7 (jitter = 83.8)	7.209
148	images/sec: 1728.1 +/- 11.6 (jitter = 85.0)	7.202
149	images/sec: 1723.4 +/- 12.0 (jitter = 83.8)	7.207
150	images/sec: 1722.2 +/- 12.0 (jitter = 83.7)	7.204
151	images/sec: 1720.4 +/- 12.0 (jitter = 83.6)	7.209
152	images/sec: 1717.9 +/- 12.1 (jitter = 85.1)	7.201
153	images/sec: 1715.1 +/- 12.3 (jitter = 86.8)	7.200
154	images/sec: 1714.2 +/- 12.2 (jitter = 88.5)	7.213
155	images/sec: 1713.0 +/- 12.2 (jitter = 89.6)	7.194
156	images/sec: 1709.5 +/- 12.4 (jitter = 90.0)	7.203
157	images/sec: 1705.7 +/- 12.7 (jitter = 90.3)	7.205
158	images/sec: 1704.7 +/- 12.7 (jitter = 91.3)	7.201
159	images/sec: 1702.7 +/- 12.7 (jitter = 92.7)	7.213
160	images/sec: 1700.9 +/- 12.7 (jitter = 92.9)	7.193
161	images/sec: 1699.6 +/- 12.7 (jitter = 93.1)	7.181
162	images/sec: 1695.0 +/- 13.0 (jitter = 93.5)	7.203
163	images/sec: 1694.2 +/- 13.0 (jitter = 94.0)	7.190
164	images/sec: 1691.4 +/- 13.1 (jitter = 96.0)	7.208
165	images/sec: 1689.5 +/- 13.2 (jitter = 98.0)	7.200
166	images/sec: 1689.6 +/- 13.1 (jitter = 96.0)	7.197
167	images/sec: 1691.1 +/- 13.1 (jitter = 94.1)	7.194
168	images/sec: 1691.8 +/- 13.0 (jitter = 96.5)	7.194
169	images/sec: 1692.3 +/- 13.0 (jitter = 98.8)	7.209
170	images/sec: 1693.2 +/- 12.9 (jitter = 99.2)	7.213
171	images/sec: 1693.8 +/- 12.8 (jitter = 99.6)	7.190
172	images/sec: 1694.4 +/- 12.8 (jitter = 101.1)	7.194
173	images/sec: 1693.8 +/- 12.7 (jitter = 102.5)	7.192
174	images/sec: 1686.4 +/- 13.4 (jitter = 103.2)	7.200
175	images/sec: 1685.5 +/- 13.3 (jitter = 103.5)	7.198
176	images/sec: 1679.3 +/- 13.8 (jitter = 104.1)	7.191
177	images/sec: 1676.4 +/- 13.9 (jitter = 105.1)	7.201
178	images/sec: 1673.2 +/- 14.1 (jitter = 106.8)	7.207
179	images/sec: 1670.2 +/- 14.2 (jitter = 108.4)	7.203
180	images/sec: 1667.4 +/- 14.3 (jitter = 109.3)	7.188
181	images/sec: 1664.1 +/- 14.4 (jitter = 110.3)	7.195
182	images/sec: 1661.6 +/- 14.5 (jitter = 111.1)	7.198
183	images/sec: 1658.8 +/- 14.6 (jitter = 113.5)	7.211
184	images/sec: 1656.4 +/- 14.7 (jitter = 114.3)	7.205
185	images/sec: 1653.6 +/- 14.8 (jitter = 115.2)	7.202
186	images/sec: 1650.9 +/- 14.9 (jitter = 115.5)	7.192
187	images/sec: 1647.9 +/- 15.0 (jitter = 115.9)	7.194
188	images/sec: 1646.0 +/- 15.0 (jitter = 118.9)	7.200
189	images/sec: 1644.7 +/- 15.0 (jitter = 121.3)	7.207
190	images/sec: 1641.7 +/- 15.1 (jitter = 123.4)	7.195
191	images/sec: 1638.9 +/- 15.2 (jitter = 123.8)	7.198
192	images/sec: 1636.2 +/- 15.3 (jitter = 124.4)	7.210
193	images/sec: 1634.2 +/- 15.3 (jitter = 124.9)	7.188
194	images/sec: 1631.6 +/- 15.3 (jitter = 125.5)	7.196
195	images/sec: 1629.2 +/- 15.4 (jitter = 127.4)	7.196
196	images/sec: 1626.7 +/- 15.5 (jitter = 128.7)	7.199
197	images/sec: 1624.8 +/- 15.5 (jitter = 129.9)	7.207
198	images/sec: 1622.5 +/- 15.5 (jitter = 131.7)	7.198
199	images/sec: 1620.2 +/- 15.6 (jitter = 133.0)	7.203
200	images/sec: 1616.6 +/- 15.7 (jitter = 133.3)	7.213
201	images/sec: 1614.0 +/- 15.8 (jitter = 133.3)	7.199
202	images/sec: 1611.8 +/- 15.8 (jitter = 133.8)	7.196
203	images/sec: 1609.3 +/- 15.9 (jitter = 134.0)	7.187
204	images/sec: 1605.6 +/- 16.0 (jitter = 136.7)	7.202
205	images/sec: 1602.2 +/- 16.2 (jitter = 138.1)	7.209
206	images/sec: 1599.8 +/- 16.2 (jitter = 141.2)	7.199
207	images/sec: 1597.2 +/- 16.3 (jitter = 147.1)	7.195
208	images/sec: 1594.5 +/- 16.3 (jitter = 147.7)	7.187
209	images/sec: 1592.1 +/- 16.4 (jitter = 148.3)	7.198
210	images/sec: 1590.3 +/- 16.4 (jitter = 149.3)	7.204
211	images/sec: 1587.7 +/- 16.4 (jitter = 150.3)	7.206
212	images/sec: 1584.0 +/- 16.6 (jitter = 151.1)	7.195
213	images/sec: 1581.0 +/- 16.7 (jitter = 152.0)	7.196
214	images/sec: 1576.2 +/- 16.9 (jitter = 152.8)	7.204
215	images/sec: 1572.2 +/- 17.0 (jitter = 153.6)	7.201
216	images/sec: 1568.9 +/- 17.1 (jitter = 154.6)	7.179
217	images/sec: 1564.3 +/- 17.3 (jitter = 155.6)	7.204
218	images/sec: 1559.4 +/- 17.5 (jitter = 158.1)	7.201
219	images/sec: 1556.2 +/- 17.6 (jitter = 160.6)	7.203
220	images/sec: 1552.8 +/- 17.7 (jitter = 161.3)	7.199
221	images/sec: 1550.1 +/- 17.7 (jitter = 161.9)	7.202
222	images/sec: 1546.2 +/- 17.9 (jitter = 162.7)	7.195
223	images/sec: 1540.5 +/- 18.1 (jitter = 162.8)	7.193
224	images/sec: 1537.9 +/- 18.2 (jitter = 163.7)	7.201
225	images/sec: 1532.9 +/- 18.3 (jitter = 165.2)	7.197
226	images/sec: 1530.1 +/- 18.4 (jitter = 165.0)	7.201
227	images/sec: 1527.6 +/- 18.4 (jitter = 164.7)	7.203
228	images/sec: 1523.5 +/- 18.6 (jitter = 166.2)	7.194
229	images/sec: 1520.6 +/- 18.6 (jitter = 171.9)	7.201
230	images/sec: 1515.3 +/- 18.8 (jitter = 173.2)	7.187
231	images/sec: 1510.2 +/- 19.0 (jitter = 174.5)	7.208
232	images/sec: 1506.5 +/- 19.1 (jitter = 175.8)	7.206
233	images/sec: 1503.1 +/- 19.2 (jitter = 180.7)	7.197
234	images/sec: 1499.1 +/- 19.3 (jitter = 180.8)	7.210
235	images/sec: 1497.4 +/- 19.3 (jitter = 180.9)	7.197
236	images/sec: 1495.9 +/- 19.2 (jitter = 183.4)	7.205
237	images/sec: 1492.4 +/- 19.3 (jitter = 186.0)	7.189
238	images/sec: 1484.8 +/- 19.6 (jitter = 190.1)	7.189
239	images/sec: 1480.2 +/- 19.7 (jitter = 194.1)	7.206
240	images/sec: 1473.1 +/- 20.0 (jitter = 198.4)	7.192
241	images/sec: 1468.0 +/- 20.1 (jitter = 202.1)	7.194
242	images/sec: 1462.3 +/- 20.3 (jitter = 202.5)	7.195
243	images/sec: 1457.1 +/- 20.5 (jitter = 203.6)	7.202
244	images/sec: 1451.9 +/- 20.6 (jitter = 204.8)	7.195
245	images/sec: 1448.0 +/- 20.7 (jitter = 205.7)	7.191
246	images/sec: 1443.0 +/- 20.9 (jitter = 208.1)	7.195
247	images/sec: 1438.9 +/- 21.0 (jitter = 210.5)	7.204
248	images/sec: 1434.1 +/- 21.1 (jitter = 215.5)	7.197
249	images/sec: 1428.7 +/- 21.2 (jitter = 220.5)	7.202
250	images/sec: 1423.8 +/- 21.4 (jitter = 221.9)	7.196
251	images/sec: 1419.1 +/- 21.5 (jitter = 223.2)	7.199
252	images/sec: 1414.8 +/- 21.6 (jitter = 226.8)	7.185
----------------------------------------------------------------
total images/sec: 1346.78
----------------------------------------------------------------
