TensorFlow:  1.5
Model:       alexnet
Dataset:     imagenet (synthetic)
Mode:        training
SingleSess:  False
Batch size:  25 global
             25 per device
Devices:     ['/gpu:0']
Data format: NCHW
Layout optimizer: False
Optimizer:   sgd
Variables:   parameter_server
==========
Generating model
WARNING:tensorflow:From /salus/tf_benchmarks/scripts/tf_cnn_benchmarks/benchmark_cnn.py:1125: __init__ (from tensorflow.python.training.supervisor) is deprecated and will be removed in a future version.
Instructions for updating:
Please switch to tf.train.MonitoredTrainingSession
Running warm up
Done warm up
Step	Img/sec	loss
1	images/sec: 1675.7 +/- 0.0 (jitter = 0.0)	7.201
2	images/sec: 1699.0 +/- 16.7 (jitter = 35.0)	7.195
3	images/sec: 1695.5 +/- 11.5 (jitter = 18.8)	7.192
4	images/sec: 1687.4 +/- 11.1 (jitter = 18.3)	7.198
5	images/sec: 1683.8 +/- 9.4 (jitter = 17.8)	7.216
6	images/sec: 1681.6 +/- 8.1 (jitter = 9.6)	7.207
7	images/sec: 1681.9 +/- 7.0 (jitter = 11.4)	7.194
8	images/sec: 1673.7 +/- 9.6 (jitter = 14.6)	7.195
9	images/sec: 1664.6 +/- 11.9 (jitter = 19.0)	7.200
10	images/sec: 1666.6 +/- 10.9 (jitter = 16.2)	7.214
11	images/sec: 1669.2 +/- 10.2 (jitter = 17.8)	7.185
12	images/sec: 1670.4 +/- 9.4 (jitter = 14.0)	7.210
13	images/sec: 1665.4 +/- 9.8 (jitter = 17.8)	7.200
14	images/sec: 1662.9 +/- 9.5 (jitter = 19.9)	7.202
15	images/sec: 1663.0 +/- 8.8 (jitter = 21.1)	7.193
16	images/sec: 1660.5 +/- 8.6 (jitter = 24.4)	7.198
17	images/sec: 1652.9 +/- 10.7 (jitter = 27.7)	7.200
18	images/sec: 1653.5 +/- 10.1 (jitter = 28.8)	7.190
19	images/sec: 1661.5 +/- 12.8 (jitter = 27.7)	7.205
20	images/sec: 1670.4 +/- 15.4 (jitter = 32.4)	7.206
21	images/sec: 1674.4 +/- 15.2 (jitter = 37.1)	7.197
22	images/sec: 1682.1 +/- 16.7 (jitter = 48.1)	7.189
23	images/sec: 1696.7 +/- 23.6 (jitter = 66.8)	7.203
24	images/sec: 1705.9 +/- 24.8 (jitter = 68.4)	7.206
25	images/sec: 1712.1 +/- 24.6 (jitter = 78.1)	7.194
26	images/sec: 1715.8 +/- 23.9 (jitter = 83.9)	7.203
27	images/sec: 1721.3 +/- 23.7 (jitter = 89.7)	7.218
28	images/sec: 1721.6 +/- 22.9 (jitter = 84.9)	7.188
29	images/sec: 1722.8 +/- 22.1 (jitter = 91.2)	7.204
30	images/sec: 1720.1 +/- 21.6 (jitter = 84.9)	7.200
31	images/sec: 1720.8 +/- 20.9 (jitter = 85.5)	7.206
32	images/sec: 1720.4 +/- 20.2 (jitter = 82.8)	7.201
33	images/sec: 1721.7 +/- 19.6 (jitter = 85.6)	7.205
34	images/sec: 1722.0 +/- 19.1 (jitter = 82.8)	7.197
35	images/sec: 1722.8 +/- 18.5 (jitter = 78.3)	7.202
36	images/sec: 1723.6 +/- 18.0 (jitter = 77.1)	7.190
37	images/sec: 1724.1 +/- 17.5 (jitter = 69.0)	7.204
38	images/sec: 1723.6 +/- 17.1 (jitter = 65.3)	7.197
39	images/sec: 1724.3 +/- 16.7 (jitter = 68.0)	7.212
40	images/sec: 1724.3 +/- 16.2 (jitter = 68.9)	7.190
41	images/sec: 1724.8 +/- 15.9 (jitter = 70.1)	7.203
42	images/sec: 1725.3 +/- 15.5 (jitter = 67.4)	7.207
43	images/sec: 1726.0 +/- 15.1 (jitter = 64.8)	7.186
44	images/sec: 1725.9 +/- 14.8 (jitter = 61.5)	7.202
45	images/sec: 1723.7 +/- 14.6 (jitter = 60.4)	7.203
46	images/sec: 1723.9 +/- 14.3 (jitter = 61.5)	7.198
47	images/sec: 1719.1 +/- 14.6 (jitter = 60.4)	7.206
48	images/sec: 1717.2 +/- 14.5 (jitter = 65.2)	7.208
49	images/sec: 1714.6 +/- 14.4 (jitter = 66.0)	7.200
50	images/sec: 1715.4 +/- 14.1 (jitter = 65.2)	7.203
51	images/sec: 1714.3 +/- 13.9 (jitter = 66.0)	7.204
52	images/sec: 1715.6 +/- 13.7 (jitter = 71.8)	7.205
53	images/sec: 1715.7 +/- 13.4 (jitter = 70.1)	7.205
54	images/sec: 1714.3 +/- 13.2 (jitter = 71.8)	7.204
55	images/sec: 1712.6 +/- 13.1 (jitter = 73.6)	7.194
56	images/sec: 1711.1 +/- 13.0 (jitter = 69.7)	7.207
57	images/sec: 1709.9 +/- 12.8 (jitter = 69.0)	7.198
58	images/sec: 1709.7 +/- 12.6 (jitter = 67.8)	7.195
59	images/sec: 1710.7 +/- 12.4 (jitter = 69.0)	7.197
60	images/sec: 1710.9 +/- 12.2 (jitter = 69.7)	7.204
61	images/sec: 1709.0 +/- 12.1 (jitter = 69.0)	7.208
62	images/sec: 1709.1 +/- 11.9 (jitter = 70.0)	7.190
63	images/sec: 1708.6 +/- 11.8 (jitter = 69.0)	7.205
64	images/sec: 1712.6 +/- 12.5 (jitter = 70.0)	7.192
65	images/sec: 1712.9 +/- 12.3 (jitter = 68.8)	7.199
66	images/sec: 1716.1 +/- 12.6 (jitter = 69.7)	7.198
67	images/sec: 1717.9 +/- 12.6 (jitter = 74.9)	7.190
68	images/sec: 1709.5 +/- 13.9 (jitter = 73.4)	7.197
69	images/sec: 1712.7 +/- 14.1 (jitter = 79.1)	7.206
70	images/sec: 1713.7 +/- 13.9 (jitter = 80.7)	7.203
71	images/sec: 1714.3 +/- 13.8 (jitter = 78.8)	7.205
72	images/sec: 1712.7 +/- 13.7 (jitter = 80.7)	7.195
73	images/sec: 1714.0 +/- 13.5 (jitter = 84.9)	7.199
74	images/sec: 1714.3 +/- 13.4 (jitter = 81.9)	7.203
75	images/sec: 1717.9 +/- 13.8 (jitter = 84.7)	7.205
76	images/sec: 1721.5 +/- 14.3 (jitter = 85.6)	7.202
77	images/sec: 1721.4 +/- 14.1 (jitter = 84.7)	7.201
78	images/sec: 1723.1 +/- 14.0 (jitter = 85.6)	7.200
79	images/sec: 1722.5 +/- 13.8 (jitter = 84.7)	7.199
80	images/sec: 1721.2 +/- 13.7 (jitter = 85.6)	7.205
81	images/sec: 1719.6 +/- 13.6 (jitter = 86.2)	7.211
82	images/sec: 1718.1 +/- 13.6 (jitter = 85.3)	7.204
83	images/sec: 1717.2 +/- 13.4 (jitter = 83.8)	7.193
84	images/sec: 1715.9 +/- 13.3 (jitter = 81.5)	7.208
85	images/sec: 1715.3 +/- 13.2 (jitter = 74.9)	7.199
86	images/sec: 1714.3 +/- 13.1 (jitter = 84.4)	7.198
87	images/sec: 1713.0 +/- 13.0 (jitter = 93.9)	7.217
88	images/sec: 1712.3 +/- 12.9 (jitter = 88.5)	7.194
89	images/sec: 1712.6 +/- 12.7 (jitter = 79.3)	7.202
90	images/sec: 1715.6 +/- 13.0 (jitter = 85.6)	7.195
91	images/sec: 1716.4 +/- 12.9 (jitter = 89.5)	7.199
92	images/sec: 1719.1 +/- 13.1 (jitter = 90.4)	7.200
93	images/sec: 1719.8 +/- 13.0 (jitter = 92.0)	7.204
94	images/sec: 1714.5 +/- 13.5 (jitter = 100.6)	7.202
95	images/sec: 1717.3 +/- 13.8 (jitter = 101.9)	7.201
96	images/sec: 1717.4 +/- 13.6 (jitter = 96.9)	7.196
97	images/sec: 1717.6 +/- 13.5 (jitter = 95.9)	7.197
98	images/sec: 1717.9 +/- 13.4 (jitter = 91.9)	7.197
99	images/sec: 1717.5 +/- 13.2 (jitter = 87.7)	7.197
100	images/sec: 1717.0 +/- 13.1 (jitter = 86.3)	7.191
101	images/sec: 1717.3 +/- 13.0 (jitter = 87.7)	7.196
102	images/sec: 1717.4 +/- 12.9 (jitter = 86.9)	7.183
103	images/sec: 1717.5 +/- 12.7 (jitter = 86.7)	7.195
104	images/sec: 1715.8 +/- 12.7 (jitter = 86.9)	7.187
105	images/sec: 1718.2 +/- 12.9 (jitter = 87.7)	7.199
106	images/sec: 1718.6 +/- 12.8 (jitter = 87.3)	7.189
107	images/sec: 1719.1 +/- 12.7 (jitter = 86.9)	7.196
108	images/sec: 1721.8 +/- 12.9 (jitter = 89.0)	7.190
109	images/sec: 1724.4 +/- 13.1 (jitter = 91.0)	7.205
110	images/sec: 1727.0 +/- 13.4 (jitter = 92.5)	7.193
111	images/sec: 1729.6 +/- 13.6 (jitter = 94.0)	7.192
112	images/sec: 1731.5 +/- 13.6 (jitter = 94.1)	7.196
113	images/sec: 1733.5 +/- 13.7 (jitter = 94.3)	7.180
114	images/sec: 1734.2 +/- 13.6 (jitter = 96.1)	7.202
115	images/sec: 1734.5 +/- 13.4 (jitter = 97.7)	7.199
116	images/sec: 1734.6 +/- 13.3 (jitter = 98.2)	7.194
117	images/sec: 1735.3 +/- 13.2 (jitter = 98.9)	7.205
118	images/sec: 1733.9 +/- 13.2 (jitter = 98.8)	7.206
119	images/sec: 1733.1 +/- 13.1 (jitter = 98.7)	7.198
120	images/sec: 1732.0 +/- 13.0 (jitter = 96.5)	7.202
121	images/sec: 1729.3 +/- 13.1 (jitter = 94.4)	7.199
122	images/sec: 1728.9 +/- 13.0 (jitter = 94.4)	7.196
123	images/sec: 1728.7 +/- 12.9 (jitter = 94.1)	7.190
124	images/sec: 1728.2 +/- 12.9 (jitter = 94.4)	7.202
125	images/sec: 1728.0 +/- 12.8 (jitter = 94.6)	7.196
126	images/sec: 1728.7 +/- 12.7 (jitter = 94.4)	7.198
127	images/sec: 1728.9 +/- 12.6 (jitter = 94.1)	7.216
128	images/sec: 1728.3 +/- 12.5 (jitter = 93.7)	7.201
129	images/sec: 1727.0 +/- 12.5 (jitter = 94.6)	7.204
130	images/sec: 1726.2 +/- 12.4 (jitter = 96.9)	7.202
131	images/sec: 1726.0 +/- 12.3 (jitter = 96.1)	7.198
132	images/sec: 1724.5 +/- 12.3 (jitter = 96.9)	7.196
133	images/sec: 1724.6 +/- 12.2 (jitter = 96.1)	7.197
134	images/sec: 1724.7 +/- 12.1 (jitter = 93.7)	7.204
135	images/sec: 1725.1 +/- 12.0 (jitter = 92.7)	7.180
136	images/sec: 1726.9 +/- 12.1 (jitter = 93.7)	7.198
137	images/sec: 1723.7 +/- 12.3 (jitter = 94.6)	7.188
138	images/sec: 1722.0 +/- 12.3 (jitter = 96.9)	7.199
139	images/sec: 1722.6 +/- 12.2 (jitter = 97.1)	7.197
140	images/sec: 1724.8 +/- 12.4 (jitter = 95.9)	7.187
141	images/sec: 1723.9 +/- 12.3 (jitter = 97.7)	7.199
142	images/sec: 1721.5 +/- 12.4 (jitter = 99.0)	7.194
143	images/sec: 1719.9 +/- 12.4 (jitter = 100.8)	7.193
144	images/sec: 1718.5 +/- 12.4 (jitter = 108.7)	7.196
145	images/sec: 1712.8 +/- 12.9 (jitter = 116.4)	7.190
146	images/sec: 1712.0 +/- 12.9 (jitter = 116.5)	7.197
147	images/sec: 1711.0 +/- 12.8 (jitter = 116.5)	7.209
148	images/sec: 1702.8 +/- 13.6 (jitter = 115.8)	7.202
149	images/sec: 1698.4 +/- 13.9 (jitter = 115.1)	7.207
150	images/sec: 1696.5 +/- 14.0 (jitter = 111.0)	7.203
151	images/sec: 1694.5 +/- 14.0 (jitter = 114.8)	7.209
152	images/sec: 1690.8 +/- 14.2 (jitter = 116.5)	7.201
153	images/sec: 1686.4 +/- 14.5 (jitter = 116.2)	7.199
154	images/sec: 1681.7 +/- 14.8 (jitter = 114.7)	7.214
155	images/sec: 1678.8 +/- 14.9 (jitter = 113.8)	7.194
156	images/sec: 1673.9 +/- 15.2 (jitter = 113.2)	7.203
157	images/sec: 1666.6 +/- 15.7 (jitter = 112.7)	7.205
158	images/sec: 1665.1 +/- 15.7 (jitter = 114.0)	7.201
159	images/sec: 1664.3 +/- 15.6 (jitter = 112.4)	7.212
160	images/sec: 1663.9 +/- 15.6 (jitter = 113.4)	7.193
161	images/sec: 1660.6 +/- 15.7 (jitter = 114.4)	7.182
162	images/sec: 1656.1 +/- 15.9 (jitter = 114.9)	7.203
163	images/sec: 1648.2 +/- 16.5 (jitter = 115.4)	7.190
164	images/sec: 1642.3 +/- 16.9 (jitter = 115.5)	7.208
165	images/sec: 1636.4 +/- 17.2 (jitter = 115.6)	7.199
166	images/sec: 1631.3 +/- 17.5 (jitter = 120.4)	7.197
167	images/sec: 1628.1 +/- 17.6 (jitter = 125.3)	7.195
168	images/sec: 1624.6 +/- 17.7 (jitter = 124.7)	7.194
169	images/sec: 1621.1 +/- 17.8 (jitter = 122.6)	7.209
170	images/sec: 1613.5 +/- 18.2 (jitter = 121.0)	7.213
171	images/sec: 1606.7 +/- 18.6 (jitter = 119.4)	7.190
172	images/sec: 1598.8 +/- 19.1 (jitter = 119.8)	7.194
173	images/sec: 1593.0 +/- 19.3 (jitter = 120.2)	7.191
174	images/sec: 1587.4 +/- 19.6 (jitter = 121.8)	7.201
175	images/sec: 1581.6 +/- 19.8 (jitter = 124.1)	7.198
176	images/sec: 1576.2 +/- 20.1 (jitter = 125.2)	7.191
177	images/sec: 1569.5 +/- 20.4 (jitter = 125.9)	7.201
178	images/sec: 1563.7 +/- 20.6 (jitter = 123.6)	7.206
179	images/sec: 1559.9 +/- 20.7 (jitter = 123.3)	7.202
180	images/sec: 1555.1 +/- 20.9 (jitter = 126.7)	7.188
181	images/sec: 1549.8 +/- 21.1 (jitter = 130.1)	7.195
182	images/sec: 1544.4 +/- 21.3 (jitter = 132.0)	7.199
183	images/sec: 1539.4 +/- 21.5 (jitter = 133.6)	7.211
184	images/sec: 1534.5 +/- 21.6 (jitter = 134.8)	7.205
185	images/sec: 1530.1 +/- 21.7 (jitter = 138.1)	7.202
186	images/sec: 1525.8 +/- 21.9 (jitter = 141.9)	7.193
187	images/sec: 1521.4 +/- 22.0 (jitter = 144.1)	7.194
188	images/sec: 1516.7 +/- 22.1 (jitter = 144.1)	7.200
189	images/sec: 1512.0 +/- 22.3 (jitter = 144.2)	7.207
190	images/sec: 1508.1 +/- 22.3 (jitter = 146.3)	7.195
191	images/sec: 1503.3 +/- 22.5 (jitter = 149.0)	7.198
192	images/sec: 1498.7 +/- 22.6 (jitter = 152.6)	7.209
193	images/sec: 1493.7 +/- 22.8 (jitter = 156.3)	7.189
194	images/sec: 1488.6 +/- 22.9 (jitter = 158.9)	7.196
195	images/sec: 1484.2 +/- 23.0 (jitter = 161.2)	7.197
196	images/sec: 1479.5 +/- 23.1 (jitter = 161.5)	7.198
197	images/sec: 1475.4 +/- 23.2 (jitter = 161.7)	7.207
198	images/sec: 1471.3 +/- 23.3 (jitter = 162.4)	7.198
199	images/sec: 1467.4 +/- 23.4 (jitter = 162.9)	7.202
200	images/sec: 1463.5 +/- 23.5 (jitter = 167.3)	7.213
201	images/sec: 1459.6 +/- 23.5 (jitter = 172.6)	7.199
202	images/sec: 1454.9 +/- 23.6 (jitter = 174.5)	7.195
203	images/sec: 1450.4 +/- 23.7 (jitter = 176.3)	7.187
204	images/sec: 1446.8 +/- 23.8 (jitter = 177.5)	7.202
205	images/sec: 1443.4 +/- 23.8 (jitter = 180.3)	7.209
206	images/sec: 1440.5 +/- 23.9 (jitter = 180.7)	7.199
207	images/sec: 1437.0 +/- 23.9 (jitter = 180.8)	7.195
208	images/sec: 1432.6 +/- 24.0 (jitter = 188.7)	7.187
209	images/sec: 1429.4 +/- 24.0 (jitter = 191.6)	7.197
210	images/sec: 1425.8 +/- 24.1 (jitter = 194.1)	7.202
211	images/sec: 1422.0 +/- 24.1 (jitter = 195.9)	7.206
212	images/sec: 1418.7 +/- 24.2 (jitter = 198.9)	7.196
213	images/sec: 1414.5 +/- 24.2 (jitter = 203.9)	7.195
214	images/sec: 1411.9 +/- 24.2 (jitter = 207.9)	7.204
215	images/sec: 1408.8 +/- 24.3 (jitter = 211.9)	7.201
216	images/sec: 1404.8 +/- 24.3 (jitter = 215.9)	7.179
217	images/sec: 1401.4 +/- 24.4 (jitter = 220.0)	7.204
218	images/sec: 1396.4 +/- 24.5 (jitter = 226.6)	7.201
219	images/sec: 1392.1 +/- 24.6 (jitter = 233.1)	7.204
220	images/sec: 1388.4 +/- 24.6 (jitter = 234.4)	7.199
221	images/sec: 1384.6 +/- 24.7 (jitter = 235.7)	7.201
222	images/sec: 1379.9 +/- 24.7 (jitter = 244.4)	7.195
223	images/sec: 1375.2 +/- 24.8 (jitter = 253.0)	7.194
224	images/sec: 1371.0 +/- 24.9 (jitter = 253.1)	7.201
225	images/sec: 1367.2 +/- 25.0 (jitter = 253.3)	7.197
226	images/sec: 1363.0 +/- 25.0 (jitter = 258.0)	7.201
227	images/sec: 1359.0 +/- 25.1 (jitter = 262.8)	7.203
228	images/sec: 1355.0 +/- 25.1 (jitter = 267.1)	7.194
229	images/sec: 1351.2 +/- 25.2 (jitter = 271.3)	7.201
230	images/sec: 1347.3 +/- 25.2 (jitter = 271.1)	7.187
231	images/sec: 1343.6 +/- 25.3 (jitter = 270.9)	7.209
232	images/sec: 1339.8 +/- 25.3 (jitter = 274.8)	7.205
233	images/sec: 1336.2 +/- 25.4 (jitter = 279.2)	7.198
234	images/sec: 1332.8 +/- 25.4 (jitter = 281.4)	7.208
235	images/sec: 1329.2 +/- 25.4 (jitter = 283.7)	7.197
236	images/sec: 1325.6 +/- 25.5 (jitter = 288.4)	7.205
237	images/sec: 1322.2 +/- 25.5 (jitter = 293.0)	7.189
238	images/sec: 1318.7 +/- 25.5 (jitter = 296.5)	7.189
239	images/sec: 1315.3 +/- 25.6 (jitter = 300.0)	7.206
240	images/sec: 1312.0 +/- 25.6 (jitter = 307.3)	7.192
241	images/sec: 1309.0 +/- 25.6 (jitter = 314.6)	7.194
242	images/sec: 1305.8 +/- 25.6 (jitter = 317.3)	7.195
243	images/sec: 1302.6 +/- 25.6 (jitter = 320.0)	7.202
244	images/sec: 1299.6 +/- 25.6 (jitter = 322.0)	7.195
245	images/sec: 1296.7 +/- 25.6 (jitter = 324.1)	7.192
246	images/sec: 1293.5 +/- 25.7 (jitter = 329.3)	7.195
247	images/sec: 1290.4 +/- 25.7 (jitter = 333.7)	7.204
248	images/sec: 1287.5 +/- 25.7 (jitter = 344.4)	7.197
249	images/sec: 1284.6 +/- 25.7 (jitter = 355.6)	7.202
250	images/sec: 1281.7 +/- 25.7 (jitter = 366.6)	7.194
251	images/sec: 1278.7 +/- 25.7 (jitter = 377.5)	7.198
252	images/sec: 1274.7 +/- 25.8 (jitter = 380.4)	7.186
----------------------------------------------------------------
total images/sec: 1221.14
----------------------------------------------------------------
