TensorFlow:  1.5
Model:       inception3
Dataset:     imagenet (synthetic)
Mode:        training
SingleSess:  False
Batch size:  25 global
             25 per device
Devices:     ['/gpu:0']
Data format: NCHW
Layout optimizer: False
Optimizer:   sgd
Variables:   parameter_server
==========
Generating model
WARNING:tensorflow:From /salus/tf_benchmarks/scripts/tf_cnn_benchmarks/benchmark_cnn.py:1125: __init__ (from tensorflow.python.training.supervisor) is deprecated and will be removed in a future version.
Instructions for updating:
Please switch to tf.train.MonitoredTrainingSession
Running warm up
Done warm up
Step	Img/sec	loss
1	images/sec: 106.1 +/- 0.0 (jitter = 0.0)	7.478
2	images/sec: 106.8 +/- 0.5 (jitter = 1.0)	7.385
3	images/sec: 106.8 +/- 0.3 (jitter = 0.7)	7.444
4	images/sec: 106.8 +/- 0.2 (jitter = 0.5)	7.421
5	images/sec: 107.3 +/- 0.5 (jitter = 0.7)	7.419
6	images/sec: 107.0 +/- 0.4 (jitter = 1.0)	7.390
7	images/sec: 107.0 +/- 0.4 (jitter = 0.7)	7.412
8	images/sec: 106.8 +/- 0.4 (jitter = 1.0)	7.376
9	images/sec: 106.6 +/- 0.4 (jitter = 1.0)	7.417
10	images/sec: 106.6 +/- 0.4 (jitter = 1.0)	7.428
11	images/sec: 106.7 +/- 0.3 (jitter = 0.7)	7.506
12	images/sec: 106.5 +/- 0.4 (jitter = 1.0)	7.208
13	images/sec: 106.5 +/- 0.3 (jitter = 1.0)	7.444
14	images/sec: 106.4 +/- 0.3 (jitter = 1.2)	7.417
15	images/sec: 106.5 +/- 0.3 (jitter = 1.0)	7.384
16	images/sec: 106.4 +/- 0.3 (jitter = 1.3)	7.449
17	images/sec: 106.2 +/- 0.3 (jitter = 1.4)	7.479
18	images/sec: 106.2 +/- 0.3 (jitter = 1.4)	7.392
19	images/sec: 106.3 +/- 0.3 (jitter = 1.4)	7.354
20	images/sec: 106.4 +/- 0.3 (jitter = 1.3)	7.449
21	images/sec: 106.2 +/- 0.3 (jitter = 1.4)	7.443
22	images/sec: 106.2 +/- 0.3 (jitter = 1.4)	7.447
23	images/sec: 106.2 +/- 0.3 (jitter = 1.4)	7.432
24	images/sec: 106.2 +/- 0.3 (jitter = 1.3)	7.434
25	images/sec: 106.2 +/- 0.3 (jitter = 1.4)	7.281
26	images/sec: 106.3 +/- 0.3 (jitter = 1.4)	7.348
27	images/sec: 106.4 +/- 0.3 (jitter = 1.4)	7.229
28	images/sec: 106.5 +/- 0.3 (jitter = 1.6)	7.312
29	images/sec: 106.5 +/- 0.3 (jitter = 1.4)	7.340
30	images/sec: 106.5 +/- 0.3 (jitter = 1.4)	7.327
31	images/sec: 106.5 +/- 0.3 (jitter = 1.4)	7.489
32	images/sec: 106.5 +/- 0.3 (jitter = 1.5)	7.440
33	images/sec: 106.5 +/- 0.3 (jitter = 1.4)	7.463
34	images/sec: 106.5 +/- 0.3 (jitter = 1.6)	7.301
35	images/sec: 106.5 +/- 0.3 (jitter = 1.4)	7.592
36	images/sec: 106.6 +/- 0.3 (jitter = 1.8)	7.398
37	images/sec: 106.6 +/- 0.3 (jitter = 1.4)	7.427
38	images/sec: 106.5 +/- 0.3 (jitter = 1.6)	7.402
39	images/sec: 106.4 +/- 0.3 (jitter = 1.6)	7.400
40	images/sec: 106.4 +/- 0.3 (jitter = 1.6)	7.380
41	images/sec: 106.5 +/- 0.2 (jitter = 1.4)	7.442
42	images/sec: 106.4 +/- 0.2 (jitter = 1.5)	7.479
43	images/sec: 106.4 +/- 0.2 (jitter = 1.4)	7.417
44	images/sec: 106.3 +/- 0.2 (jitter = 1.5)	7.410
45	images/sec: 106.3 +/- 0.2 (jitter = 1.6)	7.443
46	images/sec: 106.3 +/- 0.2 (jitter = 1.4)	7.329
47	images/sec: 106.3 +/- 0.2 (jitter = 1.6)	7.337
48	images/sec: 106.3 +/- 0.2 (jitter = 1.4)	7.372
49	images/sec: 106.3 +/- 0.2 (jitter = 1.4)	7.452
50	images/sec: 106.2 +/- 0.2 (jitter = 1.4)	7.404
51	images/sec: 106.2 +/- 0.2 (jitter = 1.4)	7.477
52	images/sec: 106.3 +/- 0.2 (jitter = 1.4)	7.402
53	images/sec: 106.2 +/- 0.2 (jitter = 1.4)	7.356
54	images/sec: 106.2 +/- 0.2 (jitter = 1.5)	7.352
55	images/sec: 106.2 +/- 0.2 (jitter = 1.5)	7.434
56	images/sec: 106.1 +/- 0.2 (jitter = 1.5)	7.373
57	images/sec: 106.2 +/- 0.2 (jitter = 1.5)	7.359
58	images/sec: 106.2 +/- 0.2 (jitter = 1.5)	7.378
59	images/sec: 106.2 +/- 0.2 (jitter = 1.5)	7.427
60	images/sec: 106.2 +/- 0.2 (jitter = 1.5)	7.541
61	images/sec: 106.2 +/- 0.2 (jitter = 1.5)	7.390
62	images/sec: 106.2 +/- 0.2 (jitter = 1.5)	7.307
63	images/sec: 106.2 +/- 0.2 (jitter = 1.5)	7.496
64	images/sec: 106.2 +/- 0.2 (jitter = 1.5)	7.315
65	images/sec: 106.2 +/- 0.2 (jitter = 1.5)	7.318
66	images/sec: 106.2 +/- 0.2 (jitter = 1.5)	7.321
67	images/sec: 106.2 +/- 0.2 (jitter = 1.5)	7.369
68	images/sec: 106.2 +/- 0.2 (jitter = 1.5)	7.284
69	images/sec: 106.3 +/- 0.2 (jitter = 1.6)	7.368
70	images/sec: 106.3 +/- 0.2 (jitter = 1.6)	7.418
71	images/sec: 106.2 +/- 0.2 (jitter = 1.6)	7.402
72	images/sec: 106.2 +/- 0.2 (jitter = 1.5)	7.378
73	images/sec: 106.2 +/- 0.2 (jitter = 1.5)	7.422
74	images/sec: 106.2 +/- 0.2 (jitter = 1.5)	7.342
75	images/sec: 106.1 +/- 0.2 (jitter = 1.5)	7.396
76	images/sec: 106.1 +/- 0.2 (jitter = 1.6)	7.462
77	images/sec: 106.1 +/- 0.2 (jitter = 1.6)	7.564
78	images/sec: 106.1 +/- 0.2 (jitter = 1.6)	7.288
79	images/sec: 106.1 +/- 0.2 (jitter = 1.6)	7.312
80	images/sec: 106.1 +/- 0.2 (jitter = 1.6)	7.328
81	images/sec: 106.1 +/- 0.2 (jitter = 1.6)	7.440
82	images/sec: 106.1 +/- 0.2 (jitter = 1.5)	7.472
83	images/sec: 106.1 +/- 0.2 (jitter = 1.5)	7.414
84	images/sec: 106.1 +/- 0.2 (jitter = 1.5)	7.271
85	images/sec: 106.1 +/- 0.2 (jitter = 1.5)	7.348
86	images/sec: 106.1 +/- 0.2 (jitter = 1.5)	7.332
87	images/sec: 106.0 +/- 0.2 (jitter = 1.5)	7.219
88	images/sec: 106.0 +/- 0.2 (jitter = 1.5)	7.362
89	images/sec: 106.0 +/- 0.2 (jitter = 1.5)	7.381
90	images/sec: 106.0 +/- 0.2 (jitter = 1.5)	7.455
91	images/sec: 106.0 +/- 0.2 (jitter = 1.5)	7.224
92	images/sec: 106.0 +/- 0.2 (jitter = 1.6)	7.310
93	images/sec: 106.0 +/- 0.2 (jitter = 1.5)	7.468
94	images/sec: 106.0 +/- 0.2 (jitter = 1.6)	7.451
95	images/sec: 105.9 +/- 0.2 (jitter = 1.7)	7.235
96	images/sec: 105.9 +/- 0.2 (jitter = 1.7)	7.449
97	images/sec: 105.9 +/- 0.2 (jitter = 1.7)	7.359
98	images/sec: 105.9 +/- 0.2 (jitter = 1.7)	7.397
99	images/sec: 105.9 +/- 0.2 (jitter = 1.8)	7.354
100	images/sec: 105.9 +/- 0.2 (jitter = 1.8)	7.415
101	images/sec: 105.9 +/- 0.2 (jitter = 1.8)	7.448
102	images/sec: 105.9 +/- 0.2 (jitter = 1.8)	7.249
103	images/sec: 105.9 +/- 0.2 (jitter = 1.8)	7.452
104	images/sec: 105.9 +/- 0.2 (jitter = 1.8)	7.462
105	images/sec: 105.9 +/- 0.2 (jitter = 1.7)	7.495
106	images/sec: 105.9 +/- 0.2 (jitter = 1.7)	7.511
107	images/sec: 106.0 +/- 0.2 (jitter = 1.8)	7.419
108	images/sec: 106.0 +/- 0.2 (jitter = 1.8)	7.413
109	images/sec: 106.0 +/- 0.2 (jitter = 1.8)	7.409
110	images/sec: 106.0 +/- 0.2 (jitter = 1.8)	7.438
111	images/sec: 106.0 +/- 0.2 (jitter = 1.8)	7.450
112	images/sec: 106.0 +/- 0.2 (jitter = 1.8)	7.303
113	images/sec: 106.0 +/- 0.2 (jitter = 1.7)	7.397
114	images/sec: 106.0 +/- 0.2 (jitter = 1.8)	7.430
115	images/sec: 106.0 +/- 0.2 (jitter = 1.7)	7.344
116	images/sec: 106.0 +/- 0.2 (jitter = 1.8)	7.429
117	images/sec: 105.9 +/- 0.2 (jitter = 1.8)	7.289
118	images/sec: 105.9 +/- 0.1 (jitter = 1.9)	7.363
119	images/sec: 105.9 +/- 0.1 (jitter = 1.9)	7.248
120	images/sec: 105.9 +/- 0.1 (jitter = 1.8)	7.337
121	images/sec: 105.9 +/- 0.1 (jitter = 1.9)	7.361
122	images/sec: 105.9 +/- 0.1 (jitter = 1.9)	7.454
123	images/sec: 105.9 +/- 0.1 (jitter = 1.9)	7.341
124	images/sec: 105.9 +/- 0.1 (jitter = 1.9)	7.499
125	images/sec: 105.9 +/- 0.1 (jitter = 1.8)	7.497
126	images/sec: 105.9 +/- 0.1 (jitter = 1.8)	7.398
127	images/sec: 105.9 +/- 0.1 (jitter = 1.8)	7.385
128	images/sec: 105.9 +/- 0.1 (jitter = 1.9)	7.371
129	images/sec: 105.9 +/- 0.1 (jitter = 1.9)	7.313
130	images/sec: 105.9 +/- 0.1 (jitter = 1.9)	7.410
131	images/sec: 105.9 +/- 0.1 (jitter = 1.9)	7.402
132	images/sec: 105.9 +/- 0.1 (jitter = 1.9)	7.294
133	images/sec: 105.9 +/- 0.1 (jitter = 1.9)	7.429
134	images/sec: 105.9 +/- 0.1 (jitter = 1.9)	7.465
135	images/sec: 105.9 +/- 0.1 (jitter = 1.9)	7.321
136	images/sec: 105.9 +/- 0.1 (jitter = 1.9)	7.435
137	images/sec: 105.9 +/- 0.1 (jitter = 1.9)	7.294
138	images/sec: 105.9 +/- 0.1 (jitter = 1.8)	7.440
139	images/sec: 105.9 +/- 0.1 (jitter = 1.9)	7.362
140	images/sec: 105.8 +/- 0.1 (jitter = 1.9)	7.292
141	images/sec: 105.9 +/- 0.1 (jitter = 1.9)	7.334
142	images/sec: 105.9 +/- 0.1 (jitter = 1.9)	7.307
143	images/sec: 105.9 +/- 0.1 (jitter = 1.9)	7.422
144	images/sec: 105.9 +/- 0.1 (jitter = 1.9)	7.430
145	images/sec: 105.9 +/- 0.1 (jitter = 1.9)	7.402
146	images/sec: 105.9 +/- 0.1 (jitter = 1.9)	7.431
147	images/sec: 105.9 +/- 0.1 (jitter = 1.8)	7.473
148	images/sec: 105.9 +/- 0.1 (jitter = 1.8)	7.389
149	images/sec: 105.9 +/- 0.1 (jitter = 1.8)	7.471
150	images/sec: 105.9 +/- 0.1 (jitter = 1.8)	7.359
151	images/sec: 105.9 +/- 0.1 (jitter = 1.8)	7.415
152	images/sec: 105.9 +/- 0.1 (jitter = 1.8)	7.405
153	images/sec: 106.0 +/- 0.1 (jitter = 1.8)	7.386
154	images/sec: 106.0 +/- 0.1 (jitter = 1.8)	7.405
155	images/sec: 106.0 +/- 0.1 (jitter = 1.8)	7.481
156	images/sec: 106.0 +/- 0.1 (jitter = 1.8)	7.469
157	images/sec: 106.0 +/- 0.1 (jitter = 1.8)	7.470
158	images/sec: 106.0 +/- 0.1 (jitter = 1.8)	7.362
159	images/sec: 106.0 +/- 0.1 (jitter = 1.8)	7.374
160	images/sec: 106.0 +/- 0.1 (jitter = 1.8)	7.425
161	images/sec: 106.0 +/- 0.1 (jitter = 1.8)	7.466
162	images/sec: 106.0 +/- 0.1 (jitter = 1.8)	7.376
163	images/sec: 106.0 +/- 0.1 (jitter = 1.8)	7.384
164	images/sec: 106.0 +/- 0.1 (jitter = 1.8)	7.405
165	images/sec: 106.0 +/- 0.1 (jitter = 1.9)	7.380
166	images/sec: 106.1 +/- 0.1 (jitter = 1.9)	7.488
167	images/sec: 106.0 +/- 0.1 (jitter = 1.9)	7.521
168	images/sec: 106.1 +/- 0.1 (jitter = 1.9)	7.378
169	images/sec: 106.1 +/- 0.1 (jitter = 1.9)	7.345
170	images/sec: 106.1 +/- 0.1 (jitter = 1.9)	7.409
171	images/sec: 106.1 +/- 0.1 (jitter = 1.8)	7.389
172	images/sec: 106.1 +/- 0.1 (jitter = 1.8)	7.507
173	images/sec: 106.1 +/- 0.1 (jitter = 1.8)	7.307
174	images/sec: 106.1 +/- 0.1 (jitter = 1.8)	7.383
175	images/sec: 106.1 +/- 0.1 (jitter = 1.9)	7.320
176	images/sec: 106.1 +/- 0.1 (jitter = 1.8)	7.392
177	images/sec: 106.1 +/- 0.1 (jitter = 1.8)	7.305
178	images/sec: 106.1 +/- 0.1 (jitter = 1.9)	7.374
179	images/sec: 106.2 +/- 0.1 (jitter = 1.9)	7.235
180	images/sec: 106.1 +/- 0.1 (jitter = 1.9)	7.420
181	images/sec: 106.1 +/- 0.1 (jitter = 1.9)	7.301
182	images/sec: 106.1 +/- 0.1 (jitter = 2.0)	7.424
183	images/sec: 106.1 +/- 0.1 (jitter = 1.9)	7.390
184	images/sec: 106.1 +/- 0.1 (jitter = 1.9)	7.373
185	images/sec: 106.1 +/- 0.1 (jitter = 1.9)	7.422
186	images/sec: 106.1 +/- 0.1 (jitter = 1.9)	7.405
187	images/sec: 106.1 +/- 0.1 (jitter = 1.9)	7.219
188	images/sec: 106.1 +/- 0.1 (jitter = 2.0)	7.351
189	images/sec: 106.1 +/- 0.1 (jitter = 2.0)	7.363
190	images/sec: 106.1 +/- 0.1 (jitter = 1.9)	7.347
191	images/sec: 106.1 +/- 0.1 (jitter = 1.9)	7.310
192	images/sec: 106.1 +/- 0.1 (jitter = 1.9)	7.378
193	images/sec: 106.1 +/- 0.1 (jitter = 1.9)	7.306
194	images/sec: 106.1 +/- 0.1 (jitter = 1.9)	7.429
195	images/sec: 106.1 +/- 0.1 (jitter = 1.9)	7.373
196	images/sec: 106.1 +/- 0.1 (jitter = 1.9)	7.322
197	images/sec: 106.1 +/- 0.1 (jitter = 2.0)	7.263
198	images/sec: 106.1 +/- 0.1 (jitter = 1.9)	7.442
199	images/sec: 106.0 +/- 0.1 (jitter = 1.9)	7.421
200	images/sec: 106.0 +/- 0.1 (jitter = 1.9)	7.461
201	images/sec: 106.0 +/- 0.1 (jitter = 1.9)	7.445
202	images/sec: 106.0 +/- 0.1 (jitter = 1.9)	7.332
203	images/sec: 106.0 +/- 0.1 (jitter = 1.9)	7.488
204	images/sec: 106.0 +/- 0.1 (jitter = 1.9)	7.308
205	images/sec: 106.0 +/- 0.1 (jitter = 1.9)	7.408
206	images/sec: 106.0 +/- 0.1 (jitter = 1.9)	7.283
207	images/sec: 106.0 +/- 0.1 (jitter = 1.9)	7.389
208	images/sec: 106.2 +/- 0.4 (jitter = 1.9)	7.411
209	images/sec: 106.5 +/- 0.6 (jitter = 1.9)	7.384
210	images/sec: 106.7 +/- 0.7 (jitter = 2.0)	7.476
211	images/sec: 106.9 +/- 0.8 (jitter = 2.0)	7.365
212	images/sec: 107.1 +/- 0.8 (jitter = 2.0)	7.489
213	images/sec: 107.3 +/- 0.9 (jitter = 2.0)	7.396
214	images/sec: 107.5 +/- 1.0 (jitter = 2.0)	7.417
215	images/sec: 107.8 +/- 1.1 (jitter = 2.0)	7.375
216	images/sec: 108.0 +/- 1.1 (jitter = 2.0)	7.357
217	images/sec: 108.2 +/- 1.2 (jitter = 2.0)	7.419
218	images/sec: 108.4 +/- 1.2 (jitter = 2.0)	7.373
219	images/sec: 108.6 +/- 1.3 (jitter = 2.0)	7.465
220	images/sec: 108.8 +/- 1.3 (jitter = 2.0)	7.386
221	images/sec: 109.0 +/- 1.4 (jitter = 2.0)	7.349
222	images/sec: 109.3 +/- 1.4 (jitter = 2.0)	7.339
223	images/sec: 109.5 +/- 1.4 (jitter = 2.0)	7.445
224	images/sec: 109.7 +/- 1.5 (jitter = 2.0)	7.347
225	images/sec: 109.9 +/- 1.5 (jitter = 2.0)	7.436
226	images/sec: 110.1 +/- 1.5 (jitter = 2.1)	7.481
227	images/sec: 110.3 +/- 1.6 (jitter = 2.1)	7.389
228	images/sec: 110.5 +/- 1.6 (jitter = 2.1)	7.351
229	images/sec: 110.7 +/- 1.6 (jitter = 2.1)	7.351
230	images/sec: 110.9 +/- 1.6 (jitter = 2.1)	7.417
231	images/sec: 111.1 +/- 1.7 (jitter = 2.1)	7.384
232	images/sec: 111.3 +/- 1.7 (jitter = 2.1)	7.427
233	images/sec: 111.5 +/- 1.7 (jitter = 2.1)	7.429
234	images/sec: 111.7 +/- 1.7 (jitter = 2.1)	7.319
235	images/sec: 111.9 +/- 1.7 (jitter = 2.1)	7.392
236	images/sec: 112.0 +/- 1.8 (jitter = 2.1)	7.400
237	images/sec: 112.2 +/- 1.8 (jitter = 2.1)	7.380
238	images/sec: 112.4 +/- 1.8 (jitter = 2.1)	7.353
239	images/sec: 112.6 +/- 1.8 (jitter = 2.1)	7.362
240	images/sec: 112.8 +/- 1.8 (jitter = 2.2)	7.415
241	images/sec: 113.0 +/- 1.9 (jitter = 2.2)	7.441
242	images/sec: 113.2 +/- 1.9 (jitter = 2.2)	7.378
243	images/sec: 113.4 +/- 1.9 (jitter = 2.2)	7.435
244	images/sec: 113.6 +/- 1.9 (jitter = 2.2)	7.412
245	images/sec: 113.8 +/- 1.9 (jitter = 2.2)	7.316
246	images/sec: 113.9 +/- 1.9 (jitter = 2.2)	7.383
247	images/sec: 114.1 +/- 1.9 (jitter = 2.2)	7.409
248	images/sec: 114.3 +/- 2.0 (jitter = 2.2)	7.293
249	images/sec: 114.5 +/- 2.0 (jitter = 2.3)	7.489
250	images/sec: 114.7 +/- 2.0 (jitter = 2.2)	7.445
251	images/sec: 114.8 +/- 2.0 (jitter = 2.3)	7.385
----------------------------------------------------------------
total images/sec: 114.37
----------------------------------------------------------------
