TensorFlow:  1.5
Model:       inception4
Dataset:     imagenet (synthetic)
Mode:        training
SingleSess:  False
Batch size:  25 global
             25 per device
Devices:     ['/gpu:0']
Data format: NCHW
Layout optimizer: False
Optimizer:   sgd
Variables:   parameter_server
==========
Generating model
WARNING:tensorflow:From /salus/tf_benchmarks/scripts/tf_cnn_benchmarks/convnet_builder.py:372: calling reduce_mean (from tensorflow.python.ops.math_ops) with keep_dims is deprecated and will be removed in a future version.
Instructions for updating:
keep_dims is deprecated, use keepdims instead
WARNING:tensorflow:From /salus/tf_benchmarks/scripts/tf_cnn_benchmarks/benchmark_cnn.py:1124: __init__ (from tensorflow.python.training.supervisor) is deprecated and will be removed in a future version.
Instructions for updating:
Please switch to tf.train.MonitoredTrainingSession
Running warm up
Done warm up
Step	Img/sec	loss
1	images/sec: 50.5 +/- 0.0 (jitter = 0.0)	7.887
2	images/sec: 50.6 +/- 0.1 (jitter = 0.1)	7.846
3	images/sec: 50.7 +/- 0.1 (jitter = 0.3)	7.852
4	images/sec: 50.6 +/- 0.1 (jitter = 0.3)	7.873
5	images/sec: 50.7 +/- 0.1 (jitter = 0.4)	7.837
6	images/sec: 50.8 +/- 0.1 (jitter = 0.4)	7.801
7	images/sec: 50.9 +/- 0.1 (jitter = 0.4)	7.826
8	images/sec: 50.9 +/- 0.1 (jitter = 0.5)	7.750
9	images/sec: 50.9 +/- 0.1 (jitter = 0.5)	7.850
10	images/sec: 51.0 +/- 0.1 (jitter = 0.5)	7.891
11	images/sec: 51.1 +/- 0.1 (jitter = 0.5)	7.644
12	images/sec: 51.1 +/- 0.1 (jitter = 0.5)	7.807
13	images/sec: 51.1 +/- 0.1 (jitter = 0.4)	7.873
14	images/sec: 51.1 +/- 0.1 (jitter = 0.4)	7.792
15	images/sec: 51.0 +/- 0.1 (jitter = 0.5)	7.901
16	images/sec: 51.0 +/- 0.1 (jitter = 0.4)	7.777
17	images/sec: 51.0 +/- 0.1 (jitter = 0.4)	7.731
18	images/sec: 51.0 +/- 0.1 (jitter = 0.4)	7.899
19	images/sec: 51.0 +/- 0.1 (jitter = 0.5)	7.697
20	images/sec: 51.0 +/- 0.1 (jitter = 0.4)	7.889
21	images/sec: 50.9 +/- 0.1 (jitter = 0.4)	7.873
22	images/sec: 50.9 +/- 0.1 (jitter = 0.4)	7.800
23	images/sec: 50.9 +/- 0.1 (jitter = 0.4)	7.903
24	images/sec: 50.9 +/- 0.1 (jitter = 0.5)	7.862
25	images/sec: 50.9 +/- 0.1 (jitter = 0.4)	7.953
26	images/sec: 50.9 +/- 0.1 (jitter = 0.4)	7.670
27	images/sec: 50.9 +/- 0.1 (jitter = 0.4)	7.668
28	images/sec: 50.9 +/- 0.1 (jitter = 0.4)	7.738
29	images/sec: 50.8 +/- 0.1 (jitter = 0.4)	7.704
30	images/sec: 50.8 +/- 0.1 (jitter = 0.4)	7.755
31	images/sec: 50.8 +/- 0.1 (jitter = 0.4)	7.658
32	images/sec: 50.8 +/- 0.1 (jitter = 0.4)	7.715
33	images/sec: 50.8 +/- 0.1 (jitter = 0.4)	7.704
34	images/sec: 50.8 +/- 0.1 (jitter = 0.4)	7.702
35	images/sec: 50.8 +/- 0.1 (jitter = 0.4)	7.683
36	images/sec: 50.8 +/- 0.1 (jitter = 0.4)	7.799
37	images/sec: 50.8 +/- 0.1 (jitter = 0.4)	7.689
38	images/sec: 50.8 +/- 0.1 (jitter = 0.4)	7.760
39	images/sec: 50.8 +/- 0.1 (jitter = 0.4)	7.974
40	images/sec: 50.8 +/- 0.1 (jitter = 0.4)	7.733
41	images/sec: 50.8 +/- 0.1 (jitter = 0.4)	7.777
42	images/sec: 50.8 +/- 0.1 (jitter = 0.4)	7.691
43	images/sec: 50.8 +/- 0.1 (jitter = 0.3)	7.786
44	images/sec: 50.8 +/- 0.1 (jitter = 0.3)	7.824
45	images/sec: 50.8 +/- 0.1 (jitter = 0.3)	7.942
46	images/sec: 50.8 +/- 0.1 (jitter = 0.3)	7.823
47	images/sec: 50.8 +/- 0.1 (jitter = 0.3)	7.756
48	images/sec: 50.8 +/- 0.1 (jitter = 0.3)	7.842
49	images/sec: 50.8 +/- 0.1 (jitter = 0.3)	7.796
50	images/sec: 50.8 +/- 0.1 (jitter = 0.3)	7.728
51	images/sec: 50.8 +/- 0.1 (jitter = 0.3)	7.841
52	images/sec: 50.8 +/- 0.0 (jitter = 0.3)	7.612
53	images/sec: 50.8 +/- 0.1 (jitter = 0.3)	7.855
54	images/sec: 50.8 +/- 0.0 (jitter = 0.3)	7.776
55	images/sec: 50.8 +/- 0.0 (jitter = 0.3)	7.775
56	images/sec: 50.7 +/- 0.0 (jitter = 0.3)	7.839
57	images/sec: 50.7 +/- 0.0 (jitter = 0.3)	7.653
58	images/sec: 50.7 +/- 0.0 (jitter = 0.3)	7.743
59	images/sec: 50.7 +/- 0.0 (jitter = 0.3)	7.754
60	images/sec: 50.7 +/- 0.0 (jitter = 0.3)	7.848
61	images/sec: 50.7 +/- 0.0 (jitter = 0.3)	7.912
62	images/sec: 50.7 +/- 0.0 (jitter = 0.3)	7.720
63	images/sec: 50.7 +/- 0.0 (jitter = 0.3)	7.763
64	images/sec: 50.7 +/- 0.0 (jitter = 0.3)	7.828
65	images/sec: 50.7 +/- 0.0 (jitter = 0.3)	7.822
66	images/sec: 50.7 +/- 0.0 (jitter = 0.3)	7.835
67	images/sec: 50.7 +/- 0.0 (jitter = 0.3)	7.713
68	images/sec: 50.8 +/- 0.0 (jitter = 0.3)	7.808
69	images/sec: 50.8 +/- 0.0 (jitter = 0.3)	7.702
70	images/sec: 50.8 +/- 0.0 (jitter = 0.3)	7.729
71	images/sec: 50.8 +/- 0.0 (jitter = 0.3)	7.618
72	images/sec: 50.8 +/- 0.0 (jitter = 0.3)	7.729
73	images/sec: 50.8 +/- 0.0 (jitter = 0.3)	7.800
74	images/sec: 50.8 +/- 0.0 (jitter = 0.3)	7.810
75	images/sec: 50.8 +/- 0.0 (jitter = 0.3)	7.875
76	images/sec: 50.8 +/- 0.0 (jitter = 0.3)	7.799
77	images/sec: 50.8 +/- 0.0 (jitter = 0.3)	7.797
78	images/sec: 50.8 +/- 0.0 (jitter = 0.4)	7.768
79	images/sec: 50.8 +/- 0.0 (jitter = 0.4)	7.840
80	images/sec: 50.8 +/- 0.0 (jitter = 0.4)	7.680
81	images/sec: 50.8 +/- 0.0 (jitter = 0.4)	7.875
82	images/sec: 50.8 +/- 0.0 (jitter = 0.4)	7.891
83	images/sec: 50.8 +/- 0.0 (jitter = 0.4)	7.829
84	images/sec: 50.8 +/- 0.0 (jitter = 0.4)	7.653
85	images/sec: 50.8 +/- 0.0 (jitter = 0.4)	7.746
86	images/sec: 50.8 +/- 0.0 (jitter = 0.4)	7.734
87	images/sec: 50.8 +/- 0.0 (jitter = 0.3)	7.752
88	images/sec: 50.8 +/- 0.0 (jitter = 0.3)	7.787
89	images/sec: 50.8 +/- 0.0 (jitter = 0.3)	7.926
90	images/sec: 50.8 +/- 0.0 (jitter = 0.3)	7.736
91	images/sec: 50.8 +/- 0.0 (jitter = 0.4)	7.769
92	images/sec: 50.8 +/- 0.0 (jitter = 0.4)	7.695
93	images/sec: 50.8 +/- 0.0 (jitter = 0.4)	7.772
94	images/sec: 50.8 +/- 0.0 (jitter = 0.3)	7.814
95	images/sec: 50.8 +/- 0.0 (jitter = 0.3)	7.706
96	images/sec: 50.8 +/- 0.0 (jitter = 0.3)	7.724
97	images/sec: 50.8 +/- 0.0 (jitter = 0.3)	7.703
98	images/sec: 50.8 +/- 0.0 (jitter = 0.3)	7.695
99	images/sec: 50.8 +/- 0.0 (jitter = 0.3)	7.802
100	images/sec: 50.8 +/- 0.0 (jitter = 0.3)	7.771
101	images/sec: 50.8 +/- 0.0 (jitter = 0.3)	7.685
102	images/sec: 50.8 +/- 0.0 (jitter = 0.3)	7.711
103	images/sec: 50.8 +/- 0.0 (jitter = 0.3)	7.799
104	images/sec: 50.8 +/- 0.0 (jitter = 0.3)	7.838
105	images/sec: 50.8 +/- 0.0 (jitter = 0.3)	7.710
106	images/sec: 50.8 +/- 0.0 (jitter = 0.3)	7.668
107	images/sec: 50.8 +/- 0.0 (jitter = 0.3)	7.800
108	images/sec: 50.8 +/- 0.0 (jitter = 0.3)	7.819
109	images/sec: 50.8 +/- 0.0 (jitter = 0.3)	7.756
110	images/sec: 50.8 +/- 0.0 (jitter = 0.3)	7.899
111	images/sec: 50.8 +/- 0.0 (jitter = 0.3)	7.765
112	images/sec: 50.8 +/- 0.0 (jitter = 0.3)	7.716
113	images/sec: 50.8 +/- 0.0 (jitter = 0.3)	7.745
114	images/sec: 50.8 +/- 0.0 (jitter = 0.3)	7.859
115	images/sec: 50.8 +/- 0.0 (jitter = 0.3)	7.757
116	images/sec: 50.8 +/- 0.0 (jitter = 0.3)	7.606
117	images/sec: 50.8 +/- 0.0 (jitter = 0.3)	7.620
118	images/sec: 50.8 +/- 0.0 (jitter = 0.3)	7.801
119	images/sec: 50.8 +/- 0.0 (jitter = 0.3)	7.797
120	images/sec: 50.8 +/- 0.0 (jitter = 0.3)	7.833
121	images/sec: 50.8 +/- 0.0 (jitter = 0.3)	7.777
122	images/sec: 50.8 +/- 0.0 (jitter = 0.3)	7.790
123	images/sec: 50.8 +/- 0.0 (jitter = 0.3)	7.678
124	images/sec: 50.8 +/- 0.0 (jitter = 0.3)	7.732
125	images/sec: 50.8 +/- 0.0 (jitter = 0.3)	7.758
126	images/sec: 50.8 +/- 0.0 (jitter = 0.3)	7.843
127	images/sec: 50.8 +/- 0.0 (jitter = 0.3)	7.832
128	images/sec: 50.8 +/- 0.0 (jitter = 0.3)	7.692
129	images/sec: 50.8 +/- 0.0 (jitter = 0.3)	7.873
130	images/sec: 50.8 +/- 0.0 (jitter = 0.3)	7.699
131	images/sec: 50.8 +/- 0.0 (jitter = 0.3)	7.835
132	images/sec: 50.8 +/- 0.0 (jitter = 0.3)	7.853
133	images/sec: 50.8 +/- 0.0 (jitter = 0.3)	7.698
134	images/sec: 50.8 +/- 0.0 (jitter = 0.3)	7.773
135	images/sec: 50.8 +/- 0.0 (jitter = 0.3)	7.777
136	images/sec: 50.8 +/- 0.0 (jitter = 0.3)	7.684
137	images/sec: 50.8 +/- 0.0 (jitter = 0.3)	7.767
138	images/sec: 50.8 +/- 0.0 (jitter = 0.3)	7.816
139	images/sec: 50.8 +/- 0.0 (jitter = 0.3)	7.770
140	images/sec: 50.8 +/- 0.0 (jitter = 0.3)	7.722
141	images/sec: 50.8 +/- 0.0 (jitter = 0.3)	7.670
142	images/sec: 50.7 +/- 0.0 (jitter = 0.3)	7.758
143	images/sec: 50.7 +/- 0.0 (jitter = 0.3)	7.803
144	images/sec: 50.7 +/- 0.0 (jitter = 0.3)	7.777
145	images/sec: 50.7 +/- 0.0 (jitter = 0.3)	7.725
146	images/sec: 50.7 +/- 0.0 (jitter = 0.3)	7.942
147	images/sec: 50.7 +/- 0.0 (jitter = 0.3)	7.728
148	images/sec: 50.7 +/- 0.0 (jitter = 0.3)	7.829
149	images/sec: 50.7 +/- 0.0 (jitter = 0.3)	7.764
150	images/sec: 50.7 +/- 0.0 (jitter = 0.3)	7.733
151	images/sec: 50.7 +/- 0.0 (jitter = 0.3)	7.795
152	images/sec: 50.7 +/- 0.0 (jitter = 0.3)	7.949
153	images/sec: 50.7 +/- 0.0 (jitter = 0.3)	7.859
154	images/sec: 50.7 +/- 0.0 (jitter = 0.3)	7.819
155	images/sec: 50.8 +/- 0.0 (jitter = 0.3)	7.759
156	images/sec: 50.9 +/- 0.3 (jitter = 0.3)	7.836
157	images/sec: 51.1 +/- 0.4 (jitter = 0.3)	7.730
158	images/sec: 51.2 +/- 0.5 (jitter = 0.3)	7.817
159	images/sec: 51.4 +/- 0.6 (jitter = 0.3)	7.904
160	images/sec: 51.5 +/- 0.6 (jitter = 0.3)	7.752
161	images/sec: 51.7 +/- 0.7 (jitter = 0.3)	7.846
162	images/sec: 51.8 +/- 0.7 (jitter = 0.3)	7.775
163	images/sec: 52.0 +/- 0.8 (jitter = 0.3)	7.742
164	images/sec: 52.1 +/- 0.8 (jitter = 0.3)	7.682
165	images/sec: 52.2 +/- 0.8 (jitter = 0.3)	7.858
166	images/sec: 52.4 +/- 0.9 (jitter = 0.3)	7.735
167	images/sec: 52.5 +/- 0.9 (jitter = 0.3)	7.706
168	images/sec: 52.7 +/- 0.9 (jitter = 0.3)	7.772
169	images/sec: 52.8 +/- 0.9 (jitter = 0.3)	7.739
170	images/sec: 52.9 +/- 1.0 (jitter = 0.3)	7.820
171	images/sec: 53.1 +/- 1.0 (jitter = 0.3)	7.687
172	images/sec: 53.2 +/- 1.0 (jitter = 0.4)	7.825
173	images/sec: 53.4 +/- 1.0 (jitter = 0.4)	7.768
174	images/sec: 53.5 +/- 1.1 (jitter = 0.4)	7.701
175	images/sec: 53.6 +/- 1.1 (jitter = 0.4)	7.710
176	images/sec: 53.8 +/- 1.1 (jitter = 0.4)	7.727
177	images/sec: 53.9 +/- 1.1 (jitter = 0.4)	7.675
178	images/sec: 54.0 +/- 1.1 (jitter = 0.4)	7.787
179	images/sec: 54.2 +/- 1.1 (jitter = 0.4)	7.802
180	images/sec: 54.3 +/- 1.2 (jitter = 0.4)	7.867
181	images/sec: 54.4 +/- 1.2 (jitter = 0.4)	7.695
182	images/sec: 54.6 +/- 1.2 (jitter = 0.4)	7.838
183	images/sec: 54.7 +/- 1.2 (jitter = 0.4)	7.706
184	images/sec: 54.8 +/- 1.2 (jitter = 0.4)	7.749
185	images/sec: 54.9 +/- 1.2 (jitter = 0.4)	7.794
186	images/sec: 55.1 +/- 1.2 (jitter = 0.4)	7.710
187	images/sec: 55.2 +/- 1.2 (jitter = 0.4)	7.707
188	images/sec: 55.3 +/- 1.2 (jitter = 0.4)	7.921
189	images/sec: 55.4 +/- 1.3 (jitter = 0.4)	7.758
190	images/sec: 55.6 +/- 1.3 (jitter = 0.4)	7.712
191	images/sec: 55.7 +/- 1.3 (jitter = 0.4)	7.770
192	images/sec: 55.8 +/- 1.3 (jitter = 0.4)	7.754
193	images/sec: 55.9 +/- 1.3 (jitter = 0.4)	7.807
194	images/sec: 56.0 +/- 1.3 (jitter = 0.4)	7.752
195	images/sec: 56.2 +/- 1.3 (jitter = 0.4)	7.854
196	images/sec: 56.3 +/- 1.3 (jitter = 0.4)	7.775
197	images/sec: 56.4 +/- 1.3 (jitter = 0.4)	7.703
198	images/sec: 56.5 +/- 1.3 (jitter = 0.4)	7.689
199	images/sec: 56.6 +/- 1.3 (jitter = 0.4)	7.806
200	images/sec: 56.8 +/- 1.3 (jitter = 0.4)	7.791
201	images/sec: 56.9 +/- 1.3 (jitter = 0.5)	7.876
202	images/sec: 57.0 +/- 1.3 (jitter = 0.5)	7.692
203	images/sec: 57.1 +/- 1.3 (jitter = 0.5)	7.776
204	images/sec: 57.2 +/- 1.3 (jitter = 0.5)	7.827
205	images/sec: 57.3 +/- 1.3 (jitter = 0.5)	7.929
206	images/sec: 57.4 +/- 1.3 (jitter = 0.5)	7.685
207	images/sec: 57.5 +/- 1.4 (jitter = 0.5)	8.011
208	images/sec: 57.7 +/- 1.4 (jitter = 0.5)	7.701
209	images/sec: 57.8 +/- 1.4 (jitter = 0.5)	7.827
210	images/sec: 57.9 +/- 1.4 (jitter = 0.5)	7.887
211	images/sec: 58.0 +/- 1.4 (jitter = 0.5)	7.731
212	images/sec: 58.1 +/- 1.4 (jitter = 0.5)	7.836
213	images/sec: 58.2 +/- 1.4 (jitter = 0.5)	7.706
214	images/sec: 58.3 +/- 1.4 (jitter = 0.5)	7.781
215	images/sec: 58.4 +/- 1.4 (jitter = 0.5)	7.708
216	images/sec: 58.5 +/- 1.4 (jitter = 0.5)	7.675
217	images/sec: 58.6 +/- 1.4 (jitter = 0.5)	7.719
218	images/sec: 58.7 +/- 1.4 (jitter = 0.6)	7.854
219	images/sec: 58.8 +/- 1.4 (jitter = 0.6)	7.682
220	images/sec: 58.9 +/- 1.4 (jitter = 0.6)	7.761
221	images/sec: 59.0 +/- 1.4 (jitter = 0.6)	7.770
222	images/sec: 59.1 +/- 1.4 (jitter = 0.6)	7.822
223	images/sec: 59.2 +/- 1.4 (jitter = 0.6)	7.681
224	images/sec: 59.3 +/- 1.4 (jitter = 0.6)	7.809
225	images/sec: 59.4 +/- 1.4 (jitter = 0.6)	7.896
226	images/sec: 59.5 +/- 1.4 (jitter = 0.6)	7.830
227	images/sec: 59.6 +/- 1.4 (jitter = 0.6)	7.822
228	images/sec: 59.7 +/- 1.4 (jitter = 0.7)	7.790
229	images/sec: 59.8 +/- 1.4 (jitter = 0.7)	7.751
230	images/sec: 59.9 +/- 1.4 (jitter = 0.7)	7.758
231	images/sec: 60.0 +/- 1.4 (jitter = 0.7)	7.624
232	images/sec: 60.1 +/- 1.4 (jitter = 0.7)	7.811
233	images/sec: 60.2 +/- 1.4 (jitter = 0.7)	7.731
234	images/sec: 60.3 +/- 1.4 (jitter = 0.7)	7.753
235	images/sec: 60.4 +/- 1.4 (jitter = 0.7)	7.700
236	images/sec: 60.5 +/- 1.4 (jitter = 0.7)	7.702
237	images/sec: 60.6 +/- 1.4 (jitter = 0.7)	7.823
238	images/sec: 60.7 +/- 1.4 (jitter = 0.7)	7.703
239	images/sec: 60.8 +/- 1.4 (jitter = 0.7)	7.795
240	images/sec: 60.9 +/- 1.4 (jitter = 0.8)	7.768
241	images/sec: 61.0 +/- 1.4 (jitter = 0.8)	7.798
242	images/sec: 61.1 +/- 1.4 (jitter = 0.8)	7.878
243	images/sec: 61.2 +/- 1.4 (jitter = 0.8)	7.747
244	images/sec: 61.2 +/- 1.4 (jitter = 0.8)	7.748
245	images/sec: 61.3 +/- 1.4 (jitter = 0.8)	7.821
246	images/sec: 61.4 +/- 1.4 (jitter = 0.8)	7.855
247	images/sec: 61.5 +/- 1.4 (jitter = 0.8)	7.731
248	images/sec: 61.6 +/- 1.4 (jitter = 0.8)	7.758
249	images/sec: 61.7 +/- 1.4 (jitter = 0.8)	7.849
250	images/sec: 61.8 +/- 1.4 (jitter = 0.8)	7.814
251	images/sec: 61.9 +/- 1.4 (jitter = 0.8)	7.732
252	images/sec: 61.9 +/- 1.4 (jitter = 0.8)	7.818
253	images/sec: 62.0 +/- 1.4 (jitter = 0.9)	7.685
254	images/sec: 62.1 +/- 1.4 (jitter = 0.9)	7.761
255	images/sec: 62.2 +/- 1.4 (jitter = 0.9)	7.800
256	images/sec: 62.3 +/- 1.4 (jitter = 0.9)	7.882
257	images/sec: 62.4 +/- 1.4 (jitter = 1.0)	7.681
258	images/sec: 62.5 +/- 1.4 (jitter = 1.0)	7.814
259	images/sec: 62.5 +/- 1.4 (jitter = 1.0)	7.897
260	images/sec: 62.6 +/- 1.4 (jitter = 1.0)	7.678
261	images/sec: 62.7 +/- 1.4 (jitter = 1.0)	7.736
262	images/sec: 62.8 +/- 1.4 (jitter = 1.0)	7.668
263	images/sec: 62.9 +/- 1.4 (jitter = 1.0)	7.725
264	images/sec: 63.0 +/- 1.4 (jitter = 1.0)	7.820
265	images/sec: 63.0 +/- 1.4 (jitter = 1.0)	7.737
266	images/sec: 63.1 +/- 1.4 (jitter = 1.0)	7.672
267	images/sec: 63.2 +/- 1.4 (jitter = 1.1)	7.698
268	images/sec: 63.3 +/- 1.4 (jitter = 1.1)	7.804
269	images/sec: 63.4 +/- 1.4 (jitter = 1.1)	7.807
270	images/sec: 63.4 +/- 1.3 (jitter = 1.1)	7.700
271	images/sec: 63.5 +/- 1.3 (jitter = 1.1)	7.857
272	images/sec: 63.6 +/- 1.3 (jitter = 1.1)	7.828
273	images/sec: 63.7 +/- 1.3 (jitter = 1.1)	7.739
274	images/sec: 63.7 +/- 1.3 (jitter = 1.2)	7.782
275	images/sec: 63.8 +/- 1.3 (jitter = 1.2)	7.657
276	images/sec: 63.9 +/- 1.3 (jitter = 1.2)	7.821
277	images/sec: 64.0 +/- 1.3 (jitter = 1.2)	7.874
278	images/sec: 64.1 +/- 1.3 (jitter = 1.2)	7.846
279	images/sec: 64.1 +/- 1.3 (jitter = 1.3)	7.725
280	images/sec: 64.2 +/- 1.3 (jitter = 1.3)	7.722
281	images/sec: 64.3 +/- 1.3 (jitter = 1.3)	7.819
282	images/sec: 64.4 +/- 1.3 (jitter = 1.4)	7.829
283	images/sec: 64.4 +/- 1.3 (jitter = 1.4)	7.656
284	images/sec: 64.5 +/- 1.3 (jitter = 1.4)	7.809
285	images/sec: 64.6 +/- 1.3 (jitter = 1.5)	7.801
286	images/sec: 64.7 +/- 1.3 (jitter = 1.5)	7.784
287	images/sec: 64.7 +/- 1.3 (jitter = 1.6)	7.764
288	images/sec: 64.8 +/- 1.3 (jitter = 1.6)	7.767
289	images/sec: 64.9 +/- 1.3 (jitter = 1.6)	7.730
290	images/sec: 64.9 +/- 1.3 (jitter = 1.6)	7.754
291	images/sec: 65.0 +/- 1.3 (jitter = 1.6)	7.804
292	images/sec: 65.1 +/- 1.3 (jitter = 1.7)	7.676
293	images/sec: 65.2 +/- 1.3 (jitter = 1.7)	7.820
294	images/sec: 65.2 +/- 1.3 (jitter = 1.8)	7.784
295	images/sec: 65.3 +/- 1.3 (jitter = 1.9)	7.638
296	images/sec: 65.4 +/- 1.3 (jitter = 2.0)	7.704
297	images/sec: 65.4 +/- 1.3 (jitter = 2.0)	7.810
298	images/sec: 65.5 +/- 1.3 (jitter = 2.1)	7.911
299	images/sec: 65.6 +/- 1.3 (jitter = 2.1)	7.613
300	images/sec: 65.6 +/- 1.3 (jitter = 2.3)	7.854
301	images/sec: 65.7 +/- 1.3 (jitter = 2.4)	7.791
302	images/sec: 65.8 +/- 1.3 (jitter = 2.7)	7.765
303	images/sec: 65.9 +/- 1.3 (jitter = 2.9)	7.947
304	images/sec: 65.9 +/- 1.3 (jitter = 3.1)	7.755
305	images/sec: 66.0 +/- 1.3 (jitter = 3.2)	7.825
306	images/sec: 66.1 +/- 1.3 (jitter = 3.7)	7.761
307	images/sec: 66.1 +/- 1.3 (jitter = 4.1)	7.734
308	images/sec: 66.2 +/- 1.3 (jitter = 6.0)	7.872
309	images/sec: 66.3 +/- 1.3 (jitter = 8.7)	7.742
310	images/sec: 66.3 +/- 1.3 (jitter = 33.3)	7.802
311	images/sec: 66.4 +/- 1.3 (jitter = 6.4)	7.686
312	images/sec: 66.4 +/- 1.3 (jitter = 5.5)	7.792
313	images/sec: 66.5 +/- 1.3 (jitter = 5.5)	7.832
314	images/sec: 66.6 +/- 1.3 (jitter = 4.9)	7.774
315	images/sec: 66.6 +/- 1.3 (jitter = 4.3)	7.783
316	images/sec: 66.7 +/- 1.3 (jitter = 4.1)	7.793
317	images/sec: 66.8 +/- 1.3 (jitter = 3.8)	7.847
318	images/sec: 66.8 +/- 1.3 (jitter = 3.8)	7.734
319	images/sec: 66.9 +/- 1.3 (jitter = 2.7)	7.718
320	images/sec: 67.0 +/- 1.3 (jitter = 3.2)	7.775
321	images/sec: 67.0 +/- 1.3 (jitter = 3.2)	7.863
322	images/sec: 67.1 +/- 1.3 (jitter = 2.9)	7.711
323	images/sec: 67.2 +/- 1.2 (jitter = 2.7)	7.902
324	images/sec: 67.2 +/- 1.2 (jitter = 2.6)	7.754
325	images/sec: 67.3 +/- 1.2 (jitter = 2.6)	7.724
326	images/sec: 67.3 +/- 1.2 (jitter = 2.5)	7.793
327	images/sec: 67.4 +/- 1.2 (jitter = 2.4)	7.706
328	images/sec: 67.5 +/- 1.2 (jitter = 2.2)	7.722
329	images/sec: 67.5 +/- 1.2 (jitter = 1.9)	7.605
330	images/sec: 67.6 +/- 1.2 (jitter = 1.9)	7.756
331	images/sec: 67.6 +/- 1.2 (jitter = 1.9)	7.618
332	images/sec: 67.7 +/- 1.2 (jitter = 1.9)	7.712
333	images/sec: 67.8 +/- 1.2 (jitter = 1.8)	7.875
334	images/sec: 67.8 +/- 1.2 (jitter = 1.8)	7.683
335	images/sec: 67.9 +/- 1.2 (jitter = 1.8)	7.766
336	images/sec: 67.9 +/- 1.2 (jitter = 1.7)	7.867
337	images/sec: 68.0 +/- 1.2 (jitter = 1.6)	7.808
338	images/sec: 68.1 +/- 1.2 (jitter = 1.6)	7.795
339	images/sec: 68.1 +/- 1.2 (jitter = 1.6)	7.844
340	images/sec: 68.2 +/- 1.2 (jitter = 1.5)	7.861
341	images/sec: 68.2 +/- 1.2 (jitter = 1.5)	7.741
342	images/sec: 68.3 +/- 1.2 (jitter = 1.5)	7.728
343	images/sec: 68.3 +/- 1.2 (jitter = 1.5)	7.704
344	images/sec: 68.4 +/- 1.2 (jitter = 1.5)	7.722
345	images/sec: 68.5 +/- 1.2 (jitter = 1.4)	7.762
346	images/sec: 68.5 +/- 1.2 (jitter = 1.4)	7.745
347	images/sec: 68.6 +/- 1.2 (jitter = 1.4)	7.634
348	images/sec: 68.6 +/- 1.2 (jitter = 1.4)	7.800
349	images/sec: 68.7 +/- 1.2 (jitter = 1.4)	7.794
350	images/sec: 68.7 +/- 1.2 (jitter = 1.3)	7.827
351	images/sec: 68.8 +/- 1.2 (jitter = 1.3)	7.798
352	images/sec: 68.8 +/- 1.2 (jitter = 1.3)	7.754
353	images/sec: 68.9 +/- 1.2 (jitter = 1.3)	7.864
354	images/sec: 69.0 +/- 1.2 (jitter = 1.2)	7.784
355	images/sec: 69.0 +/- 1.2 (jitter = 1.3)	7.766
356	images/sec: 69.1 +/- 1.2 (jitter = 1.2)	7.671
357	images/sec: 69.1 +/- 1.2 (jitter = 1.2)	7.689
358	images/sec: 69.2 +/- 1.2 (jitter = 1.2)	7.786
359	images/sec: 69.2 +/- 1.2 (jitter = 1.2)	7.636
360	images/sec: 69.3 +/- 1.2 (jitter = 1.2)	7.830
361	images/sec: 69.3 +/- 1.2 (jitter = 1.2)	7.812
362	images/sec: 69.4 +/- 1.2 (jitter = 1.2)	7.835
363	images/sec: 69.4 +/- 1.2 (jitter = 1.2)	7.745
364	images/sec: 69.5 +/- 1.2 (jitter = 1.2)	7.794
365	images/sec: 69.5 +/- 1.2 (jitter = 1.2)	7.742
366	images/sec: 69.6 +/- 1.2 (jitter = 1.2)	7.726
367	images/sec: 69.6 +/- 1.2 (jitter = 1.2)	7.725
368	images/sec: 69.7 +/- 1.2 (jitter = 1.2)	7.742
369	images/sec: 69.7 +/- 1.2 (jitter = 1.2)	7.807
370	images/sec: 69.8 +/- 1.2 (jitter = 1.2)	7.798
371	images/sec: 69.9 +/- 1.1 (jitter = 1.2)	7.670
372	images/sec: 69.9 +/- 1.1 (jitter = 1.2)	7.693
373	images/sec: 70.0 +/- 1.1 (jitter = 1.2)	7.816
374	images/sec: 70.0 +/- 1.1 (jitter = 1.2)	7.817
375	images/sec: 70.1 +/- 1.1 (jitter = 1.1)	7.920
376	images/sec: 70.1 +/- 1.1 (jitter = 1.1)	7.709
377	images/sec: 70.2 +/- 1.1 (jitter = 1.1)	7.746
378	images/sec: 70.2 +/- 1.1 (jitter = 1.1)	7.768
379	images/sec: 70.3 +/- 1.1 (jitter = 1.1)	7.759
380	images/sec: 70.3 +/- 1.1 (jitter = 1.1)	7.792
381	images/sec: 70.3 +/- 1.1 (jitter = 1.1)	7.695
382	images/sec: 70.4 +/- 1.1 (jitter = 1.1)	7.835
383	images/sec: 70.4 +/- 1.1 (jitter = 1.1)	7.691
384	images/sec: 70.5 +/- 1.1 (jitter = 1.1)	7.776
385	images/sec: 70.5 +/- 1.1 (jitter = 1.1)	7.754
386	images/sec: 70.6 +/- 1.1 (jitter = 1.1)	7.749
387	images/sec: 70.6 +/- 1.1 (jitter = 1.1)	7.676
388	images/sec: 70.7 +/- 1.1 (jitter = 1.1)	7.737
389	images/sec: 70.7 +/- 1.1 (jitter = 1.1)	7.840
390	images/sec: 70.8 +/- 1.1 (jitter = 1.1)	7.816
391	images/sec: 70.8 +/- 1.1 (jitter = 1.1)	7.709
392	images/sec: 70.9 +/- 1.1 (jitter = 1.1)	7.681
393	images/sec: 70.9 +/- 1.1 (jitter = 1.1)	7.729
394	images/sec: 71.0 +/- 1.1 (jitter = 1.1)	7.701
395	images/sec: 71.0 +/- 1.1 (jitter = 1.1)	7.805
396	images/sec: 71.1 +/- 1.1 (jitter = 1.1)	7.750
397	images/sec: 71.1 +/- 1.1 (jitter = 1.1)	7.760
398	images/sec: 71.2 +/- 1.1 (jitter = 1.0)	7.701
399	images/sec: 71.2 +/- 1.1 (jitter = 1.0)	7.710
400	images/sec: 71.3 +/- 1.1 (jitter = 1.0)	7.774
401	images/sec: 71.3 +/- 1.1 (jitter = 1.0)	7.790
402	images/sec: 71.3 +/- 1.1 (jitter = 1.0)	7.771
403	images/sec: 71.4 +/- 1.1 (jitter = 1.0)	7.765
404	images/sec: 71.4 +/- 1.1 (jitter = 1.0)	7.746
405	images/sec: 71.5 +/- 1.1 (jitter = 1.0)	7.770
406	images/sec: 71.5 +/- 1.1 (jitter = 1.0)	7.684
407	images/sec: 71.6 +/- 1.1 (jitter = 1.0)	7.688
408	images/sec: 71.6 +/- 1.1 (jitter = 1.0)	7.788
409	images/sec: 71.7 +/- 1.1 (jitter = 1.0)	7.723
410	images/sec: 71.7 +/- 1.1 (jitter = 1.0)	7.714
411	images/sec: 71.7 +/- 1.1 (jitter = 1.0)	7.835
412	images/sec: 71.8 +/- 1.1 (jitter = 1.0)	7.836
413	images/sec: 71.8 +/- 1.1 (jitter = 1.0)	7.751
414	images/sec: 71.9 +/- 1.1 (jitter = 1.0)	7.711
415	images/sec: 71.9 +/- 1.1 (jitter = 1.0)	7.803
416	images/sec: 72.0 +/- 1.1 (jitter = 1.0)	7.830
417	images/sec: 72.0 +/- 1.1 (jitter = 1.0)	7.686
418	images/sec: 72.0 +/- 1.1 (jitter = 1.0)	7.764
419	images/sec: 72.1 +/- 1.1 (jitter = 1.0)	7.754
420	images/sec: 72.1 +/- 1.1 (jitter = 1.0)	7.751
421	images/sec: 72.2 +/- 1.1 (jitter = 1.0)	7.627
422	images/sec: 72.2 +/- 1.1 (jitter = 1.0)	7.774
423	images/sec: 72.3 +/- 1.1 (jitter = 1.0)	7.826
424	images/sec: 72.3 +/- 1.1 (jitter = 1.0)	7.711
425	images/sec: 72.3 +/- 1.0 (jitter = 1.0)	7.722
426	images/sec: 72.4 +/- 1.0 (jitter = 1.0)	7.751
427	images/sec: 72.4 +/- 1.0 (jitter = 1.0)	7.735
428	images/sec: 72.5 +/- 1.0 (jitter = 1.0)	7.730
429	images/sec: 72.5 +/- 1.0 (jitter = 1.0)	7.758
430	images/sec: 72.6 +/- 1.0 (jitter = 1.0)	7.791
431	images/sec: 72.6 +/- 1.0 (jitter = 1.0)	7.723
432	images/sec: 72.6 +/- 1.0 (jitter = 1.0)	7.785
433	images/sec: 72.7 +/- 1.0 (jitter = 1.0)	7.730
434	images/sec: 72.7 +/- 1.0 (jitter = 1.0)	7.761
435	images/sec: 72.8 +/- 1.0 (jitter = 1.0)	7.778
436	images/sec: 72.8 +/- 1.0 (jitter = 0.9)	7.684
437	images/sec: 72.8 +/- 1.0 (jitter = 0.9)	7.844
438	images/sec: 72.9 +/- 1.0 (jitter = 0.9)	7.717
439	images/sec: 72.9 +/- 1.0 (jitter = 0.9)	7.904
440	images/sec: 73.0 +/- 1.0 (jitter = 0.9)	7.844
441	images/sec: 73.0 +/- 1.0 (jitter = 0.9)	7.793
442	images/sec: 73.0 +/- 1.0 (jitter = 0.9)	7.749
443	images/sec: 73.1 +/- 1.0 (jitter = 0.9)	7.664
444	images/sec: 73.1 +/- 1.0 (jitter = 0.9)	7.753
445	images/sec: 73.1 +/- 1.0 (jitter = 0.9)	7.737
446	images/sec: 73.2 +/- 1.0 (jitter = 0.9)	7.787
447	images/sec: 73.2 +/- 1.0 (jitter = 0.9)	7.737
448	images/sec: 73.3 +/- 1.0 (jitter = 0.9)	7.675
449	images/sec: 73.3 +/- 1.0 (jitter = 0.9)	7.693
450	images/sec: 73.3 +/- 1.0 (jitter = 0.9)	7.723
451	images/sec: 73.4 +/- 1.0 (jitter = 0.9)	7.767
452	images/sec: 73.4 +/- 1.0 (jitter = 0.9)	7.682
453	images/sec: 73.5 +/- 1.0 (jitter = 0.9)	7.749
454	images/sec: 73.5 +/- 1.0 (jitter = 0.9)	7.822
455	images/sec: 73.5 +/- 1.0 (jitter = 0.9)	7.631
456	images/sec: 73.6 +/- 1.0 (jitter = 0.9)	7.769
457	images/sec: 73.6 +/- 1.0 (jitter = 0.9)	7.763
458	images/sec: 73.6 +/- 1.0 (jitter = 0.8)	7.751
459	images/sec: 73.7 +/- 1.0 (jitter = 0.8)	7.842
460	images/sec: 73.7 +/- 1.0 (jitter = 0.8)	7.692
461	images/sec: 73.8 +/- 1.0 (jitter = 0.8)	7.772
462	images/sec: 73.8 +/- 1.0 (jitter = 0.8)	7.791
463	images/sec: 73.8 +/- 1.0 (jitter = 0.8)	7.693
464	images/sec: 73.9 +/- 1.0 (jitter = 0.8)	7.782
465	images/sec: 73.9 +/- 1.0 (jitter = 0.8)	7.740
466	images/sec: 73.9 +/- 1.0 (jitter = 0.9)	7.858
467	images/sec: 74.0 +/- 1.0 (jitter = 0.8)	7.776
468	images/sec: 74.0 +/- 1.0 (jitter = 0.9)	7.711
469	images/sec: 74.0 +/- 1.0 (jitter = 0.8)	7.855
470	images/sec: 74.1 +/- 1.0 (jitter = 0.9)	7.798
471	images/sec: 74.1 +/- 1.0 (jitter = 0.8)	7.714
472	images/sec: 74.2 +/- 1.0 (jitter = 0.8)	7.732
473	images/sec: 74.2 +/- 1.0 (jitter = 0.8)	7.800
474	images/sec: 74.2 +/- 1.0 (jitter = 0.8)	7.684
475	images/sec: 74.3 +/- 1.0 (jitter = 0.8)	7.839
476	images/sec: 74.3 +/- 1.0 (jitter = 0.8)	7.756
477	images/sec: 74.3 +/- 1.0 (jitter = 0.8)	7.721
478	images/sec: 74.4 +/- 1.0 (jitter = 0.8)	7.706
479	images/sec: 74.4 +/- 1.0 (jitter = 0.8)	7.918
480	images/sec: 74.4 +/- 1.0 (jitter = 0.8)	7.937
481	images/sec: 74.5 +/- 1.0 (jitter = 0.8)	7.677
482	images/sec: 74.5 +/- 1.0 (jitter = 0.8)	7.798
483	images/sec: 74.5 +/- 1.0 (jitter = 0.8)	7.742
484	images/sec: 74.6 +/- 1.0 (jitter = 0.8)	7.682
485	images/sec: 74.6 +/- 1.0 (jitter = 0.8)	7.710
486	images/sec: 74.6 +/- 1.0 (jitter = 0.8)	7.816
487	images/sec: 74.7 +/- 0.9 (jitter = 0.8)	7.786
488	images/sec: 74.7 +/- 0.9 (jitter = 0.8)	7.857
489	images/sec: 74.7 +/- 0.9 (jitter = 0.8)	7.809
490	images/sec: 74.8 +/- 0.9 (jitter = 0.8)	7.747
491	images/sec: 74.8 +/- 0.9 (jitter = 0.8)	7.789
492	images/sec: 74.8 +/- 0.9 (jitter = 0.8)	7.807
493	images/sec: 74.9 +/- 0.9 (jitter = 0.8)	7.626
494	images/sec: 74.9 +/- 0.9 (jitter = 0.8)	7.749
495	images/sec: 74.9 +/- 0.9 (jitter = 0.8)	7.751
496	images/sec: 75.0 +/- 0.9 (jitter = 0.8)	7.684
497	images/sec: 75.0 +/- 0.9 (jitter = 0.8)	7.743
498	images/sec: 75.0 +/- 0.9 (jitter = 0.8)	7.795
499	images/sec: 75.1 +/- 0.9 (jitter = 0.8)	7.822
500	images/sec: 75.1 +/- 0.9 (jitter = 0.8)	7.702
----------------------------------------------------------------
total images/sec: 74.84
----------------------------------------------------------------
