TensorFlow:  1.5
Model:       resnet50
Dataset:     imagenet (synthetic)
Mode:        training
SingleSess:  False
Batch size:  25 global
             25 per device
Devices:     ['/gpu:0']
Data format: NCHW
Layout optimizer: False
Optimizer:   sgd
Variables:   parameter_server
==========
Generating model
WARNING:tensorflow:From /salus/tf_benchmarks/scripts/tf_cnn_benchmarks/convnet_builder.py:372: calling reduce_mean (from tensorflow.python.ops.math_ops) with keep_dims is deprecated and will be removed in a future version.
Instructions for updating:
keep_dims is deprecated, use keepdims instead
WARNING:tensorflow:From /salus/tf_benchmarks/scripts/tf_cnn_benchmarks/benchmark_cnn.py:1125: __init__ (from tensorflow.python.training.supervisor) is deprecated and will be removed in a future version.
Instructions for updating:
Please switch to tf.train.MonitoredTrainingSession
Running warm up
2019-08-23 13:10:03.161929: E tensorflow/stream_executor/cuda/cuda_driver.cc:936] failed to allocate 2.00G (2147483648 bytes) from device: CUDA_ERROR_OUT_OF_MEMORY
2019-08-23 13:10:03.162905: E tensorflow/stream_executor/cuda/cuda_driver.cc:936] failed to allocate 1.80G (1932735232 bytes) from device: CUDA_ERROR_OUT_OF_MEMORY
2019-08-23 13:10:03.163895: E tensorflow/stream_executor/cuda/cuda_driver.cc:936] failed to allocate 1.62G (1739461632 bytes) from device: CUDA_ERROR_OUT_OF_MEMORY
2019-08-23 13:10:03.164883: E tensorflow/stream_executor/cuda/cuda_driver.cc:936] failed to allocate 1.46G (1565515520 bytes) from device: CUDA_ERROR_OUT_OF_MEMORY
2019-08-23 13:10:03.421912: E tensorflow/stream_executor/cuda/cuda_driver.cc:936] failed to allocate 4.00G (4294967296 bytes) from device: CUDA_ERROR_OUT_OF_MEMORY
2019-08-23 13:10:03.424033: E tensorflow/stream_executor/cuda/cuda_driver.cc:936] failed to allocate 4.00G (4294967296 bytes) from device: CUDA_ERROR_OUT_OF_MEMORY
2019-08-23 13:10:03.435749: E tensorflow/stream_executor/cuda/cuda_driver.cc:936] failed to allocate 4.00G (4294967296 bytes) from device: CUDA_ERROR_OUT_OF_MEMORY
2019-08-23 13:10:03.437531: E tensorflow/stream_executor/cuda/cuda_driver.cc:936] failed to allocate 4.00G (4294967296 bytes) from device: CUDA_ERROR_OUT_OF_MEMORY
2019-08-23 13:10:03.454410: E tensorflow/stream_executor/cuda/cuda_driver.cc:936] failed to allocate 4.00G (4294967296 bytes) from device: CUDA_ERROR_OUT_OF_MEMORY
2019-08-23 13:10:03.457546: E tensorflow/stream_executor/cuda/cuda_driver.cc:936] failed to allocate 4.00G (4294967296 bytes) from device: CUDA_ERROR_OUT_OF_MEMORY
2019-08-23 13:10:03.477106: E tensorflow/stream_executor/cuda/cuda_driver.cc:936] failed to allocate 4.00G (4294967296 bytes) from device: CUDA_ERROR_OUT_OF_MEMORY
2019-08-23 13:10:03.479714: E tensorflow/stream_executor/cuda/cuda_driver.cc:936] failed to allocate 4.00G (4294967296 bytes) from device: CUDA_ERROR_OUT_OF_MEMORY
2019-08-23 13:10:03.504866: E tensorflow/stream_executor/cuda/cuda_driver.cc:936] failed to allocate 4.00G (4294967296 bytes) from device: CUDA_ERROR_OUT_OF_MEMORY
2019-08-23 13:10:03.506134: E tensorflow/stream_executor/cuda/cuda_driver.cc:936] failed to allocate 4.00G (4294967296 bytes) from device: CUDA_ERROR_OUT_OF_MEMORY
2019-08-23 13:10:03.548536: E tensorflow/stream_executor/cuda/cuda_driver.cc:936] failed to allocate 4.00G (4294967296 bytes) from device: CUDA_ERROR_OUT_OF_MEMORY
2019-08-23 13:10:03.549701: E tensorflow/stream_executor/cuda/cuda_driver.cc:936] failed to allocate 4.00G (4294967296 bytes) from device: CUDA_ERROR_OUT_OF_MEMORY
2019-08-23 13:10:03.570552: E tensorflow/stream_executor/cuda/cuda_driver.cc:936] failed to allocate 4.00G (4294967296 bytes) from device: CUDA_ERROR_OUT_OF_MEMORY
2019-08-23 13:10:03.572666: E tensorflow/stream_executor/cuda/cuda_driver.cc:936] failed to allocate 4.00G (4294967296 bytes) from device: CUDA_ERROR_OUT_OF_MEMORY
Done warm up
Step	Img/sec	loss
1	images/sec: 137.5 +/- 0.0 (jitter = 0.0)	9.641
2	images/sec: 137.8 +/- 0.2 (jitter = 0.4)	10.074
3	images/sec: 136.9 +/- 0.8 (jitter = 0.8)	9.302
4	images/sec: 136.4 +/- 0.7 (jitter = 2.1)	9.235
5	images/sec: 136.5 +/- 0.6 (jitter = 1.3)	9.050
6	images/sec: 136.7 +/- 0.5 (jitter = 0.7)	8.728
7	images/sec: 136.5 +/- 0.5 (jitter = 1.3)	8.726
8	images/sec: 136.8 +/- 0.5 (jitter = 1.8)	8.744
9	images/sec: 136.7 +/- 0.5 (jitter = 2.3)	8.725
10	images/sec: 136.5 +/- 0.5 (jitter = 1.8)	8.561
11	images/sec: 136.2 +/- 0.5 (jitter = 2.3)	8.175
12	images/sec: 136.3 +/- 0.5 (jitter = 1.9)	8.729
13	images/sec: 136.1 +/- 0.4 (jitter = 1.9)	8.352
14	images/sec: 136.2 +/- 0.4 (jitter = 2.1)	8.397
15	images/sec: 136.3 +/- 0.4 (jitter = 1.6)	8.360
16	images/sec: 136.5 +/- 0.5 (jitter = 1.9)	8.404
17	images/sec: 136.7 +/- 0.4 (jitter = 2.0)	8.385
18	images/sec: 136.7 +/- 0.4 (jitter = 2.0)	8.346
19	images/sec: 136.6 +/- 0.4 (jitter = 2.0)	8.216
20	images/sec: 136.5 +/- 0.4 (jitter = 2.2)	8.254
21	images/sec: 136.5 +/- 0.4 (jitter = 2.0)	8.423
22	images/sec: 136.5 +/- 0.4 (jitter = 2.1)	8.178
23	images/sec: 136.3 +/- 0.4 (jitter = 2.2)	8.429
24	images/sec: 136.2 +/- 0.4 (jitter = 2.1)	8.005
25	images/sec: 136.0 +/- 0.4 (jitter = 2.4)	8.253
26	images/sec: 136.1 +/- 0.4 (jitter = 2.2)	8.027
27	images/sec: 136.1 +/- 0.4 (jitter = 2.2)	8.114
28	images/sec: 136.2 +/- 0.4 (jitter = 2.2)	8.061
29	images/sec: 136.3 +/- 0.4 (jitter = 2.3)	7.885
30	images/sec: 136.2 +/- 0.4 (jitter = 2.2)	8.228
31	images/sec: 136.2 +/- 0.4 (jitter = 2.2)	8.914
32	images/sec: 136.2 +/- 0.4 (jitter = 2.2)	7.879
33	images/sec: 136.2 +/- 0.4 (jitter = 2.2)	7.974
34	images/sec: 136.2 +/- 0.4 (jitter = 2.2)	8.117
35	images/sec: 136.0 +/- 0.4 (jitter = 2.5)	8.097
36	images/sec: 136.0 +/- 0.4 (jitter = 2.5)	7.987
37	images/sec: 135.9 +/- 0.4 (jitter = 2.6)	8.144
38	images/sec: 135.9 +/- 0.4 (jitter = 2.5)	7.861
39	images/sec: 135.9 +/- 0.4 (jitter = 2.5)	7.932
40	images/sec: 135.9 +/- 0.3 (jitter = 2.4)	8.014
41	images/sec: 136.0 +/- 0.3 (jitter = 2.5)	7.987
42	images/sec: 135.9 +/- 0.3 (jitter = 2.5)	7.994
43	images/sec: 135.9 +/- 0.3 (jitter = 2.4)	8.043
44	images/sec: 135.9 +/- 0.3 (jitter = 2.5)	7.989
45	images/sec: 136.0 +/- 0.3 (jitter = 2.5)	7.980
46	images/sec: 136.0 +/- 0.3 (jitter = 2.2)	7.796
47	images/sec: 136.1 +/- 0.3 (jitter = 2.5)	7.931
48	images/sec: 136.1 +/- 0.3 (jitter = 2.2)	7.956
49	images/sec: 136.1 +/- 0.3 (jitter = 2.4)	7.964
50	images/sec: 136.0 +/- 0.3 (jitter = 2.2)	7.961
51	images/sec: 136.0 +/- 0.3 (jitter = 2.5)	8.204
52	images/sec: 136.1 +/- 0.3 (jitter = 2.2)	7.878
53	images/sec: 136.1 +/- 0.3 (jitter = 2.4)	8.023
54	images/sec: 136.1 +/- 0.3 (jitter = 2.4)	7.864
55	images/sec: 136.2 +/- 0.3 (jitter = 2.3)	8.119
56	images/sec: 136.2 +/- 0.3 (jitter = 2.4)	7.922
57	images/sec: 136.1 +/- 0.3 (jitter = 2.4)	7.921
58	images/sec: 136.1 +/- 0.3 (jitter = 2.4)	8.033
59	images/sec: 136.1 +/- 0.3 (jitter = 2.4)	8.024
60	images/sec: 136.2 +/- 0.3 (jitter = 2.3)	8.015
61	images/sec: 136.2 +/- 0.3 (jitter = 2.3)	7.944
62	images/sec: 136.1 +/- 0.3 (jitter = 2.4)	7.701
63	images/sec: 136.1 +/- 0.3 (jitter = 2.4)	8.181
64	images/sec: 136.1 +/- 0.3 (jitter = 2.4)	8.051
65	images/sec: 136.2 +/- 0.3 (jitter = 2.3)	7.867
66	images/sec: 136.2 +/- 0.3 (jitter = 2.4)	7.845
67	images/sec: 136.1 +/- 0.3 (jitter = 2.3)	7.789
68	images/sec: 136.1 +/- 0.3 (jitter = 2.4)	8.061
69	images/sec: 136.1 +/- 0.3 (jitter = 2.4)	8.095
70	images/sec: 136.1 +/- 0.3 (jitter = 2.4)	7.895
71	images/sec: 136.1 +/- 0.3 (jitter = 2.4)	7.908
72	images/sec: 136.2 +/- 0.3 (jitter = 2.3)	7.905
73	images/sec: 136.2 +/- 0.3 (jitter = 2.3)	7.961
74	images/sec: 136.2 +/- 0.3 (jitter = 2.3)	8.177
75	images/sec: 136.3 +/- 0.3 (jitter = 2.4)	7.809
76	images/sec: 136.3 +/- 0.2 (jitter = 2.3)	7.882
77	images/sec: 136.3 +/- 0.2 (jitter = 2.3)	7.973
78	images/sec: 136.3 +/- 0.2 (jitter = 2.3)	7.850
79	images/sec: 136.2 +/- 0.3 (jitter = 2.4)	8.292
80	images/sec: 136.1 +/- 0.3 (jitter = 2.3)	7.857
81	images/sec: 136.0 +/- 0.3 (jitter = 2.3)	7.900
82	images/sec: 136.0 +/- 0.3 (jitter = 2.4)	7.769
83	images/sec: 136.0 +/- 0.3 (jitter = 2.4)	7.977
84	images/sec: 136.1 +/- 0.3 (jitter = 2.4)	7.843
85	images/sec: 136.1 +/- 0.3 (jitter = 2.4)	7.834
86	images/sec: 136.1 +/- 0.3 (jitter = 2.4)	7.978
87	images/sec: 136.1 +/- 0.3 (jitter = 2.4)	7.916
88	images/sec: 136.2 +/- 0.3 (jitter = 2.4)	7.919
89	images/sec: 136.2 +/- 0.3 (jitter = 2.4)	7.876
90	images/sec: 136.1 +/- 0.3 (jitter = 2.4)	8.004
91	images/sec: 136.1 +/- 0.2 (jitter = 2.4)	7.890
92	images/sec: 136.2 +/- 0.2 (jitter = 2.3)	7.854
93	images/sec: 136.2 +/- 0.2 (jitter = 2.3)	7.961
94	images/sec: 136.2 +/- 0.2 (jitter = 2.4)	7.930
95	images/sec: 136.2 +/- 0.2 (jitter = 2.3)	7.981
96	images/sec: 136.2 +/- 0.2 (jitter = 2.3)	7.962
97	images/sec: 136.2 +/- 0.2 (jitter = 2.4)	7.925
98	images/sec: 136.1 +/- 0.2 (jitter = 2.4)	7.886
99	images/sec: 136.1 +/- 0.2 (jitter = 2.4)	7.876
100	images/sec: 136.1 +/- 0.2 (jitter = 2.3)	7.993
101	images/sec: 136.1 +/- 0.2 (jitter = 2.4)	7.844
102	images/sec: 136.2 +/- 0.2 (jitter = 2.4)	7.785
103	images/sec: 136.2 +/- 0.2 (jitter = 2.4)	8.140
104	images/sec: 136.1 +/- 0.2 (jitter = 2.3)	7.983
105	images/sec: 136.1 +/- 0.2 (jitter = 2.3)	7.898
106	images/sec: 136.2 +/- 0.2 (jitter = 2.3)	7.934
107	images/sec: 136.2 +/- 0.2 (jitter = 2.4)	7.960
108	images/sec: 136.2 +/- 0.2 (jitter = 2.3)	7.948
109	images/sec: 136.2 +/- 0.2 (jitter = 2.4)	7.943
110	images/sec: 136.2 +/- 0.2 (jitter = 2.3)	7.905
111	images/sec: 136.1 +/- 0.2 (jitter = 2.4)	7.955
112	images/sec: 136.2 +/- 0.2 (jitter = 2.4)	7.832
113	images/sec: 136.2 +/- 0.2 (jitter = 2.4)	7.960
114	images/sec: 136.1 +/- 0.2 (jitter = 2.4)	7.821
115	images/sec: 136.1 +/- 0.2 (jitter = 2.4)	7.890
116	images/sec: 136.2 +/- 0.2 (jitter = 2.3)	7.796
117	images/sec: 136.2 +/- 0.2 (jitter = 2.3)	7.783
118	images/sec: 136.2 +/- 0.2 (jitter = 2.4)	7.979
119	images/sec: 136.2 +/- 0.2 (jitter = 2.4)	7.857
120	images/sec: 136.2 +/- 0.2 (jitter = 2.4)	7.883
121	images/sec: 136.2 +/- 0.2 (jitter = 2.4)	7.936
122	images/sec: 136.3 +/- 0.2 (jitter = 2.4)	7.933
123	images/sec: 136.3 +/- 0.2 (jitter = 2.4)	7.947
124	images/sec: 136.3 +/- 0.2 (jitter = 2.4)	8.026
125	images/sec: 136.3 +/- 0.2 (jitter = 2.4)	8.029
126	images/sec: 136.3 +/- 0.2 (jitter = 2.4)	7.981
127	images/sec: 136.4 +/- 0.2 (jitter = 2.4)	7.954
128	images/sec: 136.4 +/- 0.2 (jitter = 2.4)	7.809
129	images/sec: 136.4 +/- 0.2 (jitter = 2.4)	7.877
130	images/sec: 136.4 +/- 0.2 (jitter = 2.4)	7.901
131	images/sec: 136.3 +/- 0.2 (jitter = 2.4)	8.002
132	images/sec: 136.3 +/- 0.2 (jitter = 2.4)	7.802
133	images/sec: 136.3 +/- 0.2 (jitter = 2.4)	7.973
134	images/sec: 136.3 +/- 0.2 (jitter = 2.4)	7.879
135	images/sec: 136.2 +/- 0.2 (jitter = 2.4)	7.855
136	images/sec: 136.3 +/- 0.2 (jitter = 2.4)	7.870
137	images/sec: 136.3 +/- 0.2 (jitter = 2.4)	7.800
138	images/sec: 136.3 +/- 0.2 (jitter = 2.4)	7.868
139	images/sec: 136.3 +/- 0.2 (jitter = 2.4)	7.923
140	images/sec: 136.3 +/- 0.2 (jitter = 2.4)	7.838
141	images/sec: 136.3 +/- 0.2 (jitter = 2.4)	7.926
142	images/sec: 136.3 +/- 0.2 (jitter = 2.4)	7.865
143	images/sec: 136.3 +/- 0.2 (jitter = 2.4)	7.873
144	images/sec: 136.3 +/- 0.2 (jitter = 2.4)	7.990
145	images/sec: 136.3 +/- 0.2 (jitter = 2.4)	7.853
146	images/sec: 136.3 +/- 0.2 (jitter = 2.4)	7.942
147	images/sec: 136.3 +/- 0.2 (jitter = 2.4)	7.956
148	images/sec: 136.3 +/- 0.2 (jitter = 2.5)	8.031
149	images/sec: 136.3 +/- 0.2 (jitter = 2.5)	7.972
150	images/sec: 136.3 +/- 0.2 (jitter = 2.5)	7.934
151	images/sec: 136.3 +/- 0.2 (jitter = 2.5)	7.928
152	images/sec: 136.3 +/- 0.2 (jitter = 2.4)	7.933
153	images/sec: 136.3 +/- 0.2 (jitter = 2.4)	7.832
154	images/sec: 136.3 +/- 0.2 (jitter = 2.5)	8.009
155	images/sec: 136.3 +/- 0.2 (jitter = 2.4)	8.090
156	images/sec: 136.3 +/- 0.2 (jitter = 2.5)	7.850
157	images/sec: 136.3 +/- 0.2 (jitter = 2.5)	7.928
158	images/sec: 136.3 +/- 0.2 (jitter = 2.5)	7.875
159	images/sec: 136.3 +/- 0.2 (jitter = 2.4)	7.958
160	images/sec: 136.3 +/- 0.2 (jitter = 2.5)	7.902
161	images/sec: 136.3 +/- 0.2 (jitter = 2.4)	7.820
162	images/sec: 136.3 +/- 0.2 (jitter = 2.4)	7.830
163	images/sec: 136.3 +/- 0.2 (jitter = 2.4)	7.985
164	images/sec: 136.3 +/- 0.2 (jitter = 2.5)	7.875
165	images/sec: 136.3 +/- 0.2 (jitter = 2.4)	7.829
166	images/sec: 136.3 +/- 0.2 (jitter = 2.5)	7.887
167	images/sec: 136.3 +/- 0.2 (jitter = 2.5)	7.916
168	images/sec: 136.3 +/- 0.2 (jitter = 2.5)	7.901
169	images/sec: 136.3 +/- 0.2 (jitter = 2.5)	7.973
170	images/sec: 136.3 +/- 0.2 (jitter = 2.5)	8.017
171	images/sec: 136.3 +/- 0.2 (jitter = 2.4)	7.884
172	images/sec: 136.3 +/- 0.2 (jitter = 2.5)	7.849
173	images/sec: 136.3 +/- 0.2 (jitter = 2.5)	7.757
174	images/sec: 136.3 +/- 0.2 (jitter = 2.5)	7.870
175	images/sec: 136.3 +/- 0.2 (jitter = 2.5)	7.839
176	images/sec: 136.3 +/- 0.2 (jitter = 2.5)	8.044
177	images/sec: 136.3 +/- 0.2 (jitter = 2.4)	7.775
178	images/sec: 136.3 +/- 0.2 (jitter = 2.5)	7.902
179	images/sec: 136.3 +/- 0.2 (jitter = 2.4)	7.990
180	images/sec: 136.3 +/- 0.2 (jitter = 2.4)	7.746
181	images/sec: 136.3 +/- 0.2 (jitter = 2.4)	7.878
182	images/sec: 136.3 +/- 0.2 (jitter = 2.5)	7.938
183	images/sec: 136.3 +/- 0.2 (jitter = 2.4)	7.990
184	images/sec: 136.3 +/- 0.2 (jitter = 2.5)	7.857
185	images/sec: 136.3 +/- 0.2 (jitter = 2.5)	7.929
186	images/sec: 136.2 +/- 0.2 (jitter = 2.5)	7.920
187	images/sec: 136.2 +/- 0.2 (jitter = 2.5)	7.731
188	images/sec: 136.2 +/- 0.2 (jitter = 2.5)	7.865
189	images/sec: 136.1 +/- 0.2 (jitter = 2.6)	7.775
190	images/sec: 136.1 +/- 0.2 (jitter = 2.6)	7.776
191	images/sec: 136.1 +/- 0.2 (jitter = 2.6)	7.908
192	images/sec: 136.1 +/- 0.2 (jitter = 2.6)	7.962
193	images/sec: 136.1 +/- 0.2 (jitter = 2.5)	7.871
194	images/sec: 136.1 +/- 0.2 (jitter = 2.6)	7.941
195	images/sec: 136.1 +/- 0.2 (jitter = 2.6)	7.868
196	images/sec: 136.1 +/- 0.2 (jitter = 2.6)	7.994
197	images/sec: 136.1 +/- 0.2 (jitter = 2.6)	7.925
198	images/sec: 136.1 +/- 0.2 (jitter = 2.6)	7.966
199	images/sec: 136.1 +/- 0.2 (jitter = 2.6)	7.947
200	images/sec: 136.1 +/- 0.2 (jitter = 2.6)	7.988
201	images/sec: 136.1 +/- 0.2 (jitter = 2.6)	7.866
202	images/sec: 136.1 +/- 0.2 (jitter = 2.5)	7.800
203	images/sec: 136.1 +/- 0.2 (jitter = 2.5)	7.914
204	images/sec: 136.1 +/- 0.2 (jitter = 2.5)	7.841
205	images/sec: 136.1 +/- 0.2 (jitter = 2.5)	7.903
206	images/sec: 136.1 +/- 0.2 (jitter = 2.5)	7.765
207	images/sec: 136.1 +/- 0.2 (jitter = 2.5)	7.812
208	images/sec: 136.1 +/- 0.2 (jitter = 2.5)	7.839
209	images/sec: 136.1 +/- 0.2 (jitter = 2.5)	8.010
210	images/sec: 136.1 +/- 0.2 (jitter = 2.5)	7.935
211	images/sec: 136.1 +/- 0.2 (jitter = 2.5)	7.885
212	images/sec: 136.0 +/- 0.2 (jitter = 2.5)	7.993
213	images/sec: 136.1 +/- 0.2 (jitter = 2.5)	7.950
214	images/sec: 136.1 +/- 0.2 (jitter = 2.5)	7.953
215	images/sec: 136.1 +/- 0.2 (jitter = 2.5)	7.933
216	images/sec: 136.1 +/- 0.2 (jitter = 2.5)	7.890
217	images/sec: 136.1 +/- 0.2 (jitter = 2.5)	7.897
218	images/sec: 136.1 +/- 0.2 (jitter = 2.5)	7.882
219	images/sec: 136.0 +/- 0.2 (jitter = 2.5)	7.919
220	images/sec: 136.0 +/- 0.2 (jitter = 2.5)	7.820
221	images/sec: 136.0 +/- 0.2 (jitter = 2.5)	7.771
222	images/sec: 136.1 +/- 0.2 (jitter = 2.6)	7.898
223	images/sec: 136.1 +/- 0.2 (jitter = 2.6)	7.932
224	images/sec: 136.2 +/- 0.2 (jitter = 2.6)	7.877
225	images/sec: 136.5 +/- 0.5 (jitter = 2.6)	7.849
226	images/sec: 136.8 +/- 0.8 (jitter = 2.6)	7.993
227	images/sec: 137.1 +/- 1.1 (jitter = 2.6)	7.971
228	images/sec: 137.4 +/- 1.2 (jitter = 2.6)	7.907
229	images/sec: 137.7 +/- 1.3 (jitter = 2.6)	7.821
230	images/sec: 138.0 +/- 1.5 (jitter = 2.6)	7.865
231	images/sec: 138.3 +/- 1.6 (jitter = 2.6)	7.925
232	images/sec: 138.6 +/- 1.7 (jitter = 2.6)	7.806
233	images/sec: 138.9 +/- 1.8 (jitter = 2.6)	7.913
234	images/sec: 139.2 +/- 1.9 (jitter = 2.6)	7.897
235	images/sec: 139.5 +/- 2.0 (jitter = 2.6)	7.937
236	images/sec: 139.8 +/- 2.1 (jitter = 2.6)	7.910
237	images/sec: 140.1 +/- 2.1 (jitter = 2.7)	7.862
238	images/sec: 140.4 +/- 2.2 (jitter = 2.7)	7.824
239	images/sec: 140.7 +/- 2.3 (jitter = 2.7)	7.911
240	images/sec: 141.0 +/- 2.4 (jitter = 2.7)	8.094
241	images/sec: 141.3 +/- 2.4 (jitter = 2.7)	7.924
242	images/sec: 141.6 +/- 2.5 (jitter = 2.7)	7.795
243	images/sec: 141.9 +/- 2.5 (jitter = 2.7)	7.830
244	images/sec: 142.2 +/- 2.6 (jitter = 2.7)	7.837
245	images/sec: 142.5 +/- 2.6 (jitter = 2.7)	7.804
246	images/sec: 142.8 +/- 2.7 (jitter = 2.7)	7.960
247	images/sec: 143.1 +/- 2.7 (jitter = 2.8)	7.914
248	images/sec: 143.4 +/- 2.8 (jitter = 2.8)	7.909
249	images/sec: 143.7 +/- 2.8 (jitter = 2.8)	7.971
250	images/sec: 144.0 +/- 2.9 (jitter = 2.8)	8.026
251	images/sec: 144.3 +/- 2.9 (jitter = 2.8)	7.816
----------------------------------------------------------------
total images/sec: 143.30
----------------------------------------------------------------
