TensorFlow:  1.5
Model:       resnet50
Dataset:     imagenet (synthetic)
Mode:        training
SingleSess:  False
Batch size:  25 global
             25 per device
Devices:     ['/gpu:0']
Data format: NCHW
Layout optimizer: False
Optimizer:   sgd
Variables:   parameter_server
==========
Generating model
WARNING:tensorflow:From /salus/tf_benchmarks/scripts/tf_cnn_benchmarks/convnet_builder.py:372: calling reduce_mean (from tensorflow.python.ops.math_ops) with keep_dims is deprecated and will be removed in a future version.
Instructions for updating:
keep_dims is deprecated, use keepdims instead
WARNING:tensorflow:From /salus/tf_benchmarks/scripts/tf_cnn_benchmarks/benchmark_cnn.py:1124: __init__ (from tensorflow.python.training.supervisor) is deprecated and will be removed in a future version.
Instructions for updating:
Please switch to tf.train.MonitoredTrainingSession
Running warm up
2019-08-22 12:23:42.682314: E tensorflow/stream_executor/cuda/cuda_driver.cc:936] failed to allocate 2.00G (2147483648 bytes) from device: CUDA_ERROR_OUT_OF_MEMORY
2019-08-22 12:23:42.683203: E tensorflow/stream_executor/cuda/cuda_driver.cc:936] failed to allocate 1.80G (1932735232 bytes) from device: CUDA_ERROR_OUT_OF_MEMORY
2019-08-22 12:23:42.684130: E tensorflow/stream_executor/cuda/cuda_driver.cc:936] failed to allocate 1.62G (1739461632 bytes) from device: CUDA_ERROR_OUT_OF_MEMORY
2019-08-22 12:23:42.685082: E tensorflow/stream_executor/cuda/cuda_driver.cc:936] failed to allocate 1.46G (1565515520 bytes) from device: CUDA_ERROR_OUT_OF_MEMORY
2019-08-22 12:23:42.686060: E tensorflow/stream_executor/cuda/cuda_driver.cc:936] failed to allocate 1.31G (1408964096 bytes) from device: CUDA_ERROR_OUT_OF_MEMORY
2019-08-22 12:23:42.925036: E tensorflow/stream_executor/cuda/cuda_driver.cc:936] failed to allocate 4.00G (4294967296 bytes) from device: CUDA_ERROR_OUT_OF_MEMORY
2019-08-22 12:23:42.926104: E tensorflow/stream_executor/cuda/cuda_driver.cc:936] failed to allocate 4.00G (4294967296 bytes) from device: CUDA_ERROR_OUT_OF_MEMORY
2019-08-22 12:23:42.942282: E tensorflow/stream_executor/cuda/cuda_driver.cc:936] failed to allocate 4.00G (4294967296 bytes) from device: CUDA_ERROR_OUT_OF_MEMORY
2019-08-22 12:23:42.943214: E tensorflow/stream_executor/cuda/cuda_driver.cc:936] failed to allocate 4.00G (4294967296 bytes) from device: CUDA_ERROR_OUT_OF_MEMORY
2019-08-22 12:23:42.960890: E tensorflow/stream_executor/cuda/cuda_driver.cc:936] failed to allocate 4.00G (4294967296 bytes) from device: CUDA_ERROR_OUT_OF_MEMORY
2019-08-22 12:23:42.961738: E tensorflow/stream_executor/cuda/cuda_driver.cc:936] failed to allocate 4.00G (4294967296 bytes) from device: CUDA_ERROR_OUT_OF_MEMORY
2019-08-22 12:23:42.982098: E tensorflow/stream_executor/cuda/cuda_driver.cc:936] failed to allocate 4.00G (4294967296 bytes) from device: CUDA_ERROR_OUT_OF_MEMORY
2019-08-22 12:23:42.982933: E tensorflow/stream_executor/cuda/cuda_driver.cc:936] failed to allocate 4.00G (4294967296 bytes) from device: CUDA_ERROR_OUT_OF_MEMORY
2019-08-22 12:23:43.008754: E tensorflow/stream_executor/cuda/cuda_driver.cc:936] failed to allocate 4.00G (4294967296 bytes) from device: CUDA_ERROR_OUT_OF_MEMORY
2019-08-22 12:23:43.009598: E tensorflow/stream_executor/cuda/cuda_driver.cc:936] failed to allocate 4.00G (4294967296 bytes) from device: CUDA_ERROR_OUT_OF_MEMORY
2019-08-22 12:23:43.055718: E tensorflow/stream_executor/cuda/cuda_driver.cc:936] failed to allocate 4.00G (4294967296 bytes) from device: CUDA_ERROR_OUT_OF_MEMORY
2019-08-22 12:23:43.056744: E tensorflow/stream_executor/cuda/cuda_driver.cc:936] failed to allocate 4.00G (4294967296 bytes) from device: CUDA_ERROR_OUT_OF_MEMORY
2019-08-22 12:23:43.075901: E tensorflow/stream_executor/cuda/cuda_driver.cc:936] failed to allocate 4.00G (4294967296 bytes) from device: CUDA_ERROR_OUT_OF_MEMORY
2019-08-22 12:23:43.076811: E tensorflow/stream_executor/cuda/cuda_driver.cc:936] failed to allocate 4.00G (4294967296 bytes) from device: CUDA_ERROR_OUT_OF_MEMORY
Done warm up
Step	Img/sec	loss
1	images/sec: 139.6 +/- 0.0 (jitter = 0.0)	10.863
2	images/sec: 139.5 +/- 0.1 (jitter = 0.1)	9.173
3	images/sec: 139.9 +/- 0.4 (jitter = 0.2)	9.799
4	images/sec: 140.0 +/- 0.3 (jitter = 0.6)	9.307
5	images/sec: 140.0 +/- 0.2 (jitter = 0.6)	9.009
6	images/sec: 140.2 +/- 0.3 (jitter = 0.9)	9.013
7	images/sec: 140.2 +/- 0.2 (jitter = 0.8)	8.619
8	images/sec: 140.3 +/- 0.2 (jitter = 0.9)	8.625
9	images/sec: 140.4 +/- 0.2 (jitter = 0.9)	8.804
10	images/sec: 140.4 +/- 0.2 (jitter = 0.6)	8.572
11	images/sec: 140.5 +/- 0.2 (jitter = 0.5)	8.459
12	images/sec: 140.5 +/- 0.2 (jitter = 0.5)	8.517
13	images/sec: 140.6 +/- 0.2 (jitter = 0.5)	8.514
14	images/sec: 140.6 +/- 0.2 (jitter = 0.5)	8.403
15	images/sec: 140.6 +/- 0.2 (jitter = 0.5)	8.380
16	images/sec: 140.6 +/- 0.2 (jitter = 0.5)	8.459
17	images/sec: 140.6 +/- 0.2 (jitter = 0.5)	8.351
18	images/sec: 140.7 +/- 0.2 (jitter = 0.5)	8.504
19	images/sec: 140.8 +/- 0.2 (jitter = 0.6)	8.218
20	images/sec: 140.8 +/- 0.2 (jitter = 0.6)	8.312
21	images/sec: 140.8 +/- 0.2 (jitter = 0.6)	9.005
22	images/sec: 141.0 +/- 0.3 (jitter = 0.6)	8.352
23	images/sec: 141.0 +/- 0.3 (jitter = 0.8)	8.349
24	images/sec: 141.1 +/- 0.3 (jitter = 0.8)	8.105
25	images/sec: 140.8 +/- 0.4 (jitter = 0.8)	8.191
26	images/sec: 140.7 +/- 0.4 (jitter = 0.7)	8.131
27	images/sec: 140.7 +/- 0.4 (jitter = 0.8)	8.200
28	images/sec: 140.7 +/- 0.4 (jitter = 0.8)	8.093
29	images/sec: 140.5 +/- 0.4 (jitter = 0.9)	8.042
30	images/sec: 140.4 +/- 0.4 (jitter = 1.0)	8.158
31	images/sec: 140.4 +/- 0.4 (jitter = 0.9)	9.024
32	images/sec: 140.4 +/- 0.4 (jitter = 1.0)	7.895
33	images/sec: 140.5 +/- 0.4 (jitter = 1.1)	8.191
34	images/sec: 140.4 +/- 0.4 (jitter = 1.1)	8.003
35	images/sec: 140.4 +/- 0.3 (jitter = 1.2)	8.049
36	images/sec: 140.4 +/- 0.3 (jitter = 1.1)	8.042
37	images/sec: 140.4 +/- 0.3 (jitter = 1.0)	8.186
38	images/sec: 140.4 +/- 0.3 (jitter = 1.0)	7.928
39	images/sec: 140.4 +/- 0.3 (jitter = 0.9)	7.940
40	images/sec: 140.4 +/- 0.3 (jitter = 1.0)	8.006
41	images/sec: 140.4 +/- 0.3 (jitter = 0.9)	8.105
42	images/sec: 140.4 +/- 0.3 (jitter = 0.9)	7.900
43	images/sec: 140.4 +/- 0.3 (jitter = 0.9)	8.013
44	images/sec: 140.4 +/- 0.3 (jitter = 0.9)	8.032
45	images/sec: 140.5 +/- 0.3 (jitter = 0.9)	7.915
46	images/sec: 140.4 +/- 0.3 (jitter = 1.0)	7.920
47	images/sec: 140.4 +/- 0.3 (jitter = 0.9)	7.780
48	images/sec: 140.4 +/- 0.3 (jitter = 0.9)	8.099
49	images/sec: 140.4 +/- 0.3 (jitter = 0.7)	8.059
50	images/sec: 140.4 +/- 0.2 (jitter = 0.9)	8.022
51	images/sec: 140.4 +/- 0.2 (jitter = 0.9)	8.003
52	images/sec: 140.4 +/- 0.2 (jitter = 1.0)	7.973
53	images/sec: 140.4 +/- 0.2 (jitter = 1.0)	7.825
54	images/sec: 140.4 +/- 0.2 (jitter = 1.0)	8.050
55	images/sec: 140.4 +/- 0.2 (jitter = 1.1)	8.863
56	images/sec: 140.4 +/- 0.2 (jitter = 1.1)	7.894
57	images/sec: 140.4 +/- 0.2 (jitter = 1.1)	7.925
58	images/sec: 140.4 +/- 0.2 (jitter = 1.1)	8.028
59	images/sec: 140.5 +/- 0.2 (jitter = 1.2)	7.991
60	images/sec: 140.5 +/- 0.2 (jitter = 1.2)	8.016
61	images/sec: 140.5 +/- 0.2 (jitter = 1.2)	7.850
62	images/sec: 140.5 +/- 0.2 (jitter = 1.1)	8.042
63	images/sec: 140.5 +/- 0.2 (jitter = 1.0)	8.089
64	images/sec: 140.5 +/- 0.2 (jitter = 1.1)	8.267
65	images/sec: 140.5 +/- 0.2 (jitter = 1.1)	7.830
66	images/sec: 140.5 +/- 0.2 (jitter = 1.1)	7.941
67	images/sec: 140.4 +/- 0.2 (jitter = 1.1)	7.874
68	images/sec: 140.4 +/- 0.2 (jitter = 1.1)	7.975
69	images/sec: 140.4 +/- 0.2 (jitter = 1.1)	8.836
70	images/sec: 140.4 +/- 0.2 (jitter = 1.1)	7.813
71	images/sec: 140.4 +/- 0.2 (jitter = 1.1)	7.921
72	images/sec: 140.4 +/- 0.2 (jitter = 1.1)	7.864
73	images/sec: 140.4 +/- 0.2 (jitter = 1.0)	8.022
74	images/sec: 140.4 +/- 0.2 (jitter = 1.1)	7.965
75	images/sec: 140.4 +/- 0.2 (jitter = 1.0)	7.907
76	images/sec: 140.5 +/- 0.2 (jitter = 1.1)	7.932
77	images/sec: 140.4 +/- 0.2 (jitter = 1.0)	7.955
78	images/sec: 140.4 +/- 0.2 (jitter = 1.1)	7.762
79	images/sec: 140.4 +/- 0.2 (jitter = 1.0)	8.732
80	images/sec: 140.4 +/- 0.2 (jitter = 1.0)	7.846
81	images/sec: 140.5 +/- 0.2 (jitter = 1.0)	7.905
82	images/sec: 140.5 +/- 0.2 (jitter = 1.0)	7.937
83	images/sec: 140.5 +/- 0.2 (jitter = 1.0)	7.908
84	images/sec: 140.4 +/- 0.2 (jitter = 1.0)	7.863
85	images/sec: 140.3 +/- 0.2 (jitter = 1.0)	7.855
86	images/sec: 140.3 +/- 0.2 (jitter = 1.0)	7.852
87	images/sec: 140.3 +/- 0.2 (jitter = 1.0)	8.038
88	images/sec: 140.3 +/- 0.2 (jitter = 1.0)	7.924
89	images/sec: 140.3 +/- 0.2 (jitter = 1.0)	7.854
90	images/sec: 140.3 +/- 0.2 (jitter = 1.0)	7.960
91	images/sec: 140.4 +/- 0.2 (jitter = 1.0)	7.963
92	images/sec: 140.4 +/- 0.2 (jitter = 1.0)	7.822
93	images/sec: 140.4 +/- 0.2 (jitter = 1.0)	7.921
94	images/sec: 140.5 +/- 0.2 (jitter = 1.0)	7.951
95	images/sec: 140.5 +/- 0.2 (jitter = 1.0)	7.959
96	images/sec: 140.5 +/- 0.2 (jitter = 1.0)	7.931
97	images/sec: 140.5 +/- 0.2 (jitter = 1.0)	7.936
98	images/sec: 140.5 +/- 0.2 (jitter = 1.0)	7.904
99	images/sec: 140.5 +/- 0.2 (jitter = 1.0)	7.856
100	images/sec: 140.5 +/- 0.2 (jitter = 1.0)	8.015
101	images/sec: 140.5 +/- 0.2 (jitter = 1.0)	8.652
102	images/sec: 140.5 +/- 0.2 (jitter = 1.0)	7.813
103	images/sec: 140.5 +/- 0.2 (jitter = 1.0)	8.077
104	images/sec: 140.5 +/- 0.2 (jitter = 1.0)	7.950
105	images/sec: 140.5 +/- 0.2 (jitter = 1.0)	7.846
106	images/sec: 140.5 +/- 0.2 (jitter = 1.0)	7.920
107	images/sec: 140.5 +/- 0.2 (jitter = 0.9)	7.927
108	images/sec: 140.5 +/- 0.2 (jitter = 0.9)	7.926
109	images/sec: 140.5 +/- 0.2 (jitter = 0.9)	7.987
110	images/sec: 140.5 +/- 0.2 (jitter = 0.9)	7.946
111	images/sec: 140.5 +/- 0.2 (jitter = 0.9)	7.895
112	images/sec: 140.5 +/- 0.2 (jitter = 0.9)	7.850
113	images/sec: 140.5 +/- 0.2 (jitter = 0.9)	7.970
114	images/sec: 140.5 +/- 0.2 (jitter = 0.9)	7.912
115	images/sec: 140.5 +/- 0.2 (jitter = 0.9)	7.866
116	images/sec: 140.5 +/- 0.2 (jitter = 0.9)	7.711
117	images/sec: 140.5 +/- 0.2 (jitter = 0.9)	7.850
118	images/sec: 140.5 +/- 0.2 (jitter = 0.9)	7.974
119	images/sec: 140.5 +/- 0.2 (jitter = 0.9)	7.858
120	images/sec: 140.5 +/- 0.2 (jitter = 0.9)	7.839
121	images/sec: 140.5 +/- 0.2 (jitter = 0.9)	7.872
122	images/sec: 140.5 +/- 0.2 (jitter = 0.9)	7.931
123	images/sec: 140.5 +/- 0.1 (jitter = 0.9)	7.941
124	images/sec: 140.5 +/- 0.1 (jitter = 0.9)	7.962
125	images/sec: 140.5 +/- 0.1 (jitter = 0.9)	8.016
126	images/sec: 140.5 +/- 0.1 (jitter = 0.9)	7.966
127	images/sec: 140.6 +/- 0.1 (jitter = 1.0)	7.856
128	images/sec: 140.6 +/- 0.1 (jitter = 1.0)	7.878
129	images/sec: 140.6 +/- 0.1 (jitter = 1.0)	7.787
130	images/sec: 140.6 +/- 0.1 (jitter = 1.0)	7.928
131	images/sec: 140.6 +/- 0.1 (jitter = 1.0)	7.982
132	images/sec: 140.6 +/- 0.1 (jitter = 1.0)	7.881
133	images/sec: 140.6 +/- 0.1 (jitter = 1.0)	7.865
134	images/sec: 140.6 +/- 0.1 (jitter = 1.0)	7.878
135	images/sec: 140.6 +/- 0.1 (jitter = 1.0)	7.753
136	images/sec: 140.6 +/- 0.1 (jitter = 1.0)	7.856
137	images/sec: 140.6 +/- 0.1 (jitter = 1.0)	7.820
138	images/sec: 140.6 +/- 0.1 (jitter = 1.1)	7.931
139	images/sec: 140.6 +/- 0.1 (jitter = 1.1)	7.894
140	images/sec: 140.7 +/- 0.1 (jitter = 1.1)	7.833
141	images/sec: 140.7 +/- 0.1 (jitter = 1.1)	7.883
142	images/sec: 140.7 +/- 0.1 (jitter = 1.1)	7.829
143	images/sec: 140.7 +/- 0.1 (jitter = 1.1)	7.901
144	images/sec: 140.7 +/- 0.1 (jitter = 1.1)	7.973
145	images/sec: 140.7 +/- 0.1 (jitter = 1.1)	7.845
146	images/sec: 140.7 +/- 0.1 (jitter = 1.1)	7.956
147	images/sec: 140.7 +/- 0.1 (jitter = 1.1)	7.956
148	images/sec: 140.7 +/- 0.1 (jitter = 1.1)	7.966
149	images/sec: 140.7 +/- 0.1 (jitter = 1.2)	7.948
150	images/sec: 140.7 +/- 0.1 (jitter = 1.1)	7.897
151	images/sec: 140.7 +/- 0.1 (jitter = 1.1)	7.909
152	images/sec: 140.7 +/- 0.1 (jitter = 1.1)	7.920
153	images/sec: 140.7 +/- 0.1 (jitter = 1.1)	7.785
154	images/sec: 140.7 +/- 0.1 (jitter = 1.1)	7.974
155	images/sec: 140.7 +/- 0.1 (jitter = 1.1)	7.987
156	images/sec: 140.7 +/- 0.1 (jitter = 1.1)	7.851
157	images/sec: 140.7 +/- 0.1 (jitter = 1.1)	7.864
158	images/sec: 140.7 +/- 0.1 (jitter = 1.1)	7.890
159	images/sec: 140.7 +/- 0.1 (jitter = 1.1)	7.961
160	images/sec: 140.7 +/- 0.1 (jitter = 1.0)	8.053
161	images/sec: 140.7 +/- 0.1 (jitter = 1.1)	7.834
162	images/sec: 140.7 +/- 0.1 (jitter = 1.1)	7.815
163	images/sec: 140.7 +/- 0.1 (jitter = 1.1)	7.909
164	images/sec: 140.7 +/- 0.1 (jitter = 1.1)	7.949
165	images/sec: 140.7 +/- 0.1 (jitter = 1.1)	7.847
166	images/sec: 140.7 +/- 0.1 (jitter = 1.1)	7.871
167	images/sec: 140.7 +/- 0.1 (jitter = 1.1)	7.971
168	images/sec: 140.7 +/- 0.1 (jitter = 1.1)	7.881
169	images/sec: 140.7 +/- 0.1 (jitter = 1.0)	7.939
170	images/sec: 140.7 +/- 0.1 (jitter = 1.1)	7.995
171	images/sec: 140.7 +/- 0.1 (jitter = 1.1)	7.885
172	images/sec: 140.7 +/- 0.1 (jitter = 1.1)	7.901
173	images/sec: 140.7 +/- 0.1 (jitter = 1.1)	7.787
174	images/sec: 140.7 +/- 0.1 (jitter = 1.1)	7.969
175	images/sec: 140.7 +/- 0.1 (jitter = 1.0)	7.785
176	images/sec: 140.7 +/- 0.1 (jitter = 1.1)	8.042
177	images/sec: 140.7 +/- 0.1 (jitter = 1.0)	7.781
178	images/sec: 140.7 +/- 0.1 (jitter = 1.1)	7.886
179	images/sec: 140.7 +/- 0.1 (jitter = 1.0)	7.965
180	images/sec: 140.7 +/- 0.1 (jitter = 1.0)	7.889
181	images/sec: 140.7 +/- 0.1 (jitter = 1.0)	7.840
182	images/sec: 140.7 +/- 0.1 (jitter = 1.0)	7.995
183	images/sec: 140.7 +/- 0.1 (jitter = 1.0)	7.974
184	images/sec: 140.7 +/- 0.1 (jitter = 1.0)	7.848
185	images/sec: 140.7 +/- 0.1 (jitter = 1.0)	7.987
186	images/sec: 140.6 +/- 0.1 (jitter = 1.0)	7.872
187	images/sec: 140.7 +/- 0.1 (jitter = 1.0)	7.793
188	images/sec: 140.6 +/- 0.1 (jitter = 1.0)	7.800
189	images/sec: 140.6 +/- 0.1 (jitter = 1.0)	7.790
190	images/sec: 140.6 +/- 0.1 (jitter = 1.0)	7.874
191	images/sec: 140.6 +/- 0.1 (jitter = 1.0)	7.910
192	images/sec: 140.6 +/- 0.1 (jitter = 1.0)	7.924
193	images/sec: 140.7 +/- 0.1 (jitter = 1.0)	7.861
194	images/sec: 140.7 +/- 0.1 (jitter = 0.9)	7.957
195	images/sec: 140.6 +/- 0.1 (jitter = 1.0)	7.918
196	images/sec: 140.6 +/- 0.1 (jitter = 1.0)	7.965
197	images/sec: 140.6 +/- 0.1 (jitter = 1.0)	7.831
198	images/sec: 140.6 +/- 0.1 (jitter = 1.0)	7.803
199	images/sec: 140.6 +/- 0.1 (jitter = 1.0)	7.864
200	images/sec: 140.6 +/- 0.1 (jitter = 1.0)	7.966
201	images/sec: 140.6 +/- 0.1 (jitter = 1.0)	7.874
202	images/sec: 140.6 +/- 0.1 (jitter = 1.0)	7.856
203	images/sec: 140.6 +/- 0.1 (jitter = 1.0)	7.891
204	images/sec: 140.6 +/- 0.1 (jitter = 1.0)	7.807
205	images/sec: 140.6 +/- 0.1 (jitter = 1.0)	7.924
206	images/sec: 140.6 +/- 0.1 (jitter = 1.0)	7.706
207	images/sec: 140.6 +/- 0.1 (jitter = 1.0)	7.890
208	images/sec: 140.6 +/- 0.1 (jitter = 1.0)	7.910
209	images/sec: 140.6 +/- 0.1 (jitter = 1.0)	7.896
210	images/sec: 140.6 +/- 0.1 (jitter = 1.0)	7.931
211	images/sec: 140.6 +/- 0.1 (jitter = 1.0)	7.884
212	images/sec: 140.6 +/- 0.1 (jitter = 1.0)	7.949
213	images/sec: 140.6 +/- 0.1 (jitter = 1.0)	7.999
214	images/sec: 140.6 +/- 0.1 (jitter = 1.0)	8.004
215	images/sec: 140.6 +/- 0.1 (jitter = 1.0)	7.923
216	images/sec: 140.6 +/- 0.1 (jitter = 1.0)	7.866
217	images/sec: 140.6 +/- 0.1 (jitter = 1.0)	7.815
218	images/sec: 140.6 +/- 0.1 (jitter = 1.0)	7.852
219	images/sec: 140.6 +/- 0.1 (jitter = 0.9)	7.911
220	images/sec: 140.6 +/- 0.1 (jitter = 0.9)	7.845
221	images/sec: 140.6 +/- 0.1 (jitter = 0.9)	7.836
222	images/sec: 140.6 +/- 0.1 (jitter = 0.9)	7.882
223	images/sec: 140.6 +/- 0.1 (jitter = 0.9)	7.959
224	images/sec: 140.6 +/- 0.1 (jitter = 0.9)	7.905
225	images/sec: 140.6 +/- 0.1 (jitter = 0.9)	7.855
226	images/sec: 140.6 +/- 0.1 (jitter = 0.9)	8.016
227	images/sec: 140.6 +/- 0.1 (jitter = 0.9)	7.868
228	images/sec: 140.6 +/- 0.1 (jitter = 0.9)	7.822
229	images/sec: 140.6 +/- 0.1 (jitter = 0.9)	7.864
230	images/sec: 140.7 +/- 0.1 (jitter = 0.9)	7.933
231	images/sec: 140.8 +/- 0.3 (jitter = 0.9)	7.840
232	images/sec: 141.0 +/- 0.3 (jitter = 1.0)	7.811
233	images/sec: 141.1 +/- 0.4 (jitter = 1.0)	7.905
234	images/sec: 141.2 +/- 0.4 (jitter = 1.0)	7.880
235	images/sec: 141.4 +/- 0.4 (jitter = 1.0)	7.876
236	images/sec: 141.5 +/- 0.5 (jitter = 1.0)	7.910
237	images/sec: 141.7 +/- 0.5 (jitter = 1.0)	7.871
238	images/sec: 141.9 +/- 0.6 (jitter = 1.0)	7.806
239	images/sec: 142.2 +/- 0.9 (jitter = 1.0)	7.884
240	images/sec: 142.5 +/- 1.1 (jitter = 1.0)	8.579
241	images/sec: 142.8 +/- 1.3 (jitter = 1.0)	7.928
242	images/sec: 143.1 +/- 1.4 (jitter = 1.0)	7.780
243	images/sec: 143.4 +/- 1.5 (jitter = 1.0)	7.967
244	images/sec: 143.7 +/- 1.6 (jitter = 1.0)	7.886
245	images/sec: 144.0 +/- 1.7 (jitter = 1.1)	7.816
246	images/sec: 144.3 +/- 1.8 (jitter = 1.1)	8.480
247	images/sec: 144.6 +/- 1.9 (jitter = 1.1)	7.942
248	images/sec: 144.9 +/- 2.0 (jitter = 1.1)	7.907
249	images/sec: 145.2 +/- 2.1 (jitter = 1.1)	7.945
250	images/sec: 145.5 +/- 2.1 (jitter = 1.1)	7.893
251	images/sec: 145.8 +/- 2.2 (jitter = 1.1)	7.834
252	images/sec: 146.1 +/- 2.3 (jitter = 1.1)	7.901
253	images/sec: 146.4 +/- 2.3 (jitter = 1.2)	7.843
254	images/sec: 146.7 +/- 2.4 (jitter = 1.2)	7.808
255	images/sec: 147.0 +/- 2.5 (jitter = 1.2)	7.900
256	images/sec: 147.3 +/- 2.5 (jitter = 1.2)	7.870
257	images/sec: 147.6 +/- 2.6 (jitter = 1.2)	7.879
258	images/sec: 147.9 +/- 2.6 (jitter = 1.2)	7.908
259	images/sec: 148.2 +/- 2.7 (jitter = 1.2)	7.830
260	images/sec: 148.4 +/- 2.7 (jitter = 1.2)	7.833
261	images/sec: 148.7 +/- 2.8 (jitter = 1.2)	7.905
262	images/sec: 149.0 +/- 2.8 (jitter = 1.2)	7.813
263	images/sec: 149.3 +/- 2.8 (jitter = 1.2)	7.871
264	images/sec: 149.6 +/- 2.9 (jitter = 1.2)	7.784
265	images/sec: 149.9 +/- 2.9 (jitter = 1.2)	7.768
266	images/sec: 150.1 +/- 3.0 (jitter = 1.2)	7.940
267	images/sec: 150.4 +/- 3.0 (jitter = 1.3)	7.796
268	images/sec: 150.7 +/- 3.0 (jitter = 1.3)	7.945
269	images/sec: 151.0 +/- 3.1 (jitter = 1.3)	7.963
270	images/sec: 151.2 +/- 3.1 (jitter = 1.3)	7.891
271	images/sec: 151.5 +/- 3.1 (jitter = 1.3)	7.892
272	images/sec: 151.8 +/- 3.1 (jitter = 1.3)	7.903
273	images/sec: 152.1 +/- 3.2 (jitter = 1.3)	7.895
274	images/sec: 152.3 +/- 3.2 (jitter = 1.3)	7.828
275	images/sec: 152.6 +/- 3.2 (jitter = 1.3)	7.820
276	images/sec: 152.9 +/- 3.2 (jitter = 1.4)	7.838
277	images/sec: 153.1 +/- 3.3 (jitter = 1.4)	7.931
278	images/sec: 153.4 +/- 3.3 (jitter = 1.4)	7.950
279	images/sec: 153.7 +/- 3.3 (jitter = 1.4)	7.935
280	images/sec: 154.0 +/- 3.3 (jitter = 1.4)	7.908
281	images/sec: 154.2 +/- 3.4 (jitter = 1.4)	7.782
282	images/sec: 154.5 +/- 3.4 (jitter = 1.4)	7.872
283	images/sec: 154.7 +/- 3.4 (jitter = 1.5)	7.779
284	images/sec: 155.0 +/- 3.4 (jitter = 1.5)	7.894
285	images/sec: 155.3 +/- 3.4 (jitter = 1.5)	7.950
286	images/sec: 155.5 +/- 3.5 (jitter = 1.5)	7.942
287	images/sec: 155.8 +/- 3.5 (jitter = 1.5)	7.853
288	images/sec: 156.0 +/- 3.5 (jitter = 1.5)	7.877
289	images/sec: 156.3 +/- 3.5 (jitter = 1.5)	7.942
290	images/sec: 156.6 +/- 3.5 (jitter = 1.5)	7.913
291	images/sec: 156.8 +/- 3.5 (jitter = 1.5)	7.858
292	images/sec: 157.1 +/- 3.6 (jitter = 1.5)	7.925
293	images/sec: 157.3 +/- 3.6 (jitter = 1.6)	7.785
294	images/sec: 157.6 +/- 3.6 (jitter = 1.6)	7.976
295	images/sec: 157.8 +/- 3.6 (jitter = 1.6)	7.861
296	images/sec: 158.1 +/- 3.6 (jitter = 1.6)	7.792
297	images/sec: 158.3 +/- 3.6 (jitter = 1.6)	7.917
298	images/sec: 158.6 +/- 3.6 (jitter = 1.6)	7.946
299	images/sec: 158.8 +/- 3.6 (jitter = 1.6)	7.872
300	images/sec: 159.1 +/- 3.7 (jitter = 1.6)	7.884
301	images/sec: 159.3 +/- 3.7 (jitter = 1.7)	7.875
302	images/sec: 159.6 +/- 3.7 (jitter = 1.7)	7.860
303	images/sec: 159.8 +/- 3.7 (jitter = 1.7)	7.915
304	images/sec: 160.1 +/- 3.7 (jitter = 1.7)	7.826
305	images/sec: 160.3 +/- 3.7 (jitter = 1.7)	7.840
306	images/sec: 160.5 +/- 3.7 (jitter = 1.7)	7.842
307	images/sec: 160.8 +/- 3.7 (jitter = 1.7)	7.898
308	images/sec: 161.0 +/- 3.7 (jitter = 1.7)	7.896
309	images/sec: 161.3 +/- 3.7 (jitter = 1.7)	7.845
310	images/sec: 161.5 +/- 3.7 (jitter = 1.8)	7.903
311	images/sec: 161.7 +/- 3.8 (jitter = 1.8)	7.804
312	images/sec: 162.0 +/- 3.8 (jitter = 1.8)	7.818
313	images/sec: 162.2 +/- 3.8 (jitter = 1.8)	7.800
314	images/sec: 162.5 +/- 3.8 (jitter = 1.8)	7.822
315	images/sec: 162.7 +/- 3.8 (jitter = 1.8)	7.883
316	images/sec: 162.9 +/- 3.8 (jitter = 1.8)	7.879
317	images/sec: 163.2 +/- 3.8 (jitter = 1.8)	7.975
318	images/sec: 163.4 +/- 3.8 (jitter = 1.8)	7.922
319	images/sec: 163.7 +/- 3.8 (jitter = 1.8)	7.920
320	images/sec: 163.9 +/- 3.8 (jitter = 1.9)	7.865
321	images/sec: 164.1 +/- 3.8 (jitter = 1.9)	7.948
322	images/sec: 164.4 +/- 3.8 (jitter = 1.9)	7.902
323	images/sec: 164.6 +/- 3.8 (jitter = 2.0)	7.835
324	images/sec: 164.8 +/- 3.8 (jitter = 2.0)	7.919
325	images/sec: 165.0 +/- 3.9 (jitter = 2.0)	7.887
326	images/sec: 165.3 +/- 3.9 (jitter = 2.0)	7.930
327	images/sec: 165.5 +/- 3.9 (jitter = 2.0)	7.863
328	images/sec: 165.7 +/- 3.9 (jitter = 2.0)	7.860
329	images/sec: 165.9 +/- 3.9 (jitter = 2.1)	7.858
330	images/sec: 166.2 +/- 3.9 (jitter = 2.1)	7.789
331	images/sec: 166.4 +/- 3.9 (jitter = 2.1)	7.841
332	images/sec: 166.6 +/- 3.9 (jitter = 2.1)	7.902
333	images/sec: 166.8 +/- 3.9 (jitter = 2.1)	7.862
334	images/sec: 167.1 +/- 3.9 (jitter = 2.1)	7.789
335	images/sec: 167.3 +/- 3.9 (jitter = 2.1)	7.903
336	images/sec: 167.5 +/- 3.9 (jitter = 2.2)	7.866
337	images/sec: 167.7 +/- 3.9 (jitter = 2.2)	7.913
338	images/sec: 167.9 +/- 3.9 (jitter = 2.2)	7.956
339	images/sec: 168.2 +/- 3.9 (jitter = 2.2)	7.828
340	images/sec: 168.4 +/- 3.9 (jitter = 2.2)	7.903
341	images/sec: 168.6 +/- 3.9 (jitter = 2.2)	7.876
342	images/sec: 168.8 +/- 3.9 (jitter = 2.2)	7.822
343	images/sec: 169.0 +/- 3.9 (jitter = 2.2)	7.872
344	images/sec: 169.2 +/- 3.9 (jitter = 2.2)	7.858
345	images/sec: 169.4 +/- 3.9 (jitter = 2.2)	7.804
346	images/sec: 169.7 +/- 3.9 (jitter = 2.3)	7.897
347	images/sec: 169.9 +/- 3.9 (jitter = 2.3)	7.856
348	images/sec: 170.1 +/- 3.9 (jitter = 2.3)	7.873
349	images/sec: 170.3 +/- 3.9 (jitter = 2.3)	7.811
350	images/sec: 170.5 +/- 3.9 (jitter = 2.3)	7.921
351	images/sec: 170.7 +/- 3.9 (jitter = 2.3)	8.013
352	images/sec: 170.9 +/- 3.9 (jitter = 2.4)	7.956
353	images/sec: 171.1 +/- 3.9 (jitter = 2.4)	7.750
354	images/sec: 171.3 +/- 3.9 (jitter = 2.4)	7.909
355	images/sec: 171.5 +/- 3.9 (jitter = 2.5)	7.881
356	images/sec: 171.7 +/- 3.9 (jitter = 2.5)	7.855
357	images/sec: 171.9 +/- 3.9 (jitter = 2.5)	7.816
358	images/sec: 172.1 +/- 3.9 (jitter = 2.5)	7.856
359	images/sec: 172.3 +/- 3.9 (jitter = 2.5)	7.818
360	images/sec: 172.5 +/- 3.9 (jitter = 2.5)	7.892
361	images/sec: 172.7 +/- 3.9 (jitter = 2.6)	7.867
362	images/sec: 172.9 +/- 3.9 (jitter = 2.6)	7.808
363	images/sec: 173.1 +/- 3.9 (jitter = 2.6)	7.802
364	images/sec: 173.3 +/- 3.9 (jitter = 2.6)	7.891
365	images/sec: 173.5 +/- 3.9 (jitter = 2.7)	7.800
366	images/sec: 173.7 +/- 3.9 (jitter = 2.7)	7.834
367	images/sec: 173.9 +/- 3.9 (jitter = 2.7)	7.897
368	images/sec: 174.1 +/- 3.9 (jitter = 2.7)	7.870
369	images/sec: 174.3 +/- 3.9 (jitter = 2.7)	7.866
370	images/sec: 174.5 +/- 3.9 (jitter = 2.8)	7.703
371	images/sec: 174.7 +/- 3.9 (jitter = 2.8)	7.807
372	images/sec: 174.9 +/- 3.9 (jitter = 2.9)	7.850
373	images/sec: 175.1 +/- 3.9 (jitter = 2.9)	7.887
374	images/sec: 175.3 +/- 3.9 (jitter = 2.9)	7.954
375	images/sec: 175.5 +/- 3.9 (jitter = 3.0)	7.855
376	images/sec: 175.7 +/- 3.9 (jitter = 3.0)	7.802
377	images/sec: 175.9 +/- 3.9 (jitter = 3.0)	7.985
378	images/sec: 176.1 +/- 3.9 (jitter = 3.0)	7.791
379	images/sec: 176.3 +/- 3.9 (jitter = 3.1)	7.935
380	images/sec: 176.4 +/- 3.9 (jitter = 3.1)	7.941
381	images/sec: 176.6 +/- 3.9 (jitter = 3.1)	7.849
382	images/sec: 176.8 +/- 3.9 (jitter = 3.1)	7.986
383	images/sec: 177.0 +/- 3.9 (jitter = 3.2)	7.803
384	images/sec: 177.2 +/- 3.9 (jitter = 3.2)	7.900
385	images/sec: 177.4 +/- 3.9 (jitter = 3.2)	7.879
386	images/sec: 177.6 +/- 3.9 (jitter = 3.2)	7.904
387	images/sec: 177.7 +/- 3.9 (jitter = 3.2)	7.881
388	images/sec: 177.9 +/- 3.9 (jitter = 3.3)	7.911
389	images/sec: 178.1 +/- 3.9 (jitter = 3.3)	7.881
390	images/sec: 178.3 +/- 3.9 (jitter = 3.4)	7.880
391	images/sec: 178.5 +/- 3.9 (jitter = 3.4)	7.879
392	images/sec: 178.7 +/- 3.9 (jitter = 3.4)	7.830
393	images/sec: 178.9 +/- 3.9 (jitter = 3.5)	7.805
394	images/sec: 179.0 +/- 3.9 (jitter = 3.5)	7.940
395	images/sec: 179.2 +/- 3.9 (jitter = 3.6)	7.931
396	images/sec: 179.4 +/- 3.8 (jitter = 3.6)	7.893
397	images/sec: 179.6 +/- 3.8 (jitter = 3.6)	7.819
398	images/sec: 179.7 +/- 3.8 (jitter = 3.7)	7.895
399	images/sec: 179.9 +/- 3.8 (jitter = 3.7)	7.836
400	images/sec: 180.1 +/- 3.8 (jitter = 3.8)	7.869
401	images/sec: 180.3 +/- 3.8 (jitter = 3.8)	7.843
402	images/sec: 180.5 +/- 3.8 (jitter = 3.9)	7.759
403	images/sec: 180.6 +/- 3.8 (jitter = 3.9)	7.948
404	images/sec: 180.8 +/- 3.8 (jitter = 4.0)	7.834
405	images/sec: 181.0 +/- 3.8 (jitter = 4.2)	7.798
406	images/sec: 181.2 +/- 3.8 (jitter = 4.2)	7.966
407	images/sec: 181.3 +/- 3.8 (jitter = 4.3)	7.871
408	images/sec: 181.5 +/- 3.8 (jitter = 4.3)	7.874
409	images/sec: 181.7 +/- 3.8 (jitter = 4.3)	7.846
410	images/sec: 181.9 +/- 3.8 (jitter = 4.3)	7.884
411	images/sec: 182.0 +/- 3.8 (jitter = 4.4)	7.894
412	images/sec: 182.2 +/- 3.8 (jitter = 4.4)	7.879
413	images/sec: 182.4 +/- 3.8 (jitter = 4.5)	7.971
414	images/sec: 182.5 +/- 3.8 (jitter = 4.5)	7.961
415	images/sec: 182.7 +/- 3.8 (jitter = 4.5)	7.790
416	images/sec: 182.9 +/- 3.8 (jitter = 4.6)	7.931
417	images/sec: 183.1 +/- 3.8 (jitter = 4.6)	7.875
418	images/sec: 183.2 +/- 3.8 (jitter = 4.8)	7.867
419	images/sec: 183.4 +/- 3.8 (jitter = 5.0)	7.823
420	images/sec: 183.6 +/- 3.8 (jitter = 5.0)	7.950
421	images/sec: 183.7 +/- 3.8 (jitter = 5.1)	7.867
422	images/sec: 183.9 +/- 3.8 (jitter = 5.2)	7.860
423	images/sec: 184.1 +/- 3.8 (jitter = 5.3)	8.030
424	images/sec: 184.2 +/- 3.8 (jitter = 5.4)	7.786
425	images/sec: 184.4 +/- 3.8 (jitter = 5.6)	7.802
426	images/sec: 184.6 +/- 3.8 (jitter = 5.6)	7.839
427	images/sec: 184.7 +/- 3.8 (jitter = 5.7)	7.803
428	images/sec: 184.9 +/- 3.8 (jitter = 5.7)	7.859
429	images/sec: 185.0 +/- 3.7 (jitter = 5.8)	7.877
430	images/sec: 185.2 +/- 3.7 (jitter = 5.9)	7.871
431	images/sec: 185.4 +/- 3.7 (jitter = 6.0)	7.853
432	images/sec: 185.5 +/- 3.7 (jitter = 6.2)	7.939
433	images/sec: 185.7 +/- 3.7 (jitter = 6.5)	7.800
434	images/sec: 185.9 +/- 3.7 (jitter = 6.5)	7.858
435	images/sec: 186.0 +/- 3.7 (jitter = 6.5)	7.819
436	images/sec: 186.2 +/- 3.7 (jitter = 6.6)	7.891
437	images/sec: 186.3 +/- 3.7 (jitter = 6.7)	7.840
438	images/sec: 186.5 +/- 3.7 (jitter = 6.9)	7.919
439	images/sec: 186.7 +/- 3.7 (jitter = 7.1)	7.872
440	images/sec: 186.8 +/- 3.7 (jitter = 7.6)	7.857
441	images/sec: 187.0 +/- 3.7 (jitter = 8.0)	7.856
442	images/sec: 187.1 +/- 3.7 (jitter = 8.4)	7.909
443	images/sec: 187.3 +/- 3.7 (jitter = 8.7)	7.896
444	images/sec: 187.4 +/- 3.7 (jitter = 9.2)	7.855
445	images/sec: 187.6 +/- 3.7 (jitter = 9.8)	8.400
446	images/sec: 187.7 +/- 3.7 (jitter = 10.4)	7.863
447	images/sec: 187.9 +/- 3.7 (jitter = 11.1)	7.815
448	images/sec: 188.1 +/- 3.7 (jitter = 11.3)	7.855
449	images/sec: 188.2 +/- 3.7 (jitter = 11.5)	7.923
450	images/sec: 188.4 +/- 3.7 (jitter = 13.7)	7.755
451	images/sec: 188.5 +/- 3.7 (jitter = 15.9)	7.778
452	images/sec: 188.7 +/- 3.7 (jitter = 16.6)	7.898
453	images/sec: 188.8 +/- 3.7 (jitter = 17.4)	7.905
454	images/sec: 189.0 +/- 3.7 (jitter = 17.8)	8.361
455	images/sec: 189.1 +/- 3.7 (jitter = 18.5)	7.793
456	images/sec: 189.3 +/- 3.7 (jitter = 19.3)	7.921
457	images/sec: 189.4 +/- 3.6 (jitter = 20.0)	7.839
458	images/sec: 189.6 +/- 3.6 (jitter = 28.9)	7.897
459	images/sec: 189.7 +/- 3.6 (jitter = 36.1)	7.937
460	images/sec: 189.9 +/- 3.6 (jitter = 45.3)	7.878
461	images/sec: 190.0 +/- 3.6 (jitter = 60.0)	7.717
462	images/sec: 190.2 +/- 3.6 (jitter = 65.0)	7.939
463	images/sec: 190.3 +/- 3.6 (jitter = 70.1)	7.820
464	images/sec: 190.5 +/- 3.6 (jitter = 70.6)	7.841
465	images/sec: 190.6 +/- 3.6 (jitter = 71.2)	7.879
466	images/sec: 190.8 +/- 3.6 (jitter = 71.9)	7.810
467	images/sec: 190.9 +/- 3.6 (jitter = 72.7)	7.962
468	images/sec: 191.1 +/- 3.6 (jitter = 74.5)	7.876
469	images/sec: 191.2 +/- 3.6 (jitter = 76.2)	7.758
470	images/sec: 191.4 +/- 3.6 (jitter = 76.9)	7.968
471	images/sec: 191.5 +/- 3.6 (jitter = 77.6)	7.854
472	images/sec: 191.6 +/- 3.6 (jitter = 80.9)	7.820
473	images/sec: 191.8 +/- 3.6 (jitter = 84.3)	7.838
474	images/sec: 191.9 +/- 3.6 (jitter = 110.1)	7.806
475	images/sec: 192.1 +/- 3.6 (jitter = 117.2)	7.953
476	images/sec: 192.2 +/- 3.6 (jitter = 74.8)	7.854
477	images/sec: 192.4 +/- 3.6 (jitter = 31.0)	7.844
478	images/sec: 192.5 +/- 3.6 (jitter = 26.0)	7.868
479	images/sec: 192.7 +/- 3.6 (jitter = 21.0)	7.857
480	images/sec: 192.8 +/- 3.6 (jitter = 20.2)	7.908
481	images/sec: 192.9 +/- 3.6 (jitter = 19.5)	7.860
482	images/sec: 193.1 +/- 3.6 (jitter = 19.0)	7.836
483	images/sec: 193.2 +/- 3.6 (jitter = 18.6)	7.908
484	images/sec: 193.4 +/- 3.5 (jitter = 18.1)	7.839
485	images/sec: 193.5 +/- 3.5 (jitter = 17.6)	7.872
486	images/sec: 193.6 +/- 3.5 (jitter = 15.2)	7.928
487	images/sec: 193.8 +/- 3.5 (jitter = 12.9)	7.844
488	images/sec: 193.9 +/- 3.5 (jitter = 12.8)	7.812
489	images/sec: 194.1 +/- 3.5 (jitter = 12.7)	7.856
490	images/sec: 194.2 +/- 3.5 (jitter = 12.6)	7.882
491	images/sec: 194.3 +/- 3.5 (jitter = 12.4)	7.871
492	images/sec: 194.5 +/- 3.5 (jitter = 12.0)	7.856
493	images/sec: 194.6 +/- 3.5 (jitter = 11.5)	7.910
494	images/sec: 194.7 +/- 3.5 (jitter = 11.4)	7.853
495	images/sec: 194.9 +/- 3.5 (jitter = 11.4)	7.896
496	images/sec: 195.0 +/- 3.5 (jitter = 11.2)	7.897
497	images/sec: 195.1 +/- 3.5 (jitter = 11.1)	7.794
498	images/sec: 195.3 +/- 3.5 (jitter = 11.0)	7.801
499	images/sec: 195.4 +/- 3.5 (jitter = 10.9)	7.901
500	images/sec: 195.6 +/- 3.5 (jitter = 10.9)	7.861
----------------------------------------------------------------
total images/sec: 194.00
----------------------------------------------------------------
