TensorFlow:  1.5
Model:       resnet50
Dataset:     imagenet (synthetic)
Mode:        training
SingleSess:  False
Batch size:  25 global
             25 per device
Devices:     ['/gpu:0']
Data format: NCHW
Layout optimizer: False
Optimizer:   sgd
Variables:   parameter_server
==========
Generating model
WARNING:tensorflow:From /salus/tf_benchmarks/scripts/tf_cnn_benchmarks/convnet_builder.py:372: calling reduce_mean (from tensorflow.python.ops.math_ops) with keep_dims is deprecated and will be removed in a future version.
Instructions for updating:
keep_dims is deprecated, use keepdims instead
WARNING:tensorflow:From /salus/tf_benchmarks/scripts/tf_cnn_benchmarks/benchmark_cnn.py:1124: __init__ (from tensorflow.python.training.supervisor) is deprecated and will be removed in a future version.
Instructions for updating:
Please switch to tf.train.MonitoredTrainingSession
Running warm up
Done warm up
Step	Img/sec	loss
1	images/sec: 187.0 +/- 0.0 (jitter = 0.0)	10.941
2	images/sec: 185.4 +/- 1.1 (jitter = 2.4)	9.356
3	images/sec: 185.4 +/- 0.8 (jitter = 2.1)	9.791
4	images/sec: 185.7 +/- 0.6 (jitter = 1.3)	9.334
5	images/sec: 185.5 +/- 0.5 (jitter = 2.1)	9.045
6	images/sec: 185.4 +/- 0.5 (jitter = 1.3)	9.070
7	images/sec: 185.5 +/- 0.4 (jitter = 1.2)	8.651
8	images/sec: 185.2 +/- 0.4 (jitter = 1.7)	8.699
9	images/sec: 184.6 +/- 0.7 (jitter = 1.7)	8.813
10	images/sec: 184.6 +/- 0.6 (jitter = 1.7)	8.632
11	images/sec: 184.6 +/- 0.6 (jitter = 1.7)	8.503
12	images/sec: 184.3 +/- 0.6 (jitter = 1.7)	8.523
13	images/sec: 184.5 +/- 0.5 (jitter = 1.7)	8.552
14	images/sec: 184.6 +/- 0.5 (jitter = 1.7)	8.419
15	images/sec: 184.6 +/- 0.5 (jitter = 1.7)	8.464
16	images/sec: 184.5 +/- 0.4 (jitter = 1.3)	8.468
17	images/sec: 184.6 +/- 0.4 (jitter = 1.4)	8.323
18	images/sec: 184.7 +/- 0.4 (jitter = 1.5)	8.534
19	images/sec: 184.4 +/- 0.5 (jitter = 1.4)	8.231
20	images/sec: 184.3 +/- 0.5 (jitter = 1.5)	8.317
21	images/sec: 184.3 +/- 0.4 (jitter = 1.8)	8.971
22	images/sec: 184.2 +/- 0.4 (jitter = 1.9)	8.353
23	images/sec: 184.2 +/- 0.4 (jitter = 1.8)	8.328
24	images/sec: 184.3 +/- 0.4 (jitter = 1.8)	8.146
25	images/sec: 184.3 +/- 0.4 (jitter = 1.7)	8.188
26	images/sec: 184.3 +/- 0.4 (jitter = 1.5)	8.149
27	images/sec: 184.4 +/- 0.4 (jitter = 1.7)	8.166
28	images/sec: 184.5 +/- 0.4 (jitter = 1.7)	8.118
29	images/sec: 184.5 +/- 0.4 (jitter = 1.7)	8.030
30	images/sec: 184.6 +/- 0.3 (jitter = 1.6)	8.157
31	images/sec: 184.6 +/- 0.3 (jitter = 1.7)	9.011
32	images/sec: 184.6 +/- 0.3 (jitter = 1.5)	7.902
33	images/sec: 184.6 +/- 0.3 (jitter = 1.6)	8.194
34	images/sec: 184.6 +/- 0.3 (jitter = 1.5)	8.003
35	images/sec: 184.7 +/- 0.3 (jitter = 1.4)	8.075
36	images/sec: 184.7 +/- 0.3 (jitter = 1.5)	8.060
37	images/sec: 184.7 +/- 0.3 (jitter = 1.4)	8.175
38	images/sec: 184.7 +/- 0.3 (jitter = 1.4)	7.952
39	images/sec: 184.7 +/- 0.3 (jitter = 1.4)	7.918
40	images/sec: 184.7 +/- 0.3 (jitter = 1.3)	7.999
41	images/sec: 184.8 +/- 0.3 (jitter = 1.3)	8.049
42	images/sec: 184.9 +/- 0.3 (jitter = 1.4)	7.943
43	images/sec: 184.9 +/- 0.3 (jitter = 1.3)	7.985
44	images/sec: 184.9 +/- 0.3 (jitter = 1.3)	8.022
45	images/sec: 184.9 +/- 0.3 (jitter = 1.3)	7.907
46	images/sec: 184.9 +/- 0.3 (jitter = 1.3)	7.911
47	images/sec: 184.9 +/- 0.3 (jitter = 1.3)	7.768
48	images/sec: 184.8 +/- 0.3 (jitter = 1.4)	8.085
49	images/sec: 184.8 +/- 0.3 (jitter = 1.4)	8.049
50	images/sec: 184.8 +/- 0.3 (jitter = 1.4)	8.038
51	images/sec: 184.8 +/- 0.3 (jitter = 1.4)	7.967
52	images/sec: 184.8 +/- 0.2 (jitter = 1.4)	8.007
53	images/sec: 184.9 +/- 0.2 (jitter = 1.3)	7.831
54	images/sec: 184.9 +/- 0.2 (jitter = 1.3)	8.072
55	images/sec: 184.9 +/- 0.2 (jitter = 1.3)	8.831
56	images/sec: 184.9 +/- 0.2 (jitter = 1.3)	7.907
57	images/sec: 184.9 +/- 0.2 (jitter = 1.3)	7.949
58	images/sec: 184.9 +/- 0.2 (jitter = 1.3)	8.058
59	images/sec: 184.9 +/- 0.2 (jitter = 1.3)	7.991
60	images/sec: 184.9 +/- 0.2 (jitter = 1.3)	8.003
61	images/sec: 184.9 +/- 0.2 (jitter = 1.3)	7.867
62	images/sec: 184.9 +/- 0.2 (jitter = 1.2)	7.874
63	images/sec: 185.0 +/- 0.2 (jitter = 1.1)	8.105
64	images/sec: 185.0 +/- 0.2 (jitter = 1.1)	8.244
65	images/sec: 184.9 +/- 0.2 (jitter = 1.2)	7.758
66	images/sec: 184.9 +/- 0.2 (jitter = 1.3)	7.989
67	images/sec: 184.8 +/- 0.2 (jitter = 1.3)	7.879
68	images/sec: 184.9 +/- 0.2 (jitter = 1.3)	7.996
69	images/sec: 184.9 +/- 0.2 (jitter = 1.2)	8.776
70	images/sec: 184.9 +/- 0.2 (jitter = 1.2)	7.805
71	images/sec: 184.9 +/- 0.2 (jitter = 1.2)	7.918
72	images/sec: 184.9 +/- 0.2 (jitter = 1.3)	7.792
73	images/sec: 184.9 +/- 0.2 (jitter = 1.3)	8.070
74	images/sec: 184.9 +/- 0.2 (jitter = 1.3)	7.936
75	images/sec: 184.9 +/- 0.2 (jitter = 1.3)	7.901
76	images/sec: 185.0 +/- 0.2 (jitter = 1.3)	7.923
77	images/sec: 185.0 +/- 0.2 (jitter = 1.4)	7.966
78	images/sec: 185.0 +/- 0.2 (jitter = 1.3)	7.754
79	images/sec: 185.0 +/- 0.2 (jitter = 1.3)	8.735
80	images/sec: 185.0 +/- 0.2 (jitter = 1.3)	7.839
81	images/sec: 185.0 +/- 0.2 (jitter = 1.3)	7.878
82	images/sec: 185.0 +/- 0.2 (jitter = 1.3)	7.956
83	images/sec: 185.0 +/- 0.2 (jitter = 1.3)	7.895
84	images/sec: 185.0 +/- 0.2 (jitter = 1.3)	8.076
85	images/sec: 185.0 +/- 0.2 (jitter = 1.3)	8.054
86	images/sec: 185.0 +/- 0.2 (jitter = 1.3)	7.841
87	images/sec: 185.0 +/- 0.2 (jitter = 1.3)	8.031
88	images/sec: 185.0 +/- 0.2 (jitter = 1.2)	7.936
89	images/sec: 185.0 +/- 0.2 (jitter = 1.2)	7.874
90	images/sec: 185.0 +/- 0.2 (jitter = 1.3)	7.955
91	images/sec: 185.0 +/- 0.2 (jitter = 1.2)	7.945
92	images/sec: 185.0 +/- 0.2 (jitter = 1.3)	8.035
93	images/sec: 185.0 +/- 0.2 (jitter = 1.3)	7.910
94	images/sec: 185.0 +/- 0.2 (jitter = 1.3)	7.941
95	images/sec: 185.0 +/- 0.2 (jitter = 1.3)	7.967
96	images/sec: 185.0 +/- 0.2 (jitter = 1.3)	7.916
97	images/sec: 185.1 +/- 0.2 (jitter = 1.3)	7.954
98	images/sec: 185.1 +/- 0.2 (jitter = 1.3)	7.904
99	images/sec: 185.1 +/- 0.2 (jitter = 1.3)	7.873
100	images/sec: 185.1 +/- 0.2 (jitter = 1.2)	8.021
101	images/sec: 185.1 +/- 0.2 (jitter = 1.2)	7.794
102	images/sec: 185.1 +/- 0.2 (jitter = 1.2)	7.874
103	images/sec: 185.1 +/- 0.2 (jitter = 1.2)	8.071
104	images/sec: 185.1 +/- 0.2 (jitter = 1.2)	7.942
105	images/sec: 185.1 +/- 0.2 (jitter = 1.2)	7.841
106	images/sec: 185.1 +/- 0.2 (jitter = 1.2)	7.952
107	images/sec: 185.1 +/- 0.2 (jitter = 1.1)	7.917
108	images/sec: 185.1 +/- 0.2 (jitter = 1.1)	7.920
109	images/sec: 185.1 +/- 0.2 (jitter = 1.1)	7.996
110	images/sec: 185.1 +/- 0.2 (jitter = 1.1)	7.945
111	images/sec: 185.1 +/- 0.2 (jitter = 1.1)	7.896
112	images/sec: 185.1 +/- 0.2 (jitter = 1.1)	7.832
113	images/sec: 185.1 +/- 0.2 (jitter = 1.1)	7.936
114	images/sec: 185.1 +/- 0.2 (jitter = 1.1)	7.931
115	images/sec: 185.1 +/- 0.2 (jitter = 1.1)	7.873
116	images/sec: 185.1 +/- 0.2 (jitter = 1.1)	7.708
117	images/sec: 185.1 +/- 0.2 (jitter = 1.1)	7.856
118	images/sec: 185.1 +/- 0.2 (jitter = 1.1)	7.982
119	images/sec: 185.1 +/- 0.2 (jitter = 1.1)	7.836
120	images/sec: 185.1 +/- 0.1 (jitter = 1.1)	7.841
121	images/sec: 185.1 +/- 0.1 (jitter = 1.1)	7.881
122	images/sec: 185.1 +/- 0.1 (jitter = 1.1)	7.931
123	images/sec: 185.1 +/- 0.1 (jitter = 1.1)	7.919
124	images/sec: 185.1 +/- 0.1 (jitter = 1.2)	7.978
125	images/sec: 185.1 +/- 0.1 (jitter = 1.2)	8.019
126	images/sec: 185.1 +/- 0.1 (jitter = 1.2)	7.950
127	images/sec: 185.1 +/- 0.1 (jitter = 1.2)	7.855
128	images/sec: 185.1 +/- 0.1 (jitter = 1.1)	7.871
129	images/sec: 185.1 +/- 0.1 (jitter = 1.1)	7.779
130	images/sec: 185.1 +/- 0.1 (jitter = 1.1)	7.923
131	images/sec: 185.1 +/- 0.1 (jitter = 1.1)	7.968
132	images/sec: 185.1 +/- 0.1 (jitter = 1.1)	7.885
133	images/sec: 185.1 +/- 0.1 (jitter = 1.1)	7.855
134	images/sec: 185.1 +/- 0.1 (jitter = 1.1)	7.878
135	images/sec: 185.1 +/- 0.1 (jitter = 1.1)	7.730
136	images/sec: 185.1 +/- 0.1 (jitter = 1.1)	7.886
137	images/sec: 185.1 +/- 0.1 (jitter = 1.1)	7.821
138	images/sec: 185.1 +/- 0.1 (jitter = 1.1)	7.944
139	images/sec: 185.1 +/- 0.1 (jitter = 1.1)	7.890
140	images/sec: 185.1 +/- 0.1 (jitter = 1.1)	7.836
141	images/sec: 185.1 +/- 0.1 (jitter = 1.1)	7.897
142	images/sec: 185.1 +/- 0.1 (jitter = 1.1)	7.816
143	images/sec: 185.1 +/- 0.1 (jitter = 1.1)	7.911
144	images/sec: 185.1 +/- 0.1 (jitter = 1.1)	7.973
145	images/sec: 185.1 +/- 0.1 (jitter = 1.1)	7.860
146	images/sec: 185.1 +/- 0.1 (jitter = 1.1)	7.950
147	images/sec: 185.1 +/- 0.1 (jitter = 1.1)	7.964
148	images/sec: 185.1 +/- 0.1 (jitter = 1.1)	7.978
149	images/sec: 185.1 +/- 0.1 (jitter = 1.1)	7.945
150	images/sec: 185.1 +/- 0.1 (jitter = 1.1)	7.894
151	images/sec: 185.1 +/- 0.1 (jitter = 1.1)	7.915
152	images/sec: 185.1 +/- 0.1 (jitter = 1.1)	7.921
153	images/sec: 185.1 +/- 0.1 (jitter = 1.1)	7.785
154	images/sec: 185.1 +/- 0.1 (jitter = 1.1)	7.995
155	images/sec: 185.1 +/- 0.1 (jitter = 1.1)	7.975
156	images/sec: 185.1 +/- 0.1 (jitter = 1.1)	7.860
157	images/sec: 185.1 +/- 0.1 (jitter = 1.1)	7.863
158	images/sec: 185.1 +/- 0.1 (jitter = 1.1)	7.873
159	images/sec: 185.1 +/- 0.1 (jitter = 1.1)	7.967
160	images/sec: 185.1 +/- 0.1 (jitter = 1.1)	8.039
161	images/sec: 185.1 +/- 0.1 (jitter = 1.1)	7.845
162	images/sec: 185.1 +/- 0.1 (jitter = 1.1)	7.849
163	images/sec: 185.1 +/- 0.1 (jitter = 1.1)	7.914
164	images/sec: 185.1 +/- 0.1 (jitter = 1.1)	7.938
165	images/sec: 185.1 +/- 0.1 (jitter = 1.1)	7.840
166	images/sec: 185.1 +/- 0.1 (jitter = 1.1)	7.856
167	images/sec: 185.1 +/- 0.1 (jitter = 1.1)	7.971
168	images/sec: 185.1 +/- 0.1 (jitter = 1.1)	7.883
169	images/sec: 185.1 +/- 0.1 (jitter = 1.2)	7.939
170	images/sec: 185.1 +/- 0.1 (jitter = 1.1)	7.985
171	images/sec: 185.1 +/- 0.1 (jitter = 1.1)	7.888
172	images/sec: 185.1 +/- 0.1 (jitter = 1.1)	7.910
173	images/sec: 185.1 +/- 0.1 (jitter = 1.1)	7.794
174	images/sec: 185.1 +/- 0.1 (jitter = 1.1)	7.960
175	images/sec: 185.1 +/- 0.1 (jitter = 1.1)	7.794
176	images/sec: 185.1 +/- 0.1 (jitter = 1.1)	8.037
177	images/sec: 185.1 +/- 0.1 (jitter = 1.1)	7.783
178	images/sec: 185.1 +/- 0.1 (jitter = 1.1)	7.881
179	images/sec: 185.1 +/- 0.1 (jitter = 1.1)	8.120
180	images/sec: 185.1 +/- 0.1 (jitter = 1.1)	7.875
181	images/sec: 185.1 +/- 0.1 (jitter = 1.1)	7.836
182	images/sec: 185.1 +/- 0.1 (jitter = 1.1)	7.900
183	images/sec: 185.1 +/- 0.1 (jitter = 1.1)	7.978
184	images/sec: 185.1 +/- 0.1 (jitter = 1.1)	7.850
185	images/sec: 185.1 +/- 0.1 (jitter = 1.1)	7.955
186	images/sec: 185.1 +/- 0.1 (jitter = 1.1)	7.872
187	images/sec: 185.1 +/- 0.1 (jitter = 1.1)	7.797
188	images/sec: 185.1 +/- 0.1 (jitter = 1.1)	7.808
189	images/sec: 185.1 +/- 0.1 (jitter = 1.1)	7.794
190	images/sec: 185.1 +/- 0.1 (jitter = 1.1)	7.857
191	images/sec: 185.1 +/- 0.1 (jitter = 1.1)	7.923
192	images/sec: 185.1 +/- 0.1 (jitter = 1.1)	7.914
193	images/sec: 185.1 +/- 0.1 (jitter = 1.1)	8.003
194	images/sec: 185.1 +/- 0.1 (jitter = 1.1)	7.956
195	images/sec: 185.1 +/- 0.1 (jitter = 1.1)	7.930
196	images/sec: 185.1 +/- 0.1 (jitter = 1.1)	7.973
197	images/sec: 185.1 +/- 0.1 (jitter = 1.1)	7.844
198	images/sec: 185.1 +/- 0.1 (jitter = 1.1)	7.794
199	images/sec: 185.1 +/- 0.1 (jitter = 1.1)	7.879
200	images/sec: 185.1 +/- 0.1 (jitter = 1.1)	7.971
201	images/sec: 185.0 +/- 0.1 (jitter = 1.1)	7.862
202	images/sec: 185.0 +/- 0.1 (jitter = 1.1)	7.828
203	images/sec: 185.0 +/- 0.1 (jitter = 1.1)	7.873
204	images/sec: 185.0 +/- 0.1 (jitter = 1.1)	7.805
205	images/sec: 185.1 +/- 0.1 (jitter = 1.1)	7.914
206	images/sec: 185.1 +/- 0.1 (jitter = 1.1)	7.704
207	images/sec: 185.1 +/- 0.1 (jitter = 1.1)	8.035
208	images/sec: 185.1 +/- 0.1 (jitter = 1.1)	7.894
209	images/sec: 185.1 +/- 0.1 (jitter = 1.1)	7.889
210	images/sec: 185.1 +/- 0.1 (jitter = 1.1)	7.925
211	images/sec: 185.1 +/- 0.1 (jitter = 1.1)	7.895
212	images/sec: 185.1 +/- 0.1 (jitter = 1.1)	7.946
213	images/sec: 185.0 +/- 0.1 (jitter = 1.1)	7.995
214	images/sec: 185.0 +/- 0.1 (jitter = 1.1)	8.015
215	images/sec: 185.0 +/- 0.1 (jitter = 1.1)	7.908
216	images/sec: 185.0 +/- 0.1 (jitter = 1.1)	7.858
217	images/sec: 185.0 +/- 0.1 (jitter = 1.1)	7.819
218	images/sec: 185.0 +/- 0.1 (jitter = 1.1)	7.862
219	images/sec: 185.0 +/- 0.1 (jitter = 1.1)	7.925
220	images/sec: 185.0 +/- 0.1 (jitter = 1.1)	7.842
221	images/sec: 185.0 +/- 0.1 (jitter = 1.1)	7.839
222	images/sec: 185.0 +/- 0.1 (jitter = 1.1)	7.904
223	images/sec: 185.0 +/- 0.1 (jitter = 1.1)	7.944
224	images/sec: 185.0 +/- 0.1 (jitter = 1.1)	7.910
225	images/sec: 185.0 +/- 0.1 (jitter = 1.1)	7.856
226	images/sec: 185.0 +/- 0.1 (jitter = 1.1)	8.013
227	images/sec: 185.0 +/- 0.1 (jitter = 1.1)	7.869
228	images/sec: 185.0 +/- 0.1 (jitter = 1.1)	7.817
229	images/sec: 185.0 +/- 0.1 (jitter = 1.1)	7.878
230	images/sec: 185.0 +/- 0.1 (jitter = 1.1)	7.950
231	images/sec: 185.0 +/- 0.1 (jitter = 1.1)	7.987
232	images/sec: 185.0 +/- 0.1 (jitter = 1.1)	7.810
233	images/sec: 185.1 +/- 0.1 (jitter = 1.1)	7.911
234	images/sec: 185.4 +/- 0.5 (jitter = 1.1)	7.863
235	images/sec: 185.7 +/- 0.7 (jitter = 1.1)	7.870
236	images/sec: 186.0 +/- 0.9 (jitter = 1.1)	7.899
237	images/sec: 186.3 +/- 1.0 (jitter = 1.2)	7.879
238	images/sec: 186.6 +/- 1.1 (jitter = 1.2)	7.820
239	images/sec: 186.9 +/- 1.2 (jitter = 1.2)	7.878
240	images/sec: 187.1 +/- 1.2 (jitter = 1.2)	8.528
241	images/sec: 187.4 +/- 1.3 (jitter = 1.2)	7.915
242	images/sec: 187.7 +/- 1.4 (jitter = 1.2)	7.761
243	images/sec: 188.0 +/- 1.4 (jitter = 1.2)	7.960
244	images/sec: 188.3 +/- 1.5 (jitter = 1.2)	7.894
245	images/sec: 188.6 +/- 1.6 (jitter = 1.2)	7.819
246	images/sec: 188.9 +/- 1.6 (jitter = 1.2)	8.441
247	images/sec: 189.2 +/- 1.7 (jitter = 1.2)	7.951
248	images/sec: 189.4 +/- 1.7 (jitter = 1.3)	7.901
249	images/sec: 189.7 +/- 1.8 (jitter = 1.3)	7.943
250	images/sec: 190.0 +/- 1.8 (jitter = 1.3)	7.895
251	images/sec: 190.3 +/- 1.9 (jitter = 1.3)	7.829
252	images/sec: 190.5 +/- 1.9 (jitter = 1.3)	7.885
253	images/sec: 190.8 +/- 1.9 (jitter = 1.3)	7.844
254	images/sec: 191.1 +/- 2.0 (jitter = 1.3)	7.801
255	images/sec: 191.4 +/- 2.0 (jitter = 1.3)	7.905
256	images/sec: 191.6 +/- 2.0 (jitter = 1.3)	7.859
257	images/sec: 191.9 +/- 2.1 (jitter = 1.3)	7.881
258	images/sec: 192.2 +/- 2.1 (jitter = 1.4)	7.901
259	images/sec: 192.4 +/- 2.1 (jitter = 1.4)	7.954
260	images/sec: 192.7 +/- 2.2 (jitter = 1.4)	7.843
261	images/sec: 192.9 +/- 2.2 (jitter = 1.4)	7.916
262	images/sec: 193.2 +/- 2.2 (jitter = 1.4)	7.810
263	images/sec: 193.5 +/- 2.2 (jitter = 1.4)	7.874
264	images/sec: 193.7 +/- 2.3 (jitter = 1.4)	7.773
265	images/sec: 194.0 +/- 2.3 (jitter = 1.4)	7.778
266	images/sec: 194.2 +/- 2.3 (jitter = 1.4)	7.932
267	images/sec: 194.5 +/- 2.3 (jitter = 1.4)	7.929
268	images/sec: 194.7 +/- 2.3 (jitter = 1.4)	7.955
269	images/sec: 195.0 +/- 2.4 (jitter = 1.4)	7.960
270	images/sec: 195.2 +/- 2.4 (jitter = 1.4)	7.876
271	images/sec: 195.5 +/- 2.4 (jitter = 1.5)	7.891
272	images/sec: 195.7 +/- 2.4 (jitter = 1.4)	7.906
273	images/sec: 196.0 +/- 2.4 (jitter = 1.5)	7.884
274	images/sec: 196.2 +/- 2.4 (jitter = 1.5)	7.820
275	images/sec: 196.5 +/- 2.5 (jitter = 1.5)	7.810
276	images/sec: 196.7 +/- 2.5 (jitter = 1.5)	7.827
277	images/sec: 197.0 +/- 2.5 (jitter = 1.5)	7.954
278	images/sec: 197.2 +/- 2.5 (jitter = 1.5)	7.943
279	images/sec: 197.4 +/- 2.5 (jitter = 1.6)	7.944
280	images/sec: 197.7 +/- 2.5 (jitter = 1.5)	7.897
281	images/sec: 197.9 +/- 2.5 (jitter = 1.6)	7.783
282	images/sec: 198.1 +/- 2.6 (jitter = 1.6)	7.885
283	images/sec: 198.4 +/- 2.6 (jitter = 1.6)	7.785
284	images/sec: 198.6 +/- 2.6 (jitter = 1.6)	7.896
285	images/sec: 198.8 +/- 2.6 (jitter = 1.6)	7.962
286	images/sec: 199.1 +/- 2.6 (jitter = 1.6)	7.946
287	images/sec: 199.3 +/- 2.6 (jitter = 1.6)	7.859
288	images/sec: 199.6 +/- 2.6 (jitter = 1.6)	7.889
289	images/sec: 199.8 +/- 2.6 (jitter = 1.7)	7.927
290	images/sec: 200.0 +/- 2.7 (jitter = 1.7)	7.912
291	images/sec: 200.2 +/- 2.7 (jitter = 1.7)	7.863
292	images/sec: 200.5 +/- 2.7 (jitter = 1.7)	7.920
293	images/sec: 200.7 +/- 2.7 (jitter = 1.7)	7.786
294	images/sec: 200.9 +/- 2.7 (jitter = 1.7)	7.982
295	images/sec: 201.1 +/- 2.7 (jitter = 1.7)	7.873
296	images/sec: 201.3 +/- 2.7 (jitter = 1.7)	7.791
297	images/sec: 201.6 +/- 2.7 (jitter = 1.7)	7.909
298	images/sec: 201.8 +/- 2.7 (jitter = 1.7)	7.938
299	images/sec: 202.0 +/- 2.7 (jitter = 1.7)	7.864
300	images/sec: 202.2 +/- 2.7 (jitter = 1.7)	7.881
301	images/sec: 202.5 +/- 2.7 (jitter = 1.7)	7.873
302	images/sec: 202.7 +/- 2.7 (jitter = 1.8)	7.842
303	images/sec: 202.9 +/- 2.8 (jitter = 1.8)	7.916
304	images/sec: 203.1 +/- 2.8 (jitter = 1.8)	7.827
305	images/sec: 203.3 +/- 2.8 (jitter = 1.8)	7.857
306	images/sec: 203.5 +/- 2.8 (jitter = 1.8)	7.847
307	images/sec: 203.7 +/- 2.8 (jitter = 1.8)	7.898
308	images/sec: 204.0 +/- 2.8 (jitter = 1.8)	7.886
309	images/sec: 204.2 +/- 2.8 (jitter = 1.8)	7.856
310	images/sec: 204.4 +/- 2.8 (jitter = 1.9)	8.031
311	images/sec: 204.6 +/- 2.8 (jitter = 1.9)	7.795
312	images/sec: 204.8 +/- 2.8 (jitter = 1.9)	7.818
313	images/sec: 205.0 +/- 2.8 (jitter = 1.9)	7.795
314	images/sec: 205.2 +/- 2.8 (jitter = 1.9)	7.816
315	images/sec: 205.4 +/- 2.8 (jitter = 1.9)	7.894
316	images/sec: 205.6 +/- 2.8 (jitter = 2.0)	7.878
317	images/sec: 205.8 +/- 2.8 (jitter = 2.0)	7.978
318	images/sec: 206.0 +/- 2.8 (jitter = 2.0)	7.931
319	images/sec: 206.2 +/- 2.8 (jitter = 2.0)	7.912
320	images/sec: 206.4 +/- 2.8 (jitter = 2.0)	7.861
321	images/sec: 206.6 +/- 2.8 (jitter = 2.0)	7.947
322	images/sec: 206.8 +/- 2.8 (jitter = 2.0)	7.897
323	images/sec: 207.0 +/- 2.8 (jitter = 2.0)	7.832
324	images/sec: 207.2 +/- 2.8 (jitter = 2.0)	7.935
325	images/sec: 207.4 +/- 2.8 (jitter = 2.0)	7.864
326	images/sec: 207.6 +/- 2.9 (jitter = 2.1)	7.923
327	images/sec: 207.8 +/- 2.9 (jitter = 2.1)	7.863
328	images/sec: 208.0 +/- 2.9 (jitter = 2.1)	7.851
329	images/sec: 208.2 +/- 2.9 (jitter = 2.1)	7.830
330	images/sec: 208.4 +/- 2.9 (jitter = 2.1)	7.792
331	images/sec: 208.6 +/- 2.9 (jitter = 2.1)	7.847
332	images/sec: 208.8 +/- 2.9 (jitter = 2.2)	7.917
333	images/sec: 209.0 +/- 2.9 (jitter = 2.2)	7.879
334	images/sec: 209.2 +/- 2.9 (jitter = 2.2)	7.797
335	images/sec: 209.4 +/- 2.9 (jitter = 2.2)	7.873
336	images/sec: 209.6 +/- 2.9 (jitter = 2.2)	7.855
337	images/sec: 209.8 +/- 2.9 (jitter = 2.3)	7.910
338	images/sec: 210.0 +/- 2.9 (jitter = 2.3)	7.952
339	images/sec: 210.2 +/- 2.9 (jitter = 2.3)	7.838
340	images/sec: 210.4 +/- 2.9 (jitter = 2.3)	7.916
341	images/sec: 210.5 +/- 2.9 (jitter = 2.3)	7.879
342	images/sec: 210.7 +/- 2.9 (jitter = 2.4)	7.814
343	images/sec: 210.9 +/- 2.9 (jitter = 2.4)	7.871
344	images/sec: 211.1 +/- 2.9 (jitter = 2.4)	7.857
345	images/sec: 211.3 +/- 2.9 (jitter = 2.4)	7.924
346	images/sec: 211.4 +/- 2.9 (jitter = 2.4)	7.889
347	images/sec: 211.6 +/- 2.9 (jitter = 2.4)	7.854
348	images/sec: 211.8 +/- 2.9 (jitter = 2.4)	7.874
349	images/sec: 212.0 +/- 2.9 (jitter = 2.4)	7.807
350	images/sec: 212.1 +/- 2.9 (jitter = 2.5)	7.915
351	images/sec: 212.3 +/- 2.9 (jitter = 2.5)	7.994
352	images/sec: 212.5 +/- 2.9 (jitter = 2.5)	7.962
353	images/sec: 212.7 +/- 2.9 (jitter = 2.6)	7.740
354	images/sec: 212.8 +/- 2.9 (jitter = 2.6)	7.909
355	images/sec: 213.0 +/- 2.9 (jitter = 2.6)	7.883
356	images/sec: 213.2 +/- 2.9 (jitter = 2.7)	7.857
357	images/sec: 213.3 +/- 2.9 (jitter = 2.7)	7.815
358	images/sec: 213.5 +/- 2.9 (jitter = 2.7)	7.875
359	images/sec: 213.7 +/- 2.9 (jitter = 2.8)	7.818
360	images/sec: 213.8 +/- 2.9 (jitter = 2.8)	7.891
361	images/sec: 214.0 +/- 2.9 (jitter = 2.8)	7.866
362	images/sec: 214.2 +/- 2.9 (jitter = 2.9)	7.816
363	images/sec: 214.4 +/- 2.9 (jitter = 2.9)	7.790
364	images/sec: 214.5 +/- 2.9 (jitter = 2.9)	7.889
365	images/sec: 214.7 +/- 2.9 (jitter = 2.9)	7.815
366	images/sec: 214.8 +/- 2.9 (jitter = 3.0)	7.837
367	images/sec: 215.0 +/- 2.9 (jitter = 3.1)	7.886
368	images/sec: 215.2 +/- 2.9 (jitter = 3.1)	7.861
369	images/sec: 215.3 +/- 2.9 (jitter = 3.2)	7.868
370	images/sec: 215.5 +/- 2.9 (jitter = 3.2)	7.709
371	images/sec: 215.7 +/- 2.9 (jitter = 3.2)	7.929
372	images/sec: 215.8 +/- 2.9 (jitter = 3.3)	7.857
373	images/sec: 216.0 +/- 2.9 (jitter = 3.3)	7.883
374	images/sec: 216.1 +/- 2.9 (jitter = 3.3)	7.883
375	images/sec: 216.3 +/- 2.9 (jitter = 3.3)	7.849
376	images/sec: 216.5 +/- 2.9 (jitter = 3.3)	7.797
377	images/sec: 216.6 +/- 2.9 (jitter = 3.3)	7.970
378	images/sec: 216.8 +/- 2.9 (jitter = 3.4)	7.799
379	images/sec: 216.9 +/- 2.9 (jitter = 3.4)	7.923
380	images/sec: 217.1 +/- 2.9 (jitter = 3.5)	7.929
381	images/sec: 217.2 +/- 2.8 (jitter = 3.5)	7.852
382	images/sec: 217.4 +/- 2.8 (jitter = 3.5)	7.958
383	images/sec: 217.5 +/- 2.8 (jitter = 3.6)	7.796
384	images/sec: 217.7 +/- 2.8 (jitter = 3.6)	7.899
385	images/sec: 217.9 +/- 2.8 (jitter = 3.6)	7.899
386	images/sec: 218.0 +/- 2.8 (jitter = 3.7)	7.895
387	images/sec: 218.2 +/- 2.8 (jitter = 3.7)	7.876
388	images/sec: 218.3 +/- 2.8 (jitter = 3.7)	7.913
389	images/sec: 218.5 +/- 2.8 (jitter = 3.8)	7.861
390	images/sec: 218.6 +/- 2.8 (jitter = 3.8)	7.894
391	images/sec: 218.8 +/- 2.8 (jitter = 3.9)	7.871
392	images/sec: 218.9 +/- 2.8 (jitter = 3.9)	7.834
393	images/sec: 219.1 +/- 2.8 (jitter = 3.9)	7.810
394	images/sec: 219.2 +/- 2.8 (jitter = 4.0)	7.944
395	images/sec: 219.4 +/- 2.8 (jitter = 4.0)	7.935
396	images/sec: 219.5 +/- 2.8 (jitter = 4.0)	7.915
397	images/sec: 219.7 +/- 2.8 (jitter = 4.0)	7.823
398	images/sec: 219.8 +/- 2.8 (jitter = 4.1)	7.890
399	images/sec: 219.9 +/- 2.8 (jitter = 4.2)	7.848
400	images/sec: 220.1 +/- 2.8 (jitter = 4.2)	7.870
401	images/sec: 220.2 +/- 2.8 (jitter = 4.2)	7.851
402	images/sec: 220.4 +/- 2.8 (jitter = 4.3)	7.757
403	images/sec: 220.5 +/- 2.8 (jitter = 4.3)	7.932
404	images/sec: 220.7 +/- 2.8 (jitter = 4.3)	7.828
405	images/sec: 220.8 +/- 2.8 (jitter = 4.3)	7.795
406	images/sec: 220.9 +/- 2.8 (jitter = 4.3)	7.900
407	images/sec: 221.1 +/- 2.8 (jitter = 4.4)	7.864
408	images/sec: 221.2 +/- 2.8 (jitter = 4.4)	7.882
409	images/sec: 221.4 +/- 2.8 (jitter = 4.5)	7.849
410	images/sec: 221.5 +/- 2.8 (jitter = 4.5)	7.886
411	images/sec: 221.6 +/- 2.8 (jitter = 4.6)	7.896
412	images/sec: 221.8 +/- 2.8 (jitter = 4.6)	7.867
413	images/sec: 221.9 +/- 2.8 (jitter = 4.7)	8.053
414	images/sec: 222.0 +/- 2.8 (jitter = 4.8)	7.956
415	images/sec: 222.2 +/- 2.8 (jitter = 4.9)	7.786
416	images/sec: 222.3 +/- 2.8 (jitter = 5.0)	7.935
417	images/sec: 222.5 +/- 2.8 (jitter = 5.1)	7.965
418	images/sec: 222.6 +/- 2.8 (jitter = 5.2)	7.875
419	images/sec: 222.8 +/- 2.8 (jitter = 5.2)	7.827
420	images/sec: 222.9 +/- 2.8 (jitter = 5.2)	7.941
421	images/sec: 223.0 +/- 2.8 (jitter = 5.3)	7.859
422	images/sec: 223.2 +/- 2.8 (jitter = 5.3)	7.863
423	images/sec: 223.3 +/- 2.8 (jitter = 5.4)	8.052
424	images/sec: 223.4 +/- 2.8 (jitter = 5.4)	7.788
425	images/sec: 223.6 +/- 2.8 (jitter = 5.5)	7.812
426	images/sec: 223.7 +/- 2.8 (jitter = 5.5)	7.830
427	images/sec: 223.8 +/- 2.7 (jitter = 5.6)	7.804
428	images/sec: 224.0 +/- 2.7 (jitter = 5.6)	7.858
429	images/sec: 224.1 +/- 2.7 (jitter = 5.7)	7.876
430	images/sec: 224.2 +/- 2.7 (jitter = 5.7)	7.872
431	images/sec: 224.3 +/- 2.7 (jitter = 5.8)	7.831
432	images/sec: 224.5 +/- 2.7 (jitter = 6.0)	7.883
433	images/sec: 224.6 +/- 2.7 (jitter = 6.1)	7.791
434	images/sec: 224.7 +/- 2.7 (jitter = 6.2)	7.849
435	images/sec: 224.9 +/- 2.7 (jitter = 6.4)	7.816
436	images/sec: 225.0 +/- 2.7 (jitter = 6.4)	7.878
437	images/sec: 225.1 +/- 2.7 (jitter = 6.5)	7.831
438	images/sec: 225.2 +/- 2.7 (jitter = 6.6)	7.916
439	images/sec: 225.4 +/- 2.7 (jitter = 6.8)	7.848
440	images/sec: 225.5 +/- 2.7 (jitter = 7.0)	7.863
441	images/sec: 225.6 +/- 2.7 (jitter = 7.2)	7.845
442	images/sec: 225.7 +/- 2.7 (jitter = 7.6)	7.918
443	images/sec: 225.9 +/- 2.7 (jitter = 7.9)	7.889
444	images/sec: 226.0 +/- 2.7 (jitter = 8.3)	7.857
445	images/sec: 226.1 +/- 2.7 (jitter = 8.6)	8.363
446	images/sec: 226.2 +/- 2.7 (jitter = 8.7)	7.858
447	images/sec: 226.4 +/- 2.7 (jitter = 8.8)	7.811
448	images/sec: 226.5 +/- 2.7 (jitter = 9.1)	7.864
449	images/sec: 226.6 +/- 2.7 (jitter = 9.1)	7.916
450	images/sec: 226.7 +/- 2.7 (jitter = 9.6)	7.747
451	images/sec: 226.8 +/- 2.7 (jitter = 10.1)	7.787
452	images/sec: 227.0 +/- 2.7 (jitter = 10.6)	7.909
453	images/sec: 227.1 +/- 2.7 (jitter = 11.0)	7.912
454	images/sec: 227.2 +/- 2.7 (jitter = 11.5)	8.303
455	images/sec: 227.3 +/- 2.7 (jitter = 12.1)	7.804
456	images/sec: 227.5 +/- 2.7 (jitter = 12.4)	7.925
457	images/sec: 227.6 +/- 2.7 (jitter = 12.8)	7.829
458	images/sec: 227.7 +/- 2.7 (jitter = 13.9)	7.893
459	images/sec: 227.8 +/- 2.7 (jitter = 15.0)	7.930
460	images/sec: 227.9 +/- 2.7 (jitter = 15.8)	7.880
461	images/sec: 228.0 +/- 2.7 (jitter = 16.7)	7.705
462	images/sec: 228.2 +/- 2.7 (jitter = 17.4)	7.916
463	images/sec: 228.3 +/- 2.6 (jitter = 18.0)	7.835
464	images/sec: 228.4 +/- 2.6 (jitter = 20.5)	7.849
465	images/sec: 228.5 +/- 2.6 (jitter = 23.1)	7.837
466	images/sec: 228.6 +/- 2.6 (jitter = 84.9)	7.818
467	images/sec: 228.7 +/- 2.6 (jitter = 33.1)	7.865
468	images/sec: 228.8 +/- 2.6 (jitter = 28.0)	7.883
469	images/sec: 229.0 +/- 2.6 (jitter = 23.0)	7.761
470	images/sec: 229.1 +/- 2.6 (jitter = 22.7)	7.960
471	images/sec: 229.2 +/- 2.6 (jitter = 22.5)	7.855
472	images/sec: 229.3 +/- 2.6 (jitter = 20.7)	7.811
473	images/sec: 229.4 +/- 2.6 (jitter = 18.9)	7.837
474	images/sec: 229.5 +/- 2.6 (jitter = 17.8)	7.799
475	images/sec: 229.6 +/- 2.6 (jitter = 16.8)	7.945
476	images/sec: 229.7 +/- 2.6 (jitter = 16.4)	7.839
477	images/sec: 229.8 +/- 2.6 (jitter = 16.1)	7.845
478	images/sec: 230.0 +/- 2.6 (jitter = 15.8)	7.872
479	images/sec: 230.1 +/- 2.6 (jitter = 15.5)	7.860
480	images/sec: 230.2 +/- 2.6 (jitter = 14.2)	7.891
481	images/sec: 230.3 +/- 2.6 (jitter = 12.9)	7.871
482	images/sec: 230.4 +/- 2.6 (jitter = 12.9)	7.828
483	images/sec: 230.5 +/- 2.6 (jitter = 12.8)	7.902
484	images/sec: 230.6 +/- 2.6 (jitter = 12.7)	7.829
485	images/sec: 230.7 +/- 2.6 (jitter = 12.6)	7.871
486	images/sec: 230.8 +/- 2.6 (jitter = 12.6)	7.877
487	images/sec: 230.9 +/- 2.6 (jitter = 12.6)	7.840
488	images/sec: 231.0 +/- 2.6 (jitter = 12.4)	7.827
489	images/sec: 231.1 +/- 2.6 (jitter = 12.3)	7.853
490	images/sec: 231.2 +/- 2.6 (jitter = 12.2)	7.881
491	images/sec: 231.4 +/- 2.6 (jitter = 12.1)	7.874
492	images/sec: 231.5 +/- 2.6 (jitter = 12.0)	7.853
493	images/sec: 231.6 +/- 2.6 (jitter = 11.8)	7.905
494	images/sec: 231.7 +/- 2.6 (jitter = 11.8)	7.836
495	images/sec: 231.8 +/- 2.6 (jitter = 11.8)	7.891
496	images/sec: 231.9 +/- 2.6 (jitter = 11.7)	7.904
497	images/sec: 232.0 +/- 2.5 (jitter = 11.7)	7.812
498	images/sec: 232.1 +/- 2.5 (jitter = 11.4)	7.794
499	images/sec: 232.2 +/- 2.5 (jitter = 11.2)	7.906
500	images/sec: 232.3 +/- 2.5 (jitter = 11.2)	7.853
501	images/sec: 232.4 +/- 2.5 (jitter = 11.1)	7.960
----------------------------------------------------------------
total images/sec: 230.38
----------------------------------------------------------------
