TensorFlow:  1.5
Model:       resnet50
Dataset:     imagenet (synthetic)
Mode:        training
SingleSess:  False
Batch size:  25 global
             25 per device
Devices:     ['/gpu:0']
Data format: NCHW
Layout optimizer: False
Optimizer:   sgd
Variables:   parameter_server
==========
Generating model
WARNING:tensorflow:From /salus/tf_benchmarks/scripts/tf_cnn_benchmarks/convnet_builder.py:372: calling reduce_mean (from tensorflow.python.ops.math_ops) with keep_dims is deprecated and will be removed in a future version.
Instructions for updating:
keep_dims is deprecated, use keepdims instead
WARNING:tensorflow:From /salus/tf_benchmarks/scripts/tf_cnn_benchmarks/benchmark_cnn.py:1125: __init__ (from tensorflow.python.training.supervisor) is deprecated and will be removed in a future version.
Instructions for updating:
Please switch to tf.train.MonitoredTrainingSession
Running warm up
Done warm up
Step	Img/sec	loss
1	images/sec: 185.3 +/- 0.0 (jitter = 0.0)	10.771
2	images/sec: 185.9 +/- 0.5 (jitter = 1.0)	9.171
3	images/sec: 185.4 +/- 0.5 (jitter = 1.2)	10.047
4	images/sec: 185.5 +/- 0.4 (jitter = 1.0)	9.330
5	images/sec: 186.0 +/- 0.5 (jitter = 1.3)	9.055
6	images/sec: 185.7 +/- 0.5 (jitter = 1.6)	9.060
7	images/sec: 185.4 +/- 0.5 (jitter = 1.9)	8.742
8	images/sec: 185.2 +/- 0.5 (jitter = 1.3)	8.665
9	images/sec: 185.1 +/- 0.4 (jitter = 1.1)	8.855
10	images/sec: 185.0 +/- 0.4 (jitter = 0.8)	8.627
11	images/sec: 185.1 +/- 0.4 (jitter = 1.1)	8.489
12	images/sec: 185.0 +/- 0.4 (jitter = 1.2)	8.575
13	images/sec: 184.8 +/- 0.4 (jitter = 1.2)	8.498
14	images/sec: 185.0 +/- 0.4 (jitter = 1.3)	8.419
15	images/sec: 185.1 +/- 0.4 (jitter = 1.4)	8.402
16	images/sec: 185.2 +/- 0.3 (jitter = 1.3)	8.577
17	images/sec: 185.0 +/- 0.4 (jitter = 1.5)	8.420
18	images/sec: 184.6 +/- 0.5 (jitter = 1.6)	8.511
19	images/sec: 184.1 +/- 0.7 (jitter = 1.9)	8.215
20	images/sec: 184.2 +/- 0.6 (jitter = 1.9)	8.321
21	images/sec: 184.3 +/- 0.6 (jitter = 1.9)	9.112
22	images/sec: 184.3 +/- 0.6 (jitter = 1.6)	8.381
23	images/sec: 184.3 +/- 0.6 (jitter = 1.7)	8.362
24	images/sec: 184.4 +/- 0.5 (jitter = 1.5)	8.103
25	images/sec: 184.4 +/- 0.5 (jitter = 1.6)	8.192
26	images/sec: 184.4 +/- 0.5 (jitter = 1.6)	8.140
27	images/sec: 184.4 +/- 0.5 (jitter = 1.6)	8.175
28	images/sec: 184.4 +/- 0.5 (jitter = 1.6)	8.093
29	images/sec: 184.6 +/- 0.5 (jitter = 1.5)	8.049
30	images/sec: 184.6 +/- 0.5 (jitter = 1.4)	8.104
31	images/sec: 184.5 +/- 0.4 (jitter = 1.5)	9.126
32	images/sec: 184.6 +/- 0.4 (jitter = 1.4)	7.901
33	images/sec: 184.6 +/- 0.4 (jitter = 1.4)	8.150
34	images/sec: 184.6 +/- 0.4 (jitter = 1.4)	8.017
35	images/sec: 184.6 +/- 0.4 (jitter = 1.5)	8.078
36	images/sec: 184.4 +/- 0.4 (jitter = 1.6)	8.033
37	images/sec: 184.4 +/- 0.4 (jitter = 1.7)	8.178
38	images/sec: 184.4 +/- 0.4 (jitter = 1.6)	7.905
39	images/sec: 184.4 +/- 0.4 (jitter = 1.6)	7.960
40	images/sec: 184.5 +/- 0.4 (jitter = 1.6)	8.014
41	images/sec: 184.3 +/- 0.4 (jitter = 1.7)	8.066
42	images/sec: 184.3 +/- 0.4 (jitter = 1.7)	7.916
43	images/sec: 184.3 +/- 0.4 (jitter = 1.8)	8.003
44	images/sec: 184.2 +/- 0.4 (jitter = 1.8)	8.048
45	images/sec: 184.0 +/- 0.4 (jitter = 1.9)	7.913
46	images/sec: 184.0 +/- 0.4 (jitter = 2.0)	7.900
47	images/sec: 184.0 +/- 0.4 (jitter = 1.9)	7.783
48	images/sec: 184.0 +/- 0.4 (jitter = 1.9)	8.153
49	images/sec: 184.1 +/- 0.4 (jitter = 1.9)	8.046
50	images/sec: 184.1 +/- 0.4 (jitter = 1.9)	8.011
51	images/sec: 184.2 +/- 0.4 (jitter = 1.9)	8.011
52	images/sec: 184.2 +/- 0.4 (jitter = 1.9)	7.981
53	images/sec: 184.2 +/- 0.4 (jitter = 1.8)	7.913
54	images/sec: 184.2 +/- 0.4 (jitter = 1.8)	7.972
55	images/sec: 184.2 +/- 0.3 (jitter = 1.8)	8.954
56	images/sec: 184.2 +/- 0.3 (jitter = 1.8)	7.889
57	images/sec: 184.3 +/- 0.3 (jitter = 1.7)	7.932
58	images/sec: 184.3 +/- 0.3 (jitter = 1.7)	8.041
59	images/sec: 184.3 +/- 0.3 (jitter = 1.7)	7.994
60	images/sec: 184.3 +/- 0.3 (jitter = 1.7)	8.019
61	images/sec: 184.3 +/- 0.3 (jitter = 1.6)	7.860
62	images/sec: 184.3 +/- 0.3 (jitter = 1.6)	8.018
63	images/sec: 184.3 +/- 0.3 (jitter = 1.6)	8.108
64	images/sec: 184.4 +/- 0.3 (jitter = 1.5)	8.264
65	images/sec: 184.4 +/- 0.3 (jitter = 1.5)	7.839
66	images/sec: 184.3 +/- 0.3 (jitter = 1.6)	7.882
67	images/sec: 184.3 +/- 0.3 (jitter = 1.6)	7.873
68	images/sec: 184.3 +/- 0.3 (jitter = 1.6)	7.991
69	images/sec: 184.3 +/- 0.3 (jitter = 1.6)	8.905
70	images/sec: 184.2 +/- 0.3 (jitter = 1.7)	7.801
71	images/sec: 184.2 +/- 0.3 (jitter = 1.7)	7.918
72	images/sec: 184.2 +/- 0.3 (jitter = 1.6)	7.865
73	images/sec: 184.2 +/- 0.3 (jitter = 1.7)	8.006
74	images/sec: 184.2 +/- 0.3 (jitter = 1.7)	7.973
75	images/sec: 184.2 +/- 0.3 (jitter = 1.6)	7.897
76	images/sec: 184.1 +/- 0.3 (jitter = 1.7)	7.907
77	images/sec: 184.1 +/- 0.3 (jitter = 1.8)	7.966
78	images/sec: 184.0 +/- 0.3 (jitter = 1.8)	7.748
79	images/sec: 184.0 +/- 0.3 (jitter = 1.7)	8.840
80	images/sec: 184.0 +/- 0.3 (jitter = 1.8)	7.831
81	images/sec: 184.0 +/- 0.3 (jitter = 1.8)	7.896
82	images/sec: 184.0 +/- 0.3 (jitter = 1.8)	7.949
83	images/sec: 184.0 +/- 0.3 (jitter = 1.8)	7.888
84	images/sec: 184.0 +/- 0.3 (jitter = 1.8)	7.852
85	images/sec: 184.1 +/- 0.3 (jitter = 1.7)	7.854
86	images/sec: 184.0 +/- 0.3 (jitter = 1.8)	7.859
87	images/sec: 184.0 +/- 0.3 (jitter = 1.8)	8.031
88	images/sec: 184.0 +/- 0.3 (jitter = 1.9)	7.948
89	images/sec: 184.0 +/- 0.3 (jitter = 1.8)	7.851
90	images/sec: 184.0 +/- 0.3 (jitter = 1.8)	7.976
91	images/sec: 184.1 +/- 0.3 (jitter = 1.7)	7.921
92	images/sec: 184.1 +/- 0.3 (jitter = 1.8)	7.810
93	images/sec: 184.1 +/- 0.3 (jitter = 1.7)	7.924
94	images/sec: 184.1 +/- 0.3 (jitter = 1.7)	7.954
95	images/sec: 184.1 +/- 0.3 (jitter = 1.7)	7.970
96	images/sec: 184.1 +/- 0.3 (jitter = 1.7)	7.923
97	images/sec: 184.1 +/- 0.3 (jitter = 1.6)	7.954
98	images/sec: 184.1 +/- 0.3 (jitter = 1.7)	7.901
99	images/sec: 184.1 +/- 0.3 (jitter = 1.7)	7.872
100	images/sec: 184.1 +/- 0.3 (jitter = 1.7)	7.998
101	images/sec: 184.0 +/- 0.3 (jitter = 1.7)	8.510
102	images/sec: 184.1 +/- 0.3 (jitter = 1.7)	7.798
103	images/sec: 184.1 +/- 0.2 (jitter = 1.7)	8.077
104	images/sec: 184.1 +/- 0.2 (jitter = 1.7)	7.950
105	images/sec: 184.1 +/- 0.2 (jitter = 1.7)	7.857
106	images/sec: 184.1 +/- 0.2 (jitter = 1.7)	7.934
107	images/sec: 184.1 +/- 0.2 (jitter = 1.7)	7.934
108	images/sec: 184.1 +/- 0.2 (jitter = 1.6)	7.929
109	images/sec: 184.1 +/- 0.2 (jitter = 1.7)	7.960
110	images/sec: 184.1 +/- 0.2 (jitter = 1.6)	7.938
111	images/sec: 184.2 +/- 0.2 (jitter = 1.7)	7.888
112	images/sec: 184.2 +/- 0.2 (jitter = 1.6)	7.836
113	images/sec: 184.1 +/- 0.2 (jitter = 1.7)	7.910
114	images/sec: 184.2 +/- 0.2 (jitter = 1.6)	7.925
115	images/sec: 184.2 +/- 0.2 (jitter = 1.6)	7.886
116	images/sec: 184.2 +/- 0.2 (jitter = 1.6)	7.706
117	images/sec: 184.2 +/- 0.2 (jitter = 1.6)	7.878
118	images/sec: 184.2 +/- 0.2 (jitter = 1.6)	7.984
119	images/sec: 184.2 +/- 0.2 (jitter = 1.6)	7.864
120	images/sec: 184.2 +/- 0.2 (jitter = 1.6)	7.843
121	images/sec: 184.2 +/- 0.2 (jitter = 1.6)	7.883
122	images/sec: 184.3 +/- 0.2 (jitter = 1.6)	7.927
123	images/sec: 184.2 +/- 0.2 (jitter = 1.6)	7.937
124	images/sec: 184.3 +/- 0.2 (jitter = 1.6)	7.974
125	images/sec: 184.3 +/- 0.2 (jitter = 1.6)	8.022
126	images/sec: 184.3 +/- 0.2 (jitter = 1.6)	7.955
127	images/sec: 184.3 +/- 0.2 (jitter = 1.6)	7.858
128	images/sec: 184.3 +/- 0.2 (jitter = 1.6)	7.877
129	images/sec: 184.3 +/- 0.2 (jitter = 1.6)	7.788
130	images/sec: 184.4 +/- 0.2 (jitter = 1.6)	7.928
131	images/sec: 184.4 +/- 0.2 (jitter = 1.6)	7.980
132	images/sec: 184.4 +/- 0.2 (jitter = 1.6)	7.879
133	images/sec: 184.4 +/- 0.2 (jitter = 1.6)	7.867
134	images/sec: 184.4 +/- 0.2 (jitter = 1.6)	7.874
135	images/sec: 184.4 +/- 0.2 (jitter = 1.5)	7.782
136	images/sec: 184.4 +/- 0.2 (jitter = 1.6)	7.851
137	images/sec: 184.4 +/- 0.2 (jitter = 1.6)	7.826
138	images/sec: 184.4 +/- 0.2 (jitter = 1.6)	7.933
139	images/sec: 184.4 +/- 0.2 (jitter = 1.6)	7.888
140	images/sec: 184.4 +/- 0.2 (jitter = 1.6)	7.833
141	images/sec: 184.4 +/- 0.2 (jitter = 1.6)	7.902
142	images/sec: 184.4 +/- 0.2 (jitter = 1.6)	7.829
143	images/sec: 184.3 +/- 0.2 (jitter = 1.6)	7.902
144	images/sec: 184.4 +/- 0.2 (jitter = 1.6)	7.977
145	images/sec: 184.4 +/- 0.2 (jitter = 1.6)	7.857
146	images/sec: 184.4 +/- 0.2 (jitter = 1.6)	7.922
147	images/sec: 184.4 +/- 0.2 (jitter = 1.6)	7.963
148	images/sec: 184.3 +/- 0.2 (jitter = 1.6)	7.961
149	images/sec: 184.3 +/- 0.2 (jitter = 1.6)	7.941
150	images/sec: 184.3 +/- 0.2 (jitter = 1.6)	7.910
151	images/sec: 184.3 +/- 0.2 (jitter = 1.6)	7.902
152	images/sec: 184.3 +/- 0.2 (jitter = 1.6)	7.926
153	images/sec: 184.3 +/- 0.2 (jitter = 1.6)	7.792
154	images/sec: 184.3 +/- 0.2 (jitter = 1.6)	7.963
155	images/sec: 184.3 +/- 0.2 (jitter = 1.6)	8.013
156	images/sec: 184.3 +/- 0.2 (jitter = 1.5)	7.858
157	images/sec: 184.4 +/- 0.2 (jitter = 1.5)	7.859
158	images/sec: 184.3 +/- 0.2 (jitter = 1.5)	7.891
159	images/sec: 184.4 +/- 0.2 (jitter = 1.5)	7.962
160	images/sec: 184.4 +/- 0.2 (jitter = 1.4)	8.042
161	images/sec: 184.4 +/- 0.2 (jitter = 1.5)	7.866
162	images/sec: 184.4 +/- 0.2 (jitter = 1.4)	7.854
163	images/sec: 184.4 +/- 0.2 (jitter = 1.4)	7.920
164	images/sec: 184.4 +/- 0.2 (jitter = 1.4)	7.960
165	images/sec: 184.4 +/- 0.2 (jitter = 1.4)	7.844
166	images/sec: 184.4 +/- 0.2 (jitter = 1.4)	7.862
167	images/sec: 184.4 +/- 0.2 (jitter = 1.4)	7.986
168	images/sec: 184.4 +/- 0.2 (jitter = 1.4)	7.881
169	images/sec: 184.4 +/- 0.2 (jitter = 1.4)	7.956
170	images/sec: 184.4 +/- 0.2 (jitter = 1.4)	7.996
171	images/sec: 184.4 +/- 0.2 (jitter = 1.4)	7.888
172	images/sec: 184.4 +/- 0.2 (jitter = 1.4)	7.907
173	images/sec: 184.4 +/- 0.2 (jitter = 1.4)	7.781
174	images/sec: 184.4 +/- 0.2 (jitter = 1.4)	7.979
175	images/sec: 184.4 +/- 0.2 (jitter = 1.4)	7.804
176	images/sec: 184.4 +/- 0.2 (jitter = 1.4)	8.024
177	images/sec: 184.4 +/- 0.2 (jitter = 1.4)	7.781
178	images/sec: 184.4 +/- 0.2 (jitter = 1.4)	7.872
179	images/sec: 184.4 +/- 0.2 (jitter = 1.4)	7.955
180	images/sec: 184.4 +/- 0.2 (jitter = 1.4)	7.873
181	images/sec: 184.4 +/- 0.2 (jitter = 1.4)	7.843
182	images/sec: 184.4 +/- 0.2 (jitter = 1.4)	7.977
183	images/sec: 184.4 +/- 0.2 (jitter = 1.4)	7.967
184	images/sec: 184.4 +/- 0.2 (jitter = 1.4)	7.850
185	images/sec: 184.4 +/- 0.2 (jitter = 1.4)	7.965
186	images/sec: 184.4 +/- 0.2 (jitter = 1.4)	7.877
187	images/sec: 184.4 +/- 0.2 (jitter = 1.4)	7.785
188	images/sec: 184.4 +/- 0.2 (jitter = 1.4)	7.809
189	images/sec: 184.4 +/- 0.2 (jitter = 1.4)	7.791
190	images/sec: 184.4 +/- 0.2 (jitter = 1.4)	7.870
191	images/sec: 184.4 +/- 0.2 (jitter = 1.4)	7.920
192	images/sec: 184.4 +/- 0.2 (jitter = 1.4)	7.939
193	images/sec: 184.4 +/- 0.2 (jitter = 1.4)	7.839
194	images/sec: 184.4 +/- 0.2 (jitter = 1.4)	7.968
195	images/sec: 184.4 +/- 0.2 (jitter = 1.4)	7.895
196	images/sec: 184.4 +/- 0.2 (jitter = 1.4)	7.958
197	images/sec: 184.4 +/- 0.2 (jitter = 1.4)	7.840
198	images/sec: 184.4 +/- 0.2 (jitter = 1.4)	7.814
199	images/sec: 184.4 +/- 0.2 (jitter = 1.4)	7.867
200	images/sec: 184.4 +/- 0.1 (jitter = 1.4)	7.958
201	images/sec: 184.4 +/- 0.1 (jitter = 1.4)	7.877
202	images/sec: 184.5 +/- 0.1 (jitter = 1.4)	7.832
203	images/sec: 184.5 +/- 0.1 (jitter = 1.4)	7.908
204	images/sec: 184.5 +/- 0.1 (jitter = 1.4)	7.799
205	images/sec: 184.5 +/- 0.1 (jitter = 1.4)	7.929
206	images/sec: 184.5 +/- 0.1 (jitter = 1.4)	7.706
207	images/sec: 184.5 +/- 0.1 (jitter = 1.4)	7.935
208	images/sec: 184.5 +/- 0.1 (jitter = 1.4)	7.889
209	images/sec: 184.5 +/- 0.1 (jitter = 1.4)	7.893
210	images/sec: 184.5 +/- 0.1 (jitter = 1.4)	7.936
211	images/sec: 184.5 +/- 0.1 (jitter = 1.4)	7.899
212	images/sec: 184.5 +/- 0.1 (jitter = 1.3)	7.952
213	images/sec: 184.5 +/- 0.1 (jitter = 1.3)	7.995
214	images/sec: 184.5 +/- 0.1 (jitter = 1.3)	8.006
215	images/sec: 184.5 +/- 0.1 (jitter = 1.3)	7.907
216	images/sec: 184.5 +/- 0.1 (jitter = 1.3)	7.870
217	images/sec: 184.5 +/- 0.1 (jitter = 1.3)	7.815
218	images/sec: 184.5 +/- 0.1 (jitter = 1.3)	7.854
219	images/sec: 184.5 +/- 0.1 (jitter = 1.3)	7.919
220	images/sec: 184.5 +/- 0.1 (jitter = 1.3)	7.855
221	images/sec: 184.5 +/- 0.1 (jitter = 1.3)	7.820
222	images/sec: 184.5 +/- 0.1 (jitter = 1.3)	7.909
223	images/sec: 184.5 +/- 0.1 (jitter = 1.3)	7.939
224	images/sec: 184.5 +/- 0.1 (jitter = 1.3)	7.884
225	images/sec: 184.5 +/- 0.1 (jitter = 1.3)	7.857
226	images/sec: 184.7 +/- 0.2 (jitter = 1.3)	7.944
227	images/sec: 185.0 +/- 0.5 (jitter = 1.4)	7.867
228	images/sec: 185.3 +/- 0.7 (jitter = 1.3)	7.829
229	images/sec: 185.6 +/- 0.9 (jitter = 1.4)	7.887
230	images/sec: 185.9 +/- 1.0 (jitter = 1.4)	7.948
231	images/sec: 186.2 +/- 1.1 (jitter = 1.4)	7.854
232	images/sec: 186.5 +/- 1.2 (jitter = 1.4)	7.809
233	images/sec: 186.7 +/- 1.2 (jitter = 1.4)	7.906
234	images/sec: 187.1 +/- 1.3 (jitter = 1.4)	7.867
235	images/sec: 187.4 +/- 1.4 (jitter = 1.4)	7.875
236	images/sec: 187.7 +/- 1.5 (jitter = 1.4)	7.911
237	images/sec: 187.9 +/- 1.5 (jitter = 1.4)	7.880
238	images/sec: 188.2 +/- 1.6 (jitter = 1.4)	7.809
239	images/sec: 188.5 +/- 1.7 (jitter = 1.4)	7.878
240	images/sec: 188.8 +/- 1.7 (jitter = 1.4)	8.629
241	images/sec: 189.1 +/- 1.8 (jitter = 1.4)	7.924
242	images/sec: 189.4 +/- 1.8 (jitter = 1.4)	7.782
243	images/sec: 189.7 +/- 1.8 (jitter = 1.4)	8.000
244	images/sec: 190.0 +/- 1.9 (jitter = 1.4)	7.876
245	images/sec: 190.2 +/- 1.9 (jitter = 1.4)	7.820
246	images/sec: 190.5 +/- 2.0 (jitter = 1.5)	8.529
247	images/sec: 190.8 +/- 2.0 (jitter = 1.5)	7.932
248	images/sec: 191.1 +/- 2.1 (jitter = 1.5)	7.912
249	images/sec: 191.4 +/- 2.1 (jitter = 1.5)	7.945
250	images/sec: 191.7 +/- 2.1 (jitter = 1.5)	7.885
----------------------------------------------------------------
total images/sec: 190.24
----------------------------------------------------------------
