TensorFlow:  1.5
Model:       inception3
Dataset:     imagenet (synthetic)
Mode:        training
SingleSess:  False
Batch size:  25 global
             25 per device
Devices:     ['/gpu:0']
Data format: NCHW
Layout optimizer: False
Optimizer:   sgd
Variables:   parameter_server
==========
Generating model
WARNING:tensorflow:From /salus/tf_benchmarks/scripts/tf_cnn_benchmarks/benchmark_cnn.py:1125: __init__ (from tensorflow.python.training.supervisor) is deprecated and will be removed in a future version.
Instructions for updating:
Please switch to tf.train.MonitoredTrainingSession
Running warm up
Done warm up
Step	Img/sec	loss
1	images/sec: 107.7 +/- 0.0 (jitter = 0.0)	7.448
2	images/sec: 107.6 +/- 0.1 (jitter = 0.1)	7.380
3	images/sec: 107.4 +/- 0.1 (jitter = 0.2)	7.435
4	images/sec: 107.4 +/- 0.1 (jitter = 0.2)	7.434
5	images/sec: 107.4 +/- 0.1 (jitter = 0.4)	7.428
6	images/sec: 107.2 +/- 0.1 (jitter = 0.4)	7.339
7	images/sec: 107.3 +/- 0.1 (jitter = 0.5)	7.434
8	images/sec: 107.3 +/- 0.1 (jitter = 0.4)	7.403
9	images/sec: 107.4 +/- 0.1 (jitter = 0.4)	7.418
10	images/sec: 107.4 +/- 0.1 (jitter = 0.5)	7.428
11	images/sec: 107.4 +/- 0.1 (jitter = 0.5)	7.534
12	images/sec: 107.3 +/- 0.1 (jitter = 0.5)	7.201
13	images/sec: 107.1 +/- 0.3 (jitter = 0.5)	7.425
14	images/sec: 106.9 +/- 0.3 (jitter = 0.5)	7.391
15	images/sec: 106.8 +/- 0.3 (jitter = 0.6)	7.397
16	images/sec: 106.9 +/- 0.3 (jitter = 0.6)	7.444
17	images/sec: 106.9 +/- 0.3 (jitter = 0.7)	7.472
18	images/sec: 106.8 +/- 0.3 (jitter = 0.8)	7.400
19	images/sec: 106.9 +/- 0.3 (jitter = 0.9)	7.326
20	images/sec: 106.9 +/- 0.3 (jitter = 0.8)	7.494
21	images/sec: 106.8 +/- 0.2 (jitter = 0.9)	7.445
22	images/sec: 106.8 +/- 0.2 (jitter = 1.0)	7.448
23	images/sec: 106.8 +/- 0.2 (jitter = 0.9)	7.428
24	images/sec: 106.7 +/- 0.2 (jitter = 1.1)	7.410
25	images/sec: 106.7 +/- 0.2 (jitter = 0.9)	7.309
26	images/sec: 106.7 +/- 0.2 (jitter = 0.9)	7.321
27	images/sec: 106.8 +/- 0.2 (jitter = 0.8)	7.226
28	images/sec: 106.7 +/- 0.2 (jitter = 0.9)	7.320
29	images/sec: 106.7 +/- 0.2 (jitter = 0.9)	7.349
30	images/sec: 106.7 +/- 0.2 (jitter = 0.9)	7.343
31	images/sec: 106.7 +/- 0.2 (jitter = 0.9)	7.482
32	images/sec: 106.7 +/- 0.2 (jitter = 0.9)	7.391
33	images/sec: 106.7 +/- 0.2 (jitter = 0.8)	7.482
34	images/sec: 106.7 +/- 0.2 (jitter = 0.8)	7.298
35	images/sec: 106.7 +/- 0.2 (jitter = 0.7)	7.556
36	images/sec: 106.8 +/- 0.2 (jitter = 0.7)	7.343
37	images/sec: 106.8 +/- 0.2 (jitter = 0.8)	7.449
38	images/sec: 106.7 +/- 0.2 (jitter = 0.8)	7.387
39	images/sec: 106.7 +/- 0.2 (jitter = 0.9)	7.406
40	images/sec: 106.6 +/- 0.2 (jitter = 0.9)	7.370
41	images/sec: 106.6 +/- 0.2 (jitter = 1.0)	7.433
42	images/sec: 106.5 +/- 0.2 (jitter = 1.0)	7.474
43	images/sec: 106.5 +/- 0.2 (jitter = 1.0)	7.413
44	images/sec: 106.6 +/- 0.2 (jitter = 1.0)	7.394
45	images/sec: 106.6 +/- 0.2 (jitter = 1.0)	7.460
46	images/sec: 106.6 +/- 0.2 (jitter = 1.0)	7.343
47	images/sec: 106.7 +/- 0.2 (jitter = 0.9)	7.328
48	images/sec: 106.7 +/- 0.2 (jitter = 0.9)	7.402
49	images/sec: 106.7 +/- 0.2 (jitter = 0.9)	7.449
50	images/sec: 106.7 +/- 0.2 (jitter = 0.8)	7.431
51	images/sec: 106.8 +/- 0.2 (jitter = 0.9)	7.431
52	images/sec: 106.8 +/- 0.2 (jitter = 0.9)	7.430
53	images/sec: 106.8 +/- 0.2 (jitter = 0.9)	7.343
54	images/sec: 106.7 +/- 0.2 (jitter = 0.9)	7.345
55	images/sec: 106.7 +/- 0.2 (jitter = 0.9)	7.428
56	images/sec: 106.7 +/- 0.2 (jitter = 1.0)	7.405
57	images/sec: 106.7 +/- 0.2 (jitter = 1.1)	7.379
58	images/sec: 106.8 +/- 0.2 (jitter = 1.0)	7.423
59	images/sec: 106.8 +/- 0.2 (jitter = 1.1)	7.426
60	images/sec: 106.8 +/- 0.2 (jitter = 1.0)	7.536
61	images/sec: 106.8 +/- 0.2 (jitter = 1.0)	7.402
62	images/sec: 106.8 +/- 0.2 (jitter = 1.0)	7.307
63	images/sec: 106.8 +/- 0.2 (jitter = 0.9)	7.482
64	images/sec: 106.8 +/- 0.2 (jitter = 0.9)	7.359
65	images/sec: 106.9 +/- 0.2 (jitter = 0.9)	7.294
66	images/sec: 106.9 +/- 0.2 (jitter = 0.9)	7.316
67	images/sec: 106.8 +/- 0.2 (jitter = 0.9)	7.341
68	images/sec: 106.8 +/- 0.2 (jitter = 1.0)	7.320
69	images/sec: 106.8 +/- 0.2 (jitter = 1.0)	7.343
70	images/sec: 106.8 +/- 0.2 (jitter = 1.1)	7.430
71	images/sec: 106.8 +/- 0.2 (jitter = 1.1)	7.398
72	images/sec: 106.8 +/- 0.2 (jitter = 1.0)	7.345
73	images/sec: 106.8 +/- 0.2 (jitter = 1.1)	7.442
74	images/sec: 106.8 +/- 0.2 (jitter = 1.0)	7.342
75	images/sec: 106.8 +/- 0.2 (jitter = 1.1)	7.389
76	images/sec: 106.8 +/- 0.2 (jitter = 1.0)	7.415
77	images/sec: 106.8 +/- 0.2 (jitter = 1.0)	7.523
78	images/sec: 106.8 +/- 0.2 (jitter = 1.0)	7.288
79	images/sec: 106.8 +/- 0.2 (jitter = 1.0)	7.337
80	images/sec: 106.8 +/- 0.2 (jitter = 1.0)	7.284
81	images/sec: 106.8 +/- 0.2 (jitter = 1.0)	7.419
82	images/sec: 106.8 +/- 0.2 (jitter = 1.0)	7.482
83	images/sec: 106.8 +/- 0.2 (jitter = 1.0)	7.470
84	images/sec: 106.7 +/- 0.2 (jitter = 1.0)	7.319
85	images/sec: 106.7 +/- 0.2 (jitter = 1.0)	7.342
86	images/sec: 106.7 +/- 0.2 (jitter = 1.0)	7.340
87	images/sec: 106.8 +/- 0.1 (jitter = 1.0)	7.232
88	images/sec: 106.8 +/- 0.1 (jitter = 1.0)	7.341
89	images/sec: 106.7 +/- 0.1 (jitter = 1.0)	7.389
90	images/sec: 106.8 +/- 0.1 (jitter = 1.0)	7.491
91	images/sec: 106.8 +/- 0.1 (jitter = 1.0)	7.251
92	images/sec: 106.8 +/- 0.1 (jitter = 1.0)	7.304
93	images/sec: 106.8 +/- 0.1 (jitter = 1.1)	7.426
94	images/sec: 106.9 +/- 0.1 (jitter = 1.1)	7.454
95	images/sec: 106.9 +/- 0.1 (jitter = 1.1)	7.243
96	images/sec: 106.9 +/- 0.1 (jitter = 1.1)	7.460
97	images/sec: 106.9 +/- 0.1 (jitter = 1.1)	7.339
98	images/sec: 106.9 +/- 0.1 (jitter = 1.1)	7.413
99	images/sec: 106.9 +/- 0.1 (jitter = 1.0)	7.410
100	images/sec: 106.9 +/- 0.1 (jitter = 1.0)	7.441
101	images/sec: 106.9 +/- 0.1 (jitter = 0.9)	7.417
102	images/sec: 106.9 +/- 0.1 (jitter = 0.9)	7.293
103	images/sec: 106.9 +/- 0.1 (jitter = 0.9)	7.497
104	images/sec: 106.9 +/- 0.1 (jitter = 1.0)	7.492
105	images/sec: 106.9 +/- 0.1 (jitter = 1.0)	7.487
106	images/sec: 106.9 +/- 0.1 (jitter = 1.0)	7.482
107	images/sec: 106.9 +/- 0.1 (jitter = 1.0)	7.427
108	images/sec: 106.9 +/- 0.1 (jitter = 1.0)	7.369
109	images/sec: 106.9 +/- 0.1 (jitter = 0.9)	7.485
110	images/sec: 106.9 +/- 0.1 (jitter = 0.9)	7.442
111	images/sec: 106.9 +/- 0.1 (jitter = 0.9)	7.413
112	images/sec: 106.9 +/- 0.1 (jitter = 1.0)	7.286
113	images/sec: 107.0 +/- 0.1 (jitter = 1.0)	7.411
114	images/sec: 107.0 +/- 0.1 (jitter = 1.0)	7.435
115	images/sec: 106.9 +/- 0.1 (jitter = 1.0)	7.289
116	images/sec: 106.9 +/- 0.1 (jitter = 1.0)	7.426
117	images/sec: 106.9 +/- 0.1 (jitter = 1.0)	7.315
118	images/sec: 107.0 +/- 0.1 (jitter = 1.0)	7.298
119	images/sec: 107.0 +/- 0.1 (jitter = 1.1)	7.302
120	images/sec: 106.9 +/- 0.1 (jitter = 1.1)	7.347
121	images/sec: 107.0 +/- 0.1 (jitter = 1.1)	7.388
122	images/sec: 107.0 +/- 0.1 (jitter = 1.1)	7.442
123	images/sec: 107.0 +/- 0.1 (jitter = 1.1)	7.310
124	images/sec: 107.0 +/- 0.1 (jitter = 1.1)	7.500
125	images/sec: 107.0 +/- 0.1 (jitter = 1.1)	7.497
126	images/sec: 107.0 +/- 0.1 (jitter = 1.1)	7.388
127	images/sec: 107.0 +/- 0.1 (jitter = 1.1)	7.362
128	images/sec: 107.0 +/- 0.1 (jitter = 1.1)	7.367
129	images/sec: 107.0 +/- 0.1 (jitter = 1.1)	7.333
130	images/sec: 107.0 +/- 0.1 (jitter = 1.1)	7.428
131	images/sec: 107.0 +/- 0.1 (jitter = 1.1)	7.391
132	images/sec: 107.0 +/- 0.1 (jitter = 1.1)	7.287
133	images/sec: 107.0 +/- 0.1 (jitter = 1.1)	7.478
134	images/sec: 107.0 +/- 0.1 (jitter = 1.1)	7.463
135	images/sec: 107.0 +/- 0.1 (jitter = 1.1)	7.311
136	images/sec: 107.0 +/- 0.1 (jitter = 1.1)	7.407
137	images/sec: 107.0 +/- 0.1 (jitter = 1.1)	7.308
138	images/sec: 107.0 +/- 0.1 (jitter = 1.1)	7.415
139	images/sec: 107.0 +/- 0.1 (jitter = 1.1)	7.347
140	images/sec: 107.0 +/- 0.1 (jitter = 1.1)	7.301
141	images/sec: 107.0 +/- 0.1 (jitter = 1.1)	7.378
142	images/sec: 107.1 +/- 0.1 (jitter = 1.1)	7.357
143	images/sec: 107.1 +/- 0.1 (jitter = 1.1)	7.422
144	images/sec: 107.1 +/- 0.1 (jitter = 1.1)	7.387
145	images/sec: 107.1 +/- 0.1 (jitter = 1.1)	7.356
146	images/sec: 107.1 +/- 0.1 (jitter = 1.2)	7.431
147	images/sec: 107.1 +/- 0.1 (jitter = 1.2)	7.517
148	images/sec: 107.1 +/- 0.1 (jitter = 1.2)	7.413
149	images/sec: 107.1 +/- 0.1 (jitter = 1.2)	7.451
150	images/sec: 107.1 +/- 0.1 (jitter = 1.1)	7.406
151	images/sec: 107.1 +/- 0.1 (jitter = 1.2)	7.402
152	images/sec: 107.2 +/- 0.1 (jitter = 1.2)	7.381
153	images/sec: 107.2 +/- 0.1 (jitter = 1.2)	7.385
154	images/sec: 107.2 +/- 0.1 (jitter = 1.1)	7.383
155	images/sec: 107.2 +/- 0.1 (jitter = 1.1)	7.461
156	images/sec: 107.1 +/- 0.1 (jitter = 1.1)	7.436
157	images/sec: 107.1 +/- 0.1 (jitter = 1.2)	7.475
158	images/sec: 107.1 +/- 0.1 (jitter = 1.2)	7.390
159	images/sec: 107.1 +/- 0.1 (jitter = 1.2)	7.360
160	images/sec: 107.1 +/- 0.1 (jitter = 1.1)	7.370
161	images/sec: 107.2 +/- 0.1 (jitter = 1.1)	7.425
162	images/sec: 107.1 +/- 0.1 (jitter = 1.1)	7.374
163	images/sec: 107.1 +/- 0.1 (jitter = 1.2)	7.386
164	images/sec: 107.1 +/- 0.1 (jitter = 1.2)	7.410
165	images/sec: 107.1 +/- 0.1 (jitter = 1.2)	7.389
166	images/sec: 107.1 +/- 0.1 (jitter = 1.2)	7.447
167	images/sec: 107.1 +/- 0.1 (jitter = 1.2)	7.523
168	images/sec: 107.1 +/- 0.1 (jitter = 1.2)	7.421
169	images/sec: 107.1 +/- 0.1 (jitter = 1.2)	7.356
170	images/sec: 107.1 +/- 0.1 (jitter = 1.2)	7.457
171	images/sec: 107.1 +/- 0.1 (jitter = 1.2)	7.313
172	images/sec: 107.1 +/- 0.1 (jitter = 1.2)	7.546
173	images/sec: 107.1 +/- 0.1 (jitter = 1.2)	7.322
174	images/sec: 107.1 +/- 0.1 (jitter = 1.2)	7.429
175	images/sec: 107.1 +/- 0.1 (jitter = 1.2)	7.348
176	images/sec: 107.1 +/- 0.1 (jitter = 1.2)	7.400
177	images/sec: 107.0 +/- 0.1 (jitter = 1.2)	7.370
178	images/sec: 107.0 +/- 0.1 (jitter = 1.2)	7.444
179	images/sec: 107.0 +/- 0.1 (jitter = 1.2)	7.248
180	images/sec: 107.0 +/- 0.1 (jitter = 1.2)	7.430
181	images/sec: 107.0 +/- 0.1 (jitter = 1.2)	7.331
182	images/sec: 107.0 +/- 0.1 (jitter = 1.2)	7.377
183	images/sec: 107.0 +/- 0.1 (jitter = 1.2)	7.378
184	images/sec: 107.0 +/- 0.1 (jitter = 1.2)	7.385
185	images/sec: 107.0 +/- 0.1 (jitter = 1.2)	7.431
186	images/sec: 107.0 +/- 0.1 (jitter = 1.2)	7.434
187	images/sec: 107.0 +/- 0.1 (jitter = 1.2)	7.234
188	images/sec: 107.0 +/- 0.1 (jitter = 1.2)	7.327
189	images/sec: 107.0 +/- 0.1 (jitter = 1.2)	7.415
190	images/sec: 107.0 +/- 0.1 (jitter = 1.2)	7.311
191	images/sec: 107.0 +/- 0.1 (jitter = 1.3)	7.380
192	images/sec: 107.0 +/- 0.1 (jitter = 1.2)	7.314
193	images/sec: 107.0 +/- 0.1 (jitter = 1.2)	7.292
194	images/sec: 107.0 +/- 0.1 (jitter = 1.2)	7.454
195	images/sec: 107.0 +/- 0.1 (jitter = 1.2)	7.369
196	images/sec: 107.0 +/- 0.1 (jitter = 1.3)	7.265
197	images/sec: 107.0 +/- 0.1 (jitter = 1.3)	7.276
198	images/sec: 107.0 +/- 0.1 (jitter = 1.3)	7.532
199	images/sec: 107.0 +/- 0.1 (jitter = 1.3)	7.422
200	images/sec: 107.0 +/- 0.1 (jitter = 1.3)	7.439
201	images/sec: 107.1 +/- 0.1 (jitter = 1.3)	7.450
202	images/sec: 107.3 +/- 0.4 (jitter = 1.3)	7.337
203	images/sec: 107.5 +/- 0.6 (jitter = 1.3)	7.486
204	images/sec: 107.8 +/- 0.7 (jitter = 1.3)	7.322
205	images/sec: 108.0 +/- 0.8 (jitter = 1.3)	7.421
206	images/sec: 108.2 +/- 0.9 (jitter = 1.3)	7.296
207	images/sec: 108.4 +/- 0.9 (jitter = 1.3)	7.406
208	images/sec: 108.6 +/- 1.0 (jitter = 1.3)	7.429
209	images/sec: 108.9 +/- 1.1 (jitter = 1.3)	7.429
210	images/sec: 109.1 +/- 1.1 (jitter = 1.3)	7.492
211	images/sec: 109.3 +/- 1.2 (jitter = 1.3)	7.328
212	images/sec: 109.5 +/- 1.2 (jitter = 1.3)	7.414
213	images/sec: 109.7 +/- 1.3 (jitter = 1.3)	7.375
214	images/sec: 109.9 +/- 1.3 (jitter = 1.3)	7.386
215	images/sec: 110.2 +/- 1.4 (jitter = 1.3)	7.319
216	images/sec: 110.4 +/- 1.4 (jitter = 1.3)	7.331
217	images/sec: 110.6 +/- 1.4 (jitter = 1.3)	7.381
218	images/sec: 110.8 +/- 1.5 (jitter = 1.3)	7.360
219	images/sec: 111.0 +/- 1.5 (jitter = 1.3)	7.442
220	images/sec: 111.2 +/- 1.5 (jitter = 1.4)	7.389
221	images/sec: 111.4 +/- 1.6 (jitter = 1.5)	7.371
222	images/sec: 111.6 +/- 1.6 (jitter = 1.5)	7.354
223	images/sec: 111.8 +/- 1.6 (jitter = 1.5)	7.389
224	images/sec: 112.0 +/- 1.7 (jitter = 1.5)	7.372
225	images/sec: 112.2 +/- 1.7 (jitter = 1.5)	7.474
226	images/sec: 112.4 +/- 1.7 (jitter = 1.6)	7.463
227	images/sec: 112.6 +/- 1.7 (jitter = 1.6)	7.441
228	images/sec: 112.8 +/- 1.8 (jitter = 1.6)	7.331
229	images/sec: 113.0 +/- 1.8 (jitter = 1.6)	7.335
230	images/sec: 113.2 +/- 1.8 (jitter = 1.6)	7.387
231	images/sec: 113.4 +/- 1.8 (jitter = 1.6)	7.355
232	images/sec: 113.6 +/- 1.8 (jitter = 1.6)	7.434
233	images/sec: 113.8 +/- 1.8 (jitter = 1.6)	7.375
234	images/sec: 114.0 +/- 1.9 (jitter = 1.6)	7.374
235	images/sec: 114.2 +/- 1.9 (jitter = 1.7)	7.390
236	images/sec: 114.4 +/- 1.9 (jitter = 1.7)	7.424
237	images/sec: 114.6 +/- 1.9 (jitter = 1.7)	7.399
238	images/sec: 114.8 +/- 1.9 (jitter = 1.7)	7.365
239	images/sec: 115.0 +/- 1.9 (jitter = 1.7)	7.405
240	images/sec: 115.2 +/- 2.0 (jitter = 1.7)	7.394
241	images/sec: 115.4 +/- 2.0 (jitter = 1.7)	7.400
242	images/sec: 115.5 +/- 2.0 (jitter = 1.7)	7.343
243	images/sec: 115.7 +/- 2.0 (jitter = 1.7)	7.422
244	images/sec: 115.9 +/- 2.0 (jitter = 1.7)	7.388
245	images/sec: 116.1 +/- 2.0 (jitter = 1.8)	7.313
246	images/sec: 116.3 +/- 2.0 (jitter = 1.8)	7.426
247	images/sec: 116.5 +/- 2.0 (jitter = 1.8)	7.472
248	images/sec: 116.6 +/- 2.0 (jitter = 1.8)	7.334
249	images/sec: 116.8 +/- 2.1 (jitter = 1.8)	7.490
250	images/sec: 117.0 +/- 2.1 (jitter = 1.8)	7.450
----------------------------------------------------------------
total images/sec: 116.59
----------------------------------------------------------------
