TensorFlow:  1.5
Model:       inception4
Dataset:     imagenet (synthetic)
Mode:        training
SingleSess:  False
Batch size:  25 global
             25 per device
Devices:     ['/gpu:0']
Data format: NCHW
Layout optimizer: False
Optimizer:   sgd
Variables:   parameter_server
==========
Generating model
WARNING:tensorflow:From /salus/tf_benchmarks/scripts/tf_cnn_benchmarks/convnet_builder.py:372: calling reduce_mean (from tensorflow.python.ops.math_ops) with keep_dims is deprecated and will be removed in a future version.
Instructions for updating:
keep_dims is deprecated, use keepdims instead
WARNING:tensorflow:From /salus/tf_benchmarks/scripts/tf_cnn_benchmarks/benchmark_cnn.py:1125: __init__ (from tensorflow.python.training.supervisor) is deprecated and will be removed in a future version.
Instructions for updating:
Please switch to tf.train.MonitoredTrainingSession
Running warm up
2019-08-23 14:04:31.595393: E tensorflow/stream_executor/cuda/cuda_driver.cc:936] failed to allocate 4.00G (4294967296 bytes) from device: CUDA_ERROR_OUT_OF_MEMORY
2019-08-23 14:04:31.596633: E tensorflow/stream_executor/cuda/cuda_driver.cc:936] failed to allocate 3.60G (3865470464 bytes) from device: CUDA_ERROR_OUT_OF_MEMORY
2019-08-23 14:04:31.597984: E tensorflow/stream_executor/cuda/cuda_driver.cc:936] failed to allocate 3.24G (3478923264 bytes) from device: CUDA_ERROR_OUT_OF_MEMORY
2019-08-23 14:04:31.876531: E tensorflow/stream_executor/cuda/cuda_driver.cc:936] failed to allocate 5.86G (6294550016 bytes) from device: CUDA_ERROR_OUT_OF_MEMORY
2019-08-23 14:04:31.877584: E tensorflow/stream_executor/cuda/cuda_driver.cc:936] failed to allocate 5.86G (6294550016 bytes) from device: CUDA_ERROR_OUT_OF_MEMORY
2019-08-23 14:04:32.937260: E tensorflow/stream_executor/cuda/cuda_driver.cc:936] failed to allocate 5.86G (6294550016 bytes) from device: CUDA_ERROR_OUT_OF_MEMORY
2019-08-23 14:04:32.938193: E tensorflow/stream_executor/cuda/cuda_driver.cc:936] failed to allocate 5.86G (6294550016 bytes) from device: CUDA_ERROR_OUT_OF_MEMORY
2019-08-23 14:04:32.957484: E tensorflow/stream_executor/cuda/cuda_driver.cc:936] failed to allocate 5.86G (6294550016 bytes) from device: CUDA_ERROR_OUT_OF_MEMORY
2019-08-23 14:04:32.958400: E tensorflow/stream_executor/cuda/cuda_driver.cc:936] failed to allocate 5.86G (6294550016 bytes) from device: CUDA_ERROR_OUT_OF_MEMORY
Done warm up
Step	Img/sec	loss
1	images/sec: 50.8 +/- 0.0 (jitter = 0.0)	7.816
2	images/sec: 50.8 +/- 0.0 (jitter = 0.1)	7.903
3	images/sec: 50.9 +/- 0.1 (jitter = 0.1)	7.889
4	images/sec: 50.9 +/- 0.0 (jitter = 0.1)	7.811
5	images/sec: 50.9 +/- 0.0 (jitter = 0.0)	7.822
6	images/sec: 50.9 +/- 0.0 (jitter = 0.1)	7.669
7	images/sec: 50.9 +/- 0.0 (jitter = 0.1)	7.791
8	images/sec: 50.8 +/- 0.0 (jitter = 0.2)	7.740
9	images/sec: 50.8 +/- 0.0 (jitter = 0.1)	7.632
10	images/sec: 50.8 +/- 0.0 (jitter = 0.2)	7.714
11	images/sec: 50.8 +/- 0.1 (jitter = 0.2)	7.732
12	images/sec: 50.7 +/- 0.1 (jitter = 0.2)	7.770
13	images/sec: 50.7 +/- 0.1 (jitter = 0.3)	7.705
14	images/sec: 50.6 +/- 0.1 (jitter = 0.3)	7.803
15	images/sec: 50.6 +/- 0.1 (jitter = 0.4)	7.895
16	images/sec: 50.6 +/- 0.1 (jitter = 0.4)	7.790
17	images/sec: 50.6 +/- 0.1 (jitter = 0.4)	7.648
18	images/sec: 50.5 +/- 0.1 (jitter = 0.4)	7.729
19	images/sec: 50.5 +/- 0.1 (jitter = 0.4)	7.782
20	images/sec: 50.5 +/- 0.1 (jitter = 0.4)	7.896
21	images/sec: 50.5 +/- 0.1 (jitter = 0.4)	7.848
22	images/sec: 50.5 +/- 0.1 (jitter = 0.4)	7.920
23	images/sec: 50.5 +/- 0.1 (jitter = 0.4)	7.729
24	images/sec: 50.5 +/- 0.1 (jitter = 0.4)	7.762
25	images/sec: 50.6 +/- 0.1 (jitter = 0.4)	7.883
26	images/sec: 50.5 +/- 0.1 (jitter = 0.4)	7.800
27	images/sec: 50.5 +/- 0.1 (jitter = 0.4)	7.788
28	images/sec: 50.5 +/- 0.1 (jitter = 0.4)	7.805
29	images/sec: 50.5 +/- 0.1 (jitter = 0.4)	7.732
30	images/sec: 50.6 +/- 0.1 (jitter = 0.4)	7.649
31	images/sec: 50.6 +/- 0.1 (jitter = 0.4)	7.778
32	images/sec: 50.6 +/- 0.1 (jitter = 0.4)	7.683
33	images/sec: 50.6 +/- 0.1 (jitter = 0.4)	7.861
34	images/sec: 50.6 +/- 0.1 (jitter = 0.4)	7.659
35	images/sec: 50.6 +/- 0.1 (jitter = 0.4)	7.740
36	images/sec: 50.6 +/- 0.1 (jitter = 0.4)	7.760
37	images/sec: 50.6 +/- 0.1 (jitter = 0.4)	7.766
38	images/sec: 50.7 +/- 0.1 (jitter = 0.4)	7.753
39	images/sec: 50.6 +/- 0.1 (jitter = 0.4)	7.924
40	images/sec: 50.6 +/- 0.1 (jitter = 0.4)	7.705
41	images/sec: 50.7 +/- 0.1 (jitter = 0.4)	7.758
42	images/sec: 50.7 +/- 0.1 (jitter = 0.4)	7.718
43	images/sec: 50.7 +/- 0.1 (jitter = 0.4)	7.805
44	images/sec: 50.7 +/- 0.1 (jitter = 0.4)	7.894
45	images/sec: 50.7 +/- 0.1 (jitter = 0.4)	7.882
46	images/sec: 50.7 +/- 0.1 (jitter = 0.4)	7.939
47	images/sec: 50.7 +/- 0.1 (jitter = 0.4)	7.787
48	images/sec: 50.7 +/- 0.1 (jitter = 0.4)	7.929
49	images/sec: 50.7 +/- 0.1 (jitter = 0.5)	7.760
50	images/sec: 50.6 +/- 0.1 (jitter = 0.4)	7.640
51	images/sec: 50.6 +/- 0.1 (jitter = 0.5)	7.871
52	images/sec: 50.6 +/- 0.1 (jitter = 0.5)	7.684
53	images/sec: 50.6 +/- 0.1 (jitter = 0.5)	7.794
54	images/sec: 50.6 +/- 0.1 (jitter = 0.5)	7.839
55	images/sec: 50.6 +/- 0.1 (jitter = 0.5)	7.722
56	images/sec: 50.6 +/- 0.1 (jitter = 0.5)	7.812
57	images/sec: 50.6 +/- 0.1 (jitter = 0.4)	7.747
58	images/sec: 50.6 +/- 0.1 (jitter = 0.4)	7.781
59	images/sec: 50.6 +/- 0.1 (jitter = 0.4)	7.753
60	images/sec: 50.6 +/- 0.1 (jitter = 0.4)	7.878
61	images/sec: 50.6 +/- 0.1 (jitter = 0.4)	7.868
62	images/sec: 50.6 +/- 0.1 (jitter = 0.5)	7.819
63	images/sec: 50.6 +/- 0.1 (jitter = 0.4)	7.653
64	images/sec: 50.6 +/- 0.1 (jitter = 0.5)	7.791
65	images/sec: 50.6 +/- 0.1 (jitter = 0.4)	7.745
66	images/sec: 50.6 +/- 0.1 (jitter = 0.5)	7.899
67	images/sec: 50.6 +/- 0.1 (jitter = 0.5)	7.823
68	images/sec: 50.6 +/- 0.1 (jitter = 0.5)	7.921
69	images/sec: 50.7 +/- 0.1 (jitter = 0.5)	7.721
70	images/sec: 50.6 +/- 0.1 (jitter = 0.5)	7.637
71	images/sec: 50.6 +/- 0.1 (jitter = 0.5)	7.698
72	images/sec: 50.6 +/- 0.1 (jitter = 0.5)	7.767
73	images/sec: 50.6 +/- 0.1 (jitter = 0.5)	7.800
74	images/sec: 50.7 +/- 0.1 (jitter = 0.5)	7.618
75	images/sec: 50.7 +/- 0.1 (jitter = 0.5)	7.829
76	images/sec: 50.7 +/- 0.1 (jitter = 0.5)	7.752
77	images/sec: 50.7 +/- 0.1 (jitter = 0.5)	7.765
78	images/sec: 50.6 +/- 0.1 (jitter = 0.5)	7.781
79	images/sec: 50.7 +/- 0.1 (jitter = 0.5)	7.787
80	images/sec: 50.7 +/- 0.1 (jitter = 0.5)	7.760
81	images/sec: 50.7 +/- 0.1 (jitter = 0.5)	7.935
82	images/sec: 50.7 +/- 0.1 (jitter = 0.5)	7.980
83	images/sec: 50.7 +/- 0.1 (jitter = 0.5)	7.695
84	images/sec: 50.7 +/- 0.1 (jitter = 0.5)	7.661
85	images/sec: 50.7 +/- 0.1 (jitter = 0.5)	7.691
86	images/sec: 50.7 +/- 0.1 (jitter = 0.5)	7.738
87	images/sec: 50.7 +/- 0.1 (jitter = 0.5)	7.868
88	images/sec: 50.7 +/- 0.1 (jitter = 0.5)	7.794
89	images/sec: 50.7 +/- 0.1 (jitter = 0.5)	7.889
90	images/sec: 50.7 +/- 0.1 (jitter = 0.5)	7.891
91	images/sec: 50.7 +/- 0.1 (jitter = 0.5)	7.767
92	images/sec: 50.7 +/- 0.1 (jitter = 0.4)	7.707
93	images/sec: 50.7 +/- 0.1 (jitter = 0.4)	7.791
94	images/sec: 50.7 +/- 0.1 (jitter = 0.4)	7.823
95	images/sec: 50.7 +/- 0.1 (jitter = 0.4)	7.875
96	images/sec: 50.7 +/- 0.1 (jitter = 0.4)	7.698
97	images/sec: 50.7 +/- 0.1 (jitter = 0.4)	7.864
98	images/sec: 50.7 +/- 0.1 (jitter = 0.4)	7.711
99	images/sec: 50.7 +/- 0.1 (jitter = 0.4)	7.802
100	images/sec: 50.7 +/- 0.1 (jitter = 0.4)	7.790
101	images/sec: 50.7 +/- 0.1 (jitter = 0.4)	7.682
102	images/sec: 50.7 +/- 0.1 (jitter = 0.4)	7.796
103	images/sec: 50.7 +/- 0.1 (jitter = 0.4)	7.836
104	images/sec: 50.7 +/- 0.1 (jitter = 0.4)	7.853
105	images/sec: 50.7 +/- 0.1 (jitter = 0.4)	7.821
106	images/sec: 50.7 +/- 0.0 (jitter = 0.4)	7.648
107	images/sec: 50.7 +/- 0.0 (jitter = 0.4)	7.670
108	images/sec: 50.7 +/- 0.0 (jitter = 0.4)	7.761
109	images/sec: 50.7 +/- 0.0 (jitter = 0.4)	7.813
110	images/sec: 50.7 +/- 0.0 (jitter = 0.4)	7.713
111	images/sec: 50.7 +/- 0.0 (jitter = 0.4)	7.869
112	images/sec: 50.7 +/- 0.0 (jitter = 0.4)	7.710
113	images/sec: 50.7 +/- 0.0 (jitter = 0.4)	7.808
114	images/sec: 50.7 +/- 0.0 (jitter = 0.4)	7.756
115	images/sec: 50.7 +/- 0.0 (jitter = 0.4)	7.830
116	images/sec: 50.7 +/- 0.0 (jitter = 0.4)	7.821
117	images/sec: 50.7 +/- 0.0 (jitter = 0.4)	7.663
118	images/sec: 50.7 +/- 0.0 (jitter = 0.4)	7.805
119	images/sec: 50.7 +/- 0.0 (jitter = 0.4)	7.811
120	images/sec: 50.7 +/- 0.0 (jitter = 0.4)	7.769
121	images/sec: 50.7 +/- 0.0 (jitter = 0.4)	7.762
122	images/sec: 50.7 +/- 0.0 (jitter = 0.3)	7.759
123	images/sec: 50.7 +/- 0.0 (jitter = 0.4)	7.704
124	images/sec: 50.7 +/- 0.0 (jitter = 0.3)	7.766
125	images/sec: 50.7 +/- 0.0 (jitter = 0.4)	7.774
126	images/sec: 50.7 +/- 0.0 (jitter = 0.3)	7.936
127	images/sec: 50.7 +/- 0.0 (jitter = 0.4)	7.808
128	images/sec: 50.7 +/- 0.0 (jitter = 0.3)	7.701
129	images/sec: 50.7 +/- 0.0 (jitter = 0.3)	7.806
130	images/sec: 50.7 +/- 0.0 (jitter = 0.3)	7.833
131	images/sec: 50.7 +/- 0.0 (jitter = 0.3)	7.768
132	images/sec: 50.7 +/- 0.0 (jitter = 0.3)	7.794
133	images/sec: 50.7 +/- 0.0 (jitter = 0.3)	7.788
134	images/sec: 50.7 +/- 0.0 (jitter = 0.3)	7.699
135	images/sec: 50.7 +/- 0.0 (jitter = 0.3)	7.759
136	images/sec: 50.7 +/- 0.0 (jitter = 0.3)	7.654
137	images/sec: 50.7 +/- 0.0 (jitter = 0.3)	7.755
138	images/sec: 50.7 +/- 0.0 (jitter = 0.3)	7.719
139	images/sec: 50.7 +/- 0.0 (jitter = 0.3)	7.728
140	images/sec: 50.7 +/- 0.0 (jitter = 0.3)	7.620
141	images/sec: 50.7 +/- 0.0 (jitter = 0.3)	7.682
142	images/sec: 50.7 +/- 0.0 (jitter = 0.3)	7.676
143	images/sec: 50.7 +/- 0.0 (jitter = 0.3)	7.773
144	images/sec: 50.7 +/- 0.0 (jitter = 0.3)	7.734
145	images/sec: 50.7 +/- 0.0 (jitter = 0.3)	7.735
146	images/sec: 50.7 +/- 0.0 (jitter = 0.3)	7.824
147	images/sec: 50.7 +/- 0.0 (jitter = 0.3)	7.805
148	images/sec: 50.7 +/- 0.0 (jitter = 0.3)	7.893
149	images/sec: 50.7 +/- 0.0 (jitter = 0.3)	7.832
150	images/sec: 50.7 +/- 0.0 (jitter = 0.3)	7.832
151	images/sec: 50.7 +/- 0.0 (jitter = 0.3)	7.726
152	images/sec: 50.7 +/- 0.0 (jitter = 0.3)	7.904
153	images/sec: 50.7 +/- 0.0 (jitter = 0.3)	7.804
154	images/sec: 50.8 +/- 0.0 (jitter = 0.3)	7.814
155	images/sec: 50.8 +/- 0.0 (jitter = 0.3)	7.832
156	images/sec: 50.8 +/- 0.1 (jitter = 0.3)	7.798
157	images/sec: 51.0 +/- 0.3 (jitter = 0.3)	7.753
158	images/sec: 51.1 +/- 0.4 (jitter = 0.3)	7.874
159	images/sec: 51.3 +/- 0.5 (jitter = 0.3)	7.718
160	images/sec: 51.4 +/- 0.6 (jitter = 0.3)	7.830
161	images/sec: 51.6 +/- 0.6 (jitter = 0.3)	7.941
162	images/sec: 51.7 +/- 0.7 (jitter = 0.3)	7.689
163	images/sec: 51.9 +/- 0.7 (jitter = 0.3)	7.828
164	images/sec: 52.0 +/- 0.8 (jitter = 0.3)	7.749
165	images/sec: 52.2 +/- 0.8 (jitter = 0.3)	7.606
166	images/sec: 52.3 +/- 0.8 (jitter = 0.3)	7.840
167	images/sec: 52.4 +/- 0.9 (jitter = 0.3)	7.774
168	images/sec: 52.6 +/- 0.9 (jitter = 0.3)	7.704
169	images/sec: 52.7 +/- 0.9 (jitter = 0.3)	7.702
170	images/sec: 52.9 +/- 0.9 (jitter = 0.3)	7.860
171	images/sec: 53.0 +/- 1.0 (jitter = 0.3)	7.750
172	images/sec: 53.1 +/- 1.0 (jitter = 0.3)	7.730
173	images/sec: 53.3 +/- 1.0 (jitter = 0.3)	7.713
174	images/sec: 53.4 +/- 1.0 (jitter = 0.3)	7.725
175	images/sec: 53.6 +/- 1.1 (jitter = 0.3)	7.725
176	images/sec: 53.7 +/- 1.1 (jitter = 0.3)	7.724
177	images/sec: 53.8 +/- 1.1 (jitter = 0.3)	7.667
178	images/sec: 54.0 +/- 1.1 (jitter = 0.3)	7.905
179	images/sec: 54.1 +/- 1.1 (jitter = 0.3)	7.718
180	images/sec: 54.2 +/- 1.1 (jitter = 0.3)	7.939
181	images/sec: 54.4 +/- 1.2 (jitter = 0.3)	7.832
182	images/sec: 54.5 +/- 1.2 (jitter = 0.4)	7.815
183	images/sec: 54.6 +/- 1.2 (jitter = 0.4)	7.746
184	images/sec: 54.7 +/- 1.2 (jitter = 0.4)	7.870
185	images/sec: 54.9 +/- 1.2 (jitter = 0.4)	7.779
186	images/sec: 55.0 +/- 1.2 (jitter = 0.4)	7.696
187	images/sec: 55.1 +/- 1.2 (jitter = 0.4)	7.656
188	images/sec: 55.2 +/- 1.2 (jitter = 0.4)	7.826
189	images/sec: 55.4 +/- 1.2 (jitter = 0.4)	7.688
190	images/sec: 55.5 +/- 1.3 (jitter = 0.4)	7.769
191	images/sec: 55.6 +/- 1.3 (jitter = 0.4)	7.724
192	images/sec: 55.7 +/- 1.3 (jitter = 0.4)	7.734
193	images/sec: 55.9 +/- 1.3 (jitter = 0.4)	7.754
194	images/sec: 56.0 +/- 1.3 (jitter = 0.4)	7.763
195	images/sec: 56.1 +/- 1.3 (jitter = 0.4)	7.742
196	images/sec: 56.2 +/- 1.3 (jitter = 0.4)	7.679
197	images/sec: 56.3 +/- 1.3 (jitter = 0.4)	7.647
198	images/sec: 56.5 +/- 1.3 (jitter = 0.4)	7.734
199	images/sec: 56.6 +/- 1.3 (jitter = 0.5)	7.828
200	images/sec: 56.7 +/- 1.3 (jitter = 0.5)	7.879
201	images/sec: 56.8 +/- 1.3 (jitter = 0.5)	7.939
202	images/sec: 56.9 +/- 1.3 (jitter = 0.5)	7.725
203	images/sec: 57.0 +/- 1.3 (jitter = 0.5)	7.806
204	images/sec: 57.1 +/- 1.3 (jitter = 0.5)	7.693
205	images/sec: 57.3 +/- 1.3 (jitter = 0.5)	7.925
206	images/sec: 57.4 +/- 1.3 (jitter = 0.5)	7.654
207	images/sec: 57.5 +/- 1.3 (jitter = 0.5)	7.854
208	images/sec: 57.6 +/- 1.4 (jitter = 0.5)	7.718
209	images/sec: 57.7 +/- 1.4 (jitter = 0.5)	7.839
210	images/sec: 57.8 +/- 1.4 (jitter = 0.5)	7.885
211	images/sec: 57.9 +/- 1.4 (jitter = 0.5)	7.783
212	images/sec: 58.0 +/- 1.4 (jitter = 0.5)	7.847
213	images/sec: 58.1 +/- 1.4 (jitter = 0.5)	7.724
214	images/sec: 58.2 +/- 1.4 (jitter = 0.5)	7.756
215	images/sec: 58.4 +/- 1.4 (jitter = 0.6)	7.730
216	images/sec: 58.5 +/- 1.4 (jitter = 0.6)	7.727
217	images/sec: 58.6 +/- 1.4 (jitter = 0.6)	7.710
218	images/sec: 58.7 +/- 1.4 (jitter = 0.6)	7.719
219	images/sec: 58.8 +/- 1.4 (jitter = 0.6)	7.664
220	images/sec: 58.9 +/- 1.4 (jitter = 0.6)	7.734
221	images/sec: 59.0 +/- 1.4 (jitter = 0.6)	7.747
222	images/sec: 59.1 +/- 1.4 (jitter = 0.6)	7.889
223	images/sec: 59.2 +/- 1.4 (jitter = 0.6)	7.720
224	images/sec: 59.3 +/- 1.4 (jitter = 0.6)	7.704
225	images/sec: 59.4 +/- 1.4 (jitter = 0.7)	7.912
226	images/sec: 59.5 +/- 1.4 (jitter = 0.7)	7.842
227	images/sec: 59.6 +/- 1.4 (jitter = 0.7)	7.818
228	images/sec: 59.7 +/- 1.4 (jitter = 0.7)	7.882
229	images/sec: 59.8 +/- 1.4 (jitter = 0.7)	7.813
230	images/sec: 59.9 +/- 1.4 (jitter = 0.7)	7.918
231	images/sec: 60.0 +/- 1.4 (jitter = 0.7)	7.650
232	images/sec: 60.1 +/- 1.4 (jitter = 0.7)	7.778
233	images/sec: 60.2 +/- 1.4 (jitter = 0.7)	7.743
234	images/sec: 60.3 +/- 1.4 (jitter = 0.7)	7.740
235	images/sec: 60.4 +/- 1.4 (jitter = 0.7)	7.771
236	images/sec: 60.5 +/- 1.4 (jitter = 0.7)	7.772
237	images/sec: 60.6 +/- 1.4 (jitter = 0.7)	7.800
238	images/sec: 60.6 +/- 1.4 (jitter = 0.7)	7.783
239	images/sec: 60.7 +/- 1.4 (jitter = 0.7)	7.696
240	images/sec: 60.8 +/- 1.4 (jitter = 0.7)	7.852
241	images/sec: 60.9 +/- 1.4 (jitter = 0.8)	7.754
242	images/sec: 61.0 +/- 1.4 (jitter = 0.8)	7.727
243	images/sec: 61.1 +/- 1.4 (jitter = 0.8)	7.680
244	images/sec: 61.2 +/- 1.4 (jitter = 0.8)	7.764
245	images/sec: 61.3 +/- 1.4 (jitter = 0.8)	7.875
246	images/sec: 61.4 +/- 1.4 (jitter = 0.8)	7.900
247	images/sec: 61.5 +/- 1.4 (jitter = 0.8)	7.746
248	images/sec: 61.6 +/- 1.4 (jitter = 0.8)	7.711
249	images/sec: 61.6 +/- 1.4 (jitter = 0.9)	7.805
250	images/sec: 61.7 +/- 1.4 (jitter = 0.9)	7.782
----------------------------------------------------------------
total images/sec: 61.45
----------------------------------------------------------------
