TensorFlow:  1.5
Model:       inception4
Dataset:     imagenet (synthetic)
Mode:        training
SingleSess:  False
Batch size:  25 global
             25 per device
Devices:     ['/gpu:0']
Data format: NCHW
Layout optimizer: False
Optimizer:   sgd
Variables:   parameter_server
==========
Generating model
WARNING:tensorflow:From /salus/tf_benchmarks/scripts/tf_cnn_benchmarks/convnet_builder.py:372: calling reduce_mean (from tensorflow.python.ops.math_ops) with keep_dims is deprecated and will be removed in a future version.
Instructions for updating:
keep_dims is deprecated, use keepdims instead
WARNING:tensorflow:From /salus/tf_benchmarks/scripts/tf_cnn_benchmarks/benchmark_cnn.py:1125: __init__ (from tensorflow.python.training.supervisor) is deprecated and will be removed in a future version.
Instructions for updating:
Please switch to tf.train.MonitoredTrainingSession
Running warm up
2019-08-23 13:57:54.473649: E tensorflow/stream_executor/cuda/cuda_driver.cc:936] failed to allocate 4.00G (4294967296 bytes) from device: CUDA_ERROR_OUT_OF_MEMORY
2019-08-23 13:57:54.474841: E tensorflow/stream_executor/cuda/cuda_driver.cc:936] failed to allocate 3.60G (3865470464 bytes) from device: CUDA_ERROR_OUT_OF_MEMORY
2019-08-23 13:57:54.476027: E tensorflow/stream_executor/cuda/cuda_driver.cc:936] failed to allocate 3.24G (3478923264 bytes) from device: CUDA_ERROR_OUT_OF_MEMORY
2019-08-23 13:57:54.753621: E tensorflow/stream_executor/cuda/cuda_driver.cc:936] failed to allocate 6.86G (7368396544 bytes) from device: CUDA_ERROR_OUT_OF_MEMORY
2019-08-23 13:57:54.754572: E tensorflow/stream_executor/cuda/cuda_driver.cc:936] failed to allocate 6.86G (7368396544 bytes) from device: CUDA_ERROR_OUT_OF_MEMORY
2019-08-23 13:57:55.813692: E tensorflow/stream_executor/cuda/cuda_driver.cc:936] failed to allocate 6.86G (7368396544 bytes) from device: CUDA_ERROR_OUT_OF_MEMORY
2019-08-23 13:57:55.814598: E tensorflow/stream_executor/cuda/cuda_driver.cc:936] failed to allocate 6.86G (7368396544 bytes) from device: CUDA_ERROR_OUT_OF_MEMORY
2019-08-23 13:57:55.833653: E tensorflow/stream_executor/cuda/cuda_driver.cc:936] failed to allocate 6.86G (7368396544 bytes) from device: CUDA_ERROR_OUT_OF_MEMORY
2019-08-23 13:57:55.834632: E tensorflow/stream_executor/cuda/cuda_driver.cc:936] failed to allocate 6.86G (7368396544 bytes) from device: CUDA_ERROR_OUT_OF_MEMORY
Done warm up
Step	Img/sec	loss
1	images/sec: 50.9 +/- 0.0 (jitter = 0.0)	7.957
2	images/sec: 51.1 +/- 0.1 (jitter = 0.2)	7.833
3	images/sec: 51.1 +/- 0.1 (jitter = 0.2)	7.872
4	images/sec: 51.0 +/- 0.1 (jitter = 0.1)	7.838
5	images/sec: 51.0 +/- 0.0 (jitter = 0.1)	7.797
6	images/sec: 51.1 +/- 0.0 (jitter = 0.1)	7.711
7	images/sec: 51.1 +/- 0.0 (jitter = 0.1)	7.828
8	images/sec: 51.0 +/- 0.0 (jitter = 0.1)	7.705
9	images/sec: 51.0 +/- 0.1 (jitter = 0.1)	7.676
10	images/sec: 51.0 +/- 0.1 (jitter = 0.2)	7.811
11	images/sec: 51.1 +/- 0.1 (jitter = 0.2)	7.662
12	images/sec: 51.1 +/- 0.1 (jitter = 0.2)	7.798
13	images/sec: 51.1 +/- 0.1 (jitter = 0.2)	7.736
14	images/sec: 51.0 +/- 0.1 (jitter = 0.2)	7.708
15	images/sec: 51.1 +/- 0.1 (jitter = 0.2)	7.871
16	images/sec: 51.1 +/- 0.1 (jitter = 0.2)	7.861
17	images/sec: 51.1 +/- 0.1 (jitter = 0.2)	7.832
18	images/sec: 51.1 +/- 0.1 (jitter = 0.2)	7.784
19	images/sec: 51.0 +/- 0.1 (jitter = 0.2)	7.772
20	images/sec: 51.0 +/- 0.1 (jitter = 0.2)	7.851
21	images/sec: 51.0 +/- 0.1 (jitter = 0.2)	7.704
22	images/sec: 51.0 +/- 0.1 (jitter = 0.2)	7.779
23	images/sec: 51.0 +/- 0.1 (jitter = 0.2)	7.876
24	images/sec: 51.0 +/- 0.1 (jitter = 0.2)	7.869
25	images/sec: 51.0 +/- 0.1 (jitter = 0.2)	7.968
26	images/sec: 51.0 +/- 0.1 (jitter = 0.2)	7.816
27	images/sec: 51.0 +/- 0.1 (jitter = 0.2)	7.740
28	images/sec: 51.0 +/- 0.1 (jitter = 0.2)	7.793
29	images/sec: 51.0 +/- 0.1 (jitter = 0.2)	7.793
30	images/sec: 51.0 +/- 0.1 (jitter = 0.2)	7.635
31	images/sec: 51.0 +/- 0.1 (jitter = 0.2)	7.635
32	images/sec: 51.0 +/- 0.1 (jitter = 0.2)	7.629
33	images/sec: 51.1 +/- 0.1 (jitter = 0.2)	7.742
34	images/sec: 51.1 +/- 0.1 (jitter = 0.2)	7.727
35	images/sec: 51.1 +/- 0.1 (jitter = 0.2)	7.802
36	images/sec: 51.1 +/- 0.1 (jitter = 0.3)	7.863
37	images/sec: 51.0 +/- 0.1 (jitter = 0.3)	7.741
38	images/sec: 51.0 +/- 0.1 (jitter = 0.3)	7.801
39	images/sec: 51.0 +/- 0.1 (jitter = 0.3)	7.895
40	images/sec: 51.0 +/- 0.1 (jitter = 0.3)	7.737
41	images/sec: 51.0 +/- 0.1 (jitter = 0.3)	7.772
42	images/sec: 51.0 +/- 0.1 (jitter = 0.3)	7.689
43	images/sec: 51.0 +/- 0.1 (jitter = 0.3)	7.732
44	images/sec: 51.0 +/- 0.1 (jitter = 0.3)	7.829
45	images/sec: 51.0 +/- 0.1 (jitter = 0.3)	7.865
46	images/sec: 51.0 +/- 0.1 (jitter = 0.3)	7.855
47	images/sec: 51.0 +/- 0.1 (jitter = 0.3)	7.662
48	images/sec: 51.0 +/- 0.1 (jitter = 0.3)	7.820
49	images/sec: 51.0 +/- 0.0 (jitter = 0.3)	7.890
50	images/sec: 51.0 +/- 0.0 (jitter = 0.3)	7.850
51	images/sec: 51.0 +/- 0.0 (jitter = 0.2)	7.714
52	images/sec: 51.0 +/- 0.0 (jitter = 0.3)	7.762
53	images/sec: 51.0 +/- 0.0 (jitter = 0.3)	7.820
54	images/sec: 51.0 +/- 0.0 (jitter = 0.3)	7.743
55	images/sec: 51.0 +/- 0.0 (jitter = 0.3)	7.767
56	images/sec: 51.0 +/- 0.0 (jitter = 0.3)	7.689
57	images/sec: 51.0 +/- 0.0 (jitter = 0.3)	7.794
58	images/sec: 51.0 +/- 0.0 (jitter = 0.3)	7.927
59	images/sec: 51.0 +/- 0.0 (jitter = 0.3)	7.840
60	images/sec: 51.0 +/- 0.0 (jitter = 0.3)	7.847
61	images/sec: 51.0 +/- 0.0 (jitter = 0.3)	7.914
62	images/sec: 51.0 +/- 0.0 (jitter = 0.3)	7.778
63	images/sec: 51.0 +/- 0.0 (jitter = 0.3)	7.818
64	images/sec: 51.0 +/- 0.0 (jitter = 0.3)	7.855
65	images/sec: 51.0 +/- 0.0 (jitter = 0.3)	7.644
66	images/sec: 51.0 +/- 0.0 (jitter = 0.3)	7.764
67	images/sec: 51.0 +/- 0.0 (jitter = 0.3)	7.834
68	images/sec: 51.0 +/- 0.0 (jitter = 0.3)	7.722
69	images/sec: 51.0 +/- 0.0 (jitter = 0.3)	7.731
70	images/sec: 51.0 +/- 0.0 (jitter = 0.3)	7.815
71	images/sec: 51.0 +/- 0.0 (jitter = 0.3)	7.775
72	images/sec: 51.0 +/- 0.0 (jitter = 0.3)	7.821
73	images/sec: 51.0 +/- 0.0 (jitter = 0.3)	7.842
74	images/sec: 51.0 +/- 0.0 (jitter = 0.3)	7.766
75	images/sec: 51.0 +/- 0.0 (jitter = 0.3)	7.722
76	images/sec: 51.0 +/- 0.0 (jitter = 0.3)	7.818
77	images/sec: 51.0 +/- 0.0 (jitter = 0.3)	7.771
78	images/sec: 51.0 +/- 0.0 (jitter = 0.3)	7.716
79	images/sec: 51.0 +/- 0.0 (jitter = 0.3)	7.741
80	images/sec: 51.0 +/- 0.0 (jitter = 0.3)	7.825
81	images/sec: 51.0 +/- 0.0 (jitter = 0.3)	7.822
82	images/sec: 51.0 +/- 0.0 (jitter = 0.3)	7.847
83	images/sec: 51.0 +/- 0.0 (jitter = 0.3)	7.874
84	images/sec: 51.0 +/- 0.0 (jitter = 0.3)	7.693
85	images/sec: 51.0 +/- 0.0 (jitter = 0.3)	7.664
86	images/sec: 51.0 +/- 0.0 (jitter = 0.3)	7.732
87	images/sec: 51.0 +/- 0.0 (jitter = 0.3)	7.878
88	images/sec: 51.0 +/- 0.0 (jitter = 0.3)	7.814
89	images/sec: 51.0 +/- 0.0 (jitter = 0.3)	7.899
90	images/sec: 51.0 +/- 0.0 (jitter = 0.3)	7.771
91	images/sec: 51.0 +/- 0.0 (jitter = 0.3)	7.714
92	images/sec: 51.0 +/- 0.0 (jitter = 0.3)	7.766
93	images/sec: 51.0 +/- 0.0 (jitter = 0.3)	7.824
94	images/sec: 51.0 +/- 0.0 (jitter = 0.3)	7.984
95	images/sec: 51.0 +/- 0.0 (jitter = 0.3)	7.668
96	images/sec: 51.0 +/- 0.0 (jitter = 0.3)	7.840
97	images/sec: 51.0 +/- 0.0 (jitter = 0.3)	7.737
98	images/sec: 51.0 +/- 0.0 (jitter = 0.3)	7.732
99	images/sec: 51.0 +/- 0.0 (jitter = 0.3)	7.768
100	images/sec: 51.0 +/- 0.0 (jitter = 0.3)	7.793
101	images/sec: 51.0 +/- 0.0 (jitter = 0.3)	7.830
102	images/sec: 51.0 +/- 0.0 (jitter = 0.3)	7.777
103	images/sec: 51.0 +/- 0.0 (jitter = 0.3)	7.851
104	images/sec: 51.0 +/- 0.0 (jitter = 0.3)	7.890
105	images/sec: 51.0 +/- 0.0 (jitter = 0.3)	7.695
106	images/sec: 51.0 +/- 0.0 (jitter = 0.3)	7.734
107	images/sec: 51.0 +/- 0.0 (jitter = 0.2)	7.612
108	images/sec: 51.0 +/- 0.0 (jitter = 0.3)	7.753
109	images/sec: 51.0 +/- 0.0 (jitter = 0.3)	7.736
110	images/sec: 51.0 +/- 0.0 (jitter = 0.3)	7.766
111	images/sec: 51.0 +/- 0.0 (jitter = 0.2)	7.782
112	images/sec: 51.0 +/- 0.0 (jitter = 0.3)	7.698
113	images/sec: 51.0 +/- 0.0 (jitter = 0.3)	7.801
114	images/sec: 51.0 +/- 0.0 (jitter = 0.3)	7.789
115	images/sec: 51.0 +/- 0.0 (jitter = 0.3)	7.621
116	images/sec: 51.0 +/- 0.0 (jitter = 0.2)	7.747
117	images/sec: 51.0 +/- 0.0 (jitter = 0.2)	7.730
118	images/sec: 51.0 +/- 0.0 (jitter = 0.3)	7.812
119	images/sec: 51.0 +/- 0.0 (jitter = 0.2)	7.794
120	images/sec: 51.0 +/- 0.0 (jitter = 0.3)	7.824
121	images/sec: 51.0 +/- 0.0 (jitter = 0.3)	7.700
122	images/sec: 51.0 +/- 0.0 (jitter = 0.3)	7.749
123	images/sec: 51.0 +/- 0.0 (jitter = 0.3)	7.759
124	images/sec: 51.0 +/- 0.0 (jitter = 0.3)	7.700
125	images/sec: 51.0 +/- 0.0 (jitter = 0.3)	7.733
126	images/sec: 51.0 +/- 0.0 (jitter = 0.3)	7.847
127	images/sec: 51.0 +/- 0.0 (jitter = 0.3)	7.727
128	images/sec: 51.0 +/- 0.0 (jitter = 0.3)	7.707
129	images/sec: 51.1 +/- 0.0 (jitter = 0.3)	7.818
130	images/sec: 51.1 +/- 0.0 (jitter = 0.3)	7.806
131	images/sec: 51.1 +/- 0.0 (jitter = 0.3)	7.843
132	images/sec: 51.1 +/- 0.0 (jitter = 0.3)	7.750
133	images/sec: 51.1 +/- 0.0 (jitter = 0.3)	7.819
134	images/sec: 51.1 +/- 0.0 (jitter = 0.3)	7.780
135	images/sec: 51.1 +/- 0.0 (jitter = 0.3)	7.771
136	images/sec: 51.1 +/- 0.0 (jitter = 0.3)	7.754
137	images/sec: 51.1 +/- 0.0 (jitter = 0.3)	7.834
138	images/sec: 51.1 +/- 0.0 (jitter = 0.3)	7.695
139	images/sec: 51.1 +/- 0.0 (jitter = 0.3)	7.688
140	images/sec: 51.1 +/- 0.0 (jitter = 0.3)	7.756
141	images/sec: 51.1 +/- 0.0 (jitter = 0.3)	7.671
142	images/sec: 51.1 +/- 0.0 (jitter = 0.3)	7.827
143	images/sec: 51.1 +/- 0.0 (jitter = 0.3)	7.703
144	images/sec: 51.1 +/- 0.0 (jitter = 0.3)	7.833
145	images/sec: 51.0 +/- 0.0 (jitter = 0.3)	7.822
146	images/sec: 51.0 +/- 0.0 (jitter = 0.3)	7.773
147	images/sec: 51.0 +/- 0.0 (jitter = 0.3)	7.834
148	images/sec: 51.0 +/- 0.0 (jitter = 0.3)	7.704
149	images/sec: 51.0 +/- 0.0 (jitter = 0.3)	7.815
150	images/sec: 51.0 +/- 0.0 (jitter = 0.3)	7.801
151	images/sec: 51.0 +/- 0.0 (jitter = 0.3)	7.663
152	images/sec: 51.0 +/- 0.0 (jitter = 0.3)	7.921
153	images/sec: 51.0 +/- 0.0 (jitter = 0.3)	7.815
154	images/sec: 51.0 +/- 0.0 (jitter = 0.3)	7.725
155	images/sec: 51.0 +/- 0.0 (jitter = 0.3)	7.698
156	images/sec: 51.0 +/- 0.0 (jitter = 0.3)	7.731
157	images/sec: 51.0 +/- 0.0 (jitter = 0.3)	7.867
158	images/sec: 51.0 +/- 0.0 (jitter = 0.3)	7.830
159	images/sec: 51.0 +/- 0.0 (jitter = 0.3)	7.733
160	images/sec: 51.2 +/- 0.2 (jitter = 0.3)	7.760
161	images/sec: 51.3 +/- 0.3 (jitter = 0.3)	7.769
162	images/sec: 51.4 +/- 0.4 (jitter = 0.3)	7.732
163	images/sec: 51.6 +/- 0.5 (jitter = 0.3)	7.751
164	images/sec: 51.7 +/- 0.6 (jitter = 0.3)	7.758
165	images/sec: 51.9 +/- 0.6 (jitter = 0.3)	7.680
166	images/sec: 52.0 +/- 0.7 (jitter = 0.3)	7.773
167	images/sec: 52.2 +/- 0.7 (jitter = 0.3)	7.850
168	images/sec: 52.3 +/- 0.8 (jitter = 0.3)	7.730
169	images/sec: 52.5 +/- 0.8 (jitter = 0.3)	7.735
170	images/sec: 52.6 +/- 0.8 (jitter = 0.3)	7.844
171	images/sec: 52.7 +/- 0.9 (jitter = 0.3)	7.704
172	images/sec: 52.9 +/- 0.9 (jitter = 0.3)	7.869
173	images/sec: 53.0 +/- 0.9 (jitter = 0.3)	7.775
174	images/sec: 53.1 +/- 0.9 (jitter = 0.3)	7.698
175	images/sec: 53.3 +/- 1.0 (jitter = 0.3)	7.791
176	images/sec: 53.4 +/- 1.0 (jitter = 0.3)	7.748
177	images/sec: 53.6 +/- 1.0 (jitter = 0.3)	7.652
178	images/sec: 53.7 +/- 1.0 (jitter = 0.3)	7.846
179	images/sec: 53.8 +/- 1.0 (jitter = 0.3)	7.785
180	images/sec: 53.9 +/- 1.1 (jitter = 0.3)	7.865
181	images/sec: 54.1 +/- 1.1 (jitter = 0.3)	7.751
182	images/sec: 54.2 +/- 1.1 (jitter = 0.3)	7.783
183	images/sec: 54.3 +/- 1.1 (jitter = 0.3)	7.806
184	images/sec: 54.5 +/- 1.1 (jitter = 0.3)	7.859
185	images/sec: 54.6 +/- 1.1 (jitter = 0.3)	7.780
186	images/sec: 54.7 +/- 1.1 (jitter = 0.3)	7.726
187	images/sec: 54.8 +/- 1.2 (jitter = 0.3)	7.745
188	images/sec: 55.0 +/- 1.2 (jitter = 0.3)	7.772
189	images/sec: 55.1 +/- 1.2 (jitter = 0.3)	7.659
190	images/sec: 55.2 +/- 1.2 (jitter = 0.4)	7.865
191	images/sec: 55.3 +/- 1.2 (jitter = 0.4)	7.804
192	images/sec: 55.5 +/- 1.2 (jitter = 0.4)	7.791
193	images/sec: 55.6 +/- 1.2 (jitter = 0.4)	7.723
194	images/sec: 55.7 +/- 1.2 (jitter = 0.4)	7.695
195	images/sec: 55.8 +/- 1.2 (jitter = 0.4)	7.776
196	images/sec: 55.9 +/- 1.2 (jitter = 0.4)	7.821
197	images/sec: 56.1 +/- 1.3 (jitter = 0.4)	7.737
198	images/sec: 56.2 +/- 1.3 (jitter = 0.4)	7.808
199	images/sec: 56.3 +/- 1.3 (jitter = 0.4)	7.770
200	images/sec: 56.4 +/- 1.3 (jitter = 0.4)	7.762
201	images/sec: 56.5 +/- 1.3 (jitter = 0.4)	7.778
202	images/sec: 56.7 +/- 1.3 (jitter = 0.4)	7.705
203	images/sec: 56.8 +/- 1.3 (jitter = 0.4)	7.766
204	images/sec: 56.9 +/- 1.3 (jitter = 0.4)	7.747
205	images/sec: 57.0 +/- 1.3 (jitter = 0.5)	7.890
206	images/sec: 57.1 +/- 1.3 (jitter = 0.5)	7.639
207	images/sec: 57.2 +/- 1.3 (jitter = 0.5)	7.946
208	images/sec: 57.3 +/- 1.3 (jitter = 0.5)	7.717
209	images/sec: 57.4 +/- 1.3 (jitter = 0.5)	7.824
210	images/sec: 57.6 +/- 1.3 (jitter = 0.5)	7.973
211	images/sec: 57.7 +/- 1.3 (jitter = 0.5)	7.753
212	images/sec: 57.8 +/- 1.3 (jitter = 0.5)	7.745
213	images/sec: 57.9 +/- 1.3 (jitter = 0.5)	7.763
214	images/sec: 58.0 +/- 1.3 (jitter = 0.5)	7.739
215	images/sec: 58.1 +/- 1.3 (jitter = 0.5)	7.842
216	images/sec: 58.2 +/- 1.3 (jitter = 0.5)	7.740
217	images/sec: 58.3 +/- 1.3 (jitter = 0.5)	7.834
218	images/sec: 58.4 +/- 1.3 (jitter = 0.5)	7.786
219	images/sec: 58.5 +/- 1.4 (jitter = 0.5)	7.701
220	images/sec: 58.6 +/- 1.4 (jitter = 0.5)	7.743
221	images/sec: 58.7 +/- 1.4 (jitter = 0.6)	7.811
222	images/sec: 58.8 +/- 1.4 (jitter = 0.6)	7.871
223	images/sec: 58.9 +/- 1.4 (jitter = 0.6)	7.714
224	images/sec: 59.0 +/- 1.4 (jitter = 0.6)	7.761
225	images/sec: 59.1 +/- 1.4 (jitter = 0.6)	7.769
226	images/sec: 59.2 +/- 1.4 (jitter = 0.6)	7.777
227	images/sec: 59.3 +/- 1.4 (jitter = 0.6)	7.863
228	images/sec: 59.4 +/- 1.4 (jitter = 0.6)	7.769
229	images/sec: 59.5 +/- 1.4 (jitter = 0.6)	7.654
230	images/sec: 59.6 +/- 1.4 (jitter = 0.6)	7.835
231	images/sec: 59.7 +/- 1.4 (jitter = 0.6)	7.662
232	images/sec: 59.8 +/- 1.4 (jitter = 0.6)	7.775
233	images/sec: 59.9 +/- 1.4 (jitter = 0.6)	7.756
234	images/sec: 60.0 +/- 1.4 (jitter = 0.6)	7.709
235	images/sec: 60.1 +/- 1.4 (jitter = 0.6)	7.803
236	images/sec: 60.2 +/- 1.4 (jitter = 0.6)	7.620
237	images/sec: 60.3 +/- 1.4 (jitter = 0.6)	7.826
238	images/sec: 60.4 +/- 1.4 (jitter = 0.6)	7.666
239	images/sec: 60.5 +/- 1.4 (jitter = 0.6)	7.743
240	images/sec: 60.6 +/- 1.4 (jitter = 0.6)	7.754
241	images/sec: 60.7 +/- 1.4 (jitter = 0.6)	7.702
242	images/sec: 60.8 +/- 1.4 (jitter = 0.6)	7.745
243	images/sec: 60.9 +/- 1.4 (jitter = 0.6)	7.752
244	images/sec: 61.0 +/- 1.4 (jitter = 0.6)	7.807
245	images/sec: 61.1 +/- 1.4 (jitter = 0.7)	7.779
246	images/sec: 61.2 +/- 1.4 (jitter = 0.7)	7.858
247	images/sec: 61.2 +/- 1.4 (jitter = 0.7)	7.792
248	images/sec: 61.3 +/- 1.4 (jitter = 0.7)	7.686
249	images/sec: 61.4 +/- 1.4 (jitter = 0.7)	7.885
250	images/sec: 61.5 +/- 1.4 (jitter = 0.7)	7.799
----------------------------------------------------------------
total images/sec: 61.31
----------------------------------------------------------------
