TensorFlow:  1.5
Model:       inception4
Dataset:     imagenet (synthetic)
Mode:        training
SingleSess:  False
Batch size:  25 global
             25 per device
Devices:     ['/gpu:0']
Data format: NCHW
Layout optimizer: False
Optimizer:   sgd
Variables:   parameter_server
==========
Generating model
WARNING:tensorflow:From /salus/tf_benchmarks/scripts/tf_cnn_benchmarks/convnet_builder.py:372: calling reduce_mean (from tensorflow.python.ops.math_ops) with keep_dims is deprecated and will be removed in a future version.
Instructions for updating:
keep_dims is deprecated, use keepdims instead
WARNING:tensorflow:From /salus/tf_benchmarks/scripts/tf_cnn_benchmarks/benchmark_cnn.py:1124: __init__ (from tensorflow.python.training.supervisor) is deprecated and will be removed in a future version.
Instructions for updating:
Please switch to tf.train.MonitoredTrainingSession
Running warm up
2019-08-22 12:09:09.611118: E tensorflow/stream_executor/cuda/cuda_driver.cc:936] failed to allocate 4.00G (4294967296 bytes) from device: CUDA_ERROR_OUT_OF_MEMORY
2019-08-22 12:09:09.612276: E tensorflow/stream_executor/cuda/cuda_driver.cc:936] failed to allocate 3.60G (3865470464 bytes) from device: CUDA_ERROR_OUT_OF_MEMORY
2019-08-22 12:09:09.613462: E tensorflow/stream_executor/cuda/cuda_driver.cc:936] failed to allocate 3.24G (3478923264 bytes) from device: CUDA_ERROR_OUT_OF_MEMORY
2019-08-22 12:09:09.893229: E tensorflow/stream_executor/cuda/cuda_driver.cc:936] failed to allocate 6.87G (7380350464 bytes) from device: CUDA_ERROR_OUT_OF_MEMORY
2019-08-22 12:09:09.894344: E tensorflow/stream_executor/cuda/cuda_driver.cc:936] failed to allocate 6.87G (7380350464 bytes) from device: CUDA_ERROR_OUT_OF_MEMORY
2019-08-22 12:09:10.980638: E tensorflow/stream_executor/cuda/cuda_driver.cc:936] failed to allocate 6.87G (7380350464 bytes) from device: CUDA_ERROR_OUT_OF_MEMORY
2019-08-22 12:09:10.981726: E tensorflow/stream_executor/cuda/cuda_driver.cc:936] failed to allocate 6.87G (7380350464 bytes) from device: CUDA_ERROR_OUT_OF_MEMORY
2019-08-22 12:09:11.001059: E tensorflow/stream_executor/cuda/cuda_driver.cc:936] failed to allocate 6.87G (7380350464 bytes) from device: CUDA_ERROR_OUT_OF_MEMORY
2019-08-22 12:09:11.002116: E tensorflow/stream_executor/cuda/cuda_driver.cc:936] failed to allocate 6.87G (7380350464 bytes) from device: CUDA_ERROR_OUT_OF_MEMORY
Done warm up
Step	Img/sec	loss
1	images/sec: 50.5 +/- 0.0 (jitter = 0.0)	7.833
2	images/sec: 50.7 +/- 0.2 (jitter = 0.4)	7.848
3	images/sec: 50.9 +/- 0.2 (jitter = 0.6)	7.914
4	images/sec: 51.0 +/- 0.2 (jitter = 0.3)	7.807
5	images/sec: 51.0 +/- 0.1 (jitter = 0.2)	7.780
6	images/sec: 51.0 +/- 0.1 (jitter = 0.3)	7.662
7	images/sec: 50.9 +/- 0.1 (jitter = 0.4)	7.789
8	images/sec: 51.0 +/- 0.1 (jitter = 0.4)	7.728
9	images/sec: 51.0 +/- 0.1 (jitter = 0.4)	7.721
10	images/sec: 51.0 +/- 0.1 (jitter = 0.4)	7.772
11	images/sec: 51.0 +/- 0.1 (jitter = 0.4)	7.688
12	images/sec: 51.0 +/- 0.1 (jitter = 0.3)	7.737
13	images/sec: 51.0 +/- 0.1 (jitter = 0.4)	7.711
14	images/sec: 51.0 +/- 0.1 (jitter = 0.3)	7.761
15	images/sec: 51.1 +/- 0.1 (jitter = 0.3)	7.857
16	images/sec: 51.0 +/- 0.1 (jitter = 0.3)	7.787
17	images/sec: 51.0 +/- 0.1 (jitter = 0.3)	7.694
18	images/sec: 51.0 +/- 0.1 (jitter = 0.3)	7.729
19	images/sec: 51.0 +/- 0.1 (jitter = 0.3)	7.787
20	images/sec: 51.0 +/- 0.1 (jitter = 0.3)	7.999
21	images/sec: 51.0 +/- 0.1 (jitter = 0.3)	7.827
22	images/sec: 51.0 +/- 0.1 (jitter = 0.3)	7.836
23	images/sec: 50.9 +/- 0.1 (jitter = 0.3)	7.676
24	images/sec: 51.0 +/- 0.1 (jitter = 0.3)	7.783
25	images/sec: 50.9 +/- 0.1 (jitter = 0.3)	7.880
26	images/sec: 50.9 +/- 0.1 (jitter = 0.3)	7.733
27	images/sec: 50.9 +/- 0.1 (jitter = 0.3)	7.806
28	images/sec: 50.9 +/- 0.1 (jitter = 0.3)	7.718
29	images/sec: 50.9 +/- 0.1 (jitter = 0.3)	7.725
30	images/sec: 51.0 +/- 0.1 (jitter = 0.3)	7.711
31	images/sec: 51.0 +/- 0.1 (jitter = 0.3)	7.835
32	images/sec: 50.9 +/- 0.1 (jitter = 0.3)	7.694
33	images/sec: 50.9 +/- 0.1 (jitter = 0.3)	7.906
34	images/sec: 50.9 +/- 0.1 (jitter = 0.3)	7.723
35	images/sec: 50.9 +/- 0.1 (jitter = 0.3)	7.825
36	images/sec: 50.9 +/- 0.1 (jitter = 0.3)	7.899
37	images/sec: 50.9 +/- 0.0 (jitter = 0.3)	7.704
38	images/sec: 50.9 +/- 0.0 (jitter = 0.3)	7.710
39	images/sec: 50.9 +/- 0.0 (jitter = 0.2)	7.938
40	images/sec: 50.9 +/- 0.0 (jitter = 0.3)	7.849
41	images/sec: 50.9 +/- 0.0 (jitter = 0.2)	7.707
42	images/sec: 50.9 +/- 0.0 (jitter = 0.3)	7.625
43	images/sec: 50.9 +/- 0.0 (jitter = 0.2)	7.881
44	images/sec: 50.9 +/- 0.0 (jitter = 0.2)	7.820
45	images/sec: 50.9 +/- 0.0 (jitter = 0.2)	7.836
46	images/sec: 50.9 +/- 0.0 (jitter = 0.2)	7.861
47	images/sec: 50.9 +/- 0.0 (jitter = 0.2)	7.832
48	images/sec: 50.9 +/- 0.0 (jitter = 0.2)	7.941
49	images/sec: 50.9 +/- 0.0 (jitter = 0.2)	7.890
50	images/sec: 50.9 +/- 0.0 (jitter = 0.2)	7.726
51	images/sec: 50.9 +/- 0.0 (jitter = 0.2)	7.762
52	images/sec: 50.9 +/- 0.0 (jitter = 0.2)	7.689
53	images/sec: 50.9 +/- 0.0 (jitter = 0.2)	7.694
54	images/sec: 50.9 +/- 0.0 (jitter = 0.2)	7.848
55	images/sec: 50.9 +/- 0.0 (jitter = 0.2)	7.810
56	images/sec: 50.9 +/- 0.0 (jitter = 0.2)	7.679
57	images/sec: 50.9 +/- 0.0 (jitter = 0.2)	7.793
58	images/sec: 50.9 +/- 0.0 (jitter = 0.2)	7.855
59	images/sec: 50.9 +/- 0.0 (jitter = 0.2)	7.853
60	images/sec: 50.9 +/- 0.0 (jitter = 0.2)	7.845
61	images/sec: 50.9 +/- 0.0 (jitter = 0.2)	7.880
62	images/sec: 50.9 +/- 0.0 (jitter = 0.2)	7.799
63	images/sec: 50.9 +/- 0.0 (jitter = 0.2)	7.728
64	images/sec: 50.9 +/- 0.0 (jitter = 0.2)	7.749
65	images/sec: 50.9 +/- 0.0 (jitter = 0.2)	7.731
66	images/sec: 50.9 +/- 0.0 (jitter = 0.2)	7.900
67	images/sec: 50.9 +/- 0.0 (jitter = 0.2)	7.644
68	images/sec: 50.9 +/- 0.0 (jitter = 0.2)	7.743
69	images/sec: 50.9 +/- 0.0 (jitter = 0.2)	7.918
70	images/sec: 50.9 +/- 0.0 (jitter = 0.2)	7.730
71	images/sec: 50.9 +/- 0.0 (jitter = 0.2)	7.708
72	images/sec: 50.9 +/- 0.0 (jitter = 0.2)	7.730
73	images/sec: 50.9 +/- 0.0 (jitter = 0.2)	7.782
74	images/sec: 50.9 +/- 0.0 (jitter = 0.2)	7.718
75	images/sec: 50.9 +/- 0.0 (jitter = 0.2)	7.787
76	images/sec: 50.9 +/- 0.0 (jitter = 0.2)	7.694
77	images/sec: 50.9 +/- 0.0 (jitter = 0.2)	7.829
78	images/sec: 50.9 +/- 0.0 (jitter = 0.2)	7.638
79	images/sec: 50.9 +/- 0.0 (jitter = 0.2)	7.785
80	images/sec: 50.9 +/- 0.0 (jitter = 0.2)	7.746
81	images/sec: 50.9 +/- 0.0 (jitter = 0.2)	7.839
82	images/sec: 50.9 +/- 0.0 (jitter = 0.2)	8.036
83	images/sec: 50.9 +/- 0.0 (jitter = 0.2)	7.764
84	images/sec: 50.9 +/- 0.0 (jitter = 0.2)	7.718
85	images/sec: 50.9 +/- 0.0 (jitter = 0.2)	7.805
86	images/sec: 50.9 +/- 0.0 (jitter = 0.2)	7.711
87	images/sec: 50.9 +/- 0.0 (jitter = 0.2)	7.670
88	images/sec: 50.9 +/- 0.0 (jitter = 0.2)	7.887
89	images/sec: 50.9 +/- 0.0 (jitter = 0.2)	7.898
90	images/sec: 50.9 +/- 0.0 (jitter = 0.2)	7.767
91	images/sec: 50.9 +/- 0.0 (jitter = 0.2)	7.843
92	images/sec: 50.9 +/- 0.0 (jitter = 0.2)	7.806
93	images/sec: 50.9 +/- 0.0 (jitter = 0.2)	7.825
94	images/sec: 50.9 +/- 0.0 (jitter = 0.2)	7.852
95	images/sec: 50.9 +/- 0.0 (jitter = 0.2)	7.680
96	images/sec: 50.9 +/- 0.0 (jitter = 0.2)	7.859
97	images/sec: 50.9 +/- 0.0 (jitter = 0.2)	7.644
98	images/sec: 50.9 +/- 0.0 (jitter = 0.2)	7.823
99	images/sec: 50.9 +/- 0.0 (jitter = 0.2)	7.860
100	images/sec: 50.9 +/- 0.0 (jitter = 0.2)	7.822
101	images/sec: 50.9 +/- 0.0 (jitter = 0.2)	7.731
102	images/sec: 50.9 +/- 0.0 (jitter = 0.2)	7.695
103	images/sec: 50.9 +/- 0.0 (jitter = 0.2)	7.779
104	images/sec: 50.9 +/- 0.0 (jitter = 0.2)	7.700
105	images/sec: 50.9 +/- 0.0 (jitter = 0.2)	7.730
106	images/sec: 50.9 +/- 0.0 (jitter = 0.2)	7.801
107	images/sec: 50.9 +/- 0.0 (jitter = 0.2)	7.712
108	images/sec: 50.9 +/- 0.0 (jitter = 0.2)	7.844
109	images/sec: 50.8 +/- 0.0 (jitter = 0.2)	7.762
110	images/sec: 50.8 +/- 0.0 (jitter = 0.3)	7.876
111	images/sec: 50.9 +/- 0.0 (jitter = 0.3)	7.724
112	images/sec: 50.9 +/- 0.0 (jitter = 0.3)	7.691
113	images/sec: 50.9 +/- 0.0 (jitter = 0.3)	7.856
114	images/sec: 50.9 +/- 0.0 (jitter = 0.3)	7.770
115	images/sec: 50.9 +/- 0.0 (jitter = 0.3)	7.772
116	images/sec: 50.9 +/- 0.0 (jitter = 0.2)	7.702
117	images/sec: 50.9 +/- 0.0 (jitter = 0.3)	7.694
118	images/sec: 50.9 +/- 0.0 (jitter = 0.3)	7.848
119	images/sec: 50.9 +/- 0.0 (jitter = 0.3)	7.741
120	images/sec: 50.8 +/- 0.0 (jitter = 0.3)	7.807
121	images/sec: 50.8 +/- 0.0 (jitter = 0.3)	7.629
122	images/sec: 50.8 +/- 0.0 (jitter = 0.3)	7.803
123	images/sec: 50.8 +/- 0.0 (jitter = 0.3)	7.662
124	images/sec: 50.8 +/- 0.0 (jitter = 0.3)	7.807
125	images/sec: 50.8 +/- 0.0 (jitter = 0.3)	7.894
126	images/sec: 50.8 +/- 0.0 (jitter = 0.2)	7.806
127	images/sec: 50.8 +/- 0.0 (jitter = 0.2)	7.866
128	images/sec: 50.8 +/- 0.0 (jitter = 0.2)	7.678
129	images/sec: 50.8 +/- 0.0 (jitter = 0.2)	7.775
130	images/sec: 50.8 +/- 0.0 (jitter = 0.2)	7.817
131	images/sec: 50.8 +/- 0.0 (jitter = 0.2)	7.769
132	images/sec: 50.8 +/- 0.0 (jitter = 0.2)	7.793
133	images/sec: 50.8 +/- 0.0 (jitter = 0.2)	7.851
134	images/sec: 50.8 +/- 0.0 (jitter = 0.2)	7.771
135	images/sec: 50.8 +/- 0.0 (jitter = 0.2)	7.827
136	images/sec: 50.8 +/- 0.0 (jitter = 0.2)	7.711
137	images/sec: 50.8 +/- 0.0 (jitter = 0.2)	7.734
138	images/sec: 50.8 +/- 0.0 (jitter = 0.2)	7.784
139	images/sec: 50.8 +/- 0.0 (jitter = 0.2)	7.828
140	images/sec: 50.8 +/- 0.0 (jitter = 0.2)	7.675
141	images/sec: 50.8 +/- 0.0 (jitter = 0.2)	7.633
142	images/sec: 50.8 +/- 0.0 (jitter = 0.2)	7.741
143	images/sec: 50.8 +/- 0.0 (jitter = 0.2)	7.756
144	images/sec: 50.8 +/- 0.0 (jitter = 0.2)	7.700
145	images/sec: 50.8 +/- 0.0 (jitter = 0.2)	7.770
146	images/sec: 50.8 +/- 0.0 (jitter = 0.2)	7.855
147	images/sec: 50.8 +/- 0.0 (jitter = 0.2)	7.850
148	images/sec: 50.8 +/- 0.0 (jitter = 0.2)	7.744
149	images/sec: 50.8 +/- 0.0 (jitter = 0.2)	7.751
150	images/sec: 50.8 +/- 0.0 (jitter = 0.2)	7.811
151	images/sec: 50.8 +/- 0.0 (jitter = 0.2)	7.708
152	images/sec: 50.8 +/- 0.0 (jitter = 0.2)	7.745
153	images/sec: 50.8 +/- 0.0 (jitter = 0.2)	7.748
154	images/sec: 50.8 +/- 0.0 (jitter = 0.2)	7.743
155	images/sec: 50.8 +/- 0.0 (jitter = 0.2)	7.860
156	images/sec: 50.8 +/- 0.0 (jitter = 0.2)	7.836
157	images/sec: 50.8 +/- 0.0 (jitter = 0.2)	7.813
158	images/sec: 50.8 +/- 0.0 (jitter = 0.2)	7.766
159	images/sec: 50.8 +/- 0.0 (jitter = 0.2)	7.700
160	images/sec: 51.0 +/- 0.3 (jitter = 0.2)	7.784
161	images/sec: 51.1 +/- 0.4 (jitter = 0.2)	7.945
162	images/sec: 51.3 +/- 0.5 (jitter = 0.2)	7.661
163	images/sec: 51.4 +/- 0.5 (jitter = 0.3)	7.761
164	images/sec: 51.6 +/- 0.6 (jitter = 0.2)	7.692
165	images/sec: 51.7 +/- 0.7 (jitter = 0.3)	7.659
166	images/sec: 51.9 +/- 0.7 (jitter = 0.3)	7.920
167	images/sec: 52.0 +/- 0.7 (jitter = 0.3)	7.704
168	images/sec: 52.1 +/- 0.8 (jitter = 0.3)	7.772
169	images/sec: 52.3 +/- 0.8 (jitter = 0.3)	7.773
170	images/sec: 52.4 +/- 0.8 (jitter = 0.3)	7.818
171	images/sec: 52.6 +/- 0.9 (jitter = 0.3)	7.750
172	images/sec: 52.7 +/- 0.9 (jitter = 0.3)	7.826
173	images/sec: 52.8 +/- 0.9 (jitter = 0.3)	7.703
174	images/sec: 53.0 +/- 1.0 (jitter = 0.3)	7.739
175	images/sec: 53.1 +/- 1.0 (jitter = 0.3)	7.844
176	images/sec: 53.2 +/- 1.0 (jitter = 0.3)	7.734
177	images/sec: 53.4 +/- 1.0 (jitter = 0.3)	7.635
178	images/sec: 53.5 +/- 1.0 (jitter = 0.3)	7.807
179	images/sec: 53.6 +/- 1.1 (jitter = 0.3)	7.783
180	images/sec: 53.8 +/- 1.1 (jitter = 0.3)	7.821
181	images/sec: 53.9 +/- 1.1 (jitter = 0.3)	7.754
182	images/sec: 54.0 +/- 1.1 (jitter = 0.3)	7.758
183	images/sec: 54.2 +/- 1.1 (jitter = 0.3)	7.710
184	images/sec: 54.3 +/- 1.1 (jitter = 0.3)	7.789
185	images/sec: 54.4 +/- 1.1 (jitter = 0.3)	7.886
186	images/sec: 54.5 +/- 1.2 (jitter = 0.3)	7.695
187	images/sec: 54.7 +/- 1.2 (jitter = 0.3)	7.701
188	images/sec: 54.8 +/- 1.2 (jitter = 0.3)	7.824
189	images/sec: 54.9 +/- 1.2 (jitter = 0.3)	7.737
190	images/sec: 55.0 +/- 1.2 (jitter = 0.3)	7.764
191	images/sec: 55.2 +/- 1.2 (jitter = 0.3)	7.705
192	images/sec: 55.3 +/- 1.2 (jitter = 0.3)	7.822
193	images/sec: 55.4 +/- 1.2 (jitter = 0.3)	7.822
194	images/sec: 55.5 +/- 1.2 (jitter = 0.3)	7.923
195	images/sec: 55.6 +/- 1.2 (jitter = 0.3)	7.701
196	images/sec: 55.8 +/- 1.3 (jitter = 0.3)	7.726
197	images/sec: 55.9 +/- 1.3 (jitter = 0.4)	7.694
198	images/sec: 56.0 +/- 1.3 (jitter = 0.4)	7.752
199	images/sec: 56.1 +/- 1.3 (jitter = 0.4)	7.789
200	images/sec: 56.2 +/- 1.3 (jitter = 0.4)	7.720
201	images/sec: 56.3 +/- 1.3 (jitter = 0.4)	7.761
202	images/sec: 56.5 +/- 1.3 (jitter = 0.4)	7.869
203	images/sec: 56.6 +/- 1.3 (jitter = 0.4)	7.747
204	images/sec: 56.7 +/- 1.3 (jitter = 0.4)	7.756
205	images/sec: 56.8 +/- 1.3 (jitter = 0.4)	7.839
206	images/sec: 56.9 +/- 1.3 (jitter = 0.4)	7.789
207	images/sec: 57.0 +/- 1.3 (jitter = 0.4)	7.748
208	images/sec: 57.1 +/- 1.3 (jitter = 0.4)	7.733
209	images/sec: 57.3 +/- 1.3 (jitter = 0.4)	7.830
210	images/sec: 57.4 +/- 1.3 (jitter = 0.4)	7.902
211	images/sec: 57.5 +/- 1.3 (jitter = 0.4)	7.709
212	images/sec: 57.6 +/- 1.3 (jitter = 0.4)	7.846
213	images/sec: 57.7 +/- 1.3 (jitter = 0.4)	7.626
214	images/sec: 57.8 +/- 1.3 (jitter = 0.4)	7.880
215	images/sec: 57.9 +/- 1.3 (jitter = 0.4)	7.892
216	images/sec: 58.0 +/- 1.3 (jitter = 0.4)	7.628
217	images/sec: 58.1 +/- 1.3 (jitter = 0.4)	7.677
218	images/sec: 58.2 +/- 1.4 (jitter = 0.5)	7.858
219	images/sec: 58.3 +/- 1.4 (jitter = 0.5)	7.698
220	images/sec: 58.4 +/- 1.4 (jitter = 0.5)	7.769
221	images/sec: 58.5 +/- 1.4 (jitter = 0.5)	7.958
222	images/sec: 58.6 +/- 1.4 (jitter = 0.5)	7.855
223	images/sec: 58.7 +/- 1.4 (jitter = 0.5)	7.688
224	images/sec: 58.8 +/- 1.4 (jitter = 0.5)	7.673
225	images/sec: 58.9 +/- 1.4 (jitter = 0.5)	7.800
226	images/sec: 59.0 +/- 1.4 (jitter = 0.5)	7.830
227	images/sec: 59.1 +/- 1.4 (jitter = 0.5)	7.783
228	images/sec: 59.2 +/- 1.4 (jitter = 0.5)	7.852
229	images/sec: 59.3 +/- 1.4 (jitter = 0.5)	7.785
230	images/sec: 59.4 +/- 1.4 (jitter = 0.5)	7.875
231	images/sec: 59.5 +/- 1.4 (jitter = 0.6)	7.658
232	images/sec: 59.6 +/- 1.4 (jitter = 0.6)	7.704
233	images/sec: 59.7 +/- 1.4 (jitter = 0.6)	7.717
234	images/sec: 59.8 +/- 1.4 (jitter = 0.6)	7.738
235	images/sec: 59.9 +/- 1.4 (jitter = 0.6)	7.832
236	images/sec: 60.0 +/- 1.4 (jitter = 0.6)	7.643
237	images/sec: 60.1 +/- 1.4 (jitter = 0.6)	7.805
238	images/sec: 60.2 +/- 1.4 (jitter = 0.6)	7.742
239	images/sec: 60.3 +/- 1.4 (jitter = 0.6)	7.777
240	images/sec: 60.4 +/- 1.4 (jitter = 0.6)	7.834
241	images/sec: 60.5 +/- 1.4 (jitter = 0.6)	7.820
242	images/sec: 60.6 +/- 1.4 (jitter = 0.6)	7.850
243	images/sec: 60.7 +/- 1.4 (jitter = 0.6)	7.841
244	images/sec: 60.8 +/- 1.4 (jitter = 0.6)	7.807
245	images/sec: 60.9 +/- 1.4 (jitter = 0.6)	7.784
246	images/sec: 60.9 +/- 1.4 (jitter = 0.6)	7.828
247	images/sec: 61.0 +/- 1.4 (jitter = 0.6)	7.706
248	images/sec: 61.1 +/- 1.4 (jitter = 0.6)	7.781
249	images/sec: 61.2 +/- 1.4 (jitter = 0.6)	7.776
250	images/sec: 61.3 +/- 1.4 (jitter = 0.6)	7.723
251	images/sec: 61.4 +/- 1.4 (jitter = 0.6)	7.742
252	images/sec: 61.5 +/- 1.4 (jitter = 0.6)	7.715
253	images/sec: 61.6 +/- 1.4 (jitter = 0.6)	7.758
254	images/sec: 61.6 +/- 1.4 (jitter = 0.7)	7.782
255	images/sec: 61.7 +/- 1.4 (jitter = 0.7)	7.691
256	images/sec: 61.8 +/- 1.4 (jitter = 0.7)	7.820
257	images/sec: 61.9 +/- 1.4 (jitter = 0.7)	7.674
258	images/sec: 62.0 +/- 1.4 (jitter = 0.7)	7.742
259	images/sec: 62.1 +/- 1.4 (jitter = 0.7)	7.787
260	images/sec: 62.2 +/- 1.4 (jitter = 0.7)	7.750
261	images/sec: 62.2 +/- 1.4 (jitter = 0.7)	7.824
262	images/sec: 62.3 +/- 1.4 (jitter = 0.7)	7.692
263	images/sec: 62.4 +/- 1.4 (jitter = 0.8)	7.710
264	images/sec: 62.5 +/- 1.4 (jitter = 0.8)	7.850
265	images/sec: 62.6 +/- 1.4 (jitter = 0.8)	7.698
266	images/sec: 62.7 +/- 1.4 (jitter = 0.8)	7.670
267	images/sec: 62.7 +/- 1.4 (jitter = 0.8)	7.739
268	images/sec: 62.8 +/- 1.3 (jitter = 0.8)	7.788
269	images/sec: 62.9 +/- 1.3 (jitter = 0.8)	7.756
270	images/sec: 63.0 +/- 1.3 (jitter = 0.8)	7.708
271	images/sec: 63.1 +/- 1.3 (jitter = 0.8)	7.802
272	images/sec: 63.1 +/- 1.3 (jitter = 0.9)	7.816
273	images/sec: 63.2 +/- 1.3 (jitter = 0.9)	7.812
274	images/sec: 63.3 +/- 1.3 (jitter = 0.9)	7.708
275	images/sec: 63.4 +/- 1.3 (jitter = 0.9)	7.655
276	images/sec: 63.5 +/- 1.3 (jitter = 0.9)	7.784
277	images/sec: 63.5 +/- 1.3 (jitter = 0.9)	7.748
278	images/sec: 63.6 +/- 1.3 (jitter = 1.0)	7.795
279	images/sec: 63.7 +/- 1.3 (jitter = 1.0)	7.848
280	images/sec: 63.8 +/- 1.3 (jitter = 1.0)	7.766
281	images/sec: 63.8 +/- 1.3 (jitter = 1.0)	7.867
282	images/sec: 63.9 +/- 1.3 (jitter = 1.0)	7.793
283	images/sec: 64.0 +/- 1.3 (jitter = 1.0)	7.804
284	images/sec: 64.1 +/- 1.3 (jitter = 1.1)	7.814
285	images/sec: 64.1 +/- 1.3 (jitter = 1.2)	7.927
286	images/sec: 64.2 +/- 1.3 (jitter = 1.2)	7.847
287	images/sec: 64.3 +/- 1.3 (jitter = 1.2)	7.797
288	images/sec: 64.4 +/- 1.3 (jitter = 1.2)	7.769
289	images/sec: 64.4 +/- 1.3 (jitter = 1.2)	7.798
290	images/sec: 64.5 +/- 1.3 (jitter = 1.2)	7.808
291	images/sec: 64.6 +/- 1.3 (jitter = 1.2)	7.767
292	images/sec: 64.6 +/- 1.3 (jitter = 1.3)	7.689
293	images/sec: 64.7 +/- 1.3 (jitter = 1.3)	7.742
294	images/sec: 64.8 +/- 1.3 (jitter = 1.3)	7.662
295	images/sec: 64.8 +/- 1.3 (jitter = 1.3)	7.694
296	images/sec: 64.9 +/- 1.3 (jitter = 1.3)	7.715
297	images/sec: 65.0 +/- 1.3 (jitter = 1.4)	7.893
298	images/sec: 65.1 +/- 1.3 (jitter = 1.4)	7.793
299	images/sec: 65.1 +/- 1.3 (jitter = 1.4)	7.631
300	images/sec: 65.2 +/- 1.3 (jitter = 1.6)	7.707
301	images/sec: 65.3 +/- 1.3 (jitter = 1.8)	7.751
302	images/sec: 65.3 +/- 1.3 (jitter = 1.8)	7.702
303	images/sec: 65.4 +/- 1.3 (jitter = 1.8)	7.792
304	images/sec: 65.5 +/- 1.3 (jitter = 1.9)	7.740
305	images/sec: 65.5 +/- 1.3 (jitter = 1.9)	7.749
306	images/sec: 65.6 +/- 1.3 (jitter = 2.0)	7.825
307	images/sec: 65.7 +/- 1.3 (jitter = 2.0)	7.752
308	images/sec: 65.7 +/- 1.3 (jitter = 2.0)	7.806
309	images/sec: 65.8 +/- 1.3 (jitter = 2.1)	7.694
310	images/sec: 65.9 +/- 1.3 (jitter = 2.2)	7.892
311	images/sec: 65.9 +/- 1.3 (jitter = 2.3)	7.722
312	images/sec: 66.0 +/- 1.3 (jitter = 2.4)	7.773
313	images/sec: 66.1 +/- 1.3 (jitter = 2.5)	7.750
314	images/sec: 66.1 +/- 1.3 (jitter = 2.7)	7.827
315	images/sec: 66.2 +/- 1.3 (jitter = 2.9)	7.787
316	images/sec: 66.3 +/- 1.3 (jitter = 6.1)	7.827
317	images/sec: 66.3 +/- 1.3 (jitter = 9.4)	7.748
318	images/sec: 66.4 +/- 1.3 (jitter = 33.8)	7.677
319	images/sec: 66.5 +/- 1.3 (jitter = 6.9)	7.661
320	images/sec: 66.5 +/- 1.3 (jitter = 6.7)	7.671
321	images/sec: 66.6 +/- 1.3 (jitter = 6.5)	7.767
322	images/sec: 66.6 +/- 1.3 (jitter = 6.1)	7.811
323	images/sec: 66.7 +/- 1.2 (jitter = 5.8)	7.803
324	images/sec: 66.8 +/- 1.2 (jitter = 5.2)	7.700
325	images/sec: 66.8 +/- 1.2 (jitter = 4.6)	7.797
326	images/sec: 66.9 +/- 1.2 (jitter = 4.5)	7.858
327	images/sec: 67.0 +/- 1.2 (jitter = 4.4)	7.748
328	images/sec: 67.0 +/- 1.2 (jitter = 3.9)	7.705
329	images/sec: 67.1 +/- 1.2 (jitter = 3.5)	7.685
330	images/sec: 67.1 +/- 1.2 (jitter = 3.4)	7.733
331	images/sec: 67.2 +/- 1.2 (jitter = 3.3)	7.643
332	images/sec: 67.3 +/- 1.2 (jitter = 3.2)	7.695
333	images/sec: 67.3 +/- 1.2 (jitter = 3.2)	7.848
334	images/sec: 67.4 +/- 1.2 (jitter = 3.1)	7.712
335	images/sec: 67.4 +/- 1.2 (jitter = 3.1)	7.694
336	images/sec: 67.5 +/- 1.2 (jitter = 3.0)	7.717
337	images/sec: 67.6 +/- 1.2 (jitter = 2.9)	7.770
338	images/sec: 67.6 +/- 1.2 (jitter = 2.8)	7.870
339	images/sec: 67.7 +/- 1.2 (jitter = 2.7)	7.851
340	images/sec: 67.7 +/- 1.2 (jitter = 2.7)	7.762
341	images/sec: 67.8 +/- 1.2 (jitter = 2.7)	7.728
342	images/sec: 67.8 +/- 1.2 (jitter = 2.6)	7.719
343	images/sec: 67.9 +/- 1.2 (jitter = 2.6)	7.796
344	images/sec: 68.0 +/- 1.2 (jitter = 2.5)	7.718
345	images/sec: 68.0 +/- 1.2 (jitter = 2.4)	7.640
346	images/sec: 68.1 +/- 1.2 (jitter = 2.4)	7.730
347	images/sec: 68.1 +/- 1.2 (jitter = 2.3)	7.727
348	images/sec: 68.2 +/- 1.2 (jitter = 2.3)	7.828
349	images/sec: 68.2 +/- 1.2 (jitter = 2.2)	7.693
350	images/sec: 68.3 +/- 1.2 (jitter = 2.2)	7.740
351	images/sec: 68.4 +/- 1.2 (jitter = 2.1)	7.826
352	images/sec: 68.4 +/- 1.2 (jitter = 2.1)	7.728
353	images/sec: 68.5 +/- 1.2 (jitter = 2.0)	7.904
354	images/sec: 68.5 +/- 1.2 (jitter = 1.9)	7.692
355	images/sec: 68.6 +/- 1.2 (jitter = 1.8)	7.774
356	images/sec: 68.6 +/- 1.2 (jitter = 1.8)	7.713
357	images/sec: 68.7 +/- 1.2 (jitter = 1.8)	7.673
358	images/sec: 68.7 +/- 1.2 (jitter = 1.8)	7.749
359	images/sec: 68.8 +/- 1.2 (jitter = 1.8)	7.694
360	images/sec: 68.8 +/- 1.2 (jitter = 1.7)	7.882
361	images/sec: 68.9 +/- 1.2 (jitter = 1.7)	7.729
362	images/sec: 69.0 +/- 1.2 (jitter = 1.6)	7.801
363	images/sec: 69.0 +/- 1.2 (jitter = 1.6)	7.669
364	images/sec: 69.1 +/- 1.2 (jitter = 1.6)	7.680
365	images/sec: 69.1 +/- 1.2 (jitter = 1.6)	7.782
366	images/sec: 69.2 +/- 1.2 (jitter = 1.6)	7.827
367	images/sec: 69.2 +/- 1.2 (jitter = 1.6)	7.728
368	images/sec: 69.3 +/- 1.2 (jitter = 1.6)	7.739
369	images/sec: 69.3 +/- 1.2 (jitter = 1.5)	7.645
370	images/sec: 69.4 +/- 1.2 (jitter = 1.5)	7.765
371	images/sec: 69.4 +/- 1.2 (jitter = 1.5)	7.610
372	images/sec: 69.5 +/- 1.2 (jitter = 1.5)	7.703
373	images/sec: 69.5 +/- 1.1 (jitter = 1.5)	7.809
374	images/sec: 69.6 +/- 1.1 (jitter = 1.5)	7.728
375	images/sec: 69.6 +/- 1.1 (jitter = 1.5)	7.822
376	images/sec: 69.7 +/- 1.1 (jitter = 1.5)	7.865
377	images/sec: 69.7 +/- 1.1 (jitter = 1.5)	7.784
378	images/sec: 69.8 +/- 1.1 (jitter = 1.4)	7.732
379	images/sec: 69.8 +/- 1.1 (jitter = 1.5)	7.689
380	images/sec: 69.9 +/- 1.1 (jitter = 1.4)	7.717
381	images/sec: 69.9 +/- 1.1 (jitter = 1.4)	7.744
382	images/sec: 70.0 +/- 1.1 (jitter = 1.4)	7.750
383	images/sec: 70.0 +/- 1.1 (jitter = 1.4)	7.841
384	images/sec: 70.1 +/- 1.1 (jitter = 1.4)	7.797
385	images/sec: 70.1 +/- 1.1 (jitter = 1.3)	7.825
386	images/sec: 70.2 +/- 1.1 (jitter = 1.3)	7.828
387	images/sec: 70.2 +/- 1.1 (jitter = 1.3)	7.823
388	images/sec: 70.3 +/- 1.1 (jitter = 1.3)	7.859
389	images/sec: 70.3 +/- 1.1 (jitter = 1.3)	7.800
390	images/sec: 70.4 +/- 1.1 (jitter = 1.3)	7.842
391	images/sec: 70.4 +/- 1.1 (jitter = 1.3)	7.730
392	images/sec: 70.5 +/- 1.1 (jitter = 1.3)	7.798
393	images/sec: 70.5 +/- 1.1 (jitter = 1.3)	7.871
394	images/sec: 70.6 +/- 1.1 (jitter = 1.3)	7.817
395	images/sec: 70.6 +/- 1.1 (jitter = 1.3)	7.823
396	images/sec: 70.6 +/- 1.1 (jitter = 1.3)	7.867
397	images/sec: 70.7 +/- 1.1 (jitter = 1.2)	7.661
398	images/sec: 70.7 +/- 1.1 (jitter = 1.2)	7.844
399	images/sec: 70.8 +/- 1.1 (jitter = 1.2)	7.696
400	images/sec: 70.8 +/- 1.1 (jitter = 1.2)	7.759
401	images/sec: 70.9 +/- 1.1 (jitter = 1.2)	7.775
402	images/sec: 70.9 +/- 1.1 (jitter = 1.2)	7.686
403	images/sec: 71.0 +/- 1.1 (jitter = 1.2)	7.717
404	images/sec: 71.0 +/- 1.1 (jitter = 1.2)	7.749
405	images/sec: 71.1 +/- 1.1 (jitter = 1.2)	7.742
406	images/sec: 71.1 +/- 1.1 (jitter = 1.2)	7.733
407	images/sec: 71.1 +/- 1.1 (jitter = 1.1)	7.650
408	images/sec: 71.2 +/- 1.1 (jitter = 1.1)	7.830
409	images/sec: 71.2 +/- 1.1 (jitter = 1.1)	7.725
410	images/sec: 71.3 +/- 1.1 (jitter = 1.1)	7.712
411	images/sec: 71.3 +/- 1.1 (jitter = 1.1)	7.811
412	images/sec: 71.4 +/- 1.1 (jitter = 1.1)	7.791
413	images/sec: 71.4 +/- 1.1 (jitter = 1.1)	7.769
414	images/sec: 71.5 +/- 1.1 (jitter = 1.1)	7.856
415	images/sec: 71.5 +/- 1.1 (jitter = 1.1)	7.776
416	images/sec: 71.5 +/- 1.1 (jitter = 1.1)	7.767
417	images/sec: 71.6 +/- 1.1 (jitter = 1.1)	7.687
418	images/sec: 71.6 +/- 1.1 (jitter = 1.1)	7.704
419	images/sec: 71.7 +/- 1.1 (jitter = 1.1)	7.873
420	images/sec: 71.7 +/- 1.1 (jitter = 1.1)	7.751
421	images/sec: 71.8 +/- 1.1 (jitter = 1.1)	7.630
422	images/sec: 71.8 +/- 1.1 (jitter = 1.1)	7.731
423	images/sec: 71.8 +/- 1.1 (jitter = 1.1)	7.887
424	images/sec: 71.9 +/- 1.1 (jitter = 1.1)	7.770
425	images/sec: 71.9 +/- 1.1 (jitter = 1.1)	7.736
426	images/sec: 72.0 +/- 1.1 (jitter = 1.1)	7.757
427	images/sec: 72.0 +/- 1.0 (jitter = 1.0)	7.748
428	images/sec: 72.1 +/- 1.0 (jitter = 1.0)	7.746
429	images/sec: 72.1 +/- 1.0 (jitter = 1.1)	7.756
430	images/sec: 72.1 +/- 1.0 (jitter = 1.0)	7.804
431	images/sec: 72.2 +/- 1.0 (jitter = 1.0)	7.759
432	images/sec: 72.2 +/- 1.0 (jitter = 1.0)	7.786
433	images/sec: 72.3 +/- 1.0 (jitter = 1.0)	7.756
434	images/sec: 72.3 +/- 1.0 (jitter = 1.0)	7.738
435	images/sec: 72.3 +/- 1.0 (jitter = 1.0)	7.738
436	images/sec: 72.4 +/- 1.0 (jitter = 1.0)	7.727
437	images/sec: 72.4 +/- 1.0 (jitter = 1.0)	7.877
438	images/sec: 72.5 +/- 1.0 (jitter = 1.0)	7.648
439	images/sec: 72.5 +/- 1.0 (jitter = 1.0)	7.744
440	images/sec: 72.5 +/- 1.0 (jitter = 1.0)	7.817
441	images/sec: 72.6 +/- 1.0 (jitter = 1.0)	7.714
442	images/sec: 72.6 +/- 1.0 (jitter = 1.0)	7.698
443	images/sec: 72.7 +/- 1.0 (jitter = 1.0)	7.720
444	images/sec: 72.7 +/- 1.0 (jitter = 1.0)	7.769
445	images/sec: 72.7 +/- 1.0 (jitter = 1.0)	7.855
446	images/sec: 72.8 +/- 1.0 (jitter = 1.0)	7.675
447	images/sec: 72.8 +/- 1.0 (jitter = 1.0)	7.682
448	images/sec: 72.9 +/- 1.0 (jitter = 1.0)	7.706
449	images/sec: 72.9 +/- 1.0 (jitter = 1.0)	7.770
450	images/sec: 72.9 +/- 1.0 (jitter = 1.0)	7.742
451	images/sec: 73.0 +/- 1.0 (jitter = 1.0)	7.744
452	images/sec: 73.0 +/- 1.0 (jitter = 1.0)	7.713
453	images/sec: 73.0 +/- 1.0 (jitter = 1.0)	7.748
454	images/sec: 73.1 +/- 1.0 (jitter = 1.0)	7.802
455	images/sec: 73.1 +/- 1.0 (jitter = 1.0)	7.669
456	images/sec: 73.2 +/- 1.0 (jitter = 1.0)	7.860
457	images/sec: 73.2 +/- 1.0 (jitter = 1.0)	7.669
458	images/sec: 73.2 +/- 1.0 (jitter = 1.0)	7.894
459	images/sec: 73.3 +/- 1.0 (jitter = 1.0)	7.886
460	images/sec: 73.3 +/- 1.0 (jitter = 1.0)	7.744
461	images/sec: 73.3 +/- 1.0 (jitter = 1.0)	7.776
462	images/sec: 73.4 +/- 1.0 (jitter = 1.0)	7.810
463	images/sec: 73.4 +/- 1.0 (jitter = 1.0)	7.694
464	images/sec: 73.5 +/- 1.0 (jitter = 1.0)	7.750
465	images/sec: 73.5 +/- 1.0 (jitter = 1.0)	7.695
466	images/sec: 73.5 +/- 1.0 (jitter = 1.0)	7.714
467	images/sec: 73.6 +/- 1.0 (jitter = 1.0)	7.779
468	images/sec: 73.6 +/- 1.0 (jitter = 1.0)	7.691
469	images/sec: 73.6 +/- 1.0 (jitter = 1.0)	7.783
470	images/sec: 73.7 +/- 1.0 (jitter = 1.0)	7.798
471	images/sec: 73.7 +/- 1.0 (jitter = 1.0)	7.666
472	images/sec: 73.8 +/- 1.0 (jitter = 1.0)	7.739
473	images/sec: 73.8 +/- 1.0 (jitter = 1.0)	7.753
474	images/sec: 73.8 +/- 1.0 (jitter = 1.0)	7.654
475	images/sec: 73.9 +/- 1.0 (jitter = 1.0)	7.777
476	images/sec: 73.9 +/- 1.0 (jitter = 1.0)	7.761
477	images/sec: 73.9 +/- 1.0 (jitter = 0.9)	7.745
478	images/sec: 74.0 +/- 1.0 (jitter = 0.9)	7.716
479	images/sec: 74.0 +/- 1.0 (jitter = 0.9)	7.822
480	images/sec: 74.0 +/- 1.0 (jitter = 0.9)	7.808
481	images/sec: 74.1 +/- 1.0 (jitter = 0.9)	7.637
482	images/sec: 74.1 +/- 1.0 (jitter = 0.9)	7.774
483	images/sec: 74.1 +/- 1.0 (jitter = 0.9)	7.795
484	images/sec: 74.2 +/- 1.0 (jitter = 0.9)	7.693
485	images/sec: 74.2 +/- 1.0 (jitter = 0.9)	7.765
486	images/sec: 74.2 +/- 1.0 (jitter = 0.9)	7.737
487	images/sec: 74.3 +/- 1.0 (jitter = 0.9)	7.855
488	images/sec: 74.3 +/- 1.0 (jitter = 0.9)	7.814
489	images/sec: 74.3 +/- 1.0 (jitter = 0.9)	7.758
490	images/sec: 74.4 +/- 0.9 (jitter = 0.9)	7.762
491	images/sec: 74.4 +/- 0.9 (jitter = 0.9)	7.850
492	images/sec: 74.4 +/- 0.9 (jitter = 0.9)	7.818
493	images/sec: 74.5 +/- 0.9 (jitter = 0.9)	7.796
494	images/sec: 74.5 +/- 0.9 (jitter = 0.9)	7.786
495	images/sec: 74.5 +/- 0.9 (jitter = 0.9)	7.768
496	images/sec: 74.6 +/- 0.9 (jitter = 0.9)	7.765
497	images/sec: 74.6 +/- 0.9 (jitter = 0.9)	7.705
498	images/sec: 74.6 +/- 0.9 (jitter = 0.9)	7.787
499	images/sec: 74.7 +/- 0.9 (jitter = 0.9)	7.887
500	images/sec: 74.7 +/- 0.9 (jitter = 0.9)	7.771
----------------------------------------------------------------
total images/sec: 74.50
----------------------------------------------------------------
