TensorFlow:  1.5
Model:       resnet50
Dataset:     imagenet (synthetic)
Mode:        training
SingleSess:  False
Batch size:  25 global
             25 per device
Devices:     ['/gpu:0']
Data format: NCHW
Layout optimizer: False
Optimizer:   sgd
Variables:   parameter_server
==========
Generating model
WARNING:tensorflow:From /salus/tf_benchmarks/scripts/tf_cnn_benchmarks/convnet_builder.py:372: calling reduce_mean (from tensorflow.python.ops.math_ops) with keep_dims is deprecated and will be removed in a future version.
Instructions for updating:
keep_dims is deprecated, use keepdims instead
WARNING:tensorflow:From /salus/tf_benchmarks/scripts/tf_cnn_benchmarks/benchmark_cnn.py:1124: __init__ (from tensorflow.python.training.supervisor) is deprecated and will be removed in a future version.
Instructions for updating:
Please switch to tf.train.MonitoredTrainingSession
Running warm up
2019-08-22 12:26:28.987399: E tensorflow/stream_executor/cuda/cuda_driver.cc:936] failed to allocate 2.00G (2147483648 bytes) from device: CUDA_ERROR_OUT_OF_MEMORY
2019-08-22 12:26:28.988647: E tensorflow/stream_executor/cuda/cuda_driver.cc:936] failed to allocate 1.80G (1932735232 bytes) from device: CUDA_ERROR_OUT_OF_MEMORY
2019-08-22 12:26:28.989747: E tensorflow/stream_executor/cuda/cuda_driver.cc:936] failed to allocate 1.62G (1739461632 bytes) from device: CUDA_ERROR_OUT_OF_MEMORY
2019-08-22 12:26:28.990837: E tensorflow/stream_executor/cuda/cuda_driver.cc:936] failed to allocate 1.46G (1565515520 bytes) from device: CUDA_ERROR_OUT_OF_MEMORY
2019-08-22 12:26:29.239881: E tensorflow/stream_executor/cuda/cuda_driver.cc:936] failed to allocate 4.00G (4294967296 bytes) from device: CUDA_ERROR_OUT_OF_MEMORY
2019-08-22 12:26:29.240816: E tensorflow/stream_executor/cuda/cuda_driver.cc:936] failed to allocate 4.00G (4294967296 bytes) from device: CUDA_ERROR_OUT_OF_MEMORY
2019-08-22 12:26:29.249404: E tensorflow/stream_executor/cuda/cuda_driver.cc:936] failed to allocate 4.00G (4294967296 bytes) from device: CUDA_ERROR_OUT_OF_MEMORY
2019-08-22 12:26:29.250357: E tensorflow/stream_executor/cuda/cuda_driver.cc:936] failed to allocate 4.00G (4294967296 bytes) from device: CUDA_ERROR_OUT_OF_MEMORY
2019-08-22 12:26:29.267134: E tensorflow/stream_executor/cuda/cuda_driver.cc:936] failed to allocate 4.00G (4294967296 bytes) from device: CUDA_ERROR_OUT_OF_MEMORY
2019-08-22 12:26:29.268075: E tensorflow/stream_executor/cuda/cuda_driver.cc:936] failed to allocate 4.00G (4294967296 bytes) from device: CUDA_ERROR_OUT_OF_MEMORY
2019-08-22 12:26:29.288624: E tensorflow/stream_executor/cuda/cuda_driver.cc:936] failed to allocate 4.00G (4294967296 bytes) from device: CUDA_ERROR_OUT_OF_MEMORY
2019-08-22 12:26:29.289635: E tensorflow/stream_executor/cuda/cuda_driver.cc:936] failed to allocate 4.00G (4294967296 bytes) from device: CUDA_ERROR_OUT_OF_MEMORY
2019-08-22 12:26:29.315334: E tensorflow/stream_executor/cuda/cuda_driver.cc:936] failed to allocate 4.00G (4294967296 bytes) from device: CUDA_ERROR_OUT_OF_MEMORY
2019-08-22 12:26:29.316280: E tensorflow/stream_executor/cuda/cuda_driver.cc:936] failed to allocate 4.00G (4294967296 bytes) from device: CUDA_ERROR_OUT_OF_MEMORY
2019-08-22 12:26:29.362291: E tensorflow/stream_executor/cuda/cuda_driver.cc:936] failed to allocate 4.00G (4294967296 bytes) from device: CUDA_ERROR_OUT_OF_MEMORY
2019-08-22 12:26:29.363360: E tensorflow/stream_executor/cuda/cuda_driver.cc:936] failed to allocate 4.00G (4294967296 bytes) from device: CUDA_ERROR_OUT_OF_MEMORY
2019-08-22 12:26:29.383286: E tensorflow/stream_executor/cuda/cuda_driver.cc:936] failed to allocate 4.00G (4294967296 bytes) from device: CUDA_ERROR_OUT_OF_MEMORY
2019-08-22 12:26:29.384220: E tensorflow/stream_executor/cuda/cuda_driver.cc:936] failed to allocate 4.00G (4294967296 bytes) from device: CUDA_ERROR_OUT_OF_MEMORY
Done warm up
Step	Img/sec	loss
1	images/sec: 140.0 +/- 0.0 (jitter = 0.0)	10.749
2	images/sec: 141.0 +/- 0.7 (jitter = 1.5)	9.113
3	images/sec: 140.1 +/- 0.8 (jitter = 2.4)	9.421
4	images/sec: 141.5 +/- 1.4 (jitter = 2.7)	9.073
5	images/sec: 141.4 +/- 1.1 (jitter = 1.6)	8.849
6	images/sec: 141.2 +/- 1.0 (jitter = 1.5)	8.851
7	images/sec: 141.1 +/- 0.8 (jitter = 1.1)	8.593
8	images/sec: 141.0 +/- 0.7 (jitter = 0.8)	8.484
9	images/sec: 140.8 +/- 0.7 (jitter = 1.1)	8.726
10	images/sec: 140.7 +/- 0.6 (jitter = 0.9)	8.726
11	images/sec: 140.6 +/- 0.6 (jitter = 0.7)	8.281
12	images/sec: 140.3 +/- 0.6 (jitter = 1.1)	8.503
13	images/sec: 140.3 +/- 0.5 (jitter = 0.8)	8.471
14	images/sec: 140.3 +/- 0.5 (jitter = 0.7)	8.372
15	images/sec: 140.3 +/- 0.5 (jitter = 0.8)	8.297
16	images/sec: 140.3 +/- 0.4 (jitter = 0.6)	8.336
17	images/sec: 140.2 +/- 0.4 (jitter = 0.8)	8.271
18	images/sec: 140.2 +/- 0.4 (jitter = 0.6)	8.425
19	images/sec: 140.3 +/- 0.4 (jitter = 0.8)	8.206
20	images/sec: 140.2 +/- 0.4 (jitter = 0.8)	8.228
21	images/sec: 140.2 +/- 0.3 (jitter = 0.8)	8.017
22	images/sec: 140.1 +/- 0.3 (jitter = 0.8)	8.226
23	images/sec: 140.1 +/- 0.3 (jitter = 0.8)	8.268
24	images/sec: 140.1 +/- 0.3 (jitter = 0.9)	8.082
25	images/sec: 140.1 +/- 0.3 (jitter = 0.8)	8.122
26	images/sec: 140.2 +/- 0.3 (jitter = 0.9)	8.093
27	images/sec: 140.2 +/- 0.3 (jitter = 1.0)	8.116
28	images/sec: 140.3 +/- 0.3 (jitter = 0.9)	8.046
29	images/sec: 140.3 +/- 0.3 (jitter = 0.9)	7.988
30	images/sec: 140.2 +/- 0.3 (jitter = 0.9)	8.007
31	images/sec: 140.2 +/- 0.3 (jitter = 0.9)	8.051
32	images/sec: 140.2 +/- 0.3 (jitter = 0.9)	7.904
33	images/sec: 140.2 +/- 0.2 (jitter = 0.9)	8.080
34	images/sec: 140.2 +/- 0.2 (jitter = 0.9)	8.000
35	images/sec: 140.2 +/- 0.2 (jitter = 1.0)	8.027
36	images/sec: 140.2 +/- 0.2 (jitter = 0.9)	8.005
37	images/sec: 140.1 +/- 0.2 (jitter = 1.0)	8.147
38	images/sec: 140.1 +/- 0.2 (jitter = 0.9)	7.907
39	images/sec: 140.1 +/- 0.2 (jitter = 1.0)	7.923
40	images/sec: 140.1 +/- 0.2 (jitter = 1.0)	7.992
41	images/sec: 140.1 +/- 0.2 (jitter = 1.0)	8.052
42	images/sec: 140.1 +/- 0.2 (jitter = 0.9)	7.914
43	images/sec: 140.1 +/- 0.2 (jitter = 0.9)	8.001
44	images/sec: 140.1 +/- 0.2 (jitter = 0.9)	8.053
45	images/sec: 140.1 +/- 0.2 (jitter = 0.9)	7.919
46	images/sec: 140.2 +/- 0.2 (jitter = 0.9)	8.060
47	images/sec: 140.3 +/- 0.2 (jitter = 0.9)	7.759
48	images/sec: 140.2 +/- 0.2 (jitter = 0.9)	8.035
49	images/sec: 140.0 +/- 0.3 (jitter = 1.0)	8.036
50	images/sec: 140.0 +/- 0.3 (jitter = 1.0)	7.994
51	images/sec: 140.0 +/- 0.3 (jitter = 1.0)	7.993
52	images/sec: 140.0 +/- 0.3 (jitter = 1.0)	7.980
53	images/sec: 140.0 +/- 0.3 (jitter = 1.0)	7.943
54	images/sec: 140.0 +/- 0.3 (jitter = 1.0)	7.968
55	images/sec: 140.0 +/- 0.3 (jitter = 1.0)	7.919
56	images/sec: 139.9 +/- 0.3 (jitter = 1.0)	7.895
57	images/sec: 139.9 +/- 0.3 (jitter = 1.0)	7.914
58	images/sec: 139.9 +/- 0.3 (jitter = 1.0)	8.042
59	images/sec: 139.9 +/- 0.3 (jitter = 1.0)	8.021
60	images/sec: 139.9 +/- 0.3 (jitter = 1.0)	8.175
61	images/sec: 139.9 +/- 0.2 (jitter = 1.0)	7.859
62	images/sec: 139.9 +/- 0.2 (jitter = 1.0)	7.886
63	images/sec: 139.9 +/- 0.2 (jitter = 1.0)	8.111
64	images/sec: 139.9 +/- 0.2 (jitter = 0.9)	8.249
65	images/sec: 139.9 +/- 0.2 (jitter = 0.9)	7.842
66	images/sec: 139.9 +/- 0.2 (jitter = 0.9)	7.872
67	images/sec: 139.9 +/- 0.2 (jitter = 0.9)	7.862
68	images/sec: 139.9 +/- 0.2 (jitter = 0.9)	7.981
69	images/sec: 139.9 +/- 0.2 (jitter = 0.9)	7.983
70	images/sec: 139.9 +/- 0.2 (jitter = 0.9)	7.838
71	images/sec: 139.9 +/- 0.2 (jitter = 0.9)	7.869
72	images/sec: 139.9 +/- 0.2 (jitter = 0.9)	7.877
73	images/sec: 140.0 +/- 0.2 (jitter = 0.9)	8.046
74	images/sec: 140.0 +/- 0.2 (jitter = 0.9)	7.942
75	images/sec: 140.0 +/- 0.2 (jitter = 0.9)	7.908
76	images/sec: 140.0 +/- 0.2 (jitter = 0.9)	7.920
77	images/sec: 140.0 +/- 0.2 (jitter = 0.9)	7.967
78	images/sec: 140.0 +/- 0.2 (jitter = 0.9)	7.765
79	images/sec: 140.0 +/- 0.2 (jitter = 0.9)	7.928
80	images/sec: 140.0 +/- 0.2 (jitter = 0.9)	7.844
81	images/sec: 140.0 +/- 0.2 (jitter = 0.9)	7.896
82	images/sec: 140.0 +/- 0.2 (jitter = 0.9)	7.959
83	images/sec: 140.0 +/- 0.2 (jitter = 0.9)	7.914
84	images/sec: 140.0 +/- 0.2 (jitter = 0.9)	7.830
85	images/sec: 140.0 +/- 0.2 (jitter = 0.9)	7.857
86	images/sec: 140.0 +/- 0.2 (jitter = 0.9)	7.867
87	images/sec: 140.0 +/- 0.2 (jitter = 0.9)	8.046
88	images/sec: 140.0 +/- 0.2 (jitter = 0.9)	7.913
89	images/sec: 140.0 +/- 0.2 (jitter = 0.9)	7.916
90	images/sec: 140.0 +/- 0.2 (jitter = 0.8)	8.118
91	images/sec: 140.0 +/- 0.2 (jitter = 0.9)	8.039
92	images/sec: 140.0 +/- 0.2 (jitter = 0.8)	7.822
93	images/sec: 140.0 +/- 0.2 (jitter = 0.8)	7.917
94	images/sec: 140.0 +/- 0.2 (jitter = 0.8)	7.951
95	images/sec: 140.0 +/- 0.2 (jitter = 0.8)	7.987
96	images/sec: 140.0 +/- 0.2 (jitter = 0.8)	7.914
97	images/sec: 140.0 +/- 0.2 (jitter = 0.8)	7.951
98	images/sec: 140.0 +/- 0.2 (jitter = 0.8)	7.909
99	images/sec: 140.0 +/- 0.2 (jitter = 0.8)	7.842
100	images/sec: 140.0 +/- 0.2 (jitter = 0.8)	8.011
101	images/sec: 140.0 +/- 0.2 (jitter = 0.8)	7.888
102	images/sec: 140.0 +/- 0.2 (jitter = 0.8)	7.818
103	images/sec: 140.0 +/- 0.2 (jitter = 0.8)	8.108
104	images/sec: 139.9 +/- 0.2 (jitter = 0.8)	7.961
105	images/sec: 139.9 +/- 0.2 (jitter = 0.8)	7.892
106	images/sec: 139.9 +/- 0.2 (jitter = 0.8)	7.950
107	images/sec: 139.9 +/- 0.2 (jitter = 0.9)	7.954
108	images/sec: 139.9 +/- 0.2 (jitter = 0.9)	7.936
109	images/sec: 139.9 +/- 0.2 (jitter = 0.9)	7.953
110	images/sec: 139.9 +/- 0.2 (jitter = 0.9)	7.937
111	images/sec: 139.9 +/- 0.2 (jitter = 0.9)	7.903
112	images/sec: 139.9 +/- 0.2 (jitter = 0.9)	7.850
113	images/sec: 139.9 +/- 0.2 (jitter = 0.9)	7.925
114	images/sec: 139.9 +/- 0.2 (jitter = 0.9)	7.926
115	images/sec: 139.9 +/- 0.2 (jitter = 0.9)	7.874
116	images/sec: 139.9 +/- 0.2 (jitter = 0.8)	7.702
117	images/sec: 139.9 +/- 0.2 (jitter = 0.9)	7.859
118	images/sec: 140.0 +/- 0.2 (jitter = 0.8)	8.001
119	images/sec: 140.0 +/- 0.1 (jitter = 0.8)	7.851
120	images/sec: 140.0 +/- 0.1 (jitter = 0.8)	7.869
121	images/sec: 140.0 +/- 0.1 (jitter = 0.9)	7.923
122	images/sec: 139.9 +/- 0.1 (jitter = 0.9)	7.944
123	images/sec: 139.9 +/- 0.1 (jitter = 0.9)	7.980
124	images/sec: 139.9 +/- 0.1 (jitter = 0.8)	7.970
125	images/sec: 140.0 +/- 0.1 (jitter = 0.8)	8.036
126	images/sec: 140.0 +/- 0.1 (jitter = 0.8)	7.963
127	images/sec: 140.0 +/- 0.1 (jitter = 0.8)	7.892
128	images/sec: 140.0 +/- 0.1 (jitter = 0.8)	7.877
129	images/sec: 140.0 +/- 0.1 (jitter = 0.8)	7.784
130	images/sec: 140.0 +/- 0.1 (jitter = 0.8)	7.933
131	images/sec: 140.0 +/- 0.1 (jitter = 0.8)	7.969
132	images/sec: 140.0 +/- 0.1 (jitter = 0.8)	7.893
133	images/sec: 140.0 +/- 0.1 (jitter = 0.8)	7.893
134	images/sec: 140.0 +/- 0.1 (jitter = 0.8)	7.864
135	images/sec: 140.0 +/- 0.1 (jitter = 0.8)	7.739
136	images/sec: 140.0 +/- 0.1 (jitter = 0.8)	7.889
137	images/sec: 140.0 +/- 0.1 (jitter = 0.8)	7.812
138	images/sec: 140.0 +/- 0.1 (jitter = 0.8)	7.937
139	images/sec: 140.0 +/- 0.1 (jitter = 0.8)	7.913
140	images/sec: 140.0 +/- 0.1 (jitter = 0.8)	7.846
141	images/sec: 140.0 +/- 0.1 (jitter = 0.8)	7.899
142	images/sec: 140.0 +/- 0.1 (jitter = 0.8)	7.830
143	images/sec: 140.0 +/- 0.1 (jitter = 0.8)	7.930
144	images/sec: 140.0 +/- 0.1 (jitter = 0.8)	8.003
145	images/sec: 140.0 +/- 0.1 (jitter = 0.8)	7.858
146	images/sec: 140.0 +/- 0.1 (jitter = 0.8)	7.960
147	images/sec: 140.0 +/- 0.1 (jitter = 0.8)	7.957
148	images/sec: 140.0 +/- 0.1 (jitter = 0.8)	7.987
149	images/sec: 140.0 +/- 0.1 (jitter = 0.8)	7.932
150	images/sec: 140.0 +/- 0.1 (jitter = 0.8)	7.928
151	images/sec: 140.0 +/- 0.1 (jitter = 0.8)	7.935
152	images/sec: 140.0 +/- 0.1 (jitter = 0.8)	7.930
153	images/sec: 140.0 +/- 0.1 (jitter = 0.8)	7.794
154	images/sec: 140.0 +/- 0.1 (jitter = 0.8)	7.982
155	images/sec: 140.0 +/- 0.1 (jitter = 0.8)	8.012
156	images/sec: 140.1 +/- 0.1 (jitter = 0.8)	7.853
157	images/sec: 140.1 +/- 0.1 (jitter = 0.8)	7.877
158	images/sec: 140.1 +/- 0.1 (jitter = 0.8)	7.897
159	images/sec: 140.1 +/- 0.1 (jitter = 0.8)	7.962
160	images/sec: 140.0 +/- 0.1 (jitter = 0.8)	8.025
161	images/sec: 140.0 +/- 0.1 (jitter = 0.8)	7.845
162	images/sec: 140.0 +/- 0.1 (jitter = 0.8)	7.842
163	images/sec: 140.1 +/- 0.1 (jitter = 0.8)	7.937
164	images/sec: 140.1 +/- 0.1 (jitter = 0.8)	7.955
165	images/sec: 140.1 +/- 0.1 (jitter = 0.8)	7.822
166	images/sec: 140.1 +/- 0.1 (jitter = 0.8)	7.846
167	images/sec: 140.1 +/- 0.1 (jitter = 0.8)	7.976
168	images/sec: 140.1 +/- 0.1 (jitter = 0.8)	7.856
169	images/sec: 140.1 +/- 0.1 (jitter = 0.8)	7.974
170	images/sec: 140.1 +/- 0.1 (jitter = 0.8)	8.014
171	images/sec: 140.1 +/- 0.1 (jitter = 0.8)	7.899
172	images/sec: 140.1 +/- 0.1 (jitter = 0.8)	7.894
173	images/sec: 140.1 +/- 0.1 (jitter = 0.9)	7.799
174	images/sec: 140.1 +/- 0.1 (jitter = 0.9)	7.993
175	images/sec: 140.1 +/- 0.1 (jitter = 0.9)	7.821
176	images/sec: 140.1 +/- 0.1 (jitter = 0.9)	8.040
177	images/sec: 140.1 +/- 0.1 (jitter = 0.9)	7.766
178	images/sec: 140.1 +/- 0.1 (jitter = 0.9)	7.885
179	images/sec: 140.1 +/- 0.1 (jitter = 0.9)	7.954
180	images/sec: 140.1 +/- 0.1 (jitter = 0.9)	7.895
181	images/sec: 140.1 +/- 0.1 (jitter = 0.9)	7.866
182	images/sec: 140.1 +/- 0.1 (jitter = 0.8)	7.888
183	images/sec: 140.1 +/- 0.1 (jitter = 0.8)	7.990
184	images/sec: 140.1 +/- 0.1 (jitter = 0.8)	7.870
185	images/sec: 140.1 +/- 0.1 (jitter = 0.8)	7.972
186	images/sec: 140.1 +/- 0.1 (jitter = 0.8)	7.891
187	images/sec: 140.1 +/- 0.1 (jitter = 0.8)	7.801
188	images/sec: 140.1 +/- 0.1 (jitter = 0.8)	7.807
189	images/sec: 140.1 +/- 0.1 (jitter = 0.8)	7.800
190	images/sec: 140.1 +/- 0.1 (jitter = 0.8)	7.870
191	images/sec: 140.1 +/- 0.1 (jitter = 0.8)	7.912
192	images/sec: 140.1 +/- 0.1 (jitter = 0.8)	7.944
193	images/sec: 140.1 +/- 0.1 (jitter = 0.8)	7.835
194	images/sec: 140.1 +/- 0.1 (jitter = 0.8)	7.957
195	images/sec: 140.1 +/- 0.1 (jitter = 0.8)	7.884
196	images/sec: 140.1 +/- 0.1 (jitter = 0.8)	7.989
197	images/sec: 140.1 +/- 0.1 (jitter = 0.8)	7.826
198	images/sec: 140.1 +/- 0.1 (jitter = 0.8)	7.831
199	images/sec: 140.1 +/- 0.1 (jitter = 0.8)	7.876
200	images/sec: 140.1 +/- 0.1 (jitter = 0.8)	7.984
201	images/sec: 140.1 +/- 0.1 (jitter = 0.8)	7.878
202	images/sec: 140.1 +/- 0.1 (jitter = 0.8)	7.846
203	images/sec: 140.2 +/- 0.1 (jitter = 0.8)	7.873
204	images/sec: 140.2 +/- 0.1 (jitter = 0.8)	7.798
205	images/sec: 140.1 +/- 0.1 (jitter = 0.8)	7.941
206	images/sec: 140.2 +/- 0.1 (jitter = 0.8)	7.708
207	images/sec: 140.1 +/- 0.1 (jitter = 0.8)	7.865
208	images/sec: 140.1 +/- 0.1 (jitter = 0.8)	7.882
209	images/sec: 140.1 +/- 0.1 (jitter = 0.8)	7.876
210	images/sec: 140.1 +/- 0.1 (jitter = 0.8)	8.031
211	images/sec: 140.1 +/- 0.1 (jitter = 0.8)	7.913
212	images/sec: 140.1 +/- 0.1 (jitter = 0.8)	7.980
213	images/sec: 140.1 +/- 0.1 (jitter = 0.8)	8.002
214	images/sec: 140.1 +/- 0.1 (jitter = 0.8)	8.020
215	images/sec: 140.1 +/- 0.1 (jitter = 0.8)	7.940
216	images/sec: 140.0 +/- 0.1 (jitter = 0.8)	7.885
217	images/sec: 140.0 +/- 0.1 (jitter = 0.8)	7.819
218	images/sec: 140.0 +/- 0.1 (jitter = 0.8)	7.862
219	images/sec: 140.0 +/- 0.1 (jitter = 0.8)	7.927
220	images/sec: 140.0 +/- 0.1 (jitter = 0.8)	7.864
221	images/sec: 140.0 +/- 0.1 (jitter = 0.8)	7.814
222	images/sec: 140.0 +/- 0.1 (jitter = 0.8)	7.902
223	images/sec: 140.0 +/- 0.1 (jitter = 0.8)	7.962
224	images/sec: 140.0 +/- 0.1 (jitter = 0.8)	7.882
225	images/sec: 140.0 +/- 0.1 (jitter = 0.8)	7.856
226	images/sec: 140.0 +/- 0.1 (jitter = 0.8)	7.994
227	images/sec: 140.0 +/- 0.1 (jitter = 0.8)	7.872
228	images/sec: 140.0 +/- 0.1 (jitter = 0.8)	7.840
229	images/sec: 140.0 +/- 0.1 (jitter = 0.8)	7.877
230	images/sec: 140.0 +/- 0.1 (jitter = 0.7)	7.972
231	images/sec: 140.0 +/- 0.1 (jitter = 0.7)	7.858
232	images/sec: 140.0 +/- 0.1 (jitter = 0.7)	7.830
233	images/sec: 140.0 +/- 0.1 (jitter = 0.7)	7.914
234	images/sec: 140.0 +/- 0.1 (jitter = 0.7)	7.854
235	images/sec: 140.0 +/- 0.1 (jitter = 0.7)	7.885
236	images/sec: 140.0 +/- 0.1 (jitter = 0.7)	7.904
237	images/sec: 140.0 +/- 0.1 (jitter = 0.7)	7.857
238	images/sec: 140.0 +/- 0.1 (jitter = 0.7)	7.824
239	images/sec: 140.0 +/- 0.1 (jitter = 0.7)	7.958
240	images/sec: 140.0 +/- 0.1 (jitter = 0.7)	7.936
241	images/sec: 140.0 +/- 0.1 (jitter = 0.7)	7.928
242	images/sec: 140.2 +/- 0.2 (jitter = 0.7)	7.770
243	images/sec: 140.3 +/- 0.3 (jitter = 0.7)	7.947
244	images/sec: 140.4 +/- 0.3 (jitter = 0.7)	7.887
245	images/sec: 140.6 +/- 0.4 (jitter = 0.8)	7.803
246	images/sec: 140.7 +/- 0.4 (jitter = 0.8)	7.852
247	images/sec: 140.8 +/- 0.4 (jitter = 0.7)	7.958
248	images/sec: 141.0 +/- 0.5 (jitter = 0.7)	7.914
249	images/sec: 141.2 +/- 0.7 (jitter = 0.7)	7.960
250	images/sec: 141.6 +/- 1.0 (jitter = 0.8)	7.897
251	images/sec: 141.9 +/- 1.2 (jitter = 0.8)	7.844
252	images/sec: 142.2 +/- 1.3 (jitter = 0.8)	7.896
253	images/sec: 142.4 +/- 1.4 (jitter = 0.8)	7.845
254	images/sec: 142.7 +/- 1.6 (jitter = 0.8)	7.798
255	images/sec: 143.0 +/- 1.6 (jitter = 0.8)	7.906
256	images/sec: 143.3 +/- 1.7 (jitter = 0.8)	7.875
257	images/sec: 143.6 +/- 1.8 (jitter = 0.8)	7.879
258	images/sec: 143.9 +/- 1.9 (jitter = 0.8)	7.889
259	images/sec: 144.2 +/- 2.0 (jitter = 0.8)	7.822
260	images/sec: 144.5 +/- 2.1 (jitter = 0.8)	7.846
261	images/sec: 144.7 +/- 2.1 (jitter = 0.8)	7.933
262	images/sec: 145.0 +/- 2.2 (jitter = 0.8)	7.824
263	images/sec: 145.3 +/- 2.3 (jitter = 0.9)	7.855
264	images/sec: 145.6 +/- 2.3 (jitter = 0.9)	7.864
265	images/sec: 145.9 +/- 2.4 (jitter = 0.9)	7.786
266	images/sec: 146.2 +/- 2.4 (jitter = 0.9)	7.934
267	images/sec: 146.4 +/- 2.5 (jitter = 0.9)	7.790
268	images/sec: 146.7 +/- 2.5 (jitter = 0.9)	7.949
269	images/sec: 147.0 +/- 2.6 (jitter = 0.9)	7.954
270	images/sec: 147.3 +/- 2.6 (jitter = 0.9)	7.879
271	images/sec: 147.5 +/- 2.7 (jitter = 0.9)	7.898
272	images/sec: 147.8 +/- 2.7 (jitter = 0.9)	7.907
273	images/sec: 148.1 +/- 2.8 (jitter = 0.9)	7.911
274	images/sec: 148.4 +/- 2.8 (jitter = 0.9)	7.838
275	images/sec: 148.6 +/- 2.8 (jitter = 0.9)	7.812
276	images/sec: 148.9 +/- 2.9 (jitter = 0.9)	7.885
277	images/sec: 149.2 +/- 2.9 (jitter = 0.9)	7.959
278	images/sec: 149.5 +/- 2.9 (jitter = 1.0)	7.954
279	images/sec: 149.7 +/- 3.0 (jitter = 1.0)	7.972
280	images/sec: 150.0 +/- 3.0 (jitter = 1.0)	7.935
281	images/sec: 150.3 +/- 3.0 (jitter = 1.0)	7.796
282	images/sec: 150.5 +/- 3.1 (jitter = 1.0)	7.887
283	images/sec: 150.8 +/- 3.1 (jitter = 1.0)	7.791
284	images/sec: 151.0 +/- 3.1 (jitter = 1.0)	7.935
285	images/sec: 151.3 +/- 3.1 (jitter = 1.0)	7.961
286	images/sec: 151.6 +/- 3.2 (jitter = 1.0)	7.964
287	images/sec: 151.8 +/- 3.2 (jitter = 1.0)	7.873
288	images/sec: 152.1 +/- 3.2 (jitter = 1.0)	7.893
289	images/sec: 152.3 +/- 3.2 (jitter = 1.0)	7.948
290	images/sec: 152.6 +/- 3.3 (jitter = 1.1)	7.929
291	images/sec: 152.9 +/- 3.3 (jitter = 1.1)	7.861
292	images/sec: 153.1 +/- 3.3 (jitter = 1.1)	7.932
293	images/sec: 153.4 +/- 3.3 (jitter = 1.1)	7.777
294	images/sec: 153.6 +/- 3.3 (jitter = 1.1)	7.979
295	images/sec: 153.9 +/- 3.4 (jitter = 1.1)	7.872
296	images/sec: 154.1 +/- 3.4 (jitter = 1.1)	7.797
297	images/sec: 154.4 +/- 3.4 (jitter = 1.1)	7.941
298	images/sec: 154.6 +/- 3.4 (jitter = 1.1)	7.935
299	images/sec: 154.9 +/- 3.4 (jitter = 1.1)	7.864
300	images/sec: 155.1 +/- 3.4 (jitter = 1.1)	7.896
301	images/sec: 155.4 +/- 3.5 (jitter = 1.1)	7.867
302	images/sec: 155.6 +/- 3.5 (jitter = 1.1)	7.857
303	images/sec: 155.9 +/- 3.5 (jitter = 1.2)	7.923
304	images/sec: 156.1 +/- 3.5 (jitter = 1.2)	7.838
305	images/sec: 156.4 +/- 3.5 (jitter = 1.2)	7.859
306	images/sec: 156.6 +/- 3.5 (jitter = 1.2)	7.848
307	images/sec: 156.8 +/- 3.5 (jitter = 1.2)	7.899
308	images/sec: 157.1 +/- 3.6 (jitter = 1.2)	7.910
309	images/sec: 157.3 +/- 3.6 (jitter = 1.2)	7.872
310	images/sec: 157.6 +/- 3.6 (jitter = 1.2)	7.913
311	images/sec: 157.8 +/- 3.6 (jitter = 1.2)	7.802
312	images/sec: 158.0 +/- 3.6 (jitter = 1.2)	7.833
313	images/sec: 158.3 +/- 3.6 (jitter = 1.2)	7.794
314	images/sec: 158.5 +/- 3.6 (jitter = 1.3)	7.812
315	images/sec: 158.8 +/- 3.6 (jitter = 1.3)	7.895
316	images/sec: 159.0 +/- 3.6 (jitter = 1.3)	7.878
317	images/sec: 159.2 +/- 3.7 (jitter = 1.3)	7.997
318	images/sec: 159.5 +/- 3.7 (jitter = 1.3)	7.886
319	images/sec: 159.7 +/- 3.7 (jitter = 1.4)	7.937
320	images/sec: 159.9 +/- 3.7 (jitter = 1.4)	7.874
321	images/sec: 160.2 +/- 3.7 (jitter = 1.4)	7.966
322	images/sec: 160.4 +/- 3.7 (jitter = 1.4)	7.929
323	images/sec: 160.6 +/- 3.7 (jitter = 1.4)	7.824
324	images/sec: 160.8 +/- 3.7 (jitter = 1.4)	7.931
325	images/sec: 161.1 +/- 3.7 (jitter = 1.4)	7.878
326	images/sec: 161.3 +/- 3.7 (jitter = 1.4)	7.943
327	images/sec: 161.5 +/- 3.7 (jitter = 1.4)	7.847
328	images/sec: 161.8 +/- 3.7 (jitter = 1.4)	7.849
329	images/sec: 162.0 +/- 3.7 (jitter = 1.5)	7.835
330	images/sec: 162.2 +/- 3.7 (jitter = 1.5)	7.805
331	images/sec: 162.4 +/- 3.8 (jitter = 1.5)	7.898
332	images/sec: 162.7 +/- 3.8 (jitter = 1.5)	7.886
333	images/sec: 162.9 +/- 3.8 (jitter = 1.5)	7.878
334	images/sec: 163.1 +/- 3.8 (jitter = 1.6)	7.799
335	images/sec: 163.3 +/- 3.8 (jitter = 1.6)	7.895
336	images/sec: 163.5 +/- 3.8 (jitter = 1.6)	7.844
337	images/sec: 163.8 +/- 3.8 (jitter = 1.6)	7.925
338	images/sec: 164.0 +/- 3.8 (jitter = 1.6)	7.978
339	images/sec: 164.2 +/- 3.8 (jitter = 1.6)	7.841
340	images/sec: 164.4 +/- 3.8 (jitter = 1.6)	7.913
341	images/sec: 164.6 +/- 3.8 (jitter = 1.7)	7.879
342	images/sec: 164.9 +/- 3.8 (jitter = 1.7)	7.823
343	images/sec: 165.1 +/- 3.8 (jitter = 1.7)	7.876
344	images/sec: 165.3 +/- 3.8 (jitter = 1.7)	7.866
345	images/sec: 165.5 +/- 3.8 (jitter = 1.7)	7.846
346	images/sec: 165.7 +/- 3.8 (jitter = 1.7)	7.901
347	images/sec: 165.9 +/- 3.8 (jitter = 1.7)	7.848
348	images/sec: 166.1 +/- 3.8 (jitter = 1.7)	7.880
349	images/sec: 166.3 +/- 3.8 (jitter = 1.7)	7.860
350	images/sec: 166.6 +/- 3.8 (jitter = 1.8)	7.890
351	images/sec: 166.8 +/- 3.8 (jitter = 1.8)	8.011
352	images/sec: 167.0 +/- 3.8 (jitter = 1.8)	7.977
353	images/sec: 167.2 +/- 3.8 (jitter = 1.8)	7.749
354	images/sec: 167.4 +/- 3.8 (jitter = 1.8)	7.921
355	images/sec: 167.6 +/- 3.8 (jitter = 1.8)	7.874
356	images/sec: 167.8 +/- 3.8 (jitter = 1.8)	7.858
357	images/sec: 168.0 +/- 3.8 (jitter = 1.9)	7.832
358	images/sec: 168.2 +/- 3.8 (jitter = 1.9)	7.872
359	images/sec: 168.4 +/- 3.8 (jitter = 1.9)	7.814
360	images/sec: 168.6 +/- 3.8 (jitter = 1.9)	7.896
361	images/sec: 168.8 +/- 3.8 (jitter = 1.9)	7.860
362	images/sec: 169.0 +/- 3.8 (jitter = 1.9)	7.824
363	images/sec: 169.2 +/- 3.8 (jitter = 1.9)	7.794
364	images/sec: 169.4 +/- 3.8 (jitter = 1.9)	7.878
365	images/sec: 169.6 +/- 3.8 (jitter = 1.9)	7.811
366	images/sec: 169.8 +/- 3.9 (jitter = 2.0)	7.844
367	images/sec: 170.0 +/- 3.9 (jitter = 2.0)	7.887
368	images/sec: 170.2 +/- 3.9 (jitter = 2.0)	7.872
369	images/sec: 170.4 +/- 3.9 (jitter = 2.0)	7.880
370	images/sec: 170.6 +/- 3.9 (jitter = 2.0)	7.696
371	images/sec: 170.8 +/- 3.9 (jitter = 2.1)	7.816
372	images/sec: 171.0 +/- 3.9 (jitter = 2.1)	7.869
373	images/sec: 171.2 +/- 3.9 (jitter = 2.1)	7.884
374	images/sec: 171.4 +/- 3.9 (jitter = 2.1)	7.895
375	images/sec: 171.6 +/- 3.9 (jitter = 2.1)	7.855
376	images/sec: 171.8 +/- 3.9 (jitter = 2.2)	7.860
377	images/sec: 172.0 +/- 3.9 (jitter = 2.2)	8.007
378	images/sec: 172.2 +/- 3.9 (jitter = 2.2)	7.794
379	images/sec: 172.4 +/- 3.9 (jitter = 2.2)	7.911
380	images/sec: 172.6 +/- 3.9 (jitter = 2.3)	7.947
381	images/sec: 172.8 +/- 3.8 (jitter = 2.3)	7.860
382	images/sec: 173.0 +/- 3.8 (jitter = 2.3)	7.958
383	images/sec: 173.2 +/- 3.8 (jitter = 2.3)	7.809
384	images/sec: 173.4 +/- 3.8 (jitter = 2.4)	7.959
385	images/sec: 173.5 +/- 3.8 (jitter = 2.4)	7.886
386	images/sec: 173.7 +/- 3.8 (jitter = 2.4)	7.916
387	images/sec: 173.9 +/- 3.8 (jitter = 2.4)	7.873
388	images/sec: 174.1 +/- 3.8 (jitter = 2.4)	7.922
389	images/sec: 174.3 +/- 3.8 (jitter = 2.4)	7.864
390	images/sec: 174.5 +/- 3.8 (jitter = 2.5)	7.905
391	images/sec: 174.7 +/- 3.8 (jitter = 2.5)	7.879
392	images/sec: 174.8 +/- 3.8 (jitter = 2.5)	7.891
393	images/sec: 175.0 +/- 3.8 (jitter = 2.6)	7.817
394	images/sec: 175.2 +/- 3.8 (jitter = 2.6)	7.975
395	images/sec: 175.4 +/- 3.8 (jitter = 2.6)	7.942
396	images/sec: 175.6 +/- 3.8 (jitter = 2.6)	7.923
397	images/sec: 175.8 +/- 3.8 (jitter = 2.6)	7.823
398	images/sec: 175.9 +/- 3.8 (jitter = 2.7)	7.904
399	images/sec: 176.1 +/- 3.8 (jitter = 2.8)	7.857
400	images/sec: 176.3 +/- 3.8 (jitter = 2.8)	7.872
401	images/sec: 176.5 +/- 3.8 (jitter = 2.8)	7.861
402	images/sec: 176.7 +/- 3.8 (jitter = 2.8)	7.757
403	images/sec: 176.8 +/- 3.8 (jitter = 2.8)	7.965
404	images/sec: 177.0 +/- 3.8 (jitter = 2.8)	7.840
405	images/sec: 177.2 +/- 3.8 (jitter = 2.8)	7.809
406	images/sec: 177.4 +/- 3.8 (jitter = 2.9)	7.897
407	images/sec: 177.6 +/- 3.8 (jitter = 3.0)	7.887
408	images/sec: 177.7 +/- 3.8 (jitter = 3.0)	7.887
409	images/sec: 177.9 +/- 3.8 (jitter = 3.0)	7.901
410	images/sec: 178.1 +/- 3.8 (jitter = 3.0)	7.887
411	images/sec: 178.3 +/- 3.8 (jitter = 3.0)	7.899
412	images/sec: 178.4 +/- 3.8 (jitter = 3.0)	7.878
413	images/sec: 178.6 +/- 3.8 (jitter = 3.1)	7.976
414	images/sec: 178.8 +/- 3.8 (jitter = 3.1)	7.954
415	images/sec: 178.9 +/- 3.8 (jitter = 3.1)	7.789
416	images/sec: 179.1 +/- 3.8 (jitter = 3.2)	7.926
417	images/sec: 179.3 +/- 3.8 (jitter = 3.2)	7.866
418	images/sec: 179.5 +/- 3.8 (jitter = 3.3)	7.872
419	images/sec: 179.6 +/- 3.8 (jitter = 3.3)	7.827
420	images/sec: 179.8 +/- 3.8 (jitter = 3.4)	7.931
421	images/sec: 180.0 +/- 3.8 (jitter = 3.5)	7.840
422	images/sec: 180.2 +/- 3.8 (jitter = 3.6)	7.866
423	images/sec: 180.3 +/- 3.8 (jitter = 3.7)	8.007
424	images/sec: 180.5 +/- 3.8 (jitter = 3.7)	7.782
425	images/sec: 180.7 +/- 3.8 (jitter = 3.8)	7.795
426	images/sec: 180.8 +/- 3.8 (jitter = 3.9)	7.834
427	images/sec: 181.0 +/- 3.8 (jitter = 3.9)	7.813
428	images/sec: 181.2 +/- 3.8 (jitter = 4.0)	7.864
429	images/sec: 181.3 +/- 3.8 (jitter = 4.2)	7.887
430	images/sec: 181.5 +/- 3.8 (jitter = 4.2)	7.867
431	images/sec: 181.7 +/- 3.8 (jitter = 4.2)	7.821
432	images/sec: 181.8 +/- 3.7 (jitter = 4.3)	7.879
433	images/sec: 182.0 +/- 3.7 (jitter = 4.5)	7.806
434	images/sec: 182.2 +/- 3.7 (jitter = 4.5)	7.867
435	images/sec: 182.3 +/- 3.7 (jitter = 4.5)	7.852
436	images/sec: 182.5 +/- 3.7 (jitter = 4.6)	7.889
437	images/sec: 182.6 +/- 3.7 (jitter = 4.7)	7.830
438	images/sec: 182.8 +/- 3.7 (jitter = 4.9)	7.931
439	images/sec: 183.0 +/- 3.7 (jitter = 5.0)	7.858
440	images/sec: 183.1 +/- 3.7 (jitter = 5.1)	7.867
441	images/sec: 183.3 +/- 3.7 (jitter = 5.2)	7.853
442	images/sec: 183.4 +/- 3.7 (jitter = 5.2)	7.920
443	images/sec: 183.6 +/- 3.7 (jitter = 5.3)	7.915
444	images/sec: 183.8 +/- 3.7 (jitter = 5.3)	7.860
445	images/sec: 183.9 +/- 3.7 (jitter = 5.4)	7.934
446	images/sec: 184.1 +/- 3.7 (jitter = 5.6)	7.862
447	images/sec: 184.3 +/- 3.7 (jitter = 5.7)	7.801
448	images/sec: 184.4 +/- 3.7 (jitter = 5.8)	7.855
449	images/sec: 184.6 +/- 3.7 (jitter = 5.9)	7.940
450	images/sec: 184.7 +/- 3.7 (jitter = 5.9)	7.762
451	images/sec: 184.9 +/- 3.7 (jitter = 6.2)	7.795
452	images/sec: 185.0 +/- 3.7 (jitter = 6.3)	7.908
453	images/sec: 185.2 +/- 3.7 (jitter = 6.4)	7.902
454	images/sec: 185.3 +/- 3.7 (jitter = 6.5)	7.867
455	images/sec: 185.5 +/- 3.7 (jitter = 6.5)	7.812
456	images/sec: 185.6 +/- 3.7 (jitter = 6.6)	7.950
457	images/sec: 185.8 +/- 3.7 (jitter = 6.7)	7.830
458	images/sec: 186.0 +/- 3.7 (jitter = 6.8)	7.911
459	images/sec: 186.1 +/- 3.7 (jitter = 6.8)	7.942
460	images/sec: 186.3 +/- 3.7 (jitter = 7.0)	7.883
461	images/sec: 186.4 +/- 3.7 (jitter = 7.1)	7.731
462	images/sec: 186.6 +/- 3.7 (jitter = 7.5)	7.930
463	images/sec: 186.7 +/- 3.7 (jitter = 7.9)	7.832
464	images/sec: 186.9 +/- 3.7 (jitter = 8.1)	7.852
465	images/sec: 187.0 +/- 3.6 (jitter = 8.3)	7.832
466	images/sec: 187.2 +/- 3.6 (jitter = 9.5)	7.804
467	images/sec: 187.3 +/- 3.6 (jitter = 10.8)	7.884
468	images/sec: 187.5 +/- 3.6 (jitter = 11.2)	7.883
469	images/sec: 187.6 +/- 3.6 (jitter = 11.6)	7.770
470	images/sec: 187.8 +/- 3.6 (jitter = 12.5)	7.971
471	images/sec: 187.9 +/- 3.6 (jitter = 13.5)	7.855
472	images/sec: 188.1 +/- 3.6 (jitter = 15.8)	7.818
473	images/sec: 188.2 +/- 3.6 (jitter = 18.1)	7.837
474	images/sec: 188.4 +/- 3.6 (jitter = 18.9)	7.799
475	images/sec: 188.5 +/- 3.6 (jitter = 19.8)	7.962
476	images/sec: 188.7 +/- 3.6 (jitter = 19.9)	7.853
477	images/sec: 188.8 +/- 3.6 (jitter = 20.0)	7.896
478	images/sec: 188.9 +/- 3.6 (jitter = 20.9)	7.882
479	images/sec: 189.1 +/- 3.6 (jitter = 21.9)	7.878
480	images/sec: 189.2 +/- 3.6 (jitter = 23.5)	7.900
481	images/sec: 189.4 +/- 3.6 (jitter = 25.2)	7.868
482	images/sec: 189.5 +/- 3.6 (jitter = 37.1)	7.827
483	images/sec: 189.7 +/- 3.6 (jitter = 57.2)	7.916
484	images/sec: 189.8 +/- 3.6 (jitter = 62.3)	7.843
485	images/sec: 190.0 +/- 3.6 (jitter = 67.5)	7.878
486	images/sec: 190.1 +/- 3.6 (jitter = 71.7)	7.885
487	images/sec: 190.2 +/- 3.6 (jitter = 76.0)	7.828
488	images/sec: 190.4 +/- 3.6 (jitter = 77.0)	7.818
489	images/sec: 190.5 +/- 3.6 (jitter = 78.1)	7.852
490	images/sec: 190.7 +/- 3.6 (jitter = 78.2)	7.894
491	images/sec: 190.8 +/- 3.6 (jitter = 78.4)	7.889
492	images/sec: 190.9 +/- 3.6 (jitter = 78.9)	7.856
493	images/sec: 191.1 +/- 3.5 (jitter = 79.4)	7.910
494	images/sec: 191.2 +/- 3.5 (jitter = 81.7)	7.852
495	images/sec: 191.4 +/- 3.5 (jitter = 84.1)	7.898
496	images/sec: 191.5 +/- 3.5 (jitter = 102.0)	7.901
497	images/sec: 191.6 +/- 3.5 (jitter = 33.7)	7.808
498	images/sec: 191.8 +/- 3.5 (jitter = 30.2)	7.804
499	images/sec: 191.9 +/- 3.5 (jitter = 26.6)	7.910
500	images/sec: 192.1 +/- 3.5 (jitter = 24.6)	7.854
----------------------------------------------------------------
total images/sec: 190.68
----------------------------------------------------------------
