TensorFlow:  1.5
Model:       resnet50
Dataset:     imagenet (synthetic)
Mode:        training
SingleSess:  False
Batch size:  25 global
             25 per device
Devices:     ['/gpu:0']
Data format: NCHW
Layout optimizer: False
Optimizer:   sgd
Variables:   parameter_server
==========
Generating model
WARNING:tensorflow:From /salus/tf_benchmarks/scripts/tf_cnn_benchmarks/convnet_builder.py:372: calling reduce_mean (from tensorflow.python.ops.math_ops) with keep_dims is deprecated and will be removed in a future version.
Instructions for updating:
keep_dims is deprecated, use keepdims instead
WARNING:tensorflow:From /salus/tf_benchmarks/scripts/tf_cnn_benchmarks/benchmark_cnn.py:1125: __init__ (from tensorflow.python.training.supervisor) is deprecated and will be removed in a future version.
Instructions for updating:
Please switch to tf.train.MonitoredTrainingSession
Running warm up
Done warm up
Step	Img/sec	loss
1	images/sec: 184.2 +/- 0.0 (jitter = 0.0)	9.864
2	images/sec: 185.4 +/- 0.9 (jitter = 1.8)	9.035
3	images/sec: 185.4 +/- 0.6 (jitter = 1.7)	9.386
4	images/sec: 184.9 +/- 0.6 (jitter = 1.7)	8.907
5	images/sec: 184.9 +/- 0.5 (jitter = 1.3)	8.721
6	images/sec: 184.8 +/- 0.4 (jitter = 1.0)	8.833
7	images/sec: 184.5 +/- 0.4 (jitter = 1.4)	8.518
8	images/sec: 184.6 +/- 0.4 (jitter = 1.0)	8.459
9	images/sec: 184.8 +/- 0.4 (jitter = 1.1)	8.671
10	images/sec: 184.6 +/- 0.4 (jitter = 1.6)	8.649
11	images/sec: 184.5 +/- 0.4 (jitter = 1.4)	8.220
12	images/sec: 184.4 +/- 0.3 (jitter = 1.3)	8.442
13	images/sec: 184.5 +/- 0.3 (jitter = 1.2)	8.446
14	images/sec: 184.5 +/- 0.3 (jitter = 1.2)	8.312
15	images/sec: 184.5 +/- 0.3 (jitter = 1.1)	8.258
16	images/sec: 184.5 +/- 0.3 (jitter = 1.1)	8.235
17	images/sec: 184.6 +/- 0.3 (jitter = 1.1)	8.110
18	images/sec: 184.5 +/- 0.3 (jitter = 1.2)	8.359
19	images/sec: 184.4 +/- 0.3 (jitter = 1.2)	8.121
20	images/sec: 184.5 +/- 0.3 (jitter = 1.3)	8.269
21	images/sec: 184.6 +/- 0.3 (jitter = 1.6)	8.049
22	images/sec: 184.6 +/- 0.3 (jitter = 1.3)	8.064
23	images/sec: 184.6 +/- 0.2 (jitter = 1.1)	8.235
24	images/sec: 184.6 +/- 0.2 (jitter = 1.3)	8.047
25	images/sec: 184.6 +/- 0.2 (jitter = 1.4)	8.107
26	images/sec: 184.5 +/- 0.3 (jitter = 1.5)	8.078
27	images/sec: 184.3 +/- 0.3 (jitter = 1.6)	8.102
28	images/sec: 184.3 +/- 0.3 (jitter = 1.5)	8.018
29	images/sec: 184.5 +/- 0.3 (jitter = 1.4)	7.984
30	images/sec: 184.5 +/- 0.3 (jitter = 1.5)	8.061
31	images/sec: 184.4 +/- 0.3 (jitter = 1.6)	8.004
32	images/sec: 184.4 +/- 0.3 (jitter = 1.4)	7.900
33	images/sec: 184.4 +/- 0.3 (jitter = 1.3)	8.052
34	images/sec: 184.3 +/- 0.3 (jitter = 1.4)	7.978
35	images/sec: 184.4 +/- 0.3 (jitter = 1.3)	8.040
36	images/sec: 184.4 +/- 0.3 (jitter = 1.4)	7.987
37	images/sec: 184.3 +/- 0.3 (jitter = 1.4)	8.135
38	images/sec: 184.4 +/- 0.3 (jitter = 1.4)	7.859
39	images/sec: 184.4 +/- 0.2 (jitter = 1.6)	7.930
40	images/sec: 184.4 +/- 0.2 (jitter = 1.5)	8.016
41	images/sec: 184.4 +/- 0.2 (jitter = 1.5)	8.054
42	images/sec: 184.4 +/- 0.2 (jitter = 1.4)	7.899
43	images/sec: 184.4 +/- 0.2 (jitter = 1.3)	8.205
44	images/sec: 184.5 +/- 0.2 (jitter = 1.4)	8.008
45	images/sec: 184.5 +/- 0.2 (jitter = 1.5)	7.972
46	images/sec: 184.5 +/- 0.2 (jitter = 1.4)	8.028
47	images/sec: 184.5 +/- 0.2 (jitter = 1.3)	7.797
48	images/sec: 184.5 +/- 0.2 (jitter = 1.4)	7.955
49	images/sec: 184.5 +/- 0.2 (jitter = 1.5)	7.994
50	images/sec: 184.5 +/- 0.2 (jitter = 1.4)	8.014
51	images/sec: 184.5 +/- 0.2 (jitter = 1.4)	7.948
52	images/sec: 184.5 +/- 0.2 (jitter = 1.4)	8.002
53	images/sec: 184.5 +/- 0.2 (jitter = 1.4)	7.940
54	images/sec: 184.6 +/- 0.2 (jitter = 1.3)	7.977
55	images/sec: 184.5 +/- 0.2 (jitter = 1.2)	7.889
56	images/sec: 184.5 +/- 0.2 (jitter = 1.2)	7.925
57	images/sec: 184.6 +/- 0.2 (jitter = 1.1)	7.893
58	images/sec: 184.5 +/- 0.2 (jitter = 1.2)	8.045
59	images/sec: 184.6 +/- 0.2 (jitter = 1.2)	8.027
60	images/sec: 184.6 +/- 0.2 (jitter = 1.1)	8.166
61	images/sec: 184.6 +/- 0.2 (jitter = 1.1)	7.839
62	images/sec: 184.6 +/- 0.2 (jitter = 1.1)	7.859
63	images/sec: 184.6 +/- 0.2 (jitter = 1.1)	8.139
64	images/sec: 184.5 +/- 0.2 (jitter = 1.2)	8.262
65	images/sec: 184.5 +/- 0.2 (jitter = 1.1)	7.881
66	images/sec: 184.5 +/- 0.2 (jitter = 1.1)	7.887
67	images/sec: 184.5 +/- 0.2 (jitter = 1.2)	7.869
68	images/sec: 184.5 +/- 0.2 (jitter = 1.2)	7.967
69	images/sec: 184.5 +/- 0.2 (jitter = 1.2)	7.963
70	images/sec: 184.5 +/- 0.2 (jitter = 1.2)	7.870
71	images/sec: 184.5 +/- 0.2 (jitter = 1.2)	7.871
72	images/sec: 184.5 +/- 0.2 (jitter = 1.3)	7.862
73	images/sec: 184.6 +/- 0.2 (jitter = 1.3)	8.062
74	images/sec: 184.6 +/- 0.2 (jitter = 1.2)	7.948
75	images/sec: 184.6 +/- 0.2 (jitter = 1.2)	7.897
76	images/sec: 184.7 +/- 0.2 (jitter = 1.2)	7.923
77	images/sec: 184.7 +/- 0.2 (jitter = 1.2)	7.975
78	images/sec: 184.7 +/- 0.2 (jitter = 1.2)	7.775
79	images/sec: 184.7 +/- 0.2 (jitter = 1.2)	7.914
80	images/sec: 184.7 +/- 0.2 (jitter = 1.2)	7.852
81	images/sec: 184.7 +/- 0.2 (jitter = 1.2)	7.876
82	images/sec: 184.7 +/- 0.2 (jitter = 1.2)	7.952
83	images/sec: 184.7 +/- 0.2 (jitter = 1.2)	7.887
84	images/sec: 184.7 +/- 0.2 (jitter = 1.2)	7.850
85	images/sec: 184.7 +/- 0.2 (jitter = 1.2)	7.869
86	images/sec: 184.7 +/- 0.2 (jitter = 1.2)	7.983
87	images/sec: 184.7 +/- 0.2 (jitter = 1.2)	8.044
88	images/sec: 184.7 +/- 0.2 (jitter = 1.3)	7.898
89	images/sec: 184.7 +/- 0.2 (jitter = 1.2)	7.891
90	images/sec: 184.7 +/- 0.2 (jitter = 1.2)	8.073
91	images/sec: 184.7 +/- 0.2 (jitter = 1.2)	8.028
92	images/sec: 184.7 +/- 0.2 (jitter = 1.2)	7.813
93	images/sec: 184.7 +/- 0.2 (jitter = 1.2)	7.917
94	images/sec: 184.7 +/- 0.2 (jitter = 1.2)	7.947
95	images/sec: 184.7 +/- 0.2 (jitter = 1.2)	7.987
96	images/sec: 184.7 +/- 0.2 (jitter = 1.2)	7.930
97	images/sec: 184.7 +/- 0.2 (jitter = 1.2)	7.932
98	images/sec: 184.7 +/- 0.2 (jitter = 1.2)	7.915
99	images/sec: 184.7 +/- 0.2 (jitter = 1.2)	7.862
100	images/sec: 184.7 +/- 0.2 (jitter = 1.3)	8.022
101	images/sec: 184.7 +/- 0.2 (jitter = 1.4)	7.838
102	images/sec: 184.6 +/- 0.2 (jitter = 1.4)	7.841
103	images/sec: 184.6 +/- 0.2 (jitter = 1.5)	8.105
104	images/sec: 184.6 +/- 0.2 (jitter = 1.5)	7.972
105	images/sec: 184.6 +/- 0.2 (jitter = 1.5)	7.888
106	images/sec: 184.6 +/- 0.2 (jitter = 1.4)	7.925
107	images/sec: 184.6 +/- 0.2 (jitter = 1.4)	7.956
108	images/sec: 184.6 +/- 0.2 (jitter = 1.3)	7.930
109	images/sec: 184.6 +/- 0.2 (jitter = 1.4)	7.948
110	images/sec: 184.6 +/- 0.2 (jitter = 1.3)	7.930
111	images/sec: 184.6 +/- 0.2 (jitter = 1.4)	7.900
112	images/sec: 184.6 +/- 0.2 (jitter = 1.3)	7.842
113	images/sec: 184.7 +/- 0.2 (jitter = 1.3)	7.921
114	images/sec: 184.6 +/- 0.2 (jitter = 1.3)	7.910
115	images/sec: 184.6 +/- 0.2 (jitter = 1.4)	7.845
116	images/sec: 184.6 +/- 0.1 (jitter = 1.4)	7.696
117	images/sec: 184.6 +/- 0.1 (jitter = 1.4)	7.850
118	images/sec: 184.6 +/- 0.1 (jitter = 1.4)	7.979
119	images/sec: 184.7 +/- 0.1 (jitter = 1.4)	7.867
120	images/sec: 184.7 +/- 0.1 (jitter = 1.4)	7.874
121	images/sec: 184.7 +/- 0.1 (jitter = 1.3)	7.941
122	images/sec: 184.7 +/- 0.1 (jitter = 1.4)	7.915
123	images/sec: 184.7 +/- 0.1 (jitter = 1.3)	7.983
124	images/sec: 184.7 +/- 0.1 (jitter = 1.4)	7.980
125	images/sec: 184.7 +/- 0.1 (jitter = 1.3)	8.054
126	images/sec: 184.7 +/- 0.1 (jitter = 1.3)	7.977
127	images/sec: 184.7 +/- 0.1 (jitter = 1.3)	7.878
128	images/sec: 184.7 +/- 0.1 (jitter = 1.3)	7.896
129	images/sec: 184.7 +/- 0.1 (jitter = 1.3)	7.803
130	images/sec: 184.7 +/- 0.1 (jitter = 1.3)	7.934
131	images/sec: 184.7 +/- 0.1 (jitter = 1.3)	7.977
132	images/sec: 184.7 +/- 0.1 (jitter = 1.3)	7.893
133	images/sec: 184.7 +/- 0.1 (jitter = 1.3)	7.884
134	images/sec: 184.7 +/- 0.1 (jitter = 1.3)	7.858
135	images/sec: 184.7 +/- 0.1 (jitter = 1.3)	7.739
136	images/sec: 184.7 +/- 0.1 (jitter = 1.3)	7.868
137	images/sec: 184.7 +/- 0.1 (jitter = 1.3)	7.814
138	images/sec: 184.7 +/- 0.1 (jitter = 1.3)	7.962
139	images/sec: 184.7 +/- 0.1 (jitter = 1.3)	7.923
140	images/sec: 184.7 +/- 0.1 (jitter = 1.2)	7.847
141	images/sec: 184.7 +/- 0.1 (jitter = 1.3)	7.877
142	images/sec: 184.7 +/- 0.1 (jitter = 1.3)	7.840
143	images/sec: 184.7 +/- 0.1 (jitter = 1.3)	7.933
144	images/sec: 184.7 +/- 0.1 (jitter = 1.2)	7.987
145	images/sec: 184.7 +/- 0.1 (jitter = 1.3)	7.840
146	images/sec: 184.7 +/- 0.1 (jitter = 1.3)	7.940
147	images/sec: 184.7 +/- 0.1 (jitter = 1.3)	7.974
148	images/sec: 184.7 +/- 0.1 (jitter = 1.3)	7.969
149	images/sec: 184.8 +/- 0.1 (jitter = 1.3)	7.940
150	images/sec: 184.7 +/- 0.1 (jitter = 1.3)	7.918
151	images/sec: 184.8 +/- 0.1 (jitter = 1.3)	7.937
152	images/sec: 184.8 +/- 0.1 (jitter = 1.3)	7.923
153	images/sec: 184.8 +/- 0.1 (jitter = 1.4)	7.799
154	images/sec: 184.8 +/- 0.1 (jitter = 1.3)	7.994
155	images/sec: 184.8 +/- 0.1 (jitter = 1.4)	7.966
156	images/sec: 184.8 +/- 0.1 (jitter = 1.4)	7.847
157	images/sec: 184.8 +/- 0.1 (jitter = 1.4)	7.852
158	images/sec: 184.8 +/- 0.1 (jitter = 1.3)	7.898
159	images/sec: 184.8 +/- 0.1 (jitter = 1.3)	7.973
160	images/sec: 184.8 +/- 0.1 (jitter = 1.3)	8.047
161	images/sec: 184.8 +/- 0.1 (jitter = 1.4)	7.833
162	images/sec: 184.8 +/- 0.1 (jitter = 1.3)	7.851
163	images/sec: 184.8 +/- 0.1 (jitter = 1.3)	7.929
164	images/sec: 184.8 +/- 0.1 (jitter = 1.3)	7.970
165	images/sec: 184.8 +/- 0.1 (jitter = 1.4)	7.814
166	images/sec: 184.8 +/- 0.1 (jitter = 1.3)	7.856
167	images/sec: 184.8 +/- 0.1 (jitter = 1.3)	7.986
168	images/sec: 184.8 +/- 0.1 (jitter = 1.2)	7.874
169	images/sec: 184.8 +/- 0.1 (jitter = 1.2)	7.970
170	images/sec: 184.8 +/- 0.1 (jitter = 1.2)	8.008
171	images/sec: 184.8 +/- 0.1 (jitter = 1.2)	7.893
172	images/sec: 184.8 +/- 0.1 (jitter = 1.2)	7.894
173	images/sec: 184.8 +/- 0.1 (jitter = 1.2)	7.812
174	images/sec: 184.8 +/- 0.1 (jitter = 1.2)	7.991
175	images/sec: 184.8 +/- 0.1 (jitter = 1.3)	7.804
176	images/sec: 184.7 +/- 0.1 (jitter = 1.2)	8.011
177	images/sec: 184.7 +/- 0.1 (jitter = 1.2)	7.774
178	images/sec: 184.7 +/- 0.1 (jitter = 1.2)	7.890
179	images/sec: 184.7 +/- 0.1 (jitter = 1.2)	7.944
180	images/sec: 184.7 +/- 0.1 (jitter = 1.2)	7.874
181	images/sec: 184.7 +/- 0.1 (jitter = 1.2)	7.857
182	images/sec: 184.7 +/- 0.1 (jitter = 1.2)	7.887
183	images/sec: 184.8 +/- 0.1 (jitter = 1.2)	7.986
184	images/sec: 184.7 +/- 0.1 (jitter = 1.2)	7.858
185	images/sec: 184.7 +/- 0.1 (jitter = 1.2)	7.971
186	images/sec: 184.7 +/- 0.1 (jitter = 1.2)	7.886
187	images/sec: 184.8 +/- 0.1 (jitter = 1.2)	7.789
188	images/sec: 184.8 +/- 0.1 (jitter = 1.3)	7.812
189	images/sec: 184.8 +/- 0.1 (jitter = 1.4)	7.795
190	images/sec: 184.8 +/- 0.1 (jitter = 1.3)	7.860
191	images/sec: 184.8 +/- 0.1 (jitter = 1.2)	7.924
192	images/sec: 184.8 +/- 0.1 (jitter = 1.2)	7.933
193	images/sec: 184.8 +/- 0.1 (jitter = 1.3)	7.825
194	images/sec: 184.8 +/- 0.1 (jitter = 1.3)	7.973
195	images/sec: 184.8 +/- 0.1 (jitter = 1.4)	7.890
196	images/sec: 184.8 +/- 0.1 (jitter = 1.4)	7.994
197	images/sec: 184.8 +/- 0.1 (jitter = 1.4)	7.825
198	images/sec: 184.8 +/- 0.1 (jitter = 1.4)	7.816
199	images/sec: 184.8 +/- 0.1 (jitter = 1.4)	7.977
200	images/sec: 184.8 +/- 0.1 (jitter = 1.4)	7.963
201	images/sec: 184.8 +/- 0.1 (jitter = 1.4)	7.873
202	images/sec: 184.8 +/- 0.1 (jitter = 1.4)	7.850
203	images/sec: 184.8 +/- 0.1 (jitter = 1.4)	7.866
204	images/sec: 184.8 +/- 0.1 (jitter = 1.4)	7.806
205	images/sec: 184.8 +/- 0.1 (jitter = 1.4)	7.938
206	images/sec: 184.8 +/- 0.1 (jitter = 1.4)	7.699
207	images/sec: 184.8 +/- 0.1 (jitter = 1.4)	7.819
208	images/sec: 184.8 +/- 0.1 (jitter = 1.4)	7.864
209	images/sec: 184.8 +/- 0.1 (jitter = 1.4)	7.888
210	images/sec: 184.8 +/- 0.1 (jitter = 1.4)	8.018
211	images/sec: 184.8 +/- 0.1 (jitter = 1.4)	7.896
212	images/sec: 184.8 +/- 0.1 (jitter = 1.4)	7.972
213	images/sec: 184.8 +/- 0.1 (jitter = 1.4)	7.983
214	images/sec: 184.8 +/- 0.1 (jitter = 1.4)	8.008
215	images/sec: 184.8 +/- 0.1 (jitter = 1.4)	7.927
216	images/sec: 184.8 +/- 0.1 (jitter = 1.4)	7.875
217	images/sec: 184.8 +/- 0.1 (jitter = 1.4)	7.821
218	images/sec: 184.8 +/- 0.1 (jitter = 1.3)	7.866
219	images/sec: 184.8 +/- 0.1 (jitter = 1.3)	7.925
220	images/sec: 184.8 +/- 0.1 (jitter = 1.2)	7.952
221	images/sec: 184.8 +/- 0.1 (jitter = 1.2)	7.814
222	images/sec: 184.8 +/- 0.1 (jitter = 1.2)	7.918
223	images/sec: 184.8 +/- 0.1 (jitter = 1.2)	7.950
224	images/sec: 184.8 +/- 0.1 (jitter = 1.2)	7.895
225	images/sec: 184.8 +/- 0.1 (jitter = 1.2)	7.849
226	images/sec: 184.8 +/- 0.1 (jitter = 1.2)	7.954
227	images/sec: 184.8 +/- 0.1 (jitter = 1.2)	7.954
228	images/sec: 184.8 +/- 0.1 (jitter = 1.2)	7.843
229	images/sec: 184.8 +/- 0.1 (jitter = 1.2)	7.879
230	images/sec: 184.7 +/- 0.1 (jitter = 1.2)	7.976
231	images/sec: 184.7 +/- 0.1 (jitter = 1.2)	7.858
232	images/sec: 184.8 +/- 0.1 (jitter = 1.2)	7.819
233	images/sec: 184.7 +/- 0.1 (jitter = 1.3)	7.920
234	images/sec: 184.7 +/- 0.1 (jitter = 1.2)	7.857
235	images/sec: 184.7 +/- 0.1 (jitter = 1.2)	7.889
236	images/sec: 184.7 +/- 0.1 (jitter = 1.3)	7.908
237	images/sec: 184.7 +/- 0.1 (jitter = 1.2)	7.879
238	images/sec: 185.0 +/- 0.4 (jitter = 1.3)	7.827
239	images/sec: 185.3 +/- 0.6 (jitter = 1.3)	8.047
240	images/sec: 185.6 +/- 0.8 (jitter = 1.4)	7.939
241	images/sec: 185.9 +/- 0.9 (jitter = 1.4)	7.935
242	images/sec: 186.2 +/- 1.0 (jitter = 1.4)	7.777
243	images/sec: 186.5 +/- 1.1 (jitter = 1.4)	7.919
244	images/sec: 186.7 +/- 1.2 (jitter = 1.4)	7.896
245	images/sec: 187.0 +/- 1.3 (jitter = 1.4)	7.810
246	images/sec: 187.3 +/- 1.3 (jitter = 1.4)	7.859
247	images/sec: 187.6 +/- 1.4 (jitter = 1.4)	7.946
248	images/sec: 187.8 +/- 1.5 (jitter = 1.4)	7.919
249	images/sec: 188.1 +/- 1.5 (jitter = 1.4)	7.957
250	images/sec: 188.4 +/- 1.6 (jitter = 1.4)	7.907
251	images/sec: 188.7 +/- 1.6 (jitter = 1.4)	7.837
----------------------------------------------------------------
total images/sec: 186.69
----------------------------------------------------------------
