TensorFlow:  1.5
Model:       resnet50
Dataset:     imagenet (synthetic)
Mode:        training
SingleSess:  False
Batch size:  25 global
             25 per device
Devices:     ['/gpu:0']
Data format: NCHW
Layout optimizer: False
Optimizer:   sgd
Variables:   parameter_server
==========
Generating model
WARNING:tensorflow:From /salus/tf_benchmarks/scripts/tf_cnn_benchmarks/convnet_builder.py:372: calling reduce_mean (from tensorflow.python.ops.math_ops) with keep_dims is deprecated and will be removed in a future version.
Instructions for updating:
keep_dims is deprecated, use keepdims instead
WARNING:tensorflow:From /salus/tf_benchmarks/scripts/tf_cnn_benchmarks/benchmark_cnn.py:1124: __init__ (from tensorflow.python.training.supervisor) is deprecated and will be removed in a future version.
Instructions for updating:
Please switch to tf.train.MonitoredTrainingSession
Running warm up
Done warm up
Step	Img/sec	loss
1	images/sec: 184.6 +/- 0.0 (jitter = 0.0)	11.351
2	images/sec: 184.2 +/- 0.3 (jitter = 0.6)	9.840
3	images/sec: 184.4 +/- 0.3 (jitter = 0.5)	9.294
4	images/sec: 184.9 +/- 0.5 (jitter = 0.8)	9.726
5	images/sec: 185.4 +/- 0.6 (jitter = 1.6)	9.067
6	images/sec: 186.0 +/- 0.7 (jitter = 2.0)	8.926
7	images/sec: 186.1 +/- 0.6 (jitter = 2.4)	8.684
8	images/sec: 186.3 +/- 0.6 (jitter = 2.4)	8.824
9	images/sec: 186.3 +/- 0.5 (jitter = 2.4)	8.453
10	images/sec: 186.0 +/- 0.6 (jitter = 2.4)	9.010
11	images/sec: 185.7 +/- 0.6 (jitter = 2.5)	8.096
12	images/sec: 185.8 +/- 0.6 (jitter = 2.4)	8.809
13	images/sec: 185.5 +/- 0.6 (jitter = 2.5)	8.454
14	images/sec: 185.4 +/- 0.6 (jitter = 2.8)	8.482
15	images/sec: 185.4 +/- 0.5 (jitter = 2.6)	8.268
16	images/sec: 185.3 +/- 0.5 (jitter = 2.3)	8.437
17	images/sec: 185.3 +/- 0.5 (jitter = 2.2)	8.253
18	images/sec: 185.1 +/- 0.5 (jitter = 2.3)	8.469
19	images/sec: 185.0 +/- 0.5 (jitter = 2.4)	8.240
20	images/sec: 185.0 +/- 0.5 (jitter = 2.5)	8.182
21	images/sec: 184.9 +/- 0.4 (jitter = 2.6)	9.466
22	images/sec: 185.0 +/- 0.4 (jitter = 2.5)	8.127
23	images/sec: 185.1 +/- 0.4 (jitter = 2.4)	8.218
24	images/sec: 185.1 +/- 0.4 (jitter = 2.2)	8.144
25	images/sec: 185.1 +/- 0.4 (jitter = 2.2)	8.177
26	images/sec: 185.0 +/- 0.4 (jitter = 2.2)	8.082
27	images/sec: 185.1 +/- 0.4 (jitter = 2.2)	8.054
28	images/sec: 185.0 +/- 0.4 (jitter = 2.1)	8.181
29	images/sec: 185.0 +/- 0.3 (jitter = 2.0)	7.939
30	images/sec: 185.1 +/- 0.3 (jitter = 2.0)	8.114
31	images/sec: 185.1 +/- 0.3 (jitter = 2.0)	9.118
32	images/sec: 185.2 +/- 0.3 (jitter = 2.0)	8.019
33	images/sec: 185.2 +/- 0.3 (jitter = 2.0)	8.137
34	images/sec: 185.1 +/- 0.3 (jitter = 2.0)	8.116
35	images/sec: 185.0 +/- 0.3 (jitter = 2.0)	8.084
36	images/sec: 185.0 +/- 0.3 (jitter = 1.9)	7.895
37	images/sec: 185.0 +/- 0.3 (jitter = 1.8)	8.198
38	images/sec: 185.0 +/- 0.3 (jitter = 1.9)	7.960
39	images/sec: 185.0 +/- 0.3 (jitter = 1.6)	7.970
40	images/sec: 185.0 +/- 0.3 (jitter = 1.6)	8.010
41	images/sec: 184.9 +/- 0.3 (jitter = 1.6)	7.911
42	images/sec: 184.9 +/- 0.3 (jitter = 1.5)	7.956
43	images/sec: 184.9 +/- 0.3 (jitter = 1.4)	8.037
44	images/sec: 184.9 +/- 0.3 (jitter = 1.3)	7.884
45	images/sec: 185.0 +/- 0.3 (jitter = 1.4)	7.970
46	images/sec: 185.0 +/- 0.3 (jitter = 1.5)	7.977
47	images/sec: 185.0 +/- 0.2 (jitter = 1.4)	7.879
48	images/sec: 185.1 +/- 0.3 (jitter = 1.7)	8.006
49	images/sec: 185.1 +/- 0.2 (jitter = 1.7)	7.921
50	images/sec: 185.1 +/- 0.2 (jitter = 1.8)	8.023
51	images/sec: 185.1 +/- 0.2 (jitter = 1.7)	8.004
52	images/sec: 185.1 +/- 0.2 (jitter = 1.7)	7.891
53	images/sec: 185.1 +/- 0.2 (jitter = 1.7)	8.165
54	images/sec: 185.1 +/- 0.2 (jitter = 1.7)	7.901
55	images/sec: 185.1 +/- 0.2 (jitter = 1.7)	8.905
56	images/sec: 185.1 +/- 0.2 (jitter = 1.7)	7.931
57	images/sec: 185.1 +/- 0.2 (jitter = 1.7)	7.839
58	images/sec: 185.1 +/- 0.2 (jitter = 1.7)	7.959
59	images/sec: 185.1 +/- 0.2 (jitter = 1.7)	7.993
60	images/sec: 185.1 +/- 0.2 (jitter = 1.7)	7.925
61	images/sec: 185.1 +/- 0.2 (jitter = 1.8)	7.990
62	images/sec: 185.1 +/- 0.2 (jitter = 1.8)	7.827
63	images/sec: 185.1 +/- 0.2 (jitter = 1.7)	8.039
64	images/sec: 185.1 +/- 0.2 (jitter = 1.7)	7.908
65	images/sec: 185.2 +/- 0.2 (jitter = 1.7)	7.851
66	images/sec: 185.2 +/- 0.2 (jitter = 1.8)	7.881
67	images/sec: 185.3 +/- 0.2 (jitter = 1.8)	7.846
68	images/sec: 185.3 +/- 0.2 (jitter = 1.8)	8.067
69	images/sec: 185.3 +/- 0.2 (jitter = 1.8)	8.830
70	images/sec: 185.3 +/- 0.2 (jitter = 1.8)	7.923
71	images/sec: 185.3 +/- 0.2 (jitter = 1.7)	7.846
72	images/sec: 185.3 +/- 0.2 (jitter = 1.8)	7.878
73	images/sec: 185.2 +/- 0.2 (jitter = 1.8)	8.000
74	images/sec: 185.2 +/- 0.2 (jitter = 1.8)	7.990
75	images/sec: 185.2 +/- 0.2 (jitter = 1.8)	7.892
76	images/sec: 185.2 +/- 0.2 (jitter = 1.8)	7.911
77	images/sec: 185.2 +/- 0.2 (jitter = 1.7)	7.918
78	images/sec: 185.2 +/- 0.2 (jitter = 1.8)	7.878
79	images/sec: 185.2 +/- 0.2 (jitter = 1.8)	8.815
80	images/sec: 185.2 +/- 0.2 (jitter = 1.8)	7.878
81	images/sec: 185.2 +/- 0.2 (jitter = 1.8)	7.926
82	images/sec: 185.2 +/- 0.2 (jitter = 1.8)	7.818
83	images/sec: 185.2 +/- 0.2 (jitter = 1.7)	7.943
84	images/sec: 185.2 +/- 0.2 (jitter = 1.8)	7.927
85	images/sec: 185.2 +/- 0.2 (jitter = 1.8)	7.791
86	images/sec: 185.2 +/- 0.2 (jitter = 1.8)	7.961
87	images/sec: 185.2 +/- 0.2 (jitter = 1.7)	7.842
88	images/sec: 185.2 +/- 0.2 (jitter = 1.7)	7.885
89	images/sec: 185.2 +/- 0.2 (jitter = 1.7)	7.916
90	images/sec: 185.2 +/- 0.2 (jitter = 1.7)	7.937
91	images/sec: 185.2 +/- 0.2 (jitter = 1.7)	8.053
92	images/sec: 185.2 +/- 0.2 (jitter = 1.7)	8.009
93	images/sec: 185.2 +/- 0.2 (jitter = 1.8)	7.905
94	images/sec: 185.2 +/- 0.2 (jitter = 1.8)	7.891
95	images/sec: 185.2 +/- 0.2 (jitter = 1.8)	7.940
96	images/sec: 185.2 +/- 0.2 (jitter = 1.7)	7.944
97	images/sec: 185.2 +/- 0.2 (jitter = 1.6)	7.943
98	images/sec: 185.2 +/- 0.2 (jitter = 1.6)	7.823
99	images/sec: 185.2 +/- 0.2 (jitter = 1.7)	7.912
100	images/sec: 185.2 +/- 0.2 (jitter = 1.6)	7.995
101	images/sec: 185.2 +/- 0.2 (jitter = 1.6)	7.853
102	images/sec: 185.2 +/- 0.2 (jitter = 1.6)	7.803
103	images/sec: 185.2 +/- 0.2 (jitter = 1.6)	8.007
104	images/sec: 185.2 +/- 0.2 (jitter = 1.6)	7.904
105	images/sec: 185.2 +/- 0.2 (jitter = 1.7)	7.840
106	images/sec: 185.2 +/- 0.2 (jitter = 1.6)	7.968
107	images/sec: 185.2 +/- 0.2 (jitter = 1.6)	7.924
108	images/sec: 185.2 +/- 0.2 (jitter = 1.6)	7.919
109	images/sec: 185.2 +/- 0.2 (jitter = 1.6)	7.941
110	images/sec: 185.2 +/- 0.2 (jitter = 1.7)	7.809
111	images/sec: 185.2 +/- 0.2 (jitter = 1.7)	7.942
112	images/sec: 185.2 +/- 0.2 (jitter = 1.7)	7.866
113	images/sec: 185.2 +/- 0.2 (jitter = 1.7)	7.953
114	images/sec: 185.2 +/- 0.2 (jitter = 1.7)	7.943
115	images/sec: 185.2 +/- 0.2 (jitter = 1.6)	7.895
116	images/sec: 185.2 +/- 0.2 (jitter = 1.6)	7.866
117	images/sec: 185.2 +/- 0.2 (jitter = 1.6)	7.783
118	images/sec: 185.2 +/- 0.2 (jitter = 1.5)	7.924
119	images/sec: 185.2 +/- 0.2 (jitter = 1.5)	7.903
120	images/sec: 185.2 +/- 0.1 (jitter = 1.5)	7.944
121	images/sec: 185.2 +/- 0.1 (jitter = 1.5)	7.903
122	images/sec: 185.2 +/- 0.1 (jitter = 1.5)	7.985
123	images/sec: 185.2 +/- 0.1 (jitter = 1.5)	7.850
124	images/sec: 185.2 +/- 0.1 (jitter = 1.5)	7.962
125	images/sec: 185.2 +/- 0.1 (jitter = 1.5)	7.896
126	images/sec: 185.2 +/- 0.1 (jitter = 1.5)	7.981
127	images/sec: 185.2 +/- 0.1 (jitter = 1.5)	7.908
128	images/sec: 185.2 +/- 0.1 (jitter = 1.5)	7.819
129	images/sec: 185.2 +/- 0.1 (jitter = 1.5)	7.882
130	images/sec: 185.2 +/- 0.1 (jitter = 1.5)	7.812
131	images/sec: 185.2 +/- 0.1 (jitter = 1.5)	7.893
132	images/sec: 185.2 +/- 0.1 (jitter = 1.5)	7.894
133	images/sec: 185.2 +/- 0.1 (jitter = 1.5)	7.883
134	images/sec: 185.1 +/- 0.1 (jitter = 1.5)	7.891
135	images/sec: 185.1 +/- 0.1 (jitter = 1.5)	7.830
136	images/sec: 185.1 +/- 0.1 (jitter = 1.5)	7.845
137	images/sec: 185.1 +/- 0.1 (jitter = 1.5)	7.848
138	images/sec: 185.1 +/- 0.1 (jitter = 1.5)	7.942
139	images/sec: 185.1 +/- 0.1 (jitter = 1.5)	7.921
140	images/sec: 185.1 +/- 0.1 (jitter = 1.5)	7.849
141	images/sec: 185.1 +/- 0.1 (jitter = 1.5)	7.892
142	images/sec: 185.1 +/- 0.1 (jitter = 1.5)	7.856
143	images/sec: 185.1 +/- 0.1 (jitter = 1.5)	7.831
144	images/sec: 185.1 +/- 0.1 (jitter = 1.5)	7.957
145	images/sec: 185.1 +/- 0.1 (jitter = 1.6)	7.901
146	images/sec: 185.1 +/- 0.1 (jitter = 1.6)	7.968
147	images/sec: 185.1 +/- 0.1 (jitter = 1.6)	7.923
148	images/sec: 185.1 +/- 0.1 (jitter = 1.6)	8.019
149	images/sec: 185.1 +/- 0.1 (jitter = 1.6)	7.933
150	images/sec: 185.1 +/- 0.1 (jitter = 1.6)	7.926
151	images/sec: 185.1 +/- 0.1 (jitter = 1.6)	7.909
152	images/sec: 185.1 +/- 0.1 (jitter = 1.6)	7.885
153	images/sec: 185.1 +/- 0.1 (jitter = 1.6)	7.795
154	images/sec: 185.1 +/- 0.1 (jitter = 1.6)	7.970
155	images/sec: 185.1 +/- 0.1 (jitter = 1.5)	7.953
156	images/sec: 185.1 +/- 0.1 (jitter = 1.5)	7.849
157	images/sec: 185.1 +/- 0.1 (jitter = 1.5)	7.943
158	images/sec: 185.1 +/- 0.1 (jitter = 1.5)	7.801
159	images/sec: 185.1 +/- 0.1 (jitter = 1.6)	8.165
160	images/sec: 185.1 +/- 0.1 (jitter = 1.6)	7.887
161	images/sec: 185.1 +/- 0.1 (jitter = 1.6)	7.744
162	images/sec: 185.1 +/- 0.1 (jitter = 1.6)	7.825
163	images/sec: 185.1 +/- 0.1 (jitter = 1.5)	7.989
164	images/sec: 185.1 +/- 0.1 (jitter = 1.5)	7.872
165	images/sec: 185.1 +/- 0.1 (jitter = 1.5)	7.890
166	images/sec: 185.1 +/- 0.1 (jitter = 1.5)	7.852
167	images/sec: 185.1 +/- 0.1 (jitter = 1.5)	7.955
168	images/sec: 185.1 +/- 0.1 (jitter = 1.6)	7.907
169	images/sec: 185.1 +/- 0.1 (jitter = 1.5)	7.950
170	images/sec: 185.0 +/- 0.1 (jitter = 1.6)	8.002
171	images/sec: 185.1 +/- 0.1 (jitter = 1.6)	7.920
172	images/sec: 185.1 +/- 0.1 (jitter = 1.6)	7.796
173	images/sec: 185.1 +/- 0.1 (jitter = 1.5)	7.659
174	images/sec: 185.1 +/- 0.1 (jitter = 1.5)	8.000
175	images/sec: 185.1 +/- 0.1 (jitter = 1.5)	7.833
176	images/sec: 185.1 +/- 0.1 (jitter = 1.5)	8.044
177	images/sec: 185.1 +/- 0.1 (jitter = 1.5)	7.819
178	images/sec: 185.1 +/- 0.1 (jitter = 1.5)	7.904
179	images/sec: 185.1 +/- 0.1 (jitter = 1.5)	7.994
180	images/sec: 185.1 +/- 0.1 (jitter = 1.5)	7.823
181	images/sec: 185.1 +/- 0.1 (jitter = 1.5)	7.874
182	images/sec: 185.1 +/- 0.1 (jitter = 1.5)	7.874
183	images/sec: 185.1 +/- 0.1 (jitter = 1.5)	7.947
184	images/sec: 185.1 +/- 0.1 (jitter = 1.5)	7.896
185	images/sec: 185.0 +/- 0.1 (jitter = 1.5)	7.908
186	images/sec: 185.1 +/- 0.1 (jitter = 1.5)	7.884
187	images/sec: 185.1 +/- 0.1 (jitter = 1.5)	7.734
188	images/sec: 185.1 +/- 0.1 (jitter = 1.5)	7.874
189	images/sec: 185.1 +/- 0.1 (jitter = 1.5)	7.807
190	images/sec: 185.1 +/- 0.1 (jitter = 1.4)	7.887
191	images/sec: 185.1 +/- 0.1 (jitter = 1.5)	7.880
192	images/sec: 185.1 +/- 0.1 (jitter = 1.4)	7.952
193	images/sec: 185.1 +/- 0.1 (jitter = 1.5)	7.931
194	images/sec: 185.1 +/- 0.1 (jitter = 1.5)	7.898
195	images/sec: 185.1 +/- 0.1 (jitter = 1.5)	7.784
196	images/sec: 185.1 +/- 0.1 (jitter = 1.4)	7.982
197	images/sec: 185.1 +/- 0.1 (jitter = 1.4)	7.911
198	images/sec: 185.1 +/- 0.1 (jitter = 1.4)	7.917
199	images/sec: 185.1 +/- 0.1 (jitter = 1.5)	7.846
200	images/sec: 185.1 +/- 0.1 (jitter = 1.5)	7.968
201	images/sec: 185.1 +/- 0.1 (jitter = 1.5)	7.863
202	images/sec: 185.1 +/- 0.1 (jitter = 1.5)	7.790
203	images/sec: 185.1 +/- 0.1 (jitter = 1.5)	8.032
204	images/sec: 185.1 +/- 0.1 (jitter = 1.5)	7.843
205	images/sec: 185.1 +/- 0.1 (jitter = 1.5)	7.908
206	images/sec: 185.1 +/- 0.1 (jitter = 1.5)	7.829
207	images/sec: 185.1 +/- 0.1 (jitter = 1.5)	7.818
208	images/sec: 185.1 +/- 0.1 (jitter = 1.4)	7.786
209	images/sec: 185.1 +/- 0.1 (jitter = 1.4)	7.946
210	images/sec: 185.1 +/- 0.1 (jitter = 1.4)	7.924
211	images/sec: 185.1 +/- 0.1 (jitter = 1.4)	7.891
212	images/sec: 185.1 +/- 0.1 (jitter = 1.4)	7.922
213	images/sec: 185.1 +/- 0.1 (jitter = 1.4)	8.014
214	images/sec: 185.1 +/- 0.1 (jitter = 1.4)	7.982
215	images/sec: 185.1 +/- 0.1 (jitter = 1.4)	7.931
216	images/sec: 185.1 +/- 0.1 (jitter = 1.4)	7.837
217	images/sec: 185.1 +/- 0.1 (jitter = 1.4)	7.887
218	images/sec: 185.0 +/- 0.1 (jitter = 1.4)	7.855
219	images/sec: 185.0 +/- 0.1 (jitter = 1.4)	7.881
220	images/sec: 185.0 +/- 0.1 (jitter = 1.4)	7.845
221	images/sec: 185.0 +/- 0.1 (jitter = 1.4)	7.860
222	images/sec: 185.0 +/- 0.1 (jitter = 1.4)	7.870
223	images/sec: 185.0 +/- 0.1 (jitter = 1.4)	7.911
224	images/sec: 185.0 +/- 0.1 (jitter = 1.4)	7.880
225	images/sec: 185.0 +/- 0.1 (jitter = 1.4)	7.903
226	images/sec: 185.0 +/- 0.1 (jitter = 1.3)	7.958
227	images/sec: 185.0 +/- 0.1 (jitter = 1.3)	7.859
228	images/sec: 185.0 +/- 0.1 (jitter = 1.3)	7.882
229	images/sec: 185.0 +/- 0.1 (jitter = 1.3)	7.837
230	images/sec: 185.0 +/- 0.1 (jitter = 1.3)	7.951
231	images/sec: 185.0 +/- 0.1 (jitter = 1.3)	7.899
232	images/sec: 185.3 +/- 0.3 (jitter = 1.3)	7.884
233	images/sec: 185.6 +/- 0.6 (jitter = 1.3)	7.917
234	images/sec: 185.9 +/- 0.8 (jitter = 1.3)	7.878
235	images/sec: 186.2 +/- 0.9 (jitter = 1.3)	7.855
236	images/sec: 186.5 +/- 1.0 (jitter = 1.3)	7.898
237	images/sec: 186.8 +/- 1.1 (jitter = 1.4)	7.849
238	images/sec: 187.0 +/- 1.2 (jitter = 1.4)	7.812
239	images/sec: 187.3 +/- 1.2 (jitter = 1.4)	7.916
240	images/sec: 187.6 +/- 1.3 (jitter = 1.4)	8.543
241	images/sec: 187.9 +/- 1.4 (jitter = 1.4)	7.955
242	images/sec: 188.2 +/- 1.5 (jitter = 1.4)	7.798
243	images/sec: 188.5 +/- 1.5 (jitter = 1.5)	7.889
244	images/sec: 188.8 +/- 1.6 (jitter = 1.5)	7.874
245	images/sec: 189.0 +/- 1.6 (jitter = 1.5)	7.828
246	images/sec: 189.3 +/- 1.7 (jitter = 1.4)	8.348
247	images/sec: 189.6 +/- 1.7 (jitter = 1.5)	7.951
248	images/sec: 189.9 +/- 1.8 (jitter = 1.5)	7.836
249	images/sec: 190.2 +/- 1.8 (jitter = 1.5)	7.897
250	images/sec: 190.4 +/- 1.9 (jitter = 1.5)	7.992
251	images/sec: 190.7 +/- 1.9 (jitter = 1.5)	7.816
252	images/sec: 191.0 +/- 1.9 (jitter = 1.5)	7.841
253	images/sec: 191.2 +/- 2.0 (jitter = 1.5)	7.885
254	images/sec: 191.5 +/- 2.0 (jitter = 1.5)	7.845
255	images/sec: 191.8 +/- 2.0 (jitter = 1.5)	7.946
256	images/sec: 192.0 +/- 2.1 (jitter = 1.5)	7.881
257	images/sec: 192.3 +/- 2.1 (jitter = 1.5)	7.857
258	images/sec: 192.6 +/- 2.1 (jitter = 1.5)	7.938
259	images/sec: 192.8 +/- 2.1 (jitter = 1.5)	7.844
260	images/sec: 193.1 +/- 2.2 (jitter = 1.5)	7.817
261	images/sec: 193.4 +/- 2.2 (jitter = 1.5)	7.875
262	images/sec: 193.6 +/- 2.2 (jitter = 1.5)	7.840
263	images/sec: 193.9 +/- 2.2 (jitter = 1.5)	7.865
264	images/sec: 194.1 +/- 2.3 (jitter = 1.6)	7.841
265	images/sec: 194.4 +/- 2.3 (jitter = 1.6)	7.856
266	images/sec: 194.6 +/- 2.3 (jitter = 1.6)	7.895
267	images/sec: 194.9 +/- 2.3 (jitter = 1.6)	7.809
268	images/sec: 195.1 +/- 2.3 (jitter = 1.6)	7.912
269	images/sec: 195.4 +/- 2.4 (jitter = 1.6)	7.909
270	images/sec: 195.6 +/- 2.4 (jitter = 1.6)	7.923
271	images/sec: 195.9 +/- 2.4 (jitter = 1.7)	7.795
272	images/sec: 196.1 +/- 2.4 (jitter = 1.7)	7.872
273	images/sec: 196.4 +/- 2.4 (jitter = 1.7)	7.923
274	images/sec: 196.6 +/- 2.4 (jitter = 1.7)	7.860
275	images/sec: 196.8 +/- 2.5 (jitter = 1.7)	7.911
276	images/sec: 197.1 +/- 2.5 (jitter = 1.7)	7.823
277	images/sec: 197.3 +/- 2.5 (jitter = 1.7)	7.919
278	images/sec: 197.6 +/- 2.5 (jitter = 1.8)	7.886
279	images/sec: 197.8 +/- 2.5 (jitter = 1.8)	7.899
280	images/sec: 198.0 +/- 2.5 (jitter = 1.8)	7.944
281	images/sec: 198.3 +/- 2.5 (jitter = 1.8)	7.886
282	images/sec: 198.5 +/- 2.6 (jitter = 1.8)	7.842
283	images/sec: 198.7 +/- 2.6 (jitter = 1.8)	7.786
284	images/sec: 199.0 +/- 2.6 (jitter = 1.8)	7.868
285	images/sec: 199.2 +/- 2.6 (jitter = 1.8)	7.924
286	images/sec: 199.4 +/- 2.6 (jitter = 1.8)	7.960
287	images/sec: 199.7 +/- 2.6 (jitter = 1.8)	7.896
288	images/sec: 199.9 +/- 2.6 (jitter = 1.8)	7.880
289	images/sec: 200.1 +/- 2.6 (jitter = 1.8)	7.896
290	images/sec: 200.3 +/- 2.6 (jitter = 1.8)	7.912
291	images/sec: 200.6 +/- 2.6 (jitter = 1.8)	7.839
292	images/sec: 200.8 +/- 2.7 (jitter = 1.8)	7.895
293	images/sec: 201.0 +/- 2.7 (jitter = 1.8)	7.825
294	images/sec: 201.2 +/- 2.7 (jitter = 1.8)	7.982
295	images/sec: 201.4 +/- 2.7 (jitter = 1.8)	7.825
296	images/sec: 201.7 +/- 2.7 (jitter = 1.9)	7.838
297	images/sec: 201.9 +/- 2.7 (jitter = 1.9)	7.897
298	images/sec: 202.1 +/- 2.7 (jitter = 1.9)	7.796
299	images/sec: 202.3 +/- 2.7 (jitter = 1.9)	7.805
300	images/sec: 202.6 +/- 2.7 (jitter = 1.9)	7.808
301	images/sec: 202.8 +/- 2.7 (jitter = 1.9)	7.842
302	images/sec: 203.0 +/- 2.7 (jitter = 1.9)	7.806
303	images/sec: 203.2 +/- 2.7 (jitter = 2.0)	7.892
304	images/sec: 203.4 +/- 2.7 (jitter = 2.0)	7.827
305	images/sec: 203.6 +/- 2.7 (jitter = 2.0)	7.863
306	images/sec: 203.9 +/- 2.8 (jitter = 2.0)	7.838
307	images/sec: 204.1 +/- 2.8 (jitter = 2.1)	7.877
308	images/sec: 204.3 +/- 2.8 (jitter = 2.1)	7.923
309	images/sec: 204.5 +/- 2.8 (jitter = 2.1)	7.872
310	images/sec: 204.7 +/- 2.8 (jitter = 2.1)	7.874
311	images/sec: 204.9 +/- 2.8 (jitter = 2.1)	7.832
312	images/sec: 205.1 +/- 2.8 (jitter = 2.1)	7.696
313	images/sec: 205.3 +/- 2.8 (jitter = 2.2)	7.857
314	images/sec: 205.5 +/- 2.8 (jitter = 2.2)	7.831
315	images/sec: 205.7 +/- 2.8 (jitter = 2.2)	7.901
316	images/sec: 205.9 +/- 2.8 (jitter = 2.2)	7.895
317	images/sec: 206.1 +/- 2.8 (jitter = 2.3)	7.930
318	images/sec: 206.3 +/- 2.8 (jitter = 2.3)	7.881
319	images/sec: 206.5 +/- 2.8 (jitter = 2.3)	7.945
320	images/sec: 206.7 +/- 2.8 (jitter = 2.3)	7.884
321	images/sec: 206.9 +/- 2.8 (jitter = 2.3)	7.920
322	images/sec: 207.1 +/- 2.8 (jitter = 2.3)	7.936
323	images/sec: 207.3 +/- 2.8 (jitter = 2.3)	7.914
324	images/sec: 207.5 +/- 2.8 (jitter = 2.3)	7.894
325	images/sec: 207.7 +/- 2.8 (jitter = 2.4)	7.890
326	images/sec: 207.9 +/- 2.8 (jitter = 2.4)	7.914
327	images/sec: 208.1 +/- 2.8 (jitter = 2.4)	7.839
328	images/sec: 208.3 +/- 2.8 (jitter = 2.4)	7.830
329	images/sec: 208.4 +/- 2.8 (jitter = 2.4)	7.829
330	images/sec: 208.6 +/- 2.8 (jitter = 2.5)	7.832
331	images/sec: 208.8 +/- 2.8 (jitter = 2.5)	7.787
332	images/sec: 209.0 +/- 2.8 (jitter = 2.5)	7.918
333	images/sec: 209.2 +/- 2.8 (jitter = 2.6)	7.909
334	images/sec: 209.4 +/- 2.8 (jitter = 2.7)	7.828
335	images/sec: 209.6 +/- 2.8 (jitter = 2.7)	7.898
336	images/sec: 209.8 +/- 2.8 (jitter = 2.7)	7.876
337	images/sec: 209.9 +/- 2.8 (jitter = 2.8)	7.878
338	images/sec: 210.1 +/- 2.8 (jitter = 2.8)	7.972
339	images/sec: 210.3 +/- 2.8 (jitter = 2.8)	7.805
340	images/sec: 210.5 +/- 2.8 (jitter = 2.9)	7.939
341	images/sec: 210.7 +/- 2.8 (jitter = 2.9)	7.850
342	images/sec: 210.8 +/- 2.8 (jitter = 2.9)	7.751
343	images/sec: 211.0 +/- 2.8 (jitter = 2.9)	7.847
344	images/sec: 211.2 +/- 2.8 (jitter = 2.9)	7.859
345	images/sec: 211.4 +/- 2.8 (jitter = 3.0)	7.898
346	images/sec: 211.6 +/- 2.8 (jitter = 3.0)	7.880
347	images/sec: 211.7 +/- 2.8 (jitter = 3.0)	7.849
348	images/sec: 211.9 +/- 2.8 (jitter = 3.0)	7.869
349	images/sec: 212.1 +/- 2.8 (jitter = 3.1)	7.767
350	images/sec: 212.3 +/- 2.8 (jitter = 3.1)	7.896
351	images/sec: 212.4 +/- 2.8 (jitter = 3.1)	7.974
352	images/sec: 212.6 +/- 2.8 (jitter = 3.2)	7.988
353	images/sec: 212.8 +/- 2.8 (jitter = 3.2)	7.834
354	images/sec: 212.9 +/- 2.8 (jitter = 3.2)	7.860
355	images/sec: 213.1 +/- 2.8 (jitter = 3.3)	7.866
356	images/sec: 213.3 +/- 2.8 (jitter = 3.3)	7.837
357	images/sec: 213.5 +/- 2.8 (jitter = 3.3)	7.883
358	images/sec: 213.6 +/- 2.8 (jitter = 3.3)	7.811
359	images/sec: 213.8 +/- 2.8 (jitter = 3.3)	7.790
360	images/sec: 214.0 +/- 2.8 (jitter = 3.4)	7.769
361	images/sec: 214.1 +/- 2.8 (jitter = 3.4)	7.845
362	images/sec: 214.3 +/- 2.8 (jitter = 3.4)	7.855
363	images/sec: 214.5 +/- 2.8 (jitter = 3.4)	7.797
364	images/sec: 214.6 +/- 2.8 (jitter = 3.5)	7.838
365	images/sec: 214.8 +/- 2.8 (jitter = 3.5)	7.872
366	images/sec: 215.0 +/- 2.8 (jitter = 3.5)	7.814
367	images/sec: 215.1 +/- 2.8 (jitter = 3.5)	7.902
368	images/sec: 215.3 +/- 2.8 (jitter = 3.6)	7.946
369	images/sec: 215.5 +/- 2.8 (jitter = 3.6)	7.797
370	images/sec: 215.6 +/- 2.8 (jitter = 3.6)	7.775
371	images/sec: 215.8 +/- 2.8 (jitter = 3.6)	7.823
372	images/sec: 215.9 +/- 2.8 (jitter = 3.7)	7.887
373	images/sec: 216.1 +/- 2.8 (jitter = 3.7)	7.867
374	images/sec: 216.3 +/- 2.8 (jitter = 3.8)	7.824
375	images/sec: 216.4 +/- 2.8 (jitter = 3.8)	7.829
376	images/sec: 216.6 +/- 2.8 (jitter = 3.8)	7.830
377	images/sec: 216.7 +/- 2.8 (jitter = 3.8)	7.941
378	images/sec: 216.9 +/- 2.8 (jitter = 3.8)	7.851
379	images/sec: 217.0 +/- 2.8 (jitter = 3.9)	7.947
380	images/sec: 217.2 +/- 2.8 (jitter = 3.9)	7.953
381	images/sec: 217.3 +/- 2.8 (jitter = 3.9)	7.878
382	images/sec: 217.5 +/- 2.8 (jitter = 3.9)	7.919
383	images/sec: 217.7 +/- 2.8 (jitter = 4.0)	7.850
384	images/sec: 217.8 +/- 2.8 (jitter = 4.0)	7.895
385	images/sec: 218.0 +/- 2.8 (jitter = 4.0)	7.865
386	images/sec: 218.1 +/- 2.8 (jitter = 4.1)	7.913
387	images/sec: 218.3 +/- 2.8 (jitter = 4.2)	7.867
388	images/sec: 218.4 +/- 2.8 (jitter = 4.2)	7.900
389	images/sec: 218.6 +/- 2.8 (jitter = 4.2)	7.863
390	images/sec: 218.7 +/- 2.8 (jitter = 4.2)	7.906
391	images/sec: 218.9 +/- 2.8 (jitter = 4.3)	7.902
392	images/sec: 219.0 +/- 2.8 (jitter = 4.3)	7.854
393	images/sec: 219.2 +/- 2.8 (jitter = 4.3)	7.853
394	images/sec: 219.3 +/- 2.8 (jitter = 4.3)	7.923
395	images/sec: 219.5 +/- 2.8 (jitter = 4.3)	7.908
396	images/sec: 219.6 +/- 2.8 (jitter = 4.4)	7.882
397	images/sec: 219.7 +/- 2.8 (jitter = 4.4)	7.819
398	images/sec: 219.9 +/- 2.8 (jitter = 4.4)	7.890
399	images/sec: 220.0 +/- 2.8 (jitter = 4.5)	7.874
400	images/sec: 220.2 +/- 2.8 (jitter = 4.5)	7.866
401	images/sec: 220.3 +/- 2.8 (jitter = 4.5)	7.845
402	images/sec: 220.5 +/- 2.8 (jitter = 4.5)	7.753
403	images/sec: 220.6 +/- 2.8 (jitter = 4.6)	7.905
404	images/sec: 220.7 +/- 2.8 (jitter = 4.6)	7.864
405	images/sec: 220.9 +/- 2.8 (jitter = 4.6)	7.836
406	images/sec: 221.0 +/- 2.8 (jitter = 4.6)	7.921
407	images/sec: 221.2 +/- 2.8 (jitter = 4.7)	7.917
408	images/sec: 221.3 +/- 2.8 (jitter = 4.8)	7.819
409	images/sec: 221.5 +/- 2.8 (jitter = 4.8)	7.855
410	images/sec: 221.6 +/- 2.8 (jitter = 4.9)	7.904
411	images/sec: 221.7 +/- 2.8 (jitter = 4.9)	7.822
412	images/sec: 221.9 +/- 2.8 (jitter = 5.0)	7.879
413	images/sec: 222.0 +/- 2.7 (jitter = 5.1)	7.946
414	images/sec: 222.1 +/- 2.7 (jitter = 5.1)	7.914
415	images/sec: 222.3 +/- 2.7 (jitter = 5.2)	7.830
416	images/sec: 222.4 +/- 2.7 (jitter = 5.2)	7.926
417	images/sec: 222.5 +/- 2.7 (jitter = 5.3)	7.834
418	images/sec: 222.7 +/- 2.7 (jitter = 5.4)	7.859
419	images/sec: 222.8 +/- 2.7 (jitter = 5.6)	7.795
420	images/sec: 223.0 +/- 2.7 (jitter = 5.6)	7.882
421	images/sec: 223.1 +/- 2.7 (jitter = 5.7)	7.795
422	images/sec: 223.2 +/- 2.7 (jitter = 5.7)	7.841
423	images/sec: 223.4 +/- 2.7 (jitter = 5.8)	7.965
424	images/sec: 223.5 +/- 2.7 (jitter = 5.9)	7.815
425	images/sec: 223.6 +/- 2.7 (jitter = 6.0)	7.825
426	images/sec: 223.8 +/- 2.7 (jitter = 6.0)	7.725
427	images/sec: 223.9 +/- 2.7 (jitter = 6.1)	7.905
428	images/sec: 224.0 +/- 2.7 (jitter = 6.1)	7.834
429	images/sec: 224.1 +/- 2.7 (jitter = 6.1)	7.850
430	images/sec: 224.3 +/- 2.7 (jitter = 6.2)	7.833
431	images/sec: 224.4 +/- 2.7 (jitter = 6.2)	7.843
432	images/sec: 224.5 +/- 2.7 (jitter = 6.4)	7.892
433	images/sec: 224.6 +/- 2.7 (jitter = 6.5)	7.826
434	images/sec: 224.8 +/- 2.7 (jitter = 6.6)	7.818
435	images/sec: 224.9 +/- 2.7 (jitter = 6.6)	7.774
436	images/sec: 225.0 +/- 2.7 (jitter = 6.9)	7.930
437	images/sec: 225.2 +/- 2.7 (jitter = 7.1)	7.851
438	images/sec: 225.3 +/- 2.7 (jitter = 7.5)	7.905
439	images/sec: 225.4 +/- 2.7 (jitter = 7.9)	7.846
440	images/sec: 225.5 +/- 2.7 (jitter = 8.1)	7.887
441	images/sec: 225.7 +/- 2.7 (jitter = 8.2)	7.844
442	images/sec: 225.8 +/- 2.7 (jitter = 8.6)	7.918
443	images/sec: 225.9 +/- 2.7 (jitter = 9.0)	7.830
444	images/sec: 226.0 +/- 2.7 (jitter = 9.2)	7.897
445	images/sec: 226.2 +/- 2.7 (jitter = 9.3)	8.421
446	images/sec: 226.3 +/- 2.7 (jitter = 9.3)	7.865
447	images/sec: 226.4 +/- 2.7 (jitter = 9.4)	7.821
448	images/sec: 226.5 +/- 2.7 (jitter = 9.5)	7.893
449	images/sec: 226.7 +/- 2.7 (jitter = 9.7)	7.941
450	images/sec: 226.8 +/- 2.7 (jitter = 10.0)	7.810
451	images/sec: 226.9 +/- 2.7 (jitter = 10.3)	7.850
452	images/sec: 227.0 +/- 2.6 (jitter = 10.6)	7.923
453	images/sec: 227.1 +/- 2.6 (jitter = 10.9)	7.914
454	images/sec: 227.2 +/- 2.6 (jitter = 11.4)	8.397
455	images/sec: 227.4 +/- 2.6 (jitter = 11.8)	7.815
456	images/sec: 227.5 +/- 2.6 (jitter = 12.6)	7.881
457	images/sec: 227.6 +/- 2.6 (jitter = 13.3)	7.748
458	images/sec: 227.7 +/- 2.6 (jitter = 13.6)	7.861
459	images/sec: 227.8 +/- 2.6 (jitter = 13.9)	7.964
460	images/sec: 227.9 +/- 2.6 (jitter = 14.4)	7.865
461	images/sec: 228.1 +/- 2.6 (jitter = 15.0)	7.741
462	images/sec: 228.2 +/- 2.6 (jitter = 65.1)	7.916
463	images/sec: 228.3 +/- 2.6 (jitter = 66.5)	7.828
464	images/sec: 228.4 +/- 2.6 (jitter = 44.9)	7.878
465	images/sec: 228.5 +/- 2.6 (jitter = 23.2)	7.839
466	images/sec: 228.7 +/- 2.6 (jitter = 22.2)	7.955
467	images/sec: 228.8 +/- 2.6 (jitter = 21.2)	7.850
468	images/sec: 228.9 +/- 2.6 (jitter = 20.3)	7.884
469	images/sec: 229.0 +/- 2.6 (jitter = 19.4)	7.817
470	images/sec: 229.1 +/- 2.6 (jitter = 19.2)	7.932
471	images/sec: 229.2 +/- 2.6 (jitter = 19.0)	7.842
472	images/sec: 229.3 +/- 2.6 (jitter = 17.5)	7.810
473	images/sec: 229.4 +/- 2.6 (jitter = 16.0)	7.827
474	images/sec: 229.6 +/- 2.6 (jitter = 15.7)	7.818
475	images/sec: 229.7 +/- 2.6 (jitter = 15.4)	7.969
476	images/sec: 229.8 +/- 2.6 (jitter = 14.4)	7.835
477	images/sec: 229.9 +/- 2.6 (jitter = 13.4)	7.860
478	images/sec: 230.0 +/- 2.6 (jitter = 12.6)	7.869
479	images/sec: 230.1 +/- 2.6 (jitter = 11.7)	7.902
480	images/sec: 230.2 +/- 2.6 (jitter = 12.3)	7.879
481	images/sec: 230.3 +/- 2.6 (jitter = 11.7)	7.872
482	images/sec: 230.4 +/- 2.6 (jitter = 11.4)	7.809
483	images/sec: 230.5 +/- 2.6 (jitter = 11.1)	7.919
484	images/sec: 230.7 +/- 2.6 (jitter = 10.3)	7.823
485	images/sec: 230.8 +/- 2.6 (jitter = 9.6)	7.842
486	images/sec: 230.9 +/- 2.6 (jitter = 9.6)	7.872
487	images/sec: 231.0 +/- 2.6 (jitter = 9.6)	7.823
488	images/sec: 231.1 +/- 2.5 (jitter = 9.3)	7.838
489	images/sec: 231.2 +/- 2.5 (jitter = 9.0)	7.779
490	images/sec: 231.3 +/- 2.5 (jitter = 8.9)	7.853
491	images/sec: 231.4 +/- 2.5 (jitter = 8.9)	7.794
492	images/sec: 231.5 +/- 2.5 (jitter = 8.9)	7.874
493	images/sec: 231.6 +/- 2.5 (jitter = 8.8)	7.880
494	images/sec: 231.7 +/- 2.5 (jitter = 8.7)	7.915
495	images/sec: 231.8 +/- 2.5 (jitter = 8.6)	7.836
496	images/sec: 231.9 +/- 2.5 (jitter = 8.5)	7.886
497	images/sec: 232.0 +/- 2.5 (jitter = 8.5)	7.818
498	images/sec: 232.1 +/- 2.5 (jitter = 8.4)	7.808
499	images/sec: 232.2 +/- 2.5 (jitter = 8.5)	7.856
500	images/sec: 232.3 +/- 2.5 (jitter = 8.3)	7.891
----------------------------------------------------------------
total images/sec: 230.38
----------------------------------------------------------------
