TensorFlow:  1.5
Model:       alexnet
Dataset:     imagenet (synthetic)
Mode:        training
SingleSess:  False
Batch size:  25 global
             25 per device
Devices:     ['/gpu:0']
Data format: NCHW
Layout optimizer: False
Optimizer:   sgd
Variables:   parameter_server
==========
Generating model
WARNING:tensorflow:From /salus/tf_benchmarks/scripts/tf_cnn_benchmarks/benchmark_cnn.py:1125: __init__ (from tensorflow.python.training.supervisor) is deprecated and will be removed in a future version.
Instructions for updating:
Please switch to tf.train.MonitoredTrainingSession
Running warm up
Done warm up
Step	Img/sec	loss
1	images/sec: 1935.9 +/- 0.0 (jitter = 0.0)	7.201
2	images/sec: 1941.3 +/- 3.8 (jitter = 8.0)	7.195
3	images/sec: 1929.5 +/- 9.9 (jitter = 16.1)	7.192
4	images/sec: 1928.8 +/- 7.4 (jitter = 14.9)	7.198
5	images/sec: 1910.3 +/- 17.0 (jitter = 29.8)	7.216
6	images/sec: 1893.3 +/- 20.6 (jitter = 36.8)	7.207
7	images/sec: 1872.0 +/- 25.7 (jitter = 59.9)	7.194
8	images/sec: 1838.4 +/- 36.1 (jitter = 91.3)	7.195
9	images/sec: 1811.4 +/- 39.7 (jitter = 128.7)	7.200
10	images/sec: 1798.0 +/- 37.9 (jitter = 155.6)	7.213
11	images/sec: 1783.0 +/- 37.2 (jitter = 182.5)	7.185
12	images/sec: 1768.1 +/- 36.8 (jitter = 208.0)	7.210
13	images/sec: 1761.3 +/- 34.6 (jitter = 178.8)	7.200
14	images/sec: 1752.2 +/- 33.3 (jitter = 142.4)	7.202
15	images/sec: 1739.9 +/- 33.1 (jitter = 100.6)	7.193
16	images/sec: 1735.4 +/- 31.4 (jitter = 100.3)	7.198
17	images/sec: 1741.2 +/- 30.1 (jitter = 100.6)	7.200
18	images/sec: 1743.1 +/- 28.4 (jitter = 142.4)	7.190
19	images/sec: 1739.0 +/- 27.3 (jitter = 100.6)	7.205
20	images/sec: 1736.2 +/- 26.1 (jitter = 100.3)	7.206
21	images/sec: 1726.9 +/- 26.3 (jitter = 103.5)	7.198
22	images/sec: 1730.5 +/- 25.3 (jitter = 119.0)	7.189
23	images/sec: 1741.5 +/- 27.1 (jitter = 134.5)	7.203
24	images/sec: 1752.9 +/- 28.9 (jitter = 142.4)	7.206
25	images/sec: 1764.5 +/- 30.6 (jitter = 164.4)	7.194
26	images/sec: 1775.0 +/- 31.7 (jitter = 188.9)	7.203
27	images/sec: 1780.8 +/- 31.0 (jitter = 198.9)	7.218
28	images/sec: 1782.3 +/- 30.0 (jitter = 204.5)	7.188
29	images/sec: 1779.8 +/- 29.1 (jitter = 194.1)	7.204
30	images/sec: 1779.5 +/- 28.1 (jitter = 190.6)	7.200
31	images/sec: 1773.2 +/- 27.8 (jitter = 187.2)	7.206
32	images/sec: 1769.0 +/- 27.3 (jitter = 173.4)	7.201
33	images/sec: 1759.7 +/- 27.7 (jitter = 164.4)	7.205
34	images/sec: 1757.8 +/- 27.0 (jitter = 152.9)	7.197
35	images/sec: 1755.5 +/- 26.4 (jitter = 143.6)	7.202
36	images/sec: 1748.9 +/- 26.3 (jitter = 152.2)	7.190
37	images/sec: 1747.4 +/- 25.7 (jitter = 134.7)	7.204
38	images/sec: 1747.7 +/- 25.0 (jitter = 137.4)	7.197
39	images/sec: 1747.8 +/- 24.4 (jitter = 140.2)	7.213
40	images/sec: 1747.5 +/- 23.8 (jitter = 133.3)	7.190
41	images/sec: 1747.5 +/- 23.2 (jitter = 135.2)	7.203
42	images/sec: 1747.9 +/- 22.6 (jitter = 142.0)	7.207
43	images/sec: 1747.6 +/- 22.1 (jitter = 134.0)	7.186
44	images/sec: 1746.7 +/- 21.6 (jitter = 131.8)	7.202
45	images/sec: 1745.3 +/- 21.2 (jitter = 128.3)	7.203
46	images/sec: 1743.8 +/- 20.8 (jitter = 116.7)	7.197
47	images/sec: 1742.5 +/- 20.4 (jitter = 99.2)	7.206
48	images/sec: 1743.6 +/- 20.0 (jitter = 113.8)	7.208
49	images/sec: 1741.7 +/- 19.7 (jitter = 99.2)	7.200
50	images/sec: 1740.0 +/- 19.4 (jitter = 97.8)	7.203
51	images/sec: 1738.8 +/- 19.1 (jitter = 96.5)	7.205
52	images/sec: 1738.5 +/- 18.7 (jitter = 96.5)	7.204
53	images/sec: 1734.7 +/- 18.7 (jitter = 96.5)	7.205
54	images/sec: 1734.4 +/- 18.4 (jitter = 96.5)	7.204
55	images/sec: 1735.4 +/- 18.1 (jitter = 98.0)	7.194
56	images/sec: 1727.1 +/- 18.9 (jitter = 97.8)	7.207
57	images/sec: 1725.8 +/- 18.7 (jitter = 96.5)	7.198
58	images/sec: 1725.8 +/- 18.3 (jitter = 96.5)	7.195
59	images/sec: 1727.1 +/- 18.1 (jitter = 98.0)	7.197
60	images/sec: 1729.8 +/- 18.0 (jitter = 103.1)	7.204
61	images/sec: 1726.8 +/- 17.9 (jitter = 99.2)	7.208
62	images/sec: 1725.5 +/- 17.7 (jitter = 97.8)	7.190
63	images/sec: 1722.9 +/- 17.6 (jitter = 97.6)	7.205
64	images/sec: 1722.6 +/- 17.3 (jitter = 94.8)	7.192
65	images/sec: 1726.4 +/- 17.5 (jitter = 97.6)	7.199
66	images/sec: 1730.1 +/- 17.8 (jitter = 100.8)	7.198
67	images/sec: 1729.3 +/- 17.5 (jitter = 97.6)	7.190
68	images/sec: 1728.7 +/- 17.3 (jitter = 94.8)	7.197
69	images/sec: 1728.5 +/- 17.0 (jitter = 96.5)	7.206
70	images/sec: 1729.3 +/- 16.8 (jitter = 97.8)	7.203
71	images/sec: 1730.4 +/- 16.6 (jitter = 99.2)	7.205
72	images/sec: 1729.5 +/- 16.4 (jitter = 97.8)	7.195
73	images/sec: 1727.1 +/- 16.4 (jitter = 97.6)	7.199
74	images/sec: 1725.6 +/- 16.2 (jitter = 99.5)	7.204
75	images/sec: 1725.2 +/- 16.0 (jitter = 95.2)	7.205
76	images/sec: 1723.8 +/- 15.9 (jitter = 100.8)	7.202
77	images/sec: 1723.4 +/- 15.7 (jitter = 100.2)	7.202
78	images/sec: 1726.0 +/- 15.7 (jitter = 100.8)	7.201
79	images/sec: 1725.0 +/- 15.6 (jitter = 100.2)	7.199
80	images/sec: 1726.5 +/- 15.4 (jitter = 100.8)	7.205
81	images/sec: 1727.2 +/- 15.2 (jitter = 106.5)	7.210
82	images/sec: 1728.4 +/- 15.1 (jitter = 106.7)	7.204
83	images/sec: 1727.4 +/- 15.0 (jitter = 106.5)	7.193
84	images/sec: 1726.0 +/- 14.8 (jitter = 106.7)	7.208
85	images/sec: 1725.2 +/- 14.7 (jitter = 101.5)	7.199
86	images/sec: 1724.5 +/- 14.6 (jitter = 101.8)	7.198
87	images/sec: 1724.0 +/- 14.4 (jitter = 102.2)	7.217
88	images/sec: 1725.4 +/- 14.3 (jitter = 101.8)	7.194
89	images/sec: 1726.0 +/- 14.1 (jitter = 101.5)	7.201
90	images/sec: 1725.0 +/- 14.0 (jitter = 101.8)	7.195
91	images/sec: 1723.5 +/- 14.0 (jitter = 106.8)	7.199
92	images/sec: 1723.2 +/- 13.8 (jitter = 104.5)	7.200
93	images/sec: 1722.0 +/- 13.7 (jitter = 106.8)	7.204
94	images/sec: 1721.8 +/- 13.6 (jitter = 104.5)	7.201
95	images/sec: 1721.7 +/- 13.4 (jitter = 100.6)	7.200
96	images/sec: 1722.4 +/- 13.3 (jitter = 101.8)	7.196
97	images/sec: 1723.0 +/- 13.2 (jitter = 103.0)	7.197
98	images/sec: 1723.7 +/- 13.1 (jitter = 108.1)	7.198
99	images/sec: 1725.2 +/- 13.0 (jitter = 113.2)	7.198
100	images/sec: 1727.4 +/- 13.1 (jitter = 112.3)	7.191
101	images/sec: 1730.2 +/- 13.4 (jitter = 111.4)	7.196
102	images/sec: 1732.1 +/- 13.4 (jitter = 112.3)	7.183
103	images/sec: 1732.5 +/- 13.3 (jitter = 107.6)	7.195
104	images/sec: 1734.4 +/- 13.3 (jitter = 110.3)	7.187
105	images/sec: 1735.5 +/- 13.2 (jitter = 112.9)	7.199
106	images/sec: 1734.5 +/- 13.1 (jitter = 114.1)	7.189
107	images/sec: 1733.9 +/- 13.0 (jitter = 114.4)	7.197
108	images/sec: 1730.3 +/- 13.3 (jitter = 115.6)	7.190
109	images/sec: 1730.5 +/- 13.1 (jitter = 114.4)	7.205
110	images/sec: 1729.9 +/- 13.0 (jitter = 112.3)	7.193
111	images/sec: 1730.5 +/- 12.9 (jitter = 114.4)	7.192
112	images/sec: 1731.1 +/- 12.8 (jitter = 114.1)	7.196
113	images/sec: 1732.2 +/- 12.7 (jitter = 113.8)	7.180
114	images/sec: 1730.2 +/- 12.8 (jitter = 115.1)	7.201
115	images/sec: 1729.0 +/- 12.7 (jitter = 116.3)	7.199
116	images/sec: 1729.5 +/- 12.6 (jitter = 115.1)	7.195
117	images/sec: 1728.5 +/- 12.5 (jitter = 116.3)	7.205
118	images/sec: 1729.4 +/- 12.5 (jitter = 115.8)	7.206
119	images/sec: 1730.8 +/- 12.4 (jitter = 115.2)	7.198
120	images/sec: 1731.7 +/- 12.4 (jitter = 113.0)	7.202
121	images/sec: 1731.3 +/- 12.3 (jitter = 115.2)	7.199
122	images/sec: 1731.0 +/- 12.2 (jitter = 115.8)	7.196
123	images/sec: 1730.4 +/- 12.1 (jitter = 116.3)	7.190
124	images/sec: 1729.5 +/- 12.0 (jitter = 119.9)	7.203
125	images/sec: 1729.1 +/- 12.0 (jitter = 119.2)	7.196
126	images/sec: 1730.6 +/- 12.0 (jitter = 119.9)	7.197
127	images/sec: 1730.7 +/- 11.9 (jitter = 116.3)	7.217
128	images/sec: 1730.7 +/- 11.8 (jitter = 115.1)	7.201
129	images/sec: 1731.2 +/- 11.7 (jitter = 114.8)	7.205
130	images/sec: 1732.9 +/- 11.7 (jitter = 111.9)	7.203
131	images/sec: 1733.7 +/- 11.7 (jitter = 110.7)	7.198
132	images/sec: 1732.8 +/- 11.6 (jitter = 113.0)	7.195
133	images/sec: 1732.6 +/- 11.6 (jitter = 112.7)	7.196
134	images/sec: 1732.0 +/- 11.5 (jitter = 113.8)	7.204
135	images/sec: 1731.5 +/- 11.4 (jitter = 114.8)	7.179
136	images/sec: 1730.9 +/- 11.4 (jitter = 115.1)	7.198
137	images/sec: 1730.6 +/- 11.3 (jitter = 115.4)	7.188
138	images/sec: 1729.8 +/- 11.2 (jitter = 119.0)	7.199
139	images/sec: 1729.6 +/- 11.1 (jitter = 118.0)	7.198
140	images/sec: 1729.0 +/- 11.1 (jitter = 115.7)	7.188
141	images/sec: 1728.8 +/- 11.0 (jitter = 113.5)	7.199
142	images/sec: 1728.6 +/- 10.9 (jitter = 113.2)	7.194
143	images/sec: 1727.0 +/- 11.0 (jitter = 114.2)	7.193
144	images/sec: 1726.8 +/- 10.9 (jitter = 113.5)	7.197
145	images/sec: 1726.6 +/- 10.8 (jitter = 112.7)	7.190
146	images/sec: 1727.2 +/- 10.8 (jitter = 113.2)	7.197
147	images/sec: 1727.1 +/- 10.7 (jitter = 112.9)	7.209
148	images/sec: 1725.7 +/- 10.7 (jitter = 113.2)	7.203
149	images/sec: 1725.2 +/- 10.6 (jitter = 112.7)	7.207
150	images/sec: 1725.4 +/- 10.6 (jitter = 112.0)	7.204
151	images/sec: 1726.1 +/- 10.5 (jitter = 112.9)	7.209
152	images/sec: 1726.4 +/- 10.4 (jitter = 112.3)	7.201
153	images/sec: 1727.9 +/- 10.5 (jitter = 112.6)	7.200
154	images/sec: 1724.5 +/- 10.8 (jitter = 113.2)	7.213
155	images/sec: 1724.0 +/- 10.7 (jitter = 112.9)	7.194
156	images/sec: 1723.8 +/- 10.7 (jitter = 112.0)	7.203
157	images/sec: 1720.7 +/- 10.9 (jitter = 112.7)	7.205
158	images/sec: 1719.3 +/- 10.9 (jitter = 113.5)	7.201
159	images/sec: 1717.9 +/- 10.9 (jitter = 113.5)	7.212
160	images/sec: 1717.2 +/- 10.9 (jitter = 115.0)	7.193
161	images/sec: 1714.8 +/- 11.0 (jitter = 115.3)	7.182
162	images/sec: 1711.5 +/- 11.2 (jitter = 116.9)	7.202
163	images/sec: 1710.2 +/- 11.2 (jitter = 116.9)	7.190
164	images/sec: 1708.6 +/- 11.2 (jitter = 117.8)	7.209
165	images/sec: 1708.1 +/- 11.2 (jitter = 117.5)	7.200
166	images/sec: 1705.0 +/- 11.4 (jitter = 117.8)	7.198
167	images/sec: 1700.0 +/- 11.8 (jitter = 117.7)	7.195
168	images/sec: 1699.3 +/- 11.8 (jitter = 117.5)	7.194
169	images/sec: 1697.1 +/- 11.9 (jitter = 118.0)	7.209
170	images/sec: 1693.6 +/- 12.1 (jitter = 118.2)	7.213
171	images/sec: 1692.8 +/- 12.0 (jitter = 119.5)	7.190
172	images/sec: 1692.9 +/- 12.0 (jitter = 118.2)	7.194
173	images/sec: 1693.4 +/- 11.9 (jitter = 118.4)	7.192
174	images/sec: 1693.9 +/- 11.8 (jitter = 117.8)	7.201
175	images/sec: 1694.0 +/- 11.8 (jitter = 118.4)	7.198
176	images/sec: 1693.9 +/- 11.7 (jitter = 117.5)	7.191
177	images/sec: 1694.1 +/- 11.6 (jitter = 117.7)	7.201
178	images/sec: 1694.9 +/- 11.6 (jitter = 118.1)	7.206
179	images/sec: 1695.3 +/- 11.5 (jitter = 118.1)	7.202
180	images/sec: 1694.8 +/- 11.5 (jitter = 118.1)	7.188
181	images/sec: 1688.6 +/- 12.1 (jitter = 118.4)	7.196
182	images/sec: 1685.7 +/- 12.2 (jitter = 117.8)	7.199
183	images/sec: 1680.1 +/- 12.7 (jitter = 118.4)	7.211
184	images/sec: 1679.0 +/- 12.6 (jitter = 119.2)	7.204
185	images/sec: 1675.4 +/- 12.8 (jitter = 119.5)	7.202
186	images/sec: 1672.7 +/- 13.0 (jitter = 120.5)	7.192
187	images/sec: 1666.5 +/- 13.4 (jitter = 121.5)	7.194
188	images/sec: 1662.8 +/- 13.6 (jitter = 122.7)	7.199
189	images/sec: 1658.9 +/- 13.9 (jitter = 123.8)	7.207
190	images/sec: 1655.5 +/- 14.0 (jitter = 125.3)	7.196
191	images/sec: 1652.6 +/- 14.1 (jitter = 126.8)	7.198
192	images/sec: 1646.7 +/- 14.5 (jitter = 128.5)	7.210
193	images/sec: 1643.7 +/- 14.6 (jitter = 130.1)	7.189
194	images/sec: 1640.5 +/- 14.8 (jitter = 131.4)	7.196
195	images/sec: 1637.0 +/- 14.9 (jitter = 133.2)	7.196
196	images/sec: 1632.2 +/- 15.2 (jitter = 134.3)	7.199
197	images/sec: 1629.2 +/- 15.3 (jitter = 134.2)	7.207
198	images/sec: 1624.5 +/- 15.6 (jitter = 134.7)	7.198
199	images/sec: 1622.1 +/- 15.6 (jitter = 136.6)	7.202
200	images/sec: 1619.6 +/- 15.7 (jitter = 137.9)	7.214
201	images/sec: 1616.7 +/- 15.8 (jitter = 137.9)	7.199
202	images/sec: 1613.0 +/- 15.9 (jitter = 139.3)	7.195
203	images/sec: 1609.9 +/- 16.0 (jitter = 140.7)	7.187
204	images/sec: 1601.9 +/- 16.5 (jitter = 144.9)	7.203
205	images/sec: 1599.5 +/- 16.5 (jitter = 148.4)	7.209
206	images/sec: 1595.2 +/- 16.7 (jitter = 148.8)	7.199
207	images/sec: 1590.4 +/- 16.9 (jitter = 149.5)	7.195
208	images/sec: 1587.7 +/- 17.0 (jitter = 150.8)	7.187
209	images/sec: 1585.9 +/- 17.0 (jitter = 152.1)	7.198
210	images/sec: 1584.8 +/- 17.0 (jitter = 153.9)	7.202
211	images/sec: 1582.9 +/- 17.0 (jitter = 154.0)	7.207
212	images/sec: 1581.8 +/- 16.9 (jitter = 157.3)	7.196
213	images/sec: 1574.8 +/- 17.3 (jitter = 160.7)	7.195
214	images/sec: 1569.9 +/- 17.5 (jitter = 162.0)	7.204
215	images/sec: 1564.3 +/- 17.7 (jitter = 163.0)	7.201
216	images/sec: 1558.7 +/- 18.0 (jitter = 164.0)	7.178
217	images/sec: 1553.9 +/- 18.2 (jitter = 165.1)	7.204
218	images/sec: 1549.3 +/- 18.3 (jitter = 165.4)	7.201
219	images/sec: 1544.0 +/- 18.5 (jitter = 165.8)	7.204
220	images/sec: 1539.8 +/- 18.7 (jitter = 167.9)	7.198
221	images/sec: 1535.1 +/- 18.9 (jitter = 169.1)	7.202
222	images/sec: 1530.1 +/- 19.0 (jitter = 169.5)	7.195
223	images/sec: 1526.1 +/- 19.2 (jitter = 170.6)	7.193
224	images/sec: 1522.2 +/- 19.3 (jitter = 171.6)	7.202
225	images/sec: 1517.9 +/- 19.4 (jitter = 173.3)	7.198
226	images/sec: 1513.8 +/- 19.5 (jitter = 175.4)	7.201
227	images/sec: 1509.7 +/- 19.7 (jitter = 177.5)	7.203
228	images/sec: 1505.3 +/- 19.8 (jitter = 177.8)	7.194
229	images/sec: 1502.0 +/- 19.9 (jitter = 178.1)	7.200
230	images/sec: 1497.5 +/- 20.0 (jitter = 179.9)	7.188
231	images/sec: 1493.6 +/- 20.1 (jitter = 181.6)	7.209
232	images/sec: 1488.7 +/- 20.3 (jitter = 182.0)	7.206
233	images/sec: 1484.9 +/- 20.4 (jitter = 182.6)	7.196
234	images/sec: 1481.1 +/- 20.4 (jitter = 183.7)	7.210
235	images/sec: 1476.7 +/- 20.6 (jitter = 184.7)	7.197
236	images/sec: 1470.2 +/- 20.8 (jitter = 189.5)	7.205
237	images/sec: 1464.1 +/- 21.0 (jitter = 193.8)	7.190
238	images/sec: 1458.8 +/- 21.1 (jitter = 194.6)	7.189
239	images/sec: 1453.6 +/- 21.3 (jitter = 195.5)	7.207
240	images/sec: 1448.9 +/- 21.4 (jitter = 196.9)	7.193
241	images/sec: 1444.1 +/- 21.5 (jitter = 197.2)	7.194
242	images/sec: 1439.2 +/- 21.7 (jitter = 199.6)	7.194
243	images/sec: 1434.4 +/- 21.8 (jitter = 199.8)	7.202
244	images/sec: 1429.8 +/- 21.9 (jitter = 202.1)	7.196
245	images/sec: 1425.0 +/- 22.0 (jitter = 203.2)	7.192
246	images/sec: 1420.9 +/- 22.1 (jitter = 204.4)	7.196
247	images/sec: 1416.9 +/- 22.2 (jitter = 205.5)	7.204
248	images/sec: 1412.6 +/- 22.3 (jitter = 208.2)	7.197
249	images/sec: 1408.3 +/- 22.4 (jitter = 210.9)	7.201
250	images/sec: 1404.4 +/- 22.5 (jitter = 213.7)	7.195
----------------------------------------------------------------
total images/sec: 1324.27
----------------------------------------------------------------
