TensorFlow:  1.5
Model:       inception3
Dataset:     imagenet (synthetic)
Mode:        training
SingleSess:  False
Batch size:  25 global
             25 per device
Devices:     ['/gpu:0']
Data format: NCHW
Layout optimizer: False
Optimizer:   sgd
Variables:   parameter_server
==========
Generating model
WARNING:tensorflow:From /salus/tf_benchmarks/scripts/tf_cnn_benchmarks/benchmark_cnn.py:1125: __init__ (from tensorflow.python.training.supervisor) is deprecated and will be removed in a future version.
Instructions for updating:
Please switch to tf.train.MonitoredTrainingSession
Running warm up
Done warm up
Step	Img/sec	loss
1	images/sec: 108.0 +/- 0.0 (jitter = 0.0)	7.490
2	images/sec: 107.5 +/- 0.4 (jitter = 0.8)	7.391
3	images/sec: 108.0 +/- 0.5 (jitter = 1.4)	7.432
4	images/sec: 107.9 +/- 0.4 (jitter = 0.8)	7.429
5	images/sec: 107.6 +/- 0.4 (jitter = 0.9)	7.422
6	images/sec: 107.7 +/- 0.3 (jitter = 0.9)	7.383
7	images/sec: 107.9 +/- 0.3 (jitter = 1.3)	7.397
8	images/sec: 108.0 +/- 0.3 (jitter = 1.1)	7.384
9	images/sec: 108.0 +/- 0.3 (jitter = 1.0)	7.451
10	images/sec: 108.2 +/- 0.3 (jitter = 1.0)	7.430
11	images/sec: 108.1 +/- 0.3 (jitter = 1.0)	7.507
12	images/sec: 108.1 +/- 0.2 (jitter = 1.0)	7.213
13	images/sec: 108.1 +/- 0.2 (jitter = 1.0)	7.409
14	images/sec: 108.1 +/- 0.2 (jitter = 1.0)	7.388
15	images/sec: 108.2 +/- 0.2 (jitter = 1.0)	7.378
16	images/sec: 108.2 +/- 0.2 (jitter = 1.0)	7.440
17	images/sec: 108.2 +/- 0.2 (jitter = 1.0)	7.461
18	images/sec: 108.1 +/- 0.2 (jitter = 1.0)	7.408
19	images/sec: 108.0 +/- 0.2 (jitter = 1.0)	7.348
20	images/sec: 108.0 +/- 0.2 (jitter = 1.0)	7.452
21	images/sec: 108.1 +/- 0.2 (jitter = 1.0)	7.432
22	images/sec: 108.1 +/- 0.2 (jitter = 1.0)	7.445
23	images/sec: 108.1 +/- 0.2 (jitter = 1.0)	7.427
24	images/sec: 108.1 +/- 0.2 (jitter = 1.1)	7.402
25	images/sec: 108.1 +/- 0.2 (jitter = 1.1)	7.277
26	images/sec: 108.0 +/- 0.2 (jitter = 1.1)	7.314
27	images/sec: 108.0 +/- 0.2 (jitter = 1.2)	7.242
28	images/sec: 108.0 +/- 0.2 (jitter = 1.2)	7.299
29	images/sec: 107.9 +/- 0.2 (jitter = 1.3)	7.334
30	images/sec: 107.8 +/- 0.2 (jitter = 1.4)	7.393
31	images/sec: 107.7 +/- 0.2 (jitter = 1.5)	7.438
32	images/sec: 107.7 +/- 0.2 (jitter = 1.5)	7.418
33	images/sec: 107.7 +/- 0.2 (jitter = 1.5)	7.452
34	images/sec: 107.7 +/- 0.2 (jitter = 1.5)	7.328
35	images/sec: 107.6 +/- 0.2 (jitter = 1.5)	7.596
36	images/sec: 107.7 +/- 0.2 (jitter = 1.4)	7.386
37	images/sec: 107.6 +/- 0.2 (jitter = 1.5)	7.443
38	images/sec: 107.6 +/- 0.2 (jitter = 1.5)	7.429
39	images/sec: 107.6 +/- 0.2 (jitter = 1.5)	7.414
40	images/sec: 107.7 +/- 0.2 (jitter = 1.4)	7.358
41	images/sec: 107.7 +/- 0.2 (jitter = 1.4)	7.426
42	images/sec: 107.6 +/- 0.2 (jitter = 1.4)	7.451
43	images/sec: 107.6 +/- 0.2 (jitter = 1.4)	7.412
44	images/sec: 107.6 +/- 0.2 (jitter = 1.3)	7.426
45	images/sec: 107.6 +/- 0.2 (jitter = 1.4)	7.443
46	images/sec: 107.6 +/- 0.2 (jitter = 1.4)	7.331
47	images/sec: 107.6 +/- 0.2 (jitter = 1.4)	7.368
48	images/sec: 107.6 +/- 0.2 (jitter = 1.4)	7.402
49	images/sec: 107.6 +/- 0.2 (jitter = 1.4)	7.450
50	images/sec: 107.6 +/- 0.2 (jitter = 1.4)	7.432
51	images/sec: 107.6 +/- 0.2 (jitter = 1.4)	7.441
52	images/sec: 107.6 +/- 0.2 (jitter = 1.3)	7.374
53	images/sec: 107.6 +/- 0.2 (jitter = 1.2)	7.338
54	images/sec: 107.6 +/- 0.2 (jitter = 1.4)	7.343
55	images/sec: 107.6 +/- 0.2 (jitter = 1.3)	7.466
56	images/sec: 107.7 +/- 0.2 (jitter = 1.3)	7.401
57	images/sec: 107.7 +/- 0.2 (jitter = 1.3)	7.337
58	images/sec: 107.6 +/- 0.2 (jitter = 1.3)	7.408
59	images/sec: 107.6 +/- 0.2 (jitter = 1.3)	7.433
60	images/sec: 107.6 +/- 0.2 (jitter = 1.4)	7.560
61	images/sec: 107.7 +/- 0.2 (jitter = 1.3)	7.359
62	images/sec: 107.7 +/- 0.2 (jitter = 1.4)	7.323
63	images/sec: 107.7 +/- 0.2 (jitter = 1.2)	7.494
64	images/sec: 107.7 +/- 0.2 (jitter = 1.2)	7.315
65	images/sec: 107.7 +/- 0.2 (jitter = 1.2)	7.298
66	images/sec: 107.7 +/- 0.2 (jitter = 1.2)	7.328
67	images/sec: 107.6 +/- 0.2 (jitter = 1.2)	7.349
68	images/sec: 107.6 +/- 0.2 (jitter = 1.2)	7.294
69	images/sec: 107.6 +/- 0.1 (jitter = 1.2)	7.351
70	images/sec: 107.6 +/- 0.1 (jitter = 1.2)	7.444
71	images/sec: 107.6 +/- 0.1 (jitter = 1.2)	7.449
72	images/sec: 107.6 +/- 0.1 (jitter = 1.2)	7.349
73	images/sec: 107.6 +/- 0.1 (jitter = 1.2)	7.430
74	images/sec: 107.6 +/- 0.1 (jitter = 1.2)	7.372
75	images/sec: 107.5 +/- 0.1 (jitter = 1.2)	7.419
76	images/sec: 107.5 +/- 0.1 (jitter = 1.2)	7.420
77	images/sec: 107.5 +/- 0.1 (jitter = 1.2)	7.542
78	images/sec: 107.4 +/- 0.1 (jitter = 1.2)	7.327
79	images/sec: 107.5 +/- 0.1 (jitter = 1.2)	7.336
80	images/sec: 107.5 +/- 0.1 (jitter = 1.2)	7.310
81	images/sec: 107.5 +/- 0.1 (jitter = 1.2)	7.431
82	images/sec: 107.5 +/- 0.1 (jitter = 1.2)	7.462
83	images/sec: 107.5 +/- 0.1 (jitter = 1.2)	7.424
84	images/sec: 107.5 +/- 0.1 (jitter = 1.2)	7.283
85	images/sec: 107.5 +/- 0.1 (jitter = 1.2)	7.330
86	images/sec: 107.5 +/- 0.1 (jitter = 1.2)	7.320
87	images/sec: 107.5 +/- 0.1 (jitter = 1.2)	7.236
88	images/sec: 107.4 +/- 0.1 (jitter = 1.2)	7.345
89	images/sec: 107.4 +/- 0.1 (jitter = 1.2)	7.420
90	images/sec: 107.4 +/- 0.1 (jitter = 1.2)	7.462
91	images/sec: 107.4 +/- 0.1 (jitter = 1.2)	7.236
92	images/sec: 107.4 +/- 0.1 (jitter = 1.2)	7.248
93	images/sec: 107.4 +/- 0.1 (jitter = 1.3)	7.462
94	images/sec: 107.4 +/- 0.1 (jitter = 1.3)	7.432
95	images/sec: 107.3 +/- 0.1 (jitter = 1.3)	7.210
96	images/sec: 107.3 +/- 0.1 (jitter = 1.3)	7.448
97	images/sec: 107.3 +/- 0.1 (jitter = 1.3)	7.352
98	images/sec: 107.3 +/- 0.1 (jitter = 1.3)	7.403
99	images/sec: 107.2 +/- 0.1 (jitter = 1.3)	7.360
100	images/sec: 107.2 +/- 0.1 (jitter = 1.3)	7.423
101	images/sec: 107.2 +/- 0.1 (jitter = 1.4)	7.422
102	images/sec: 107.2 +/- 0.1 (jitter = 1.4)	7.299
103	images/sec: 107.2 +/- 0.1 (jitter = 1.4)	7.471
104	images/sec: 107.2 +/- 0.1 (jitter = 1.4)	7.457
105	images/sec: 107.2 +/- 0.1 (jitter = 1.4)	7.471
106	images/sec: 107.2 +/- 0.1 (jitter = 1.5)	7.521
107	images/sec: 107.2 +/- 0.1 (jitter = 1.4)	7.434
108	images/sec: 107.2 +/- 0.1 (jitter = 1.5)	7.432
109	images/sec: 107.2 +/- 0.1 (jitter = 1.4)	7.455
110	images/sec: 107.2 +/- 0.1 (jitter = 1.5)	7.444
111	images/sec: 107.2 +/- 0.1 (jitter = 1.4)	7.430
112	images/sec: 107.2 +/- 0.1 (jitter = 1.5)	7.275
113	images/sec: 107.2 +/- 0.1 (jitter = 1.4)	7.411
114	images/sec: 107.2 +/- 0.1 (jitter = 1.5)	7.441
115	images/sec: 107.2 +/- 0.1 (jitter = 1.4)	7.295
116	images/sec: 107.2 +/- 0.1 (jitter = 1.5)	7.405
117	images/sec: 107.1 +/- 0.1 (jitter = 1.5)	7.295
118	images/sec: 107.1 +/- 0.1 (jitter = 1.5)	7.336
119	images/sec: 107.1 +/- 0.1 (jitter = 1.4)	7.280
120	images/sec: 107.1 +/- 0.1 (jitter = 1.5)	7.323
121	images/sec: 107.1 +/- 0.1 (jitter = 1.4)	7.419
122	images/sec: 107.1 +/- 0.1 (jitter = 1.5)	7.448
123	images/sec: 107.1 +/- 0.1 (jitter = 1.4)	7.323
124	images/sec: 107.1 +/- 0.1 (jitter = 1.4)	7.508
125	images/sec: 107.1 +/- 0.1 (jitter = 1.3)	7.493
126	images/sec: 107.1 +/- 0.1 (jitter = 1.4)	7.344
127	images/sec: 107.1 +/- 0.1 (jitter = 1.4)	7.383
128	images/sec: 107.1 +/- 0.1 (jitter = 1.4)	7.437
129	images/sec: 107.1 +/- 0.1 (jitter = 1.3)	7.327
130	images/sec: 107.1 +/- 0.1 (jitter = 1.4)	7.405
131	images/sec: 107.1 +/- 0.1 (jitter = 1.4)	7.375
132	images/sec: 107.1 +/- 0.1 (jitter = 1.4)	7.270
133	images/sec: 107.1 +/- 0.1 (jitter = 1.4)	7.464
134	images/sec: 107.1 +/- 0.1 (jitter = 1.5)	7.473
135	images/sec: 107.1 +/- 0.1 (jitter = 1.4)	7.309
136	images/sec: 107.1 +/- 0.1 (jitter = 1.5)	7.409
137	images/sec: 107.1 +/- 0.1 (jitter = 1.5)	7.291
138	images/sec: 107.1 +/- 0.1 (jitter = 1.5)	7.414
139	images/sec: 107.1 +/- 0.1 (jitter = 1.5)	7.368
140	images/sec: 107.1 +/- 0.1 (jitter = 1.5)	7.270
141	images/sec: 107.2 +/- 0.1 (jitter = 1.5)	7.347
142	images/sec: 107.1 +/- 0.1 (jitter = 1.5)	7.336
143	images/sec: 107.2 +/- 0.1 (jitter = 1.4)	7.426
144	images/sec: 107.2 +/- 0.1 (jitter = 1.5)	7.432
145	images/sec: 107.2 +/- 0.1 (jitter = 1.5)	7.393
146	images/sec: 107.2 +/- 0.1 (jitter = 1.5)	7.425
147	images/sec: 107.2 +/- 0.1 (jitter = 1.5)	7.503
148	images/sec: 107.2 +/- 0.1 (jitter = 1.5)	7.340
149	images/sec: 107.2 +/- 0.1 (jitter = 1.4)	7.501
150	images/sec: 107.2 +/- 0.1 (jitter = 1.4)	7.379
151	images/sec: 107.2 +/- 0.1 (jitter = 1.4)	7.393
152	images/sec: 107.2 +/- 0.1 (jitter = 1.4)	7.391
153	images/sec: 107.2 +/- 0.1 (jitter = 1.4)	7.390
154	images/sec: 107.2 +/- 0.1 (jitter = 1.4)	7.424
155	images/sec: 107.2 +/- 0.1 (jitter = 1.4)	7.466
156	images/sec: 107.2 +/- 0.1 (jitter = 1.5)	7.444
157	images/sec: 107.2 +/- 0.1 (jitter = 1.5)	7.489
158	images/sec: 107.2 +/- 0.1 (jitter = 1.5)	7.382
159	images/sec: 107.2 +/- 0.1 (jitter = 1.5)	7.380
160	images/sec: 107.2 +/- 0.1 (jitter = 1.5)	7.373
161	images/sec: 107.2 +/- 0.1 (jitter = 1.4)	7.438
162	images/sec: 107.2 +/- 0.1 (jitter = 1.5)	7.393
163	images/sec: 107.1 +/- 0.1 (jitter = 1.5)	7.392
164	images/sec: 107.1 +/- 0.1 (jitter = 1.5)	7.401
165	images/sec: 107.1 +/- 0.1 (jitter = 1.5)	7.369
166	images/sec: 107.1 +/- 0.1 (jitter = 1.5)	7.473
167	images/sec: 107.1 +/- 0.1 (jitter = 1.5)	7.524
168	images/sec: 107.1 +/- 0.1 (jitter = 1.5)	7.368
169	images/sec: 107.1 +/- 0.1 (jitter = 1.5)	7.402
170	images/sec: 107.1 +/- 0.1 (jitter = 1.5)	7.407
171	images/sec: 107.1 +/- 0.1 (jitter = 1.4)	7.304
172	images/sec: 107.1 +/- 0.1 (jitter = 1.5)	7.529
173	images/sec: 107.1 +/- 0.1 (jitter = 1.5)	7.282
174	images/sec: 107.1 +/- 0.1 (jitter = 1.5)	7.371
175	images/sec: 107.1 +/- 0.1 (jitter = 1.4)	7.364
176	images/sec: 107.1 +/- 0.1 (jitter = 1.5)	7.408
177	images/sec: 107.1 +/- 0.1 (jitter = 1.5)	7.303
178	images/sec: 107.1 +/- 0.1 (jitter = 1.5)	7.412
179	images/sec: 107.1 +/- 0.1 (jitter = 1.4)	7.273
180	images/sec: 107.1 +/- 0.1 (jitter = 1.4)	7.414
181	images/sec: 107.1 +/- 0.1 (jitter = 1.4)	7.328
182	images/sec: 107.1 +/- 0.1 (jitter = 1.4)	7.418
183	images/sec: 107.1 +/- 0.1 (jitter = 1.4)	7.381
184	images/sec: 107.1 +/- 0.1 (jitter = 1.4)	7.393
185	images/sec: 107.1 +/- 0.1 (jitter = 1.4)	7.489
186	images/sec: 107.1 +/- 0.1 (jitter = 1.4)	7.467
187	images/sec: 107.2 +/- 0.1 (jitter = 1.4)	7.242
188	images/sec: 107.2 +/- 0.1 (jitter = 1.4)	7.362
189	images/sec: 107.2 +/- 0.1 (jitter = 1.4)	7.403
190	images/sec: 107.2 +/- 0.1 (jitter = 1.4)	7.333
191	images/sec: 107.2 +/- 0.1 (jitter = 1.5)	7.346
192	images/sec: 107.2 +/- 0.1 (jitter = 1.5)	7.399
193	images/sec: 107.2 +/- 0.1 (jitter = 1.5)	7.300
194	images/sec: 107.2 +/- 0.1 (jitter = 1.5)	7.453
195	images/sec: 107.2 +/- 0.1 (jitter = 1.5)	7.374
196	images/sec: 107.2 +/- 0.1 (jitter = 1.5)	7.260
197	images/sec: 107.2 +/- 0.1 (jitter = 1.5)	7.242
198	images/sec: 107.2 +/- 0.1 (jitter = 1.5)	7.498
199	images/sec: 107.2 +/- 0.1 (jitter = 1.5)	7.386
200	images/sec: 107.2 +/- 0.1 (jitter = 1.5)	7.466
201	images/sec: 107.2 +/- 0.1 (jitter = 1.4)	7.458
202	images/sec: 107.2 +/- 0.1 (jitter = 1.4)	7.350
203	images/sec: 107.2 +/- 0.1 (jitter = 1.4)	7.483
204	images/sec: 107.2 +/- 0.1 (jitter = 1.4)	7.354
205	images/sec: 107.2 +/- 0.1 (jitter = 1.4)	7.434
206	images/sec: 107.2 +/- 0.1 (jitter = 1.4)	7.278
207	images/sec: 107.2 +/- 0.1 (jitter = 1.4)	7.351
208	images/sec: 107.2 +/- 0.1 (jitter = 1.4)	7.400
209	images/sec: 107.2 +/- 0.1 (jitter = 1.4)	7.397
210	images/sec: 107.2 +/- 0.1 (jitter = 1.4)	7.484
211	images/sec: 107.4 +/- 0.3 (jitter = 1.5)	7.404
212	images/sec: 107.6 +/- 0.5 (jitter = 1.5)	7.467
213	images/sec: 107.8 +/- 0.6 (jitter = 1.5)	7.414
214	images/sec: 108.0 +/- 0.7 (jitter = 1.5)	7.429
215	images/sec: 108.2 +/- 0.8 (jitter = 1.5)	7.342
216	images/sec: 108.4 +/- 0.9 (jitter = 1.5)	7.337
217	images/sec: 108.7 +/- 1.0 (jitter = 1.5)	7.422
218	images/sec: 108.9 +/- 1.0 (jitter = 1.5)	7.413
219	images/sec: 109.1 +/- 1.1 (jitter = 1.5)	7.458
220	images/sec: 109.3 +/- 1.1 (jitter = 1.5)	7.353
221	images/sec: 109.5 +/- 1.2 (jitter = 1.6)	7.356
222	images/sec: 109.7 +/- 1.2 (jitter = 1.6)	7.377
223	images/sec: 109.9 +/- 1.3 (jitter = 1.6)	7.408
224	images/sec: 110.1 +/- 1.3 (jitter = 1.6)	7.367
225	images/sec: 110.3 +/- 1.4 (jitter = 1.6)	7.466
226	images/sec: 110.6 +/- 1.4 (jitter = 1.6)	7.482
227	images/sec: 110.8 +/- 1.4 (jitter = 1.6)	7.400
228	images/sec: 111.0 +/- 1.5 (jitter = 1.6)	7.347
229	images/sec: 111.2 +/- 1.5 (jitter = 1.6)	7.359
230	images/sec: 111.4 +/- 1.5 (jitter = 1.6)	7.401
231	images/sec: 111.6 +/- 1.6 (jitter = 1.7)	7.377
232	images/sec: 111.8 +/- 1.6 (jitter = 1.7)	7.418
233	images/sec: 112.0 +/- 1.6 (jitter = 1.7)	7.410
234	images/sec: 112.2 +/- 1.6 (jitter = 1.7)	7.340
235	images/sec: 112.4 +/- 1.7 (jitter = 1.7)	7.404
236	images/sec: 112.6 +/- 1.7 (jitter = 1.7)	7.412
237	images/sec: 112.8 +/- 1.7 (jitter = 1.7)	7.397
238	images/sec: 113.0 +/- 1.7 (jitter = 1.7)	7.363
239	images/sec: 113.1 +/- 1.7 (jitter = 1.7)	7.361
240	images/sec: 113.3 +/- 1.8 (jitter = 1.7)	7.411
241	images/sec: 113.5 +/- 1.8 (jitter = 1.8)	7.410
242	images/sec: 113.7 +/- 1.8 (jitter = 1.8)	7.342
243	images/sec: 113.9 +/- 1.8 (jitter = 1.8)	7.459
244	images/sec: 114.1 +/- 1.8 (jitter = 1.8)	7.374
245	images/sec: 114.3 +/- 1.9 (jitter = 1.8)	7.305
246	images/sec: 114.5 +/- 1.9 (jitter = 1.8)	7.398
247	images/sec: 114.7 +/- 1.9 (jitter = 1.8)	7.461
248	images/sec: 114.8 +/- 1.9 (jitter = 1.8)	7.287
249	images/sec: 115.0 +/- 1.9 (jitter = 1.8)	7.486
250	images/sec: 115.2 +/- 1.9 (jitter = 1.8)	7.463
----------------------------------------------------------------
total images/sec: 114.44
----------------------------------------------------------------
