TensorFlow:  1.5
Model:       inception4
Dataset:     imagenet (synthetic)
Mode:        training
SingleSess:  False
Batch size:  25 global
             25 per device
Devices:     ['/gpu:0']
Data format: NCHW
Layout optimizer: False
Optimizer:   sgd
Variables:   parameter_server
==========
Generating model
WARNING:tensorflow:From /salus/tf_benchmarks/scripts/tf_cnn_benchmarks/convnet_builder.py:372: calling reduce_mean (from tensorflow.python.ops.math_ops) with keep_dims is deprecated and will be removed in a future version.
Instructions for updating:
keep_dims is deprecated, use keepdims instead
WARNING:tensorflow:From /salus/tf_benchmarks/scripts/tf_cnn_benchmarks/benchmark_cnn.py:1124: __init__ (from tensorflow.python.training.supervisor) is deprecated and will be removed in a future version.
Instructions for updating:
Please switch to tf.train.MonitoredTrainingSession
Running warm up
2019-08-22 12:05:51.743518: E tensorflow/stream_executor/cuda/cuda_driver.cc:936] failed to allocate 4.00G (4294967296 bytes) from device: CUDA_ERROR_OUT_OF_MEMORY
2019-08-22 12:05:51.744586: E tensorflow/stream_executor/cuda/cuda_driver.cc:936] failed to allocate 3.60G (3865470464 bytes) from device: CUDA_ERROR_OUT_OF_MEMORY
2019-08-22 12:05:51.745697: E tensorflow/stream_executor/cuda/cuda_driver.cc:936] failed to allocate 3.24G (3478923264 bytes) from device: CUDA_ERROR_OUT_OF_MEMORY
2019-08-22 12:05:52.019644: E tensorflow/stream_executor/cuda/cuda_driver.cc:936] failed to allocate 3.96G (4256432896 bytes) from device: CUDA_ERROR_OUT_OF_MEMORY
2019-08-22 12:05:52.020638: E tensorflow/stream_executor/cuda/cuda_driver.cc:936] failed to allocate 3.96G (4256432896 bytes) from device: CUDA_ERROR_OUT_OF_MEMORY
2019-08-22 12:05:53.085079: E tensorflow/stream_executor/cuda/cuda_driver.cc:936] failed to allocate 3.96G (4256432896 bytes) from device: CUDA_ERROR_OUT_OF_MEMORY
2019-08-22 12:05:53.085968: E tensorflow/stream_executor/cuda/cuda_driver.cc:936] failed to allocate 3.96G (4256432896 bytes) from device: CUDA_ERROR_OUT_OF_MEMORY
2019-08-22 12:05:53.105315: E tensorflow/stream_executor/cuda/cuda_driver.cc:936] failed to allocate 3.96G (4256432896 bytes) from device: CUDA_ERROR_OUT_OF_MEMORY
2019-08-22 12:05:53.106145: E tensorflow/stream_executor/cuda/cuda_driver.cc:936] failed to allocate 3.96G (4256432896 bytes) from device: CUDA_ERROR_OUT_OF_MEMORY
Done warm up
Step	Img/sec	loss
1	images/sec: 50.7 +/- 0.0 (jitter = 0.0)	7.928
2	images/sec: 50.7 +/- 0.0 (jitter = 0.0)	7.820
3	images/sec: 50.7 +/- 0.0 (jitter = 0.0)	7.855
4	images/sec: 50.9 +/- 0.1 (jitter = 0.0)	7.790
5	images/sec: 51.0 +/- 0.2 (jitter = 0.1)	7.808
6	images/sec: 51.1 +/- 0.2 (jitter = 0.4)	7.647
7	images/sec: 51.0 +/- 0.2 (jitter = 0.6)	7.771
8	images/sec: 51.1 +/- 0.2 (jitter = 0.6)	7.749
9	images/sec: 51.1 +/- 0.2 (jitter = 0.8)	7.686
10	images/sec: 51.1 +/- 0.1 (jitter = 0.6)	7.844
11	images/sec: 51.1 +/- 0.1 (jitter = 0.5)	7.703
12	images/sec: 51.1 +/- 0.1 (jitter = 0.5)	7.759
13	images/sec: 51.1 +/- 0.1 (jitter = 0.5)	7.709
14	images/sec: 51.1 +/- 0.1 (jitter = 0.5)	7.837
15	images/sec: 51.1 +/- 0.1 (jitter = 0.5)	7.829
16	images/sec: 51.1 +/- 0.1 (jitter = 0.5)	7.827
17	images/sec: 51.1 +/- 0.1 (jitter = 0.5)	7.764
18	images/sec: 51.1 +/- 0.1 (jitter = 0.4)	7.738
19	images/sec: 51.2 +/- 0.1 (jitter = 0.4)	7.945
20	images/sec: 51.1 +/- 0.1 (jitter = 0.4)	7.800
21	images/sec: 51.2 +/- 0.1 (jitter = 0.4)	7.825
22	images/sec: 51.2 +/- 0.1 (jitter = 0.4)	7.775
23	images/sec: 51.2 +/- 0.1 (jitter = 0.4)	7.746
24	images/sec: 51.2 +/- 0.1 (jitter = 0.4)	7.803
25	images/sec: 51.1 +/- 0.1 (jitter = 0.5)	7.840
26	images/sec: 51.1 +/- 0.1 (jitter = 0.4)	7.722
27	images/sec: 51.1 +/- 0.1 (jitter = 0.4)	7.744
28	images/sec: 51.1 +/- 0.1 (jitter = 0.4)	7.931
29	images/sec: 51.1 +/- 0.1 (jitter = 0.4)	7.834
30	images/sec: 51.1 +/- 0.1 (jitter = 0.4)	7.789
31	images/sec: 51.1 +/- 0.1 (jitter = 0.4)	7.787
32	images/sec: 51.1 +/- 0.1 (jitter = 0.4)	7.699
33	images/sec: 51.1 +/- 0.1 (jitter = 0.4)	7.739
34	images/sec: 51.1 +/- 0.1 (jitter = 0.4)	7.702
35	images/sec: 51.1 +/- 0.1 (jitter = 0.4)	7.732
36	images/sec: 51.1 +/- 0.1 (jitter = 0.4)	7.780
37	images/sec: 51.1 +/- 0.1 (jitter = 0.4)	7.651
38	images/sec: 51.1 +/- 0.1 (jitter = 0.4)	7.839
39	images/sec: 51.1 +/- 0.1 (jitter = 0.4)	7.812
40	images/sec: 51.1 +/- 0.1 (jitter = 0.4)	7.716
41	images/sec: 51.0 +/- 0.1 (jitter = 0.4)	7.734
42	images/sec: 51.0 +/- 0.1 (jitter = 0.4)	7.688
43	images/sec: 51.0 +/- 0.1 (jitter = 0.4)	7.788
44	images/sec: 51.0 +/- 0.1 (jitter = 0.4)	7.793
45	images/sec: 51.0 +/- 0.1 (jitter = 0.4)	7.902
46	images/sec: 51.0 +/- 0.1 (jitter = 0.4)	7.882
47	images/sec: 51.0 +/- 0.1 (jitter = 0.4)	7.788
48	images/sec: 51.0 +/- 0.1 (jitter = 0.4)	7.909
49	images/sec: 51.0 +/- 0.1 (jitter = 0.4)	7.885
50	images/sec: 51.0 +/- 0.1 (jitter = 0.4)	7.646
51	images/sec: 51.0 +/- 0.1 (jitter = 0.3)	7.846
52	images/sec: 51.0 +/- 0.1 (jitter = 0.4)	7.551
53	images/sec: 51.0 +/- 0.1 (jitter = 0.3)	7.824
54	images/sec: 51.0 +/- 0.1 (jitter = 0.3)	7.809
55	images/sec: 50.9 +/- 0.1 (jitter = 0.3)	7.748
56	images/sec: 50.9 +/- 0.1 (jitter = 0.3)	7.801
57	images/sec: 50.9 +/- 0.1 (jitter = 0.3)	7.714
58	images/sec: 50.9 +/- 0.1 (jitter = 0.3)	7.802
59	images/sec: 50.9 +/- 0.1 (jitter = 0.3)	7.767
60	images/sec: 50.9 +/- 0.1 (jitter = 0.3)	7.835
61	images/sec: 50.9 +/- 0.1 (jitter = 0.3)	7.869
62	images/sec: 50.9 +/- 0.0 (jitter = 0.3)	7.821
63	images/sec: 50.9 +/- 0.0 (jitter = 0.3)	7.703
64	images/sec: 50.9 +/- 0.0 (jitter = 0.3)	7.816
65	images/sec: 50.9 +/- 0.0 (jitter = 0.3)	7.740
66	images/sec: 50.9 +/- 0.0 (jitter = 0.3)	7.766
67	images/sec: 50.9 +/- 0.0 (jitter = 0.3)	7.728
68	images/sec: 50.9 +/- 0.0 (jitter = 0.3)	7.795
69	images/sec: 50.9 +/- 0.0 (jitter = 0.3)	7.747
70	images/sec: 50.9 +/- 0.0 (jitter = 0.3)	7.775
71	images/sec: 50.9 +/- 0.0 (jitter = 0.3)	7.584
72	images/sec: 50.9 +/- 0.0 (jitter = 0.3)	7.721
73	images/sec: 50.9 +/- 0.0 (jitter = 0.3)	7.790
74	images/sec: 50.9 +/- 0.0 (jitter = 0.3)	7.756
75	images/sec: 50.9 +/- 0.0 (jitter = 0.3)	7.767
76	images/sec: 50.9 +/- 0.0 (jitter = 0.3)	7.744
77	images/sec: 50.9 +/- 0.0 (jitter = 0.3)	7.748
78	images/sec: 50.9 +/- 0.0 (jitter = 0.3)	7.809
79	images/sec: 50.9 +/- 0.0 (jitter = 0.3)	7.819
80	images/sec: 50.9 +/- 0.0 (jitter = 0.3)	7.819
81	images/sec: 50.9 +/- 0.0 (jitter = 0.3)	7.808
82	images/sec: 50.9 +/- 0.0 (jitter = 0.3)	7.908
83	images/sec: 50.9 +/- 0.0 (jitter = 0.3)	7.733
84	images/sec: 50.9 +/- 0.0 (jitter = 0.3)	7.710
85	images/sec: 50.9 +/- 0.0 (jitter = 0.3)	7.610
86	images/sec: 50.9 +/- 0.0 (jitter = 0.3)	7.709
87	images/sec: 50.9 +/- 0.0 (jitter = 0.3)	7.821
88	images/sec: 50.9 +/- 0.0 (jitter = 0.3)	7.773
89	images/sec: 50.9 +/- 0.0 (jitter = 0.3)	7.868
90	images/sec: 50.9 +/- 0.0 (jitter = 0.3)	7.833
91	images/sec: 50.9 +/- 0.0 (jitter = 0.3)	7.755
92	images/sec: 50.9 +/- 0.0 (jitter = 0.3)	7.767
93	images/sec: 50.9 +/- 0.0 (jitter = 0.3)	7.755
94	images/sec: 50.9 +/- 0.0 (jitter = 0.3)	7.817
95	images/sec: 50.9 +/- 0.0 (jitter = 0.3)	7.726
96	images/sec: 50.9 +/- 0.0 (jitter = 0.3)	7.729
97	images/sec: 50.9 +/- 0.0 (jitter = 0.3)	7.687
98	images/sec: 50.9 +/- 0.0 (jitter = 0.3)	7.766
99	images/sec: 50.9 +/- 0.0 (jitter = 0.3)	7.786
100	images/sec: 50.9 +/- 0.0 (jitter = 0.3)	7.826
101	images/sec: 50.9 +/- 0.0 (jitter = 0.3)	7.706
102	images/sec: 50.9 +/- 0.0 (jitter = 0.2)	7.677
103	images/sec: 50.9 +/- 0.0 (jitter = 0.2)	7.868
104	images/sec: 50.9 +/- 0.0 (jitter = 0.2)	7.806
105	images/sec: 50.9 +/- 0.0 (jitter = 0.2)	7.784
106	images/sec: 50.9 +/- 0.0 (jitter = 0.3)	7.696
107	images/sec: 50.9 +/- 0.0 (jitter = 0.3)	7.691
108	images/sec: 50.9 +/- 0.0 (jitter = 0.3)	7.785
109	images/sec: 50.9 +/- 0.0 (jitter = 0.3)	7.714
110	images/sec: 50.9 +/- 0.0 (jitter = 0.3)	7.751
111	images/sec: 50.9 +/- 0.0 (jitter = 0.3)	7.860
112	images/sec: 50.9 +/- 0.0 (jitter = 0.3)	7.709
113	images/sec: 50.9 +/- 0.0 (jitter = 0.3)	7.831
114	images/sec: 50.9 +/- 0.0 (jitter = 0.3)	7.877
115	images/sec: 50.9 +/- 0.0 (jitter = 0.3)	7.700
116	images/sec: 50.9 +/- 0.0 (jitter = 0.3)	7.726
117	images/sec: 50.9 +/- 0.0 (jitter = 0.3)	7.686
118	images/sec: 50.9 +/- 0.0 (jitter = 0.3)	7.779
119	images/sec: 50.9 +/- 0.0 (jitter = 0.3)	7.872
120	images/sec: 50.9 +/- 0.0 (jitter = 0.3)	7.855
121	images/sec: 50.9 +/- 0.0 (jitter = 0.3)	7.735
122	images/sec: 50.9 +/- 0.0 (jitter = 0.3)	7.798
123	images/sec: 50.9 +/- 0.0 (jitter = 0.3)	7.771
124	images/sec: 50.9 +/- 0.0 (jitter = 0.3)	7.760
125	images/sec: 50.9 +/- 0.0 (jitter = 0.3)	7.841
126	images/sec: 50.9 +/- 0.0 (jitter = 0.3)	7.868
127	images/sec: 50.9 +/- 0.0 (jitter = 0.3)	7.784
128	images/sec: 50.9 +/- 0.0 (jitter = 0.3)	7.754
129	images/sec: 50.9 +/- 0.0 (jitter = 0.3)	7.730
130	images/sec: 50.9 +/- 0.0 (jitter = 0.3)	7.823
131	images/sec: 50.9 +/- 0.0 (jitter = 0.3)	7.821
132	images/sec: 50.9 +/- 0.0 (jitter = 0.3)	7.754
133	images/sec: 50.9 +/- 0.0 (jitter = 0.3)	7.863
134	images/sec: 50.9 +/- 0.0 (jitter = 0.3)	7.729
135	images/sec: 50.9 +/- 0.0 (jitter = 0.3)	7.774
136	images/sec: 50.9 +/- 0.0 (jitter = 0.3)	7.712
137	images/sec: 50.9 +/- 0.0 (jitter = 0.3)	7.712
138	images/sec: 50.9 +/- 0.0 (jitter = 0.3)	7.733
139	images/sec: 50.9 +/- 0.0 (jitter = 0.3)	7.791
140	images/sec: 50.9 +/- 0.0 (jitter = 0.3)	7.683
141	images/sec: 50.9 +/- 0.0 (jitter = 0.3)	7.660
142	images/sec: 50.9 +/- 0.0 (jitter = 0.3)	7.825
143	images/sec: 50.9 +/- 0.0 (jitter = 0.3)	7.711
144	images/sec: 50.9 +/- 0.0 (jitter = 0.3)	7.685
145	images/sec: 50.9 +/- 0.0 (jitter = 0.3)	7.695
146	images/sec: 50.9 +/- 0.0 (jitter = 0.3)	7.892
147	images/sec: 50.9 +/- 0.0 (jitter = 0.3)	7.799
148	images/sec: 50.9 +/- 0.0 (jitter = 0.3)	7.843
149	images/sec: 50.9 +/- 0.0 (jitter = 0.3)	7.725
150	images/sec: 50.9 +/- 0.0 (jitter = 0.3)	7.781
151	images/sec: 50.9 +/- 0.0 (jitter = 0.3)	7.713
152	images/sec: 50.9 +/- 0.0 (jitter = 0.3)	7.831
153	images/sec: 50.9 +/- 0.0 (jitter = 0.3)	7.792
154	images/sec: 50.9 +/- 0.0 (jitter = 0.3)	7.837
155	images/sec: 50.9 +/- 0.0 (jitter = 0.3)	7.686
156	images/sec: 50.9 +/- 0.0 (jitter = 0.3)	7.764
157	images/sec: 51.1 +/- 0.3 (jitter = 0.3)	7.835
158	images/sec: 51.2 +/- 0.4 (jitter = 0.3)	7.820
159	images/sec: 51.4 +/- 0.5 (jitter = 0.3)	7.769
160	images/sec: 51.5 +/- 0.5 (jitter = 0.3)	7.759
161	images/sec: 51.7 +/- 0.6 (jitter = 0.3)	7.809
162	images/sec: 51.8 +/- 0.7 (jitter = 0.3)	7.697
163	images/sec: 52.0 +/- 0.7 (jitter = 0.3)	7.725
164	images/sec: 52.1 +/- 0.7 (jitter = 0.3)	7.676
165	images/sec: 52.2 +/- 0.8 (jitter = 0.3)	7.648
166	images/sec: 52.4 +/- 0.8 (jitter = 0.3)	7.748
167	images/sec: 52.5 +/- 0.9 (jitter = 0.3)	7.737
168	images/sec: 52.7 +/- 0.9 (jitter = 0.3)	7.679
169	images/sec: 52.8 +/- 0.9 (jitter = 0.3)	7.821
170	images/sec: 53.0 +/- 0.9 (jitter = 0.3)	7.850
171	images/sec: 53.1 +/- 1.0 (jitter = 0.3)	7.855
172	images/sec: 53.2 +/- 1.0 (jitter = 0.3)	7.938
173	images/sec: 53.4 +/- 1.0 (jitter = 0.3)	7.668
174	images/sec: 53.5 +/- 1.0 (jitter = 0.3)	7.636
175	images/sec: 53.6 +/- 1.1 (jitter = 0.3)	7.703
176	images/sec: 53.8 +/- 1.1 (jitter = 0.3)	7.669
177	images/sec: 53.9 +/- 1.1 (jitter = 0.3)	7.646
178	images/sec: 54.0 +/- 1.1 (jitter = 0.3)	7.858
179	images/sec: 54.2 +/- 1.1 (jitter = 0.3)	7.805
180	images/sec: 54.3 +/- 1.1 (jitter = 0.3)	7.860
181	images/sec: 54.4 +/- 1.1 (jitter = 0.3)	7.714
182	images/sec: 54.6 +/- 1.2 (jitter = 0.3)	7.790
183	images/sec: 54.7 +/- 1.2 (jitter = 0.3)	7.812
184	images/sec: 54.8 +/- 1.2 (jitter = 0.4)	7.793
185	images/sec: 55.0 +/- 1.2 (jitter = 0.4)	7.825
186	images/sec: 55.1 +/- 1.2 (jitter = 0.4)	7.770
187	images/sec: 55.2 +/- 1.2 (jitter = 0.4)	7.720
188	images/sec: 55.3 +/- 1.2 (jitter = 0.4)	7.708
189	images/sec: 55.4 +/- 1.2 (jitter = 0.4)	7.715
190	images/sec: 55.6 +/- 1.2 (jitter = 0.4)	7.721
191	images/sec: 55.7 +/- 1.3 (jitter = 0.4)	7.728
192	images/sec: 55.8 +/- 1.3 (jitter = 0.4)	7.705
193	images/sec: 55.9 +/- 1.3 (jitter = 0.4)	7.800
194	images/sec: 56.1 +/- 1.3 (jitter = 0.4)	7.732
195	images/sec: 56.2 +/- 1.3 (jitter = 0.4)	7.816
196	images/sec: 56.3 +/- 1.3 (jitter = 0.4)	7.708
197	images/sec: 56.4 +/- 1.3 (jitter = 0.4)	7.744
198	images/sec: 56.5 +/- 1.3 (jitter = 0.4)	7.772
199	images/sec: 56.6 +/- 1.3 (jitter = 0.4)	7.784
200	images/sec: 56.8 +/- 1.3 (jitter = 0.4)	7.825
201	images/sec: 56.9 +/- 1.3 (jitter = 0.5)	7.827
202	images/sec: 57.0 +/- 1.3 (jitter = 0.5)	7.691
203	images/sec: 57.1 +/- 1.3 (jitter = 0.5)	7.717
204	images/sec: 57.2 +/- 1.3 (jitter = 0.5)	7.812
205	images/sec: 57.3 +/- 1.3 (jitter = 0.5)	7.850
206	images/sec: 57.4 +/- 1.3 (jitter = 0.5)	7.699
207	images/sec: 57.5 +/- 1.3 (jitter = 0.5)	7.929
208	images/sec: 57.6 +/- 1.3 (jitter = 0.5)	7.801
209	images/sec: 57.7 +/- 1.3 (jitter = 0.5)	7.721
210	images/sec: 57.9 +/- 1.3 (jitter = 0.5)	7.905
211	images/sec: 58.0 +/- 1.3 (jitter = 0.5)	7.818
212	images/sec: 58.1 +/- 1.3 (jitter = 0.5)	7.792
213	images/sec: 58.2 +/- 1.3 (jitter = 0.5)	7.802
214	images/sec: 58.3 +/- 1.4 (jitter = 0.5)	7.787
215	images/sec: 58.4 +/- 1.4 (jitter = 0.5)	7.701
216	images/sec: 58.5 +/- 1.4 (jitter = 0.5)	7.802
217	images/sec: 58.6 +/- 1.4 (jitter = 0.6)	7.761
218	images/sec: 58.7 +/- 1.4 (jitter = 0.6)	7.736
219	images/sec: 58.8 +/- 1.4 (jitter = 0.6)	7.733
220	images/sec: 58.9 +/- 1.4 (jitter = 0.6)	7.840
221	images/sec: 59.0 +/- 1.4 (jitter = 0.6)	7.811
222	images/sec: 59.1 +/- 1.4 (jitter = 0.6)	7.882
223	images/sec: 59.2 +/- 1.4 (jitter = 0.6)	7.723
224	images/sec: 59.3 +/- 1.4 (jitter = 0.6)	7.840
225	images/sec: 59.4 +/- 1.4 (jitter = 0.6)	7.797
226	images/sec: 59.5 +/- 1.4 (jitter = 0.6)	7.664
227	images/sec: 59.6 +/- 1.4 (jitter = 0.6)	7.849
228	images/sec: 59.7 +/- 1.4 (jitter = 0.6)	7.827
229	images/sec: 59.8 +/- 1.4 (jitter = 0.6)	7.753
230	images/sec: 59.9 +/- 1.4 (jitter = 0.6)	7.893
231	images/sec: 60.0 +/- 1.4 (jitter = 0.6)	7.726
232	images/sec: 60.1 +/- 1.4 (jitter = 0.6)	7.803
233	images/sec: 60.2 +/- 1.4 (jitter = 0.6)	7.725
234	images/sec: 60.3 +/- 1.4 (jitter = 0.6)	7.673
235	images/sec: 60.4 +/- 1.4 (jitter = 0.7)	7.780
236	images/sec: 60.5 +/- 1.4 (jitter = 0.7)	7.714
237	images/sec: 60.6 +/- 1.4 (jitter = 0.7)	7.845
238	images/sec: 60.7 +/- 1.4 (jitter = 0.7)	7.772
239	images/sec: 60.8 +/- 1.4 (jitter = 0.7)	7.761
240	images/sec: 60.9 +/- 1.4 (jitter = 0.7)	7.700
241	images/sec: 60.9 +/- 1.4 (jitter = 0.7)	7.752
242	images/sec: 61.0 +/- 1.4 (jitter = 0.7)	7.802
243	images/sec: 61.1 +/- 1.4 (jitter = 0.7)	7.734
244	images/sec: 61.2 +/- 1.4 (jitter = 0.7)	7.842
245	images/sec: 61.3 +/- 1.4 (jitter = 0.7)	7.826
246	images/sec: 61.4 +/- 1.4 (jitter = 0.7)	7.882
247	images/sec: 61.5 +/- 1.4 (jitter = 0.7)	7.726
248	images/sec: 61.6 +/- 1.4 (jitter = 0.7)	7.697
249	images/sec: 61.7 +/- 1.4 (jitter = 0.7)	7.920
250	images/sec: 61.8 +/- 1.4 (jitter = 0.7)	7.829
251	images/sec: 61.8 +/- 1.4 (jitter = 0.7)	7.686
252	images/sec: 61.9 +/- 1.4 (jitter = 0.7)	7.674
253	images/sec: 62.0 +/- 1.4 (jitter = 0.7)	7.680
254	images/sec: 62.1 +/- 1.4 (jitter = 0.7)	7.731
255	images/sec: 62.2 +/- 1.4 (jitter = 0.7)	7.819
256	images/sec: 62.3 +/- 1.4 (jitter = 0.8)	7.737
257	images/sec: 62.4 +/- 1.4 (jitter = 0.8)	7.672
258	images/sec: 62.4 +/- 1.4 (jitter = 0.8)	7.771
259	images/sec: 62.5 +/- 1.4 (jitter = 0.8)	7.793
260	images/sec: 62.6 +/- 1.4 (jitter = 0.8)	7.763
261	images/sec: 62.7 +/- 1.4 (jitter = 0.8)	7.786
262	images/sec: 62.8 +/- 1.4 (jitter = 0.9)	7.718
263	images/sec: 62.9 +/- 1.4 (jitter = 0.9)	7.813
264	images/sec: 62.9 +/- 1.3 (jitter = 0.9)	7.847
265	images/sec: 63.0 +/- 1.3 (jitter = 0.9)	7.644
266	images/sec: 63.1 +/- 1.3 (jitter = 0.9)	7.690
267	images/sec: 63.2 +/- 1.3 (jitter = 0.9)	7.738
268	images/sec: 63.3 +/- 1.3 (jitter = 1.0)	7.762
269	images/sec: 63.3 +/- 1.3 (jitter = 1.0)	7.827
270	images/sec: 63.4 +/- 1.3 (jitter = 1.0)	7.677
271	images/sec: 63.5 +/- 1.3 (jitter = 1.1)	7.678
272	images/sec: 63.6 +/- 1.3 (jitter = 1.1)	7.881
273	images/sec: 63.7 +/- 1.3 (jitter = 1.1)	7.745
274	images/sec: 63.7 +/- 1.3 (jitter = 1.1)	7.770
275	images/sec: 63.8 +/- 1.3 (jitter = 1.2)	7.699
276	images/sec: 63.9 +/- 1.3 (jitter = 1.2)	7.746
277	images/sec: 64.0 +/- 1.3 (jitter = 1.3)	7.898
278	images/sec: 64.0 +/- 1.3 (jitter = 1.3)	7.745
279	images/sec: 64.1 +/- 1.3 (jitter = 1.3)	7.800
280	images/sec: 64.2 +/- 1.3 (jitter = 1.3)	7.799
281	images/sec: 64.3 +/- 1.3 (jitter = 1.3)	7.832
282	images/sec: 64.3 +/- 1.3 (jitter = 1.4)	7.731
283	images/sec: 64.4 +/- 1.3 (jitter = 1.4)	7.702
284	images/sec: 64.5 +/- 1.3 (jitter = 1.4)	7.915
285	images/sec: 64.6 +/- 1.3 (jitter = 1.5)	7.721
286	images/sec: 64.6 +/- 1.3 (jitter = 1.5)	7.827
287	images/sec: 64.7 +/- 1.3 (jitter = 1.6)	7.637
288	images/sec: 64.8 +/- 1.3 (jitter = 1.6)	7.682
289	images/sec: 64.9 +/- 1.3 (jitter = 1.6)	7.820
290	images/sec: 64.9 +/- 1.3 (jitter = 1.7)	7.804
291	images/sec: 65.0 +/- 1.3 (jitter = 1.7)	7.719
292	images/sec: 65.1 +/- 1.3 (jitter = 1.7)	7.778
293	images/sec: 65.1 +/- 1.3 (jitter = 1.7)	7.896
294	images/sec: 65.2 +/- 1.3 (jitter = 1.7)	7.794
295	images/sec: 65.3 +/- 1.3 (jitter = 1.8)	7.722
296	images/sec: 65.4 +/- 1.3 (jitter = 1.8)	7.756
297	images/sec: 65.4 +/- 1.3 (jitter = 1.8)	7.916
298	images/sec: 65.5 +/- 1.3 (jitter = 1.8)	7.803
299	images/sec: 65.6 +/- 1.3 (jitter = 1.9)	7.602
300	images/sec: 65.6 +/- 1.3 (jitter = 1.9)	7.859
301	images/sec: 65.7 +/- 1.3 (jitter = 1.9)	7.674
302	images/sec: 65.8 +/- 1.3 (jitter = 2.0)	7.786
303	images/sec: 65.8 +/- 1.3 (jitter = 2.0)	7.783
304	images/sec: 65.9 +/- 1.3 (jitter = 2.1)	7.776
305	images/sec: 66.0 +/- 1.3 (jitter = 2.2)	7.827
306	images/sec: 66.0 +/- 1.3 (jitter = 2.3)	7.707
307	images/sec: 66.1 +/- 1.3 (jitter = 2.5)	7.653
308	images/sec: 66.2 +/- 1.3 (jitter = 2.7)	7.746
309	images/sec: 66.2 +/- 1.3 (jitter = 3.0)	7.700
310	images/sec: 66.3 +/- 1.3 (jitter = 3.2)	7.722
311	images/sec: 66.4 +/- 1.3 (jitter = 3.4)	7.803
312	images/sec: 66.4 +/- 1.3 (jitter = 32.0)	7.761
313	images/sec: 66.5 +/- 1.3 (jitter = 7.8)	7.752
314	images/sec: 66.6 +/- 1.3 (jitter = 7.0)	7.778
315	images/sec: 66.6 +/- 1.3 (jitter = 6.2)	7.675
316	images/sec: 66.7 +/- 1.3 (jitter = 5.8)	7.765
317	images/sec: 66.8 +/- 1.3 (jitter = 5.3)	7.712
318	images/sec: 66.8 +/- 1.3 (jitter = 5.2)	7.811
319	images/sec: 66.9 +/- 1.2 (jitter = 5.0)	7.664
320	images/sec: 66.9 +/- 1.2 (jitter = 4.9)	7.684
321	images/sec: 67.0 +/- 1.2 (jitter = 4.7)	7.708
322	images/sec: 67.1 +/- 1.2 (jitter = 4.7)	7.776
323	images/sec: 67.1 +/- 1.2 (jitter = 4.6)	7.821
324	images/sec: 67.2 +/- 1.2 (jitter = 4.3)	7.619
325	images/sec: 67.3 +/- 1.2 (jitter = 4.0)	7.760
326	images/sec: 67.3 +/- 1.2 (jitter = 3.9)	7.813
327	images/sec: 67.4 +/- 1.2 (jitter = 3.8)	7.852
328	images/sec: 67.4 +/- 1.2 (jitter = 3.6)	7.682
329	images/sec: 67.5 +/- 1.2 (jitter = 3.4)	7.690
330	images/sec: 67.6 +/- 1.2 (jitter = 3.2)	7.658
331	images/sec: 67.6 +/- 1.2 (jitter = 3.1)	7.723
332	images/sec: 67.7 +/- 1.2 (jitter = 3.0)	7.696
333	images/sec: 67.7 +/- 1.2 (jitter = 2.9)	7.832
334	images/sec: 67.8 +/- 1.2 (jitter = 2.7)	7.720
335	images/sec: 67.9 +/- 1.2 (jitter = 2.4)	7.750
336	images/sec: 67.9 +/- 1.2 (jitter = 2.4)	7.813
337	images/sec: 68.0 +/- 1.2 (jitter = 2.3)	7.674
338	images/sec: 68.0 +/- 1.2 (jitter = 2.2)	7.786
339	images/sec: 68.1 +/- 1.2 (jitter = 2.2)	7.793
340	images/sec: 68.1 +/- 1.2 (jitter = 2.2)	7.768
341	images/sec: 68.2 +/- 1.2 (jitter = 2.1)	7.787
342	images/sec: 68.3 +/- 1.2 (jitter = 2.1)	7.745
343	images/sec: 68.3 +/- 1.2 (jitter = 2.1)	7.820
344	images/sec: 68.4 +/- 1.2 (jitter = 2.1)	7.716
345	images/sec: 68.4 +/- 1.2 (jitter = 2.0)	7.789
346	images/sec: 68.5 +/- 1.2 (jitter = 2.0)	7.721
347	images/sec: 68.5 +/- 1.2 (jitter = 2.0)	7.806
348	images/sec: 68.6 +/- 1.2 (jitter = 2.0)	7.736
349	images/sec: 68.7 +/- 1.2 (jitter = 2.0)	7.759
350	images/sec: 68.7 +/- 1.2 (jitter = 2.0)	7.759
351	images/sec: 68.8 +/- 1.2 (jitter = 2.0)	7.738
352	images/sec: 68.8 +/- 1.2 (jitter = 2.0)	7.723
353	images/sec: 68.9 +/- 1.2 (jitter = 2.0)	7.683
354	images/sec: 68.9 +/- 1.2 (jitter = 2.0)	7.772
355	images/sec: 69.0 +/- 1.2 (jitter = 2.0)	7.901
356	images/sec: 69.0 +/- 1.2 (jitter = 1.9)	7.735
357	images/sec: 69.1 +/- 1.2 (jitter = 1.9)	7.764
358	images/sec: 69.1 +/- 1.2 (jitter = 1.9)	7.752
359	images/sec: 69.2 +/- 1.2 (jitter = 1.9)	7.803
360	images/sec: 69.3 +/- 1.2 (jitter = 1.8)	7.811
361	images/sec: 69.3 +/- 1.2 (jitter = 1.8)	7.770
362	images/sec: 69.4 +/- 1.2 (jitter = 1.8)	7.762
363	images/sec: 69.4 +/- 1.2 (jitter = 1.8)	7.797
364	images/sec: 69.5 +/- 1.2 (jitter = 1.8)	7.676
365	images/sec: 69.5 +/- 1.2 (jitter = 1.8)	7.652
366	images/sec: 69.6 +/- 1.2 (jitter = 1.7)	7.721
367	images/sec: 69.6 +/- 1.2 (jitter = 1.7)	7.747
368	images/sec: 69.7 +/- 1.2 (jitter = 1.7)	7.703
369	images/sec: 69.7 +/- 1.1 (jitter = 1.7)	7.724
370	images/sec: 69.8 +/- 1.1 (jitter = 1.6)	7.778
371	images/sec: 69.8 +/- 1.1 (jitter = 1.6)	7.641
372	images/sec: 69.9 +/- 1.1 (jitter = 1.6)	7.694
373	images/sec: 69.9 +/- 1.1 (jitter = 1.6)	7.785
374	images/sec: 70.0 +/- 1.1 (jitter = 1.5)	7.717
375	images/sec: 70.0 +/- 1.1 (jitter = 1.5)	7.816
376	images/sec: 70.1 +/- 1.1 (jitter = 1.5)	7.839
377	images/sec: 70.1 +/- 1.1 (jitter = 1.5)	7.818
378	images/sec: 70.2 +/- 1.1 (jitter = 1.5)	7.753
379	images/sec: 70.2 +/- 1.1 (jitter = 1.5)	7.705
380	images/sec: 70.3 +/- 1.1 (jitter = 1.5)	7.784
381	images/sec: 70.3 +/- 1.1 (jitter = 1.4)	7.724
382	images/sec: 70.4 +/- 1.1 (jitter = 1.4)	7.817
383	images/sec: 70.4 +/- 1.1 (jitter = 1.4)	7.669
384	images/sec: 70.5 +/- 1.1 (jitter = 1.4)	7.692
385	images/sec: 70.5 +/- 1.1 (jitter = 1.4)	7.788
386	images/sec: 70.6 +/- 1.1 (jitter = 1.4)	7.825
387	images/sec: 70.6 +/- 1.1 (jitter = 1.4)	7.686
388	images/sec: 70.7 +/- 1.1 (jitter = 1.4)	7.802
389	images/sec: 70.7 +/- 1.1 (jitter = 1.4)	7.756
390	images/sec: 70.8 +/- 1.1 (jitter = 1.3)	7.798
391	images/sec: 70.8 +/- 1.1 (jitter = 1.3)	7.710
392	images/sec: 70.8 +/- 1.1 (jitter = 1.3)	7.675
393	images/sec: 70.9 +/- 1.1 (jitter = 1.3)	7.709
394	images/sec: 70.9 +/- 1.1 (jitter = 1.3)	7.684
395	images/sec: 71.0 +/- 1.1 (jitter = 1.3)	7.764
396	images/sec: 71.0 +/- 1.1 (jitter = 1.2)	7.822
397	images/sec: 71.1 +/- 1.1 (jitter = 1.2)	7.774
398	images/sec: 71.1 +/- 1.1 (jitter = 1.2)	7.680
399	images/sec: 71.2 +/- 1.1 (jitter = 1.2)	7.723
400	images/sec: 71.2 +/- 1.1 (jitter = 1.2)	7.719
401	images/sec: 71.3 +/- 1.1 (jitter = 1.2)	7.673
402	images/sec: 71.3 +/- 1.1 (jitter = 1.2)	7.702
403	images/sec: 71.4 +/- 1.1 (jitter = 1.2)	7.692
404	images/sec: 71.4 +/- 1.1 (jitter = 1.2)	7.880
405	images/sec: 71.4 +/- 1.1 (jitter = 1.2)	7.763
406	images/sec: 71.5 +/- 1.1 (jitter = 1.2)	7.707
407	images/sec: 71.5 +/- 1.1 (jitter = 1.1)	7.709
408	images/sec: 71.6 +/- 1.1 (jitter = 1.1)	7.772
409	images/sec: 71.6 +/- 1.1 (jitter = 1.1)	7.750
410	images/sec: 71.7 +/- 1.1 (jitter = 1.1)	7.735
411	images/sec: 71.7 +/- 1.1 (jitter = 1.1)	7.760
412	images/sec: 71.8 +/- 1.1 (jitter = 1.1)	7.917
413	images/sec: 71.8 +/- 1.1 (jitter = 1.1)	7.759
414	images/sec: 71.8 +/- 1.1 (jitter = 1.1)	7.783
415	images/sec: 71.9 +/- 1.1 (jitter = 1.1)	7.788
416	images/sec: 71.9 +/- 1.1 (jitter = 1.1)	7.715
417	images/sec: 72.0 +/- 1.1 (jitter = 1.1)	7.701
418	images/sec: 72.0 +/- 1.1 (jitter = 1.1)	7.674
419	images/sec: 72.0 +/- 1.1 (jitter = 1.1)	7.763
420	images/sec: 72.1 +/- 1.1 (jitter = 1.1)	7.854
421	images/sec: 72.1 +/- 1.1 (jitter = 1.1)	7.710
422	images/sec: 72.2 +/- 1.0 (jitter = 1.1)	7.680
423	images/sec: 72.2 +/- 1.0 (jitter = 1.1)	7.843
424	images/sec: 72.3 +/- 1.0 (jitter = 1.1)	7.719
425	images/sec: 72.3 +/- 1.0 (jitter = 1.1)	7.793
426	images/sec: 72.3 +/- 1.0 (jitter = 1.1)	7.767
427	images/sec: 72.4 +/- 1.0 (jitter = 1.1)	7.729
428	images/sec: 72.4 +/- 1.0 (jitter = 1.1)	7.703
429	images/sec: 72.5 +/- 1.0 (jitter = 1.1)	7.741
430	images/sec: 72.5 +/- 1.0 (jitter = 1.1)	7.804
431	images/sec: 72.5 +/- 1.0 (jitter = 1.1)	7.631
432	images/sec: 72.6 +/- 1.0 (jitter = 1.1)	7.844
433	images/sec: 72.6 +/- 1.0 (jitter = 1.1)	7.874
434	images/sec: 72.7 +/- 1.0 (jitter = 1.1)	7.737
435	images/sec: 72.7 +/- 1.0 (jitter = 1.1)	7.693
436	images/sec: 72.7 +/- 1.0 (jitter = 1.1)	7.794
437	images/sec: 72.8 +/- 1.0 (jitter = 1.1)	7.789
438	images/sec: 72.8 +/- 1.0 (jitter = 1.1)	7.764
439	images/sec: 72.9 +/- 1.0 (jitter = 1.1)	7.810
440	images/sec: 72.9 +/- 1.0 (jitter = 1.1)	7.824
441	images/sec: 72.9 +/- 1.0 (jitter = 1.0)	7.735
442	images/sec: 73.0 +/- 1.0 (jitter = 1.0)	7.839
443	images/sec: 73.0 +/- 1.0 (jitter = 1.0)	7.685
444	images/sec: 73.1 +/- 1.0 (jitter = 1.0)	7.700
445	images/sec: 73.1 +/- 1.0 (jitter = 1.0)	7.740
446	images/sec: 73.1 +/- 1.0 (jitter = 1.0)	7.757
447	images/sec: 73.2 +/- 1.0 (jitter = 1.0)	7.785
448	images/sec: 73.2 +/- 1.0 (jitter = 1.0)	7.721
449	images/sec: 73.2 +/- 1.0 (jitter = 1.0)	7.643
450	images/sec: 73.3 +/- 1.0 (jitter = 1.0)	7.811
451	images/sec: 73.3 +/- 1.0 (jitter = 1.0)	7.815
452	images/sec: 73.4 +/- 1.0 (jitter = 1.0)	7.729
453	images/sec: 73.4 +/- 1.0 (jitter = 1.0)	7.740
454	images/sec: 73.4 +/- 1.0 (jitter = 1.0)	7.780
455	images/sec: 73.5 +/- 1.0 (jitter = 1.0)	7.663
456	images/sec: 73.5 +/- 1.0 (jitter = 1.0)	7.756
457	images/sec: 73.5 +/- 1.0 (jitter = 1.0)	7.660
458	images/sec: 73.6 +/- 1.0 (jitter = 1.0)	7.737
459	images/sec: 73.6 +/- 1.0 (jitter = 1.0)	7.873
460	images/sec: 73.7 +/- 1.0 (jitter = 1.0)	7.695
461	images/sec: 73.7 +/- 1.0 (jitter = 1.0)	7.691
462	images/sec: 73.7 +/- 1.0 (jitter = 1.0)	7.831
463	images/sec: 73.8 +/- 1.0 (jitter = 1.0)	7.709
464	images/sec: 73.8 +/- 1.0 (jitter = 1.0)	7.743
465	images/sec: 73.8 +/- 1.0 (jitter = 1.0)	7.687
466	images/sec: 73.9 +/- 1.0 (jitter = 0.9)	7.956
467	images/sec: 73.9 +/- 1.0 (jitter = 0.9)	7.934
468	images/sec: 74.0 +/- 1.0 (jitter = 0.9)	7.732
469	images/sec: 74.0 +/- 1.0 (jitter = 0.9)	7.839
470	images/sec: 74.0 +/- 1.0 (jitter = 0.9)	7.774
471	images/sec: 74.1 +/- 1.0 (jitter = 0.9)	7.714
472	images/sec: 74.1 +/- 1.0 (jitter = 0.9)	7.649
473	images/sec: 74.1 +/- 1.0 (jitter = 0.9)	7.805
474	images/sec: 74.2 +/- 1.0 (jitter = 0.9)	7.634
475	images/sec: 74.2 +/- 1.0 (jitter = 0.9)	7.868
476	images/sec: 74.2 +/- 1.0 (jitter = 0.9)	7.772
477	images/sec: 74.3 +/- 1.0 (jitter = 0.9)	7.670
478	images/sec: 74.3 +/- 1.0 (jitter = 0.9)	7.748
479	images/sec: 74.3 +/- 1.0 (jitter = 0.9)	7.734
480	images/sec: 74.4 +/- 1.0 (jitter = 0.9)	7.739
481	images/sec: 74.4 +/- 1.0 (jitter = 0.9)	7.734
482	images/sec: 74.4 +/- 1.0 (jitter = 0.9)	7.783
483	images/sec: 74.5 +/- 1.0 (jitter = 0.9)	7.711
484	images/sec: 74.5 +/- 0.9 (jitter = 0.9)	7.712
485	images/sec: 74.5 +/- 0.9 (jitter = 0.9)	7.881
486	images/sec: 74.6 +/- 0.9 (jitter = 0.9)	7.709
487	images/sec: 74.6 +/- 0.9 (jitter = 0.9)	7.753
488	images/sec: 74.6 +/- 0.9 (jitter = 0.9)	7.808
489	images/sec: 74.7 +/- 0.9 (jitter = 0.9)	7.747
490	images/sec: 74.7 +/- 0.9 (jitter = 0.9)	7.707
491	images/sec: 74.7 +/- 0.9 (jitter = 0.9)	7.767
492	images/sec: 74.8 +/- 0.9 (jitter = 0.9)	7.842
493	images/sec: 74.8 +/- 0.9 (jitter = 0.9)	7.646
494	images/sec: 74.8 +/- 0.9 (jitter = 0.9)	7.879
495	images/sec: 74.9 +/- 0.9 (jitter = 0.9)	7.737
496	images/sec: 74.9 +/- 0.9 (jitter = 0.9)	7.786
497	images/sec: 74.9 +/- 0.9 (jitter = 0.9)	7.674
498	images/sec: 75.0 +/- 0.9 (jitter = 0.9)	7.703
499	images/sec: 75.0 +/- 0.9 (jitter = 0.8)	7.894
500	images/sec: 75.0 +/- 0.9 (jitter = 0.8)	7.907
----------------------------------------------------------------
total images/sec: 74.72
----------------------------------------------------------------
