TensorFlow:  1.5
Model:       resnet50
Dataset:     imagenet (synthetic)
Mode:        training
SingleSess:  False
Batch size:  25 global
             25 per device
Devices:     ['/gpu:0']
Data format: NCHW
Layout optimizer: False
Optimizer:   sgd
Variables:   parameter_server
==========
Generating model
WARNING:tensorflow:From /salus/tf_benchmarks/scripts/tf_cnn_benchmarks/convnet_builder.py:372: calling reduce_mean (from tensorflow.python.ops.math_ops) with keep_dims is deprecated and will be removed in a future version.
Instructions for updating:
keep_dims is deprecated, use keepdims instead
WARNING:tensorflow:From /salus/tf_benchmarks/scripts/tf_cnn_benchmarks/benchmark_cnn.py:1125: __init__ (from tensorflow.python.training.supervisor) is deprecated and will be removed in a future version.
Instructions for updating:
Please switch to tf.train.MonitoredTrainingSession
Running warm up
2019-08-23 13:11:06.674148: E tensorflow/stream_executor/cuda/cuda_driver.cc:936] failed to allocate 2.00G (2147483648 bytes) from device: CUDA_ERROR_OUT_OF_MEMORY
2019-08-23 13:11:06.675447: E tensorflow/stream_executor/cuda/cuda_driver.cc:936] failed to allocate 1.80G (1932735232 bytes) from device: CUDA_ERROR_OUT_OF_MEMORY
2019-08-23 13:11:06.676813: E tensorflow/stream_executor/cuda/cuda_driver.cc:936] failed to allocate 1.62G (1739461632 bytes) from device: CUDA_ERROR_OUT_OF_MEMORY
2019-08-23 13:11:06.678245: E tensorflow/stream_executor/cuda/cuda_driver.cc:936] failed to allocate 1.46G (1565515520 bytes) from device: CUDA_ERROR_OUT_OF_MEMORY
2019-08-23 13:11:06.940410: E tensorflow/stream_executor/cuda/cuda_driver.cc:936] failed to allocate 4.00G (4294967296 bytes) from device: CUDA_ERROR_OUT_OF_MEMORY
2019-08-23 13:11:06.941783: E tensorflow/stream_executor/cuda/cuda_driver.cc:936] failed to allocate 4.00G (4294967296 bytes) from device: CUDA_ERROR_OUT_OF_MEMORY
2019-08-23 13:11:06.959013: E tensorflow/stream_executor/cuda/cuda_driver.cc:936] failed to allocate 4.00G (4294967296 bytes) from device: CUDA_ERROR_OUT_OF_MEMORY
2019-08-23 13:11:06.960152: E tensorflow/stream_executor/cuda/cuda_driver.cc:936] failed to allocate 4.00G (4294967296 bytes) from device: CUDA_ERROR_OUT_OF_MEMORY
2019-08-23 13:11:06.978159: E tensorflow/stream_executor/cuda/cuda_driver.cc:936] failed to allocate 4.00G (4294967296 bytes) from device: CUDA_ERROR_OUT_OF_MEMORY
2019-08-23 13:11:06.979310: E tensorflow/stream_executor/cuda/cuda_driver.cc:936] failed to allocate 4.00G (4294967296 bytes) from device: CUDA_ERROR_OUT_OF_MEMORY
2019-08-23 13:11:06.999543: E tensorflow/stream_executor/cuda/cuda_driver.cc:936] failed to allocate 4.00G (4294967296 bytes) from device: CUDA_ERROR_OUT_OF_MEMORY
2019-08-23 13:11:07.000676: E tensorflow/stream_executor/cuda/cuda_driver.cc:936] failed to allocate 4.00G (4294967296 bytes) from device: CUDA_ERROR_OUT_OF_MEMORY
2019-08-23 13:11:07.026015: E tensorflow/stream_executor/cuda/cuda_driver.cc:936] failed to allocate 4.00G (4294967296 bytes) from device: CUDA_ERROR_OUT_OF_MEMORY
2019-08-23 13:11:07.027150: E tensorflow/stream_executor/cuda/cuda_driver.cc:936] failed to allocate 4.00G (4294967296 bytes) from device: CUDA_ERROR_OUT_OF_MEMORY
2019-08-23 13:11:07.072999: E tensorflow/stream_executor/cuda/cuda_driver.cc:936] failed to allocate 4.00G (4294967296 bytes) from device: CUDA_ERROR_OUT_OF_MEMORY
2019-08-23 13:11:07.074092: E tensorflow/stream_executor/cuda/cuda_driver.cc:936] failed to allocate 4.00G (4294967296 bytes) from device: CUDA_ERROR_OUT_OF_MEMORY
2019-08-23 13:11:07.093766: E tensorflow/stream_executor/cuda/cuda_driver.cc:936] failed to allocate 4.00G (4294967296 bytes) from device: CUDA_ERROR_OUT_OF_MEMORY
2019-08-23 13:11:07.094676: E tensorflow/stream_executor/cuda/cuda_driver.cc:936] failed to allocate 4.00G (4294967296 bytes) from device: CUDA_ERROR_OUT_OF_MEMORY
Done warm up
Step	Img/sec	loss
1	images/sec: 140.5 +/- 0.0 (jitter = 0.0)	10.170
2	images/sec: 140.1 +/- 0.3 (jitter = 0.5)	9.742
3	images/sec: 139.9 +/- 0.3 (jitter = 0.6)	9.589
4	images/sec: 140.0 +/- 0.2 (jitter = 0.5)	9.039
5	images/sec: 138.9 +/- 1.0 (jitter = 1.1)	9.434
6	images/sec: 137.9 +/- 1.2 (jitter = 1.4)	8.954
7	images/sec: 138.1 +/- 1.1 (jitter = 1.6)	8.296
8	images/sec: 138.2 +/- 0.9 (jitter = 1.4)	9.101
9	images/sec: 138.4 +/- 0.9 (jitter = 1.6)	8.759
10	images/sec: 138.5 +/- 0.8 (jitter = 1.4)	8.616
11	images/sec: 138.3 +/- 0.8 (jitter = 1.6)	8.361
12	images/sec: 138.3 +/- 0.7 (jitter = 1.4)	8.505
13	images/sec: 138.4 +/- 0.7 (jitter = 1.1)	8.548
14	images/sec: 138.6 +/- 0.6 (jitter = 1.4)	8.329
15	images/sec: 138.6 +/- 0.6 (jitter = 1.1)	8.396
16	images/sec: 138.7 +/- 0.6 (jitter = 1.4)	8.347
17	images/sec: 138.7 +/- 0.5 (jitter = 1.6)	8.411
18	images/sec: 138.9 +/- 0.5 (jitter = 1.5)	8.409
19	images/sec: 138.9 +/- 0.5 (jitter = 1.4)	8.294
20	images/sec: 139.1 +/- 0.5 (jitter = 1.4)	8.273
21	images/sec: 139.1 +/- 0.5 (jitter = 1.4)	9.144
22	images/sec: 139.1 +/- 0.5 (jitter = 1.4)	8.194
23	images/sec: 139.2 +/- 0.4 (jitter = 1.3)	8.207
24	images/sec: 139.2 +/- 0.4 (jitter = 1.3)	8.279
25	images/sec: 139.3 +/- 0.4 (jitter = 1.3)	8.111
26	images/sec: 139.3 +/- 0.4 (jitter = 1.4)	8.100
27	images/sec: 139.3 +/- 0.4 (jitter = 1.4)	8.148
28	images/sec: 139.3 +/- 0.4 (jitter = 1.4)	8.142
29	images/sec: 139.4 +/- 0.4 (jitter = 1.4)	7.999
30	images/sec: 139.4 +/- 0.4 (jitter = 1.3)	8.108
31	images/sec: 139.4 +/- 0.4 (jitter = 1.4)	9.032
32	images/sec: 139.4 +/- 0.4 (jitter = 1.4)	7.804
33	images/sec: 139.5 +/- 0.3 (jitter = 1.3)	8.254
34	images/sec: 139.5 +/- 0.3 (jitter = 1.2)	8.017
35	images/sec: 139.5 +/- 0.3 (jitter = 1.2)	8.100
36	images/sec: 139.5 +/- 0.3 (jitter = 1.1)	8.001
37	images/sec: 139.5 +/- 0.3 (jitter = 1.0)	8.117
38	images/sec: 139.6 +/- 0.3 (jitter = 1.1)	7.911
39	images/sec: 139.6 +/- 0.3 (jitter = 1.0)	8.074
40	images/sec: 139.5 +/- 0.3 (jitter = 1.0)	8.027
41	images/sec: 139.5 +/- 0.3 (jitter = 1.0)	8.022
42	images/sec: 139.5 +/- 0.3 (jitter = 1.0)	7.989
43	images/sec: 139.6 +/- 0.3 (jitter = 1.0)	7.964
44	images/sec: 139.6 +/- 0.3 (jitter = 1.0)	7.985
45	images/sec: 139.6 +/- 0.3 (jitter = 1.0)	7.970
46	images/sec: 139.6 +/- 0.3 (jitter = 1.0)	7.983
47	images/sec: 139.6 +/- 0.3 (jitter = 1.0)	7.938
48	images/sec: 139.7 +/- 0.2 (jitter = 1.0)	7.974
49	images/sec: 139.6 +/- 0.2 (jitter = 1.0)	8.013
50	images/sec: 139.7 +/- 0.2 (jitter = 1.0)	8.042
51	images/sec: 139.7 +/- 0.2 (jitter = 1.0)	8.020
52	images/sec: 139.7 +/- 0.2 (jitter = 1.0)	8.133
53	images/sec: 139.7 +/- 0.2 (jitter = 1.1)	8.006
54	images/sec: 139.7 +/- 0.2 (jitter = 1.0)	7.953
55	images/sec: 139.7 +/- 0.2 (jitter = 1.0)	8.762
56	images/sec: 139.7 +/- 0.2 (jitter = 1.0)	7.921
57	images/sec: 139.8 +/- 0.2 (jitter = 1.0)	7.952
58	images/sec: 139.7 +/- 0.2 (jitter = 1.0)	7.955
59	images/sec: 139.8 +/- 0.2 (jitter = 1.0)	7.911
60	images/sec: 139.8 +/- 0.2 (jitter = 1.0)	8.036
61	images/sec: 139.7 +/- 0.2 (jitter = 1.0)	7.868
62	images/sec: 139.6 +/- 0.2 (jitter = 1.0)	7.808
63	images/sec: 139.5 +/- 0.2 (jitter = 1.1)	8.089
64	images/sec: 139.5 +/- 0.2 (jitter = 1.1)	8.000
65	images/sec: 139.5 +/- 0.2 (jitter = 1.1)	7.827
66	images/sec: 139.5 +/- 0.2 (jitter = 1.1)	7.876
67	images/sec: 139.5 +/- 0.2 (jitter = 1.0)	7.801
68	images/sec: 139.5 +/- 0.2 (jitter = 1.0)	8.086
69	images/sec: 139.6 +/- 0.2 (jitter = 1.0)	8.724
70	images/sec: 139.6 +/- 0.2 (jitter = 1.0)	7.891
71	images/sec: 139.6 +/- 0.2 (jitter = 1.0)	7.894
72	images/sec: 139.6 +/- 0.2 (jitter = 1.0)	7.893
73	images/sec: 139.6 +/- 0.2 (jitter = 1.0)	8.004
74	images/sec: 139.6 +/- 0.2 (jitter = 1.0)	7.958
75	images/sec: 139.6 +/- 0.2 (jitter = 1.0)	7.815
76	images/sec: 139.6 +/- 0.2 (jitter = 1.0)	7.992
77	images/sec: 139.6 +/- 0.2 (jitter = 1.0)	7.791
78	images/sec: 139.6 +/- 0.2 (jitter = 1.0)	7.890
79	images/sec: 139.6 +/- 0.2 (jitter = 0.9)	8.713
80	images/sec: 139.6 +/- 0.2 (jitter = 0.9)	7.869
81	images/sec: 139.6 +/- 0.2 (jitter = 0.9)	7.921
82	images/sec: 139.7 +/- 0.2 (jitter = 1.0)	7.937
83	images/sec: 139.7 +/- 0.2 (jitter = 0.9)	8.102
84	images/sec: 139.7 +/- 0.2 (jitter = 0.9)	7.838
85	images/sec: 139.7 +/- 0.2 (jitter = 0.9)	7.902
86	images/sec: 139.7 +/- 0.2 (jitter = 0.9)	7.866
87	images/sec: 139.7 +/- 0.2 (jitter = 1.0)	7.960
88	images/sec: 139.8 +/- 0.2 (jitter = 1.0)	7.937
89	images/sec: 139.8 +/- 0.2 (jitter = 1.0)	7.884
90	images/sec: 139.8 +/- 0.2 (jitter = 0.9)	7.980
91	images/sec: 139.8 +/- 0.2 (jitter = 1.0)	7.957
92	images/sec: 139.8 +/- 0.2 (jitter = 0.9)	7.803
93	images/sec: 139.8 +/- 0.2 (jitter = 0.9)	7.959
94	images/sec: 139.8 +/- 0.2 (jitter = 0.9)	7.981
95	images/sec: 139.8 +/- 0.2 (jitter = 0.9)	7.991
96	images/sec: 139.8 +/- 0.2 (jitter = 0.9)	7.923
97	images/sec: 139.8 +/- 0.2 (jitter = 0.9)	7.863
98	images/sec: 139.7 +/- 0.2 (jitter = 0.9)	7.973
99	images/sec: 139.6 +/- 0.2 (jitter = 1.0)	7.874
100	images/sec: 139.6 +/- 0.2 (jitter = 1.0)	7.988
101	images/sec: 139.6 +/- 0.2 (jitter = 1.0)	7.879
102	images/sec: 139.5 +/- 0.2 (jitter = 1.0)	7.670
103	images/sec: 139.5 +/- 0.2 (jitter = 1.0)	8.131
104	images/sec: 139.6 +/- 0.2 (jitter = 1.0)	7.912
105	images/sec: 139.6 +/- 0.2 (jitter = 1.0)	7.876
106	images/sec: 139.6 +/- 0.2 (jitter = 1.0)	7.935
107	images/sec: 139.6 +/- 0.2 (jitter = 1.0)	7.971
108	images/sec: 139.6 +/- 0.2 (jitter = 1.0)	7.952
109	images/sec: 139.6 +/- 0.2 (jitter = 1.0)	7.940
110	images/sec: 139.6 +/- 0.2 (jitter = 0.9)	7.904
111	images/sec: 139.6 +/- 0.2 (jitter = 0.9)	7.931
112	images/sec: 139.6 +/- 0.2 (jitter = 0.9)	7.840
113	images/sec: 139.6 +/- 0.2 (jitter = 0.9)	7.915
114	images/sec: 139.6 +/- 0.2 (jitter = 0.9)	7.907
115	images/sec: 139.6 +/- 0.2 (jitter = 0.9)	7.843
116	images/sec: 139.6 +/- 0.2 (jitter = 0.9)	7.876
117	images/sec: 139.6 +/- 0.2 (jitter = 0.9)	7.804
118	images/sec: 139.5 +/- 0.2 (jitter = 0.9)	7.918
119	images/sec: 139.5 +/- 0.2 (jitter = 0.9)	7.858
120	images/sec: 139.5 +/- 0.2 (jitter = 0.9)	7.908
121	images/sec: 139.5 +/- 0.2 (jitter = 0.9)	7.944
122	images/sec: 139.5 +/- 0.2 (jitter = 0.9)	7.897
123	images/sec: 139.5 +/- 0.2 (jitter = 0.9)	7.934
124	images/sec: 139.5 +/- 0.2 (jitter = 0.9)	8.030
125	images/sec: 139.5 +/- 0.2 (jitter = 0.9)	7.942
126	images/sec: 139.4 +/- 0.2 (jitter = 0.9)	7.963
127	images/sec: 139.5 +/- 0.2 (jitter = 0.9)	7.870
128	images/sec: 139.5 +/- 0.2 (jitter = 0.9)	7.854
129	images/sec: 139.5 +/- 0.2 (jitter = 0.9)	7.842
130	images/sec: 139.5 +/- 0.2 (jitter = 0.9)	8.409
131	images/sec: 139.5 +/- 0.2 (jitter = 1.0)	7.852
132	images/sec: 139.5 +/- 0.2 (jitter = 1.0)	7.896
133	images/sec: 139.5 +/- 0.2 (jitter = 1.0)	7.919
134	images/sec: 139.5 +/- 0.2 (jitter = 1.0)	7.989
135	images/sec: 139.5 +/- 0.2 (jitter = 1.0)	7.743
136	images/sec: 139.5 +/- 0.2 (jitter = 1.0)	7.846
137	images/sec: 139.5 +/- 0.2 (jitter = 1.0)	7.829
138	images/sec: 139.5 +/- 0.2 (jitter = 1.0)	7.982
139	images/sec: 139.5 +/- 0.2 (jitter = 1.0)	7.872
140	images/sec: 139.5 +/- 0.2 (jitter = 1.0)	7.846
141	images/sec: 139.5 +/- 0.2 (jitter = 1.0)	7.936
142	images/sec: 139.5 +/- 0.2 (jitter = 1.0)	7.813
143	images/sec: 139.5 +/- 0.2 (jitter = 1.0)	7.852
144	images/sec: 139.6 +/- 0.2 (jitter = 0.9)	8.015
145	images/sec: 139.5 +/- 0.2 (jitter = 1.0)	7.885
146	images/sec: 139.5 +/- 0.2 (jitter = 1.0)	7.888
147	images/sec: 139.5 +/- 0.2 (jitter = 0.9)	7.955
148	images/sec: 139.5 +/- 0.2 (jitter = 1.0)	8.013
149	images/sec: 139.5 +/- 0.2 (jitter = 1.0)	7.929
150	images/sec: 139.5 +/- 0.2 (jitter = 1.0)	7.931
151	images/sec: 139.5 +/- 0.2 (jitter = 1.0)	7.844
152	images/sec: 139.5 +/- 0.2 (jitter = 0.9)	7.950
153	images/sec: 139.5 +/- 0.2 (jitter = 0.9)	7.830
154	images/sec: 139.5 +/- 0.2 (jitter = 0.9)	7.967
155	images/sec: 139.5 +/- 0.2 (jitter = 0.9)	8.094
156	images/sec: 139.6 +/- 0.2 (jitter = 0.9)	7.853
157	images/sec: 139.6 +/- 0.2 (jitter = 0.9)	7.974
158	images/sec: 139.6 +/- 0.2 (jitter = 0.9)	7.893
159	images/sec: 139.6 +/- 0.2 (jitter = 0.9)	7.987
160	images/sec: 139.6 +/- 0.2 (jitter = 0.9)	7.887
161	images/sec: 139.6 +/- 0.2 (jitter = 0.9)	7.764
162	images/sec: 139.6 +/- 0.2 (jitter = 0.9)	7.839
163	images/sec: 139.6 +/- 0.2 (jitter = 0.9)	7.918
164	images/sec: 139.6 +/- 0.2 (jitter = 0.9)	7.969
165	images/sec: 139.6 +/- 0.2 (jitter = 0.9)	7.811
166	images/sec: 139.6 +/- 0.2 (jitter = 0.9)	7.819
167	images/sec: 139.6 +/- 0.2 (jitter = 0.9)	7.924
168	images/sec: 139.6 +/- 0.2 (jitter = 0.9)	7.933
169	images/sec: 139.7 +/- 0.2 (jitter = 0.9)	8.072
170	images/sec: 139.7 +/- 0.2 (jitter = 0.9)	7.964
171	images/sec: 139.6 +/- 0.2 (jitter = 0.9)	7.934
172	images/sec: 139.7 +/- 0.2 (jitter = 1.0)	7.854
173	images/sec: 139.6 +/- 0.2 (jitter = 1.0)	7.811
174	images/sec: 139.6 +/- 0.2 (jitter = 1.0)	7.958
175	images/sec: 139.6 +/- 0.2 (jitter = 1.0)	7.818
176	images/sec: 139.6 +/- 0.2 (jitter = 1.0)	8.014
177	images/sec: 139.6 +/- 0.2 (jitter = 0.9)	7.794
178	images/sec: 139.6 +/- 0.2 (jitter = 0.9)	7.898
179	images/sec: 139.6 +/- 0.2 (jitter = 0.9)	7.927
180	images/sec: 139.6 +/- 0.2 (jitter = 0.9)	7.890
181	images/sec: 139.7 +/- 0.2 (jitter = 0.9)	7.860
182	images/sec: 139.7 +/- 0.2 (jitter = 1.0)	7.883
183	images/sec: 139.7 +/- 0.2 (jitter = 1.0)	7.998
184	images/sec: 139.7 +/- 0.2 (jitter = 1.0)	7.887
185	images/sec: 139.7 +/- 0.2 (jitter = 0.9)	7.948
186	images/sec: 139.7 +/- 0.2 (jitter = 1.0)	7.864
187	images/sec: 139.7 +/- 0.2 (jitter = 1.0)	7.745
188	images/sec: 139.7 +/- 0.2 (jitter = 0.9)	7.799
189	images/sec: 139.7 +/- 0.2 (jitter = 0.9)	7.776
190	images/sec: 139.7 +/- 0.2 (jitter = 0.9)	7.888
191	images/sec: 139.7 +/- 0.2 (jitter = 1.0)	7.937
192	images/sec: 139.7 +/- 0.1 (jitter = 0.9)	7.978
193	images/sec: 139.7 +/- 0.1 (jitter = 1.0)	7.832
194	images/sec: 139.7 +/- 0.1 (jitter = 1.0)	7.943
195	images/sec: 139.7 +/- 0.1 (jitter = 0.9)	7.867
196	images/sec: 139.7 +/- 0.1 (jitter = 0.9)	7.964
197	images/sec: 139.7 +/- 0.1 (jitter = 0.9)	7.914
198	images/sec: 139.7 +/- 0.1 (jitter = 0.9)	7.876
199	images/sec: 139.7 +/- 0.1 (jitter = 0.9)	7.894
200	images/sec: 139.7 +/- 0.1 (jitter = 0.9)	7.987
201	images/sec: 139.7 +/- 0.1 (jitter = 0.9)	7.878
202	images/sec: 139.7 +/- 0.1 (jitter = 0.9)	7.842
203	images/sec: 139.7 +/- 0.1 (jitter = 0.9)	7.896
204	images/sec: 139.7 +/- 0.1 (jitter = 0.9)	7.797
205	images/sec: 139.7 +/- 0.1 (jitter = 0.9)	7.934
206	images/sec: 139.7 +/- 0.1 (jitter = 0.9)	7.782
207	images/sec: 139.7 +/- 0.1 (jitter = 0.9)	7.875
208	images/sec: 139.7 +/- 0.1 (jitter = 0.9)	7.829
209	images/sec: 139.7 +/- 0.1 (jitter = 0.9)	7.939
210	images/sec: 139.7 +/- 0.1 (jitter = 0.9)	7.944
211	images/sec: 139.7 +/- 0.1 (jitter = 0.9)	7.923
212	images/sec: 139.7 +/- 0.1 (jitter = 0.9)	7.965
213	images/sec: 139.7 +/- 0.1 (jitter = 0.9)	7.926
214	images/sec: 139.7 +/- 0.1 (jitter = 0.9)	7.940
215	images/sec: 139.7 +/- 0.1 (jitter = 0.9)	7.970
216	images/sec: 139.7 +/- 0.1 (jitter = 0.9)	7.684
217	images/sec: 139.7 +/- 0.1 (jitter = 1.0)	7.904
218	images/sec: 139.7 +/- 0.1 (jitter = 0.9)	7.910
219	images/sec: 139.7 +/- 0.1 (jitter = 1.0)	7.902
220	images/sec: 139.7 +/- 0.1 (jitter = 0.9)	7.897
221	images/sec: 139.7 +/- 0.1 (jitter = 0.9)	7.876
222	images/sec: 139.7 +/- 0.1 (jitter = 0.9)	7.886
223	images/sec: 139.7 +/- 0.1 (jitter = 0.9)	7.912
224	images/sec: 139.7 +/- 0.1 (jitter = 0.9)	7.851
225	images/sec: 139.7 +/- 0.1 (jitter = 0.9)	7.860
226	images/sec: 139.7 +/- 0.1 (jitter = 0.9)	7.964
227	images/sec: 139.7 +/- 0.1 (jitter = 1.0)	7.881
228	images/sec: 139.8 +/- 0.2 (jitter = 1.0)	7.781
229	images/sec: 140.0 +/- 0.3 (jitter = 1.0)	7.886
230	images/sec: 140.1 +/- 0.3 (jitter = 1.0)	7.883
231	images/sec: 140.2 +/- 0.3 (jitter = 1.0)	7.826
232	images/sec: 140.3 +/- 0.4 (jitter = 1.0)	7.792
233	images/sec: 140.5 +/- 0.4 (jitter = 1.0)	7.912
234	images/sec: 140.7 +/- 0.6 (jitter = 1.0)	7.757
235	images/sec: 141.0 +/- 0.9 (jitter = 1.0)	7.917
236	images/sec: 141.3 +/- 1.1 (jitter = 1.0)	7.930
237	images/sec: 141.7 +/- 1.3 (jitter = 1.0)	7.866
238	images/sec: 142.0 +/- 1.4 (jitter = 1.0)	7.740
239	images/sec: 142.3 +/- 1.5 (jitter = 1.1)	7.870
240	images/sec: 142.6 +/- 1.6 (jitter = 1.1)	8.604
241	images/sec: 142.9 +/- 1.7 (jitter = 1.1)	7.943
242	images/sec: 143.2 +/- 1.8 (jitter = 1.1)	7.780
243	images/sec: 143.5 +/- 1.9 (jitter = 1.1)	7.931
244	images/sec: 143.8 +/- 2.0 (jitter = 1.1)	7.871
245	images/sec: 144.1 +/- 2.1 (jitter = 1.1)	7.854
246	images/sec: 144.4 +/- 2.2 (jitter = 1.1)	8.363
247	images/sec: 144.7 +/- 2.2 (jitter = 1.1)	7.945
248	images/sec: 145.0 +/- 2.3 (jitter = 1.1)	7.880
249	images/sec: 145.3 +/- 2.4 (jitter = 1.1)	7.946
250	images/sec: 145.6 +/- 2.4 (jitter = 1.1)	8.017
251	images/sec: 145.9 +/- 2.5 (jitter = 1.1)	7.875
----------------------------------------------------------------
total images/sec: 144.92
----------------------------------------------------------------
