TensorFlow:  1.5
Model:       resnet50
Dataset:     imagenet (synthetic)
Mode:        training
SingleSess:  False
Batch size:  25 global
             25 per device
Devices:     ['/gpu:0']
Data format: NCHW
Layout optimizer: False
Optimizer:   sgd
Variables:   parameter_server
==========
Generating model
WARNING:tensorflow:From /salus/tf_benchmarks/scripts/tf_cnn_benchmarks/convnet_builder.py:372: calling reduce_mean (from tensorflow.python.ops.math_ops) with keep_dims is deprecated and will be removed in a future version.
Instructions for updating:
keep_dims is deprecated, use keepdims instead
WARNING:tensorflow:From /salus/tf_benchmarks/scripts/tf_cnn_benchmarks/benchmark_cnn.py:1124: __init__ (from tensorflow.python.training.supervisor) is deprecated and will be removed in a future version.
Instructions for updating:
Please switch to tf.train.MonitoredTrainingSession
Running warm up
2019-08-22 12:25:06.477919: E tensorflow/stream_executor/cuda/cuda_driver.cc:936] failed to allocate 2.00G (2147483648 bytes) from device: CUDA_ERROR_OUT_OF_MEMORY
2019-08-22 12:25:06.479206: E tensorflow/stream_executor/cuda/cuda_driver.cc:936] failed to allocate 1.80G (1932735232 bytes) from device: CUDA_ERROR_OUT_OF_MEMORY
2019-08-22 12:25:06.480394: E tensorflow/stream_executor/cuda/cuda_driver.cc:936] failed to allocate 1.62G (1739461632 bytes) from device: CUDA_ERROR_OUT_OF_MEMORY
2019-08-22 12:25:06.481453: E tensorflow/stream_executor/cuda/cuda_driver.cc:936] failed to allocate 1.46G (1565515520 bytes) from device: CUDA_ERROR_OUT_OF_MEMORY
2019-08-22 12:25:06.736394: E tensorflow/stream_executor/cuda/cuda_driver.cc:936] failed to allocate 4.00G (4294967296 bytes) from device: CUDA_ERROR_OUT_OF_MEMORY
2019-08-22 12:25:06.737342: E tensorflow/stream_executor/cuda/cuda_driver.cc:936] failed to allocate 4.00G (4294967296 bytes) from device: CUDA_ERROR_OUT_OF_MEMORY
2019-08-22 12:25:06.753049: E tensorflow/stream_executor/cuda/cuda_driver.cc:936] failed to allocate 4.00G (4294967296 bytes) from device: CUDA_ERROR_OUT_OF_MEMORY
2019-08-22 12:25:06.754125: E tensorflow/stream_executor/cuda/cuda_driver.cc:936] failed to allocate 4.00G (4294967296 bytes) from device: CUDA_ERROR_OUT_OF_MEMORY
2019-08-22 12:25:06.771831: E tensorflow/stream_executor/cuda/cuda_driver.cc:936] failed to allocate 4.00G (4294967296 bytes) from device: CUDA_ERROR_OUT_OF_MEMORY
2019-08-22 12:25:06.772873: E tensorflow/stream_executor/cuda/cuda_driver.cc:936] failed to allocate 4.00G (4294967296 bytes) from device: CUDA_ERROR_OUT_OF_MEMORY
2019-08-22 12:25:06.793356: E tensorflow/stream_executor/cuda/cuda_driver.cc:936] failed to allocate 4.00G (4294967296 bytes) from device: CUDA_ERROR_OUT_OF_MEMORY
2019-08-22 12:25:06.794372: E tensorflow/stream_executor/cuda/cuda_driver.cc:936] failed to allocate 4.00G (4294967296 bytes) from device: CUDA_ERROR_OUT_OF_MEMORY
2019-08-22 12:25:06.820046: E tensorflow/stream_executor/cuda/cuda_driver.cc:936] failed to allocate 4.00G (4294967296 bytes) from device: CUDA_ERROR_OUT_OF_MEMORY
2019-08-22 12:25:06.820975: E tensorflow/stream_executor/cuda/cuda_driver.cc:936] failed to allocate 4.00G (4294967296 bytes) from device: CUDA_ERROR_OUT_OF_MEMORY
2019-08-22 12:25:06.867720: E tensorflow/stream_executor/cuda/cuda_driver.cc:936] failed to allocate 4.00G (4294967296 bytes) from device: CUDA_ERROR_OUT_OF_MEMORY
2019-08-22 12:25:06.868806: E tensorflow/stream_executor/cuda/cuda_driver.cc:936] failed to allocate 4.00G (4294967296 bytes) from device: CUDA_ERROR_OUT_OF_MEMORY
2019-08-22 12:25:06.888879: E tensorflow/stream_executor/cuda/cuda_driver.cc:936] failed to allocate 4.00G (4294967296 bytes) from device: CUDA_ERROR_OUT_OF_MEMORY
2019-08-22 12:25:06.889860: E tensorflow/stream_executor/cuda/cuda_driver.cc:936] failed to allocate 4.00G (4294967296 bytes) from device: CUDA_ERROR_OUT_OF_MEMORY
Done warm up
Step	Img/sec	loss
1	images/sec: 139.2 +/- 0.0 (jitter = 0.0)	9.633
2	images/sec: 140.0 +/- 0.6 (jitter = 1.2)	9.540
3	images/sec: 139.7 +/- 0.4 (jitter = 0.1)	9.135
4	images/sec: 139.6 +/- 0.3 (jitter = 0.2)	8.971
5	images/sec: 140.1 +/- 0.5 (jitter = 0.4)	9.139
6	images/sec: 139.6 +/- 0.6 (jitter = 1.3)	8.818
7	images/sec: 139.4 +/- 0.5 (jitter = 1.4)	8.645
8	images/sec: 139.5 +/- 0.5 (jitter = 1.3)	8.957
9	images/sec: 139.5 +/- 0.4 (jitter = 0.9)	8.517
10	images/sec: 139.5 +/- 0.4 (jitter = 0.8)	8.452
11	images/sec: 139.5 +/- 0.3 (jitter = 0.8)	8.349
12	images/sec: 139.6 +/- 0.3 (jitter = 0.8)	8.555
13	images/sec: 139.0 +/- 0.6 (jitter = 1.1)	8.354
14	images/sec: 138.9 +/- 0.6 (jitter = 1.3)	8.329
15	images/sec: 138.9 +/- 0.5 (jitter = 1.1)	8.353
16	images/sec: 139.0 +/- 0.5 (jitter = 0.9)	8.548
17	images/sec: 139.0 +/- 0.5 (jitter = 0.8)	8.447
18	images/sec: 139.1 +/- 0.5 (jitter = 0.7)	7.872
19	images/sec: 139.1 +/- 0.4 (jitter = 0.7)	8.550
20	images/sec: 139.1 +/- 0.4 (jitter = 0.7)	8.329
21	images/sec: 139.2 +/- 0.4 (jitter = 0.7)	8.501
22	images/sec: 139.2 +/- 0.4 (jitter = 0.7)	8.286
23	images/sec: 139.2 +/- 0.4 (jitter = 0.7)	8.310
24	images/sec: 139.3 +/- 0.4 (jitter = 0.7)	8.117
25	images/sec: 139.3 +/- 0.3 (jitter = 0.7)	8.053
26	images/sec: 139.3 +/- 0.3 (jitter = 0.7)	8.150
27	images/sec: 139.1 +/- 0.3 (jitter = 0.7)	8.084
28	images/sec: 139.4 +/- 0.4 (jitter = 0.7)	8.021
29	images/sec: 139.4 +/- 0.4 (jitter = 0.7)	7.947
30	images/sec: 139.5 +/- 0.4 (jitter = 0.8)	8.034
31	images/sec: 139.5 +/- 0.4 (jitter = 0.7)	8.715
32	images/sec: 139.5 +/- 0.4 (jitter = 0.8)	7.959
33	images/sec: 139.5 +/- 0.4 (jitter = 0.7)	8.045
34	images/sec: 139.5 +/- 0.3 (jitter = 0.8)	8.005
35	images/sec: 139.6 +/- 0.3 (jitter = 0.8)	8.026
36	images/sec: 139.7 +/- 0.3 (jitter = 0.8)	7.994
37	images/sec: 139.6 +/- 0.3 (jitter = 0.9)	8.103
38	images/sec: 139.7 +/- 0.3 (jitter = 0.8)	7.907
39	images/sec: 139.6 +/- 0.3 (jitter = 0.9)	7.950
40	images/sec: 139.6 +/- 0.3 (jitter = 0.9)	8.004
41	images/sec: 139.6 +/- 0.3 (jitter = 0.9)	7.985
42	images/sec: 139.6 +/- 0.3 (jitter = 0.8)	7.937
43	images/sec: 139.6 +/- 0.3 (jitter = 0.7)	7.985
44	images/sec: 139.6 +/- 0.3 (jitter = 0.8)	7.954
45	images/sec: 139.6 +/- 0.3 (jitter = 0.7)	7.971
46	images/sec: 139.6 +/- 0.3 (jitter = 0.7)	7.894
47	images/sec: 139.6 +/- 0.3 (jitter = 0.8)	7.872
48	images/sec: 139.6 +/- 0.3 (jitter = 0.7)	8.152
49	images/sec: 139.7 +/- 0.3 (jitter = 0.7)	7.955
50	images/sec: 139.7 +/- 0.3 (jitter = 0.8)	8.004
51	images/sec: 139.6 +/- 0.3 (jitter = 0.8)	8.140
52	images/sec: 139.6 +/- 0.3 (jitter = 0.7)	7.897
53	images/sec: 139.7 +/- 0.3 (jitter = 0.7)	7.990
54	images/sec: 139.7 +/- 0.3 (jitter = 0.7)	7.919
55	images/sec: 139.7 +/- 0.3 (jitter = 0.7)	8.383
56	images/sec: 139.7 +/- 0.2 (jitter = 0.7)	8.083
57	images/sec: 139.7 +/- 0.2 (jitter = 0.8)	7.871
58	images/sec: 139.7 +/- 0.2 (jitter = 0.8)	8.041
59	images/sec: 139.7 +/- 0.2 (jitter = 0.8)	7.950
60	images/sec: 139.7 +/- 0.2 (jitter = 0.8)	7.993
61	images/sec: 139.7 +/- 0.2 (jitter = 0.8)	7.860
62	images/sec: 139.6 +/- 0.2 (jitter = 0.9)	7.870
63	images/sec: 139.5 +/- 0.3 (jitter = 0.9)	8.063
64	images/sec: 139.5 +/- 0.3 (jitter = 0.9)	7.998
65	images/sec: 139.4 +/- 0.3 (jitter = 0.9)	7.846
66	images/sec: 139.5 +/- 0.3 (jitter = 0.8)	7.874
67	images/sec: 139.4 +/- 0.3 (jitter = 0.9)	7.870
68	images/sec: 139.4 +/- 0.3 (jitter = 0.8)	7.996
69	images/sec: 139.5 +/- 0.3 (jitter = 0.7)	8.457
70	images/sec: 139.5 +/- 0.2 (jitter = 0.8)	7.892
71	images/sec: 139.5 +/- 0.2 (jitter = 0.9)	7.855
72	images/sec: 139.4 +/- 0.2 (jitter = 0.9)	7.895
73	images/sec: 139.4 +/- 0.2 (jitter = 0.9)	7.954
74	images/sec: 139.4 +/- 0.2 (jitter = 0.8)	7.941
75	images/sec: 139.4 +/- 0.2 (jitter = 0.8)	7.825
76	images/sec: 139.4 +/- 0.2 (jitter = 0.8)	7.957
77	images/sec: 139.5 +/- 0.2 (jitter = 0.9)	7.879
78	images/sec: 139.5 +/- 0.2 (jitter = 0.9)	7.859
79	images/sec: 139.5 +/- 0.2 (jitter = 0.9)	8.384
80	images/sec: 139.5 +/- 0.2 (jitter = 0.9)	7.838
81	images/sec: 139.5 +/- 0.2 (jitter = 0.9)	7.977
82	images/sec: 139.6 +/- 0.2 (jitter = 0.9)	7.902
83	images/sec: 139.6 +/- 0.2 (jitter = 0.9)	7.926
84	images/sec: 139.5 +/- 0.2 (jitter = 0.9)	7.845
85	images/sec: 139.6 +/- 0.2 (jitter = 0.9)	7.785
86	images/sec: 139.6 +/- 0.2 (jitter = 0.9)	7.898
87	images/sec: 139.6 +/- 0.2 (jitter = 0.9)	7.916
88	images/sec: 139.6 +/- 0.2 (jitter = 0.9)	7.944
89	images/sec: 139.6 +/- 0.2 (jitter = 0.9)	7.873
90	images/sec: 139.6 +/- 0.2 (jitter = 0.9)	7.953
91	images/sec: 139.6 +/- 0.2 (jitter = 0.9)	7.841
92	images/sec: 139.6 +/- 0.2 (jitter = 0.9)	7.914
93	images/sec: 139.6 +/- 0.2 (jitter = 0.9)	7.914
94	images/sec: 139.6 +/- 0.2 (jitter = 0.9)	7.878
95	images/sec: 139.6 +/- 0.2 (jitter = 0.9)	7.980
96	images/sec: 139.6 +/- 0.2 (jitter = 0.9)	7.976
97	images/sec: 139.6 +/- 0.2 (jitter = 0.9)	7.885
98	images/sec: 139.6 +/- 0.2 (jitter = 0.9)	7.891
99	images/sec: 139.6 +/- 0.2 (jitter = 0.9)	7.859
100	images/sec: 139.6 +/- 0.2 (jitter = 0.9)	7.991
101	images/sec: 139.6 +/- 0.2 (jitter = 0.9)	7.880
102	images/sec: 139.7 +/- 0.2 (jitter = 0.9)	7.815
103	images/sec: 139.7 +/- 0.2 (jitter = 0.9)	8.046
104	images/sec: 139.7 +/- 0.2 (jitter = 0.9)	7.975
105	images/sec: 139.7 +/- 0.2 (jitter = 1.0)	7.890
106	images/sec: 139.7 +/- 0.2 (jitter = 1.0)	7.846
107	images/sec: 139.7 +/- 0.2 (jitter = 0.9)	7.984
108	images/sec: 139.7 +/- 0.2 (jitter = 1.0)	7.955
109	images/sec: 139.7 +/- 0.2 (jitter = 1.0)	7.918
110	images/sec: 139.7 +/- 0.2 (jitter = 1.0)	7.881
111	images/sec: 139.7 +/- 0.2 (jitter = 1.0)	7.966
112	images/sec: 139.7 +/- 0.2 (jitter = 1.0)	7.815
113	images/sec: 139.7 +/- 0.2 (jitter = 1.0)	7.910
114	images/sec: 139.7 +/- 0.2 (jitter = 1.0)	7.865
115	images/sec: 139.7 +/- 0.2 (jitter = 0.9)	7.868
116	images/sec: 139.7 +/- 0.2 (jitter = 0.9)	7.827
117	images/sec: 139.7 +/- 0.2 (jitter = 1.0)	7.819
118	images/sec: 139.7 +/- 0.2 (jitter = 1.0)	7.961
119	images/sec: 139.7 +/- 0.2 (jitter = 0.9)	7.865
120	images/sec: 139.7 +/- 0.2 (jitter = 0.9)	7.913
121	images/sec: 139.7 +/- 0.2 (jitter = 0.9)	7.909
122	images/sec: 139.7 +/- 0.2 (jitter = 0.9)	7.875
123	images/sec: 139.7 +/- 0.2 (jitter = 0.9)	7.962
124	images/sec: 139.7 +/- 0.2 (jitter = 0.9)	7.974
125	images/sec: 139.7 +/- 0.2 (jitter = 0.9)	7.967
126	images/sec: 139.7 +/- 0.2 (jitter = 0.9)	7.958
127	images/sec: 139.7 +/- 0.2 (jitter = 0.9)	7.868
128	images/sec: 139.7 +/- 0.2 (jitter = 0.9)	7.849
129	images/sec: 139.7 +/- 0.2 (jitter = 0.9)	7.869
130	images/sec: 139.7 +/- 0.2 (jitter = 0.9)	7.901
131	images/sec: 139.7 +/- 0.2 (jitter = 0.9)	7.894
132	images/sec: 139.7 +/- 0.2 (jitter = 0.9)	7.851
133	images/sec: 139.7 +/- 0.2 (jitter = 0.9)	7.907
134	images/sec: 139.7 +/- 0.2 (jitter = 0.9)	7.872
135	images/sec: 139.7 +/- 0.2 (jitter = 0.9)	7.759
136	images/sec: 139.7 +/- 0.1 (jitter = 0.9)	7.882
137	images/sec: 139.7 +/- 0.1 (jitter = 0.9)	7.853
138	images/sec: 139.7 +/- 0.1 (jitter = 0.9)	7.939
139	images/sec: 139.7 +/- 0.1 (jitter = 0.9)	7.931
140	images/sec: 139.7 +/- 0.1 (jitter = 0.8)	7.802
141	images/sec: 139.7 +/- 0.1 (jitter = 0.9)	7.900
142	images/sec: 139.7 +/- 0.1 (jitter = 0.9)	7.874
143	images/sec: 139.7 +/- 0.1 (jitter = 0.9)	7.869
144	images/sec: 139.7 +/- 0.1 (jitter = 0.9)	8.004
145	images/sec: 139.7 +/- 0.1 (jitter = 0.9)	7.862
146	images/sec: 139.7 +/- 0.1 (jitter = 0.9)	7.924
147	images/sec: 139.7 +/- 0.1 (jitter = 0.9)	7.956
148	images/sec: 139.7 +/- 0.1 (jitter = 0.9)	7.992
149	images/sec: 139.7 +/- 0.1 (jitter = 0.9)	7.944
150	images/sec: 139.7 +/- 0.1 (jitter = 0.9)	7.909
151	images/sec: 139.7 +/- 0.1 (jitter = 0.9)	7.920
152	images/sec: 139.7 +/- 0.1 (jitter = 0.9)	7.917
153	images/sec: 139.7 +/- 0.1 (jitter = 0.9)	7.830
154	images/sec: 139.7 +/- 0.1 (jitter = 0.9)	7.961
155	images/sec: 139.7 +/- 0.1 (jitter = 0.9)	7.930
156	images/sec: 139.7 +/- 0.1 (jitter = 0.9)	7.867
157	images/sec: 139.7 +/- 0.1 (jitter = 0.9)	7.899
158	images/sec: 139.7 +/- 0.1 (jitter = 0.9)	7.885
159	images/sec: 139.7 +/- 0.1 (jitter = 0.9)	7.980
160	images/sec: 139.7 +/- 0.1 (jitter = 0.9)	7.873
161	images/sec: 139.7 +/- 0.1 (jitter = 0.9)	7.824
162	images/sec: 139.7 +/- 0.1 (jitter = 0.9)	7.844
163	images/sec: 139.7 +/- 0.1 (jitter = 0.9)	7.940
164	images/sec: 139.7 +/- 0.1 (jitter = 0.9)	7.949
165	images/sec: 139.7 +/- 0.1 (jitter = 0.9)	7.819
166	images/sec: 139.7 +/- 0.1 (jitter = 0.9)	7.724
167	images/sec: 139.7 +/- 0.1 (jitter = 0.9)	7.929
168	images/sec: 139.7 +/- 0.1 (jitter = 0.9)	7.921
169	images/sec: 139.7 +/- 0.1 (jitter = 0.9)	7.951
170	images/sec: 139.7 +/- 0.1 (jitter = 0.9)	7.996
171	images/sec: 139.7 +/- 0.1 (jitter = 0.9)	7.919
172	images/sec: 139.7 +/- 0.1 (jitter = 0.9)	7.895
173	images/sec: 139.7 +/- 0.1 (jitter = 0.9)	7.832
174	images/sec: 139.7 +/- 0.1 (jitter = 0.9)	7.943
175	images/sec: 139.7 +/- 0.1 (jitter = 0.9)	7.798
176	images/sec: 139.7 +/- 0.1 (jitter = 0.9)	8.000
177	images/sec: 139.7 +/- 0.1 (jitter = 0.9)	7.778
178	images/sec: 139.7 +/- 0.1 (jitter = 0.9)	7.900
179	images/sec: 139.7 +/- 0.1 (jitter = 0.9)	7.953
180	images/sec: 139.7 +/- 0.1 (jitter = 0.9)	7.863
181	images/sec: 139.7 +/- 0.1 (jitter = 0.9)	7.888
182	images/sec: 139.7 +/- 0.1 (jitter = 0.9)	7.925
183	images/sec: 139.7 +/- 0.1 (jitter = 0.9)	7.997
184	images/sec: 139.7 +/- 0.1 (jitter = 0.9)	7.873
185	images/sec: 139.7 +/- 0.1 (jitter = 0.9)	7.936
186	images/sec: 139.8 +/- 0.1 (jitter = 0.9)	7.917
187	images/sec: 139.8 +/- 0.1 (jitter = 0.9)	7.779
188	images/sec: 139.8 +/- 0.1 (jitter = 0.9)	7.834
189	images/sec: 139.7 +/- 0.1 (jitter = 0.9)	7.820
190	images/sec: 139.7 +/- 0.1 (jitter = 0.9)	7.869
191	images/sec: 139.7 +/- 0.1 (jitter = 0.9)	7.900
192	images/sec: 139.7 +/- 0.1 (jitter = 0.9)	7.975
193	images/sec: 139.7 +/- 0.1 (jitter = 0.9)	7.874
194	images/sec: 139.7 +/- 0.1 (jitter = 0.9)	7.945
195	images/sec: 139.7 +/- 0.1 (jitter = 0.9)	7.821
196	images/sec: 139.7 +/- 0.1 (jitter = 0.9)	7.982
197	images/sec: 139.7 +/- 0.1 (jitter = 0.9)	7.905
198	images/sec: 139.7 +/- 0.1 (jitter = 0.9)	7.925
199	images/sec: 139.7 +/- 0.1 (jitter = 0.9)	7.846
200	images/sec: 139.7 +/- 0.1 (jitter = 0.9)	7.926
201	images/sec: 139.7 +/- 0.1 (jitter = 0.9)	7.842
202	images/sec: 139.7 +/- 0.1 (jitter = 0.9)	7.793
203	images/sec: 139.7 +/- 0.1 (jitter = 0.9)	7.905
204	images/sec: 139.7 +/- 0.1 (jitter = 0.9)	7.775
205	images/sec: 139.7 +/- 0.1 (jitter = 0.9)	7.949
206	images/sec: 139.7 +/- 0.1 (jitter = 0.9)	7.803
207	images/sec: 139.7 +/- 0.1 (jitter = 0.9)	7.961
208	images/sec: 139.7 +/- 0.1 (jitter = 0.9)	7.856
209	images/sec: 139.7 +/- 0.1 (jitter = 0.9)	7.823
210	images/sec: 139.7 +/- 0.1 (jitter = 0.9)	7.851
211	images/sec: 139.7 +/- 0.1 (jitter = 0.9)	7.883
212	images/sec: 139.7 +/- 0.1 (jitter = 0.9)	7.985
213	images/sec: 139.7 +/- 0.1 (jitter = 0.9)	7.887
214	images/sec: 139.7 +/- 0.1 (jitter = 0.9)	7.964
215	images/sec: 139.7 +/- 0.1 (jitter = 0.9)	7.890
216	images/sec: 139.7 +/- 0.1 (jitter = 0.9)	7.926
217	images/sec: 139.7 +/- 0.1 (jitter = 0.9)	7.915
218	images/sec: 139.6 +/- 0.1 (jitter = 0.9)	7.861
219	images/sec: 139.6 +/- 0.1 (jitter = 0.9)	7.914
220	images/sec: 139.6 +/- 0.1 (jitter = 0.9)	7.843
221	images/sec: 139.6 +/- 0.1 (jitter = 0.9)	7.811
222	images/sec: 139.8 +/- 0.2 (jitter = 0.9)	7.916
223	images/sec: 139.9 +/- 0.3 (jitter = 0.9)	7.934
224	images/sec: 140.1 +/- 0.3 (jitter = 0.9)	7.772
225	images/sec: 140.2 +/- 0.4 (jitter = 0.9)	7.863
226	images/sec: 140.3 +/- 0.4 (jitter = 0.9)	7.974
227	images/sec: 140.4 +/- 0.4 (jitter = 0.9)	7.919
228	images/sec: 140.6 +/- 0.5 (jitter = 0.9)	7.894
229	images/sec: 140.7 +/- 0.5 (jitter = 0.9)	7.900
230	images/sec: 140.9 +/- 0.6 (jitter = 1.0)	7.901
231	images/sec: 141.2 +/- 0.9 (jitter = 1.0)	7.883
232	images/sec: 141.6 +/- 1.1 (jitter = 1.0)	7.798
233	images/sec: 141.9 +/- 1.3 (jitter = 1.0)	7.889
234	images/sec: 142.2 +/- 1.4 (jitter = 1.0)	7.851
235	images/sec: 142.5 +/- 1.6 (jitter = 1.0)	7.879
236	images/sec: 142.8 +/- 1.7 (jitter = 1.0)	7.847
237	images/sec: 143.1 +/- 1.8 (jitter = 1.0)	7.859
238	images/sec: 143.4 +/- 1.9 (jitter = 1.0)	7.792
239	images/sec: 143.7 +/- 2.0 (jitter = 1.0)	7.904
240	images/sec: 144.1 +/- 2.1 (jitter = 1.0)	8.328
241	images/sec: 144.4 +/- 2.1 (jitter = 1.0)	7.875
242	images/sec: 144.7 +/- 2.2 (jitter = 1.0)	7.829
243	images/sec: 145.0 +/- 2.3 (jitter = 1.0)	7.988
244	images/sec: 145.3 +/- 2.4 (jitter = 1.0)	7.884
245	images/sec: 145.6 +/- 2.4 (jitter = 1.0)	7.834
246	images/sec: 145.9 +/- 2.5 (jitter = 1.0)	8.216
247	images/sec: 146.2 +/- 2.6 (jitter = 1.0)	7.912
248	images/sec: 146.5 +/- 2.6 (jitter = 1.0)	7.886
249	images/sec: 146.8 +/- 2.7 (jitter = 1.1)	7.912
250	images/sec: 147.1 +/- 2.7 (jitter = 1.1)	7.882
251	images/sec: 147.4 +/- 2.8 (jitter = 1.1)	7.859
252	images/sec: 147.7 +/- 2.8 (jitter = 1.1)	7.894
253	images/sec: 148.0 +/- 2.9 (jitter = 1.1)	7.780
254	images/sec: 148.3 +/- 2.9 (jitter = 1.1)	7.833
255	images/sec: 148.6 +/- 2.9 (jitter = 1.1)	7.959
256	images/sec: 148.8 +/- 3.0 (jitter = 1.1)	7.911
257	images/sec: 149.1 +/- 3.0 (jitter = 1.1)	7.815
258	images/sec: 149.4 +/- 3.1 (jitter = 1.1)	7.917
259	images/sec: 149.7 +/- 3.1 (jitter = 1.1)	7.841
260	images/sec: 150.0 +/- 3.1 (jitter = 1.1)	7.815
261	images/sec: 150.3 +/- 3.2 (jitter = 1.2)	7.911
262	images/sec: 150.6 +/- 3.2 (jitter = 1.2)	7.890
263	images/sec: 150.9 +/- 3.2 (jitter = 1.2)	7.782
264	images/sec: 151.1 +/- 3.2 (jitter = 1.2)	7.839
265	images/sec: 151.4 +/- 3.3 (jitter = 1.2)	7.851
266	images/sec: 151.7 +/- 3.3 (jitter = 1.2)	7.933
267	images/sec: 152.0 +/- 3.3 (jitter = 1.2)	7.759
268	images/sec: 152.2 +/- 3.3 (jitter = 1.2)	7.943
269	images/sec: 152.5 +/- 3.4 (jitter = 1.2)	8.012
270	images/sec: 152.8 +/- 3.4 (jitter = 1.2)	7.886
271	images/sec: 153.1 +/- 3.4 (jitter = 1.2)	7.911
272	images/sec: 153.3 +/- 3.4 (jitter = 1.2)	7.908
273	images/sec: 153.6 +/- 3.5 (jitter = 1.3)	7.894
274	images/sec: 153.9 +/- 3.5 (jitter = 1.3)	7.838
275	images/sec: 154.2 +/- 3.5 (jitter = 1.3)	7.858
276	images/sec: 154.4 +/- 3.5 (jitter = 1.3)	7.808
277	images/sec: 154.7 +/- 3.5 (jitter = 1.3)	7.937
278	images/sec: 155.0 +/- 3.6 (jitter = 1.3)	7.947
279	images/sec: 155.2 +/- 3.6 (jitter = 1.3)	7.939
280	images/sec: 155.5 +/- 3.6 (jitter = 1.3)	7.930
281	images/sec: 155.8 +/- 3.6 (jitter = 1.3)	7.935
282	images/sec: 156.0 +/- 3.6 (jitter = 1.3)	7.875
283	images/sec: 156.3 +/- 3.6 (jitter = 1.3)	7.803
284	images/sec: 156.5 +/- 3.6 (jitter = 1.4)	7.932
285	images/sec: 156.8 +/- 3.7 (jitter = 1.4)	7.907
286	images/sec: 157.1 +/- 3.7 (jitter = 1.4)	7.961
287	images/sec: 157.3 +/- 3.7 (jitter = 1.4)	7.886
288	images/sec: 157.6 +/- 3.7 (jitter = 1.4)	7.902
289	images/sec: 157.8 +/- 3.7 (jitter = 1.4)	7.949
290	images/sec: 158.1 +/- 3.7 (jitter = 1.4)	7.906
291	images/sec: 158.3 +/- 3.7 (jitter = 1.5)	7.892
292	images/sec: 158.6 +/- 3.7 (jitter = 1.5)	7.933
293	images/sec: 158.8 +/- 3.8 (jitter = 1.5)	7.846
294	images/sec: 159.1 +/- 3.8 (jitter = 1.5)	7.952
295	images/sec: 159.3 +/- 3.8 (jitter = 1.5)	7.879
296	images/sec: 159.6 +/- 3.8 (jitter = 1.5)	7.784
297	images/sec: 159.8 +/- 3.8 (jitter = 1.5)	7.898
298	images/sec: 160.1 +/- 3.8 (jitter = 1.5)	7.953
299	images/sec: 160.3 +/- 3.8 (jitter = 1.5)	7.850
300	images/sec: 160.6 +/- 3.8 (jitter = 1.5)	7.837
301	images/sec: 160.8 +/- 3.8 (jitter = 1.5)	7.871
302	images/sec: 161.1 +/- 3.8 (jitter = 1.6)	7.833
303	images/sec: 161.3 +/- 3.8 (jitter = 1.6)	7.910
304	images/sec: 161.6 +/- 3.8 (jitter = 1.6)	7.789
305	images/sec: 161.8 +/- 3.9 (jitter = 1.6)	7.781
306	images/sec: 162.0 +/- 3.9 (jitter = 1.6)	7.875
307	images/sec: 162.3 +/- 3.9 (jitter = 1.6)	7.787
308	images/sec: 162.5 +/- 3.9 (jitter = 1.6)	7.872
309	images/sec: 162.8 +/- 3.9 (jitter = 1.6)	7.888
310	images/sec: 163.0 +/- 3.9 (jitter = 1.6)	7.898
311	images/sec: 163.2 +/- 3.9 (jitter = 1.6)	7.880
312	images/sec: 163.5 +/- 3.9 (jitter = 1.6)	7.873
313	images/sec: 163.7 +/- 3.9 (jitter = 1.7)	7.836
314	images/sec: 163.9 +/- 3.9 (jitter = 1.7)	7.804
315	images/sec: 164.2 +/- 3.9 (jitter = 1.7)	7.887
316	images/sec: 164.4 +/- 3.9 (jitter = 1.7)	7.908
317	images/sec: 164.6 +/- 3.9 (jitter = 1.7)	7.930
318	images/sec: 164.9 +/- 3.9 (jitter = 1.8)	7.985
319	images/sec: 165.1 +/- 3.9 (jitter = 1.8)	7.956
320	images/sec: 165.3 +/- 3.9 (jitter = 1.8)	7.867
321	images/sec: 165.6 +/- 3.9 (jitter = 1.8)	7.937
322	images/sec: 165.8 +/- 3.9 (jitter = 1.9)	7.946
323	images/sec: 166.0 +/- 3.9 (jitter = 1.9)	7.845
324	images/sec: 166.2 +/- 3.9 (jitter = 1.9)	7.904
325	images/sec: 166.5 +/- 3.9 (jitter = 2.0)	7.881
326	images/sec: 166.7 +/- 3.9 (jitter = 2.0)	7.871
327	images/sec: 166.9 +/- 4.0 (jitter = 2.0)	7.777
328	images/sec: 167.2 +/- 4.0 (jitter = 2.0)	7.872
329	images/sec: 167.4 +/- 4.0 (jitter = 2.0)	7.807
330	images/sec: 167.6 +/- 4.0 (jitter = 2.0)	7.780
331	images/sec: 167.8 +/- 4.0 (jitter = 2.0)	7.809
332	images/sec: 168.1 +/- 4.0 (jitter = 2.0)	7.934
333	images/sec: 168.3 +/- 4.0 (jitter = 2.1)	7.901
334	images/sec: 168.5 +/- 4.0 (jitter = 2.1)	7.932
335	images/sec: 168.7 +/- 4.0 (jitter = 2.1)	7.819
336	images/sec: 168.9 +/- 4.0 (jitter = 2.1)	7.869
337	images/sec: 169.2 +/- 4.0 (jitter = 2.2)	7.770
338	images/sec: 169.4 +/- 4.0 (jitter = 2.2)	7.948
339	images/sec: 169.6 +/- 4.0 (jitter = 2.2)	7.867
340	images/sec: 169.8 +/- 4.0 (jitter = 2.2)	7.931
341	images/sec: 170.0 +/- 4.0 (jitter = 2.2)	7.921
342	images/sec: 170.2 +/- 4.0 (jitter = 2.2)	7.840
343	images/sec: 170.4 +/- 4.0 (jitter = 2.2)	7.753
344	images/sec: 170.7 +/- 4.0 (jitter = 2.3)	7.825
345	images/sec: 170.9 +/- 4.0 (jitter = 2.3)	7.819
346	images/sec: 171.1 +/- 4.0 (jitter = 2.3)	7.885
347	images/sec: 171.3 +/- 4.0 (jitter = 2.3)	7.825
348	images/sec: 171.5 +/- 4.0 (jitter = 2.4)	7.918
349	images/sec: 171.7 +/- 4.0 (jitter = 2.4)	7.816
350	images/sec: 171.9 +/- 4.0 (jitter = 2.4)	7.966
351	images/sec: 172.1 +/- 4.0 (jitter = 2.4)	7.990
352	images/sec: 172.3 +/- 4.0 (jitter = 2.5)	8.005
353	images/sec: 172.6 +/- 4.0 (jitter = 2.5)	7.825
354	images/sec: 172.8 +/- 4.0 (jitter = 2.5)	7.914
355	images/sec: 173.0 +/- 4.0 (jitter = 2.5)	7.771
356	images/sec: 173.2 +/- 4.0 (jitter = 2.6)	7.850
357	images/sec: 173.4 +/- 4.0 (jitter = 2.6)	7.874
358	images/sec: 173.6 +/- 4.0 (jitter = 2.6)	7.852
359	images/sec: 173.8 +/- 4.0 (jitter = 2.7)	7.774
360	images/sec: 174.0 +/- 4.0 (jitter = 2.7)	7.851
361	images/sec: 174.2 +/- 4.0 (jitter = 2.7)	7.810
362	images/sec: 174.4 +/- 4.0 (jitter = 2.7)	7.879
363	images/sec: 174.6 +/- 4.0 (jitter = 2.7)	7.787
364	images/sec: 174.8 +/- 4.0 (jitter = 2.7)	7.861
365	images/sec: 175.0 +/- 4.0 (jitter = 2.8)	7.825
366	images/sec: 175.2 +/- 4.0 (jitter = 2.8)	7.856
367	images/sec: 175.4 +/- 4.0 (jitter = 2.9)	7.831
368	images/sec: 175.6 +/- 4.0 (jitter = 3.0)	7.913
369	images/sec: 175.8 +/- 4.0 (jitter = 3.0)	7.861
370	images/sec: 176.0 +/- 4.0 (jitter = 3.1)	7.744
371	images/sec: 176.1 +/- 4.0 (jitter = 3.1)	7.809
372	images/sec: 176.3 +/- 4.0 (jitter = 3.1)	7.776
373	images/sec: 176.5 +/- 3.9 (jitter = 3.2)	7.795
374	images/sec: 176.7 +/- 3.9 (jitter = 3.2)	7.838
375	images/sec: 176.9 +/- 3.9 (jitter = 3.3)	7.794
376	images/sec: 177.1 +/- 3.9 (jitter = 3.3)	7.781
377	images/sec: 177.3 +/- 3.9 (jitter = 3.3)	7.943
378	images/sec: 177.5 +/- 3.9 (jitter = 3.3)	7.846
379	images/sec: 177.7 +/- 3.9 (jitter = 3.3)	7.977
380	images/sec: 177.9 +/- 3.9 (jitter = 3.4)	7.959
381	images/sec: 178.0 +/- 3.9 (jitter = 3.4)	7.839
382	images/sec: 178.2 +/- 3.9 (jitter = 3.4)	7.938
383	images/sec: 178.4 +/- 3.9 (jitter = 3.4)	7.848
384	images/sec: 178.6 +/- 3.9 (jitter = 3.5)	7.890
385	images/sec: 178.8 +/- 3.9 (jitter = 3.5)	7.884
386	images/sec: 179.0 +/- 3.9 (jitter = 3.5)	7.871
387	images/sec: 179.2 +/- 3.9 (jitter = 3.5)	7.860
388	images/sec: 179.3 +/- 3.9 (jitter = 3.7)	7.854
389	images/sec: 179.5 +/- 3.9 (jitter = 3.9)	7.845
390	images/sec: 179.7 +/- 3.9 (jitter = 3.9)	7.893
391	images/sec: 179.9 +/- 3.9 (jitter = 4.0)	7.880
392	images/sec: 180.1 +/- 3.9 (jitter = 4.0)	7.837
393	images/sec: 180.3 +/- 3.9 (jitter = 4.0)	7.850
394	images/sec: 180.4 +/- 3.9 (jitter = 4.4)	7.920
395	images/sec: 180.6 +/- 3.9 (jitter = 4.7)	7.904
396	images/sec: 180.8 +/- 3.9 (jitter = 4.8)	7.902
397	images/sec: 181.0 +/- 3.9 (jitter = 4.9)	7.856
398	images/sec: 181.1 +/- 3.9 (jitter = 4.9)	7.924
399	images/sec: 181.3 +/- 3.9 (jitter = 5.1)	7.920
400	images/sec: 181.5 +/- 3.9 (jitter = 5.2)	7.898
401	images/sec: 181.7 +/- 3.9 (jitter = 5.2)	7.831
402	images/sec: 181.8 +/- 3.9 (jitter = 5.3)	7.754
403	images/sec: 182.0 +/- 3.9 (jitter = 5.3)	7.923
404	images/sec: 182.2 +/- 3.9 (jitter = 5.5)	7.868
405	images/sec: 182.4 +/- 3.9 (jitter = 5.6)	7.868
406	images/sec: 182.5 +/- 3.9 (jitter = 5.8)	7.929
407	images/sec: 182.7 +/- 3.8 (jitter = 5.9)	7.865
408	images/sec: 182.9 +/- 3.8 (jitter = 6.3)	7.830
409	images/sec: 183.1 +/- 3.8 (jitter = 6.5)	7.845
410	images/sec: 183.2 +/- 3.8 (jitter = 6.6)	7.934
411	images/sec: 183.4 +/- 3.8 (jitter = 6.8)	7.816
412	images/sec: 183.6 +/- 3.8 (jitter = 6.9)	7.849
413	images/sec: 183.7 +/- 3.8 (jitter = 6.9)	8.003
414	images/sec: 183.9 +/- 3.8 (jitter = 7.1)	7.887
415	images/sec: 184.1 +/- 3.8 (jitter = 7.4)	7.844
416	images/sec: 184.2 +/- 3.8 (jitter = 7.9)	7.922
417	images/sec: 184.4 +/- 3.8 (jitter = 8.4)	7.852
418	images/sec: 184.6 +/- 3.8 (jitter = 8.5)	7.854
419	images/sec: 184.7 +/- 3.8 (jitter = 8.6)	7.833
420	images/sec: 184.9 +/- 3.8 (jitter = 8.7)	7.969
421	images/sec: 185.1 +/- 3.8 (jitter = 8.8)	7.895
422	images/sec: 185.2 +/- 3.8 (jitter = 9.0)	7.822
423	images/sec: 185.4 +/- 3.8 (jitter = 9.1)	7.968
424	images/sec: 185.6 +/- 3.8 (jitter = 9.4)	7.837
425	images/sec: 185.7 +/- 3.8 (jitter = 9.7)	7.814
426	images/sec: 185.9 +/- 3.8 (jitter = 10.4)	7.835
427	images/sec: 186.1 +/- 3.8 (jitter = 11.0)	7.867
428	images/sec: 186.2 +/- 3.8 (jitter = 11.6)	7.838
429	images/sec: 186.4 +/- 3.8 (jitter = 12.1)	7.862
430	images/sec: 186.5 +/- 3.8 (jitter = 12.6)	7.896
431	images/sec: 186.7 +/- 3.8 (jitter = 13.0)	7.844
432	images/sec: 186.9 +/- 3.8 (jitter = 13.2)	7.852
433	images/sec: 187.0 +/- 3.8 (jitter = 13.5)	7.841
434	images/sec: 187.2 +/- 3.7 (jitter = 14.5)	7.864
435	images/sec: 187.3 +/- 3.7 (jitter = 15.5)	7.782
436	images/sec: 187.5 +/- 3.7 (jitter = 16.2)	7.852
437	images/sec: 187.7 +/- 3.7 (jitter = 16.8)	7.831
438	images/sec: 187.8 +/- 3.7 (jitter = 18.6)	7.904
439	images/sec: 188.0 +/- 3.7 (jitter = 20.4)	7.838
440	images/sec: 188.1 +/- 3.7 (jitter = 21.2)	7.915
441	images/sec: 188.3 +/- 3.7 (jitter = 22.0)	7.803
442	images/sec: 188.4 +/- 3.7 (jitter = 35.2)	7.940
443	images/sec: 188.6 +/- 3.7 (jitter = 48.6)	7.913
444	images/sec: 188.8 +/- 3.7 (jitter = 55.8)	7.875
445	images/sec: 188.9 +/- 3.7 (jitter = 63.1)	8.188
446	images/sec: 189.1 +/- 3.7 (jitter = 63.7)	7.835
447	images/sec: 189.2 +/- 3.7 (jitter = 64.3)	7.811
448	images/sec: 189.4 +/- 3.7 (jitter = 67.2)	7.857
449	images/sec: 189.5 +/- 3.7 (jitter = 70.0)	7.900
450	images/sec: 189.7 +/- 3.7 (jitter = 71.4)	7.751
451	images/sec: 189.8 +/- 3.7 (jitter = 72.7)	7.756
452	images/sec: 190.0 +/- 3.7 (jitter = 73.0)	7.886
453	images/sec: 190.1 +/- 3.7 (jitter = 73.4)	7.902
454	images/sec: 190.3 +/- 3.7 (jitter = 74.5)	8.141
455	images/sec: 190.4 +/- 3.7 (jitter = 75.5)	7.778
456	images/sec: 190.6 +/- 3.7 (jitter = 77.4)	7.939
457	images/sec: 190.7 +/- 3.7 (jitter = 79.2)	7.728
458	images/sec: 190.9 +/- 3.7 (jitter = 87.3)	7.876
459	images/sec: 191.0 +/- 3.6 (jitter = 95.4)	7.883
460	images/sec: 191.2 +/- 3.6 (jitter = 92.6)	7.834
461	images/sec: 191.3 +/- 3.6 (jitter = 28.4)	7.762
462	images/sec: 191.5 +/- 3.6 (jitter = 26.4)	7.921
463	images/sec: 191.6 +/- 3.6 (jitter = 24.3)	7.829
464	images/sec: 191.7 +/- 3.6 (jitter = 23.3)	7.830
465	images/sec: 191.9 +/- 3.6 (jitter = 22.4)	7.795
466	images/sec: 192.0 +/- 3.6 (jitter = 22.2)	7.848
467	images/sec: 192.2 +/- 3.6 (jitter = 22.0)	7.803
468	images/sec: 192.3 +/- 3.6 (jitter = 21.4)	7.841
469	images/sec: 192.5 +/- 3.6 (jitter = 20.9)	7.810
470	images/sec: 192.6 +/- 3.6 (jitter = 20.2)	7.936
471	images/sec: 192.8 +/- 3.6 (jitter = 19.5)	7.830
472	images/sec: 192.9 +/- 3.6 (jitter = 19.4)	7.821
473	images/sec: 193.1 +/- 3.6 (jitter = 19.3)	7.842
474	images/sec: 193.2 +/- 3.6 (jitter = 17.6)	7.820
475	images/sec: 193.3 +/- 3.6 (jitter = 15.9)	7.963
476	images/sec: 193.5 +/- 3.6 (jitter = 15.5)	7.849
477	images/sec: 193.6 +/- 3.6 (jitter = 15.2)	7.841
478	images/sec: 193.8 +/- 3.6 (jitter = 15.0)	7.844
479	images/sec: 193.9 +/- 3.6 (jitter = 14.8)	7.898
480	images/sec: 194.1 +/- 3.6 (jitter = 14.3)	7.896
481	images/sec: 194.2 +/- 3.6 (jitter = 13.9)	7.880
482	images/sec: 194.3 +/- 3.6 (jitter = 13.6)	7.797
483	images/sec: 194.5 +/- 3.6 (jitter = 13.4)	7.934
484	images/sec: 194.6 +/- 3.5 (jitter = 13.2)	7.846
485	images/sec: 194.7 +/- 3.5 (jitter = 13.1)	7.865
486	images/sec: 194.9 +/- 3.5 (jitter = 12.5)	7.907
487	images/sec: 195.0 +/- 3.5 (jitter = 11.9)	7.834
488	images/sec: 195.2 +/- 3.5 (jitter = 11.5)	7.794
489	images/sec: 195.3 +/- 3.5 (jitter = 11.1)	7.836
490	images/sec: 195.4 +/- 3.5 (jitter = 11.0)	7.846
491	images/sec: 195.6 +/- 3.5 (jitter = 11.0)	7.884
492	images/sec: 195.7 +/- 3.5 (jitter = 10.7)	7.836
493	images/sec: 195.8 +/- 3.5 (jitter = 10.6)	7.898
494	images/sec: 196.0 +/- 3.5 (jitter = 10.3)	7.771
495	images/sec: 196.1 +/- 3.5 (jitter = 9.9)	7.804
496	images/sec: 196.2 +/- 3.5 (jitter = 9.7)	7.890
497	images/sec: 196.4 +/- 3.5 (jitter = 9.8)	7.808
498	images/sec: 196.5 +/- 3.5 (jitter = 9.6)	7.833
499	images/sec: 196.6 +/- 3.5 (jitter = 9.4)	7.906
500	images/sec: 196.8 +/- 3.5 (jitter = 9.3)	7.959
----------------------------------------------------------------
total images/sec: 195.10
----------------------------------------------------------------
